I200911 03:18:13.407560 1 workload/cli/run.go:356  creating load generator...
Initializing 20000 connections...
Initializing 100000 workers and preparing statements...
I200911 03:22:19.295260 1 workload/cli/run.go:387  creating load generator... done (took 4m5.887698632s)
_elapsed___errors__ops/sec(inst)___ops/sec(cum)__p50(ms)__p95(ms)__p99(ms)_pMax(ms)
    1.0s        0            0.0            0.0      0.0      0.0      0.0      0.0 delivery
    1.0s        0            0.0            0.0      0.0      0.0      0.0      0.0 newOrder
    1.0s        0            0.0            0.0      0.0      0.0      0.0      0.0 orderStatus
    1.0s        0            0.0            0.0      0.0      0.0      0.0      0.0 payment
    1.0s        0            0.0            0.0      0.0      0.0      0.0      0.0 stockLevel
    2.0s        0            0.0            0.0      0.0      0.0      0.0      0.0 delivery
    2.0s        0            0.0            0.0      0.0      0.0      0.0      0.0 newOrder
    2.0s        0            0.0            0.0      0.0      0.0      0.0      0.0 orderStatus
    2.0s        0            0.0            0.0      0.0      0.0      0.0      0.0 payment
    2.0s        0            0.0            0.0      0.0      0.0      0.0      0.0 stockLevel
    3.0s        0           65.0           21.7     75.5    113.2    130.0    134.2 delivery
    3.0s        0            0.0            0.0      0.0      0.0      0.0      0.0 newOrder
    3.0s        0           67.0           22.3     13.6     33.6     60.8     67.1 orderStatus
    3.0s        0            0.0            0.0      0.0      0.0      0.0      0.0 payment
    3.0s        0           71.0           23.7    100.7    184.5    243.3    285.2 stockLevel
    4.0s        0           87.8           38.2    104.9    402.7    453.0    453.0 delivery
    4.0s        0            0.0            0.0      0.0      0.0      0.0      0.0 newOrder
    4.0s        0           64.9           33.0     26.2    167.8    209.7    234.9 orderStatus
    4.0s        0          680.6          170.5     71.3    234.9    285.2    285.2 payment
    4.0s        0           67.9           34.7     96.5    738.2    838.9    939.5 stockLevel
_elapsed___errors__ops/sec(inst)___ops/sec(cum)__p50(ms)__p95(ms)__p99(ms)_pMax(ms)
    5.0s        0           36.0           37.8    125.8    335.5    369.1    369.1 delivery
    5.0s        0            0.0            0.0      0.0      0.0      0.0      0.0 newOrder
    5.0s        0           56.0           37.6     25.2    142.6    176.2    226.5 orderStatus
    5.0s        0          487.3          233.8     44.0    226.5    285.2    402.7 payment
    5.0s        0           52.0           38.2    113.2    234.9    285.2    285.2 stockLevel
    6.0s        0           37.0           37.7    805.3   1073.7   1140.9   1140.9 delivery
    6.0s        0            0.0            0.0      0.0      0.0      0.0      0.0 newOrder
    6.0s        0           44.0           38.7    604.0    906.0    973.1    973.1 orderStatus
    6.0s        0          360.8          255.0    738.2    939.5   1040.2   1040.2 payment
    6.0s        0           57.0           41.3    402.7    570.4    604.0    637.5 stockLevel
    7.0s        0          121.5           49.7    570.4   1208.0   1342.2   1476.4 delivery
    7.0s        0            0.0            0.0      0.0      0.0      0.0      0.0 newOrder
    7.0s        0          126.5           51.3    192.9    738.2    906.0    973.1 orderStatus
    7.0s        0         1284.9          402.9    352.3    939.5   1073.7   1208.0 payment
    7.0s        0           86.7           47.9    159.4    771.8    973.1    973.1 stockLevel
    8.0s        0           93.2           55.1    260.0    570.4    637.5    637.5 delivery
    8.0s        0            0.0            0.0      0.0      0.0      0.0      0.0 newOrder
    8.0s        0           67.1           53.2     37.7    243.3    251.7    285.2 orderStatus
    8.0s        0          777.7          449.5    142.6    419.4    453.0    453.0 payment
    8.0s        0           83.2           52.2    176.2   1879.0   2013.3   2080.4 stockLevel
_elapsed___errors__ops/sec(inst)___ops/sec(cum)__p50(ms)__p95(ms)__p99(ms)_pMax(ms)
    9.0s        0           10.0           50.1    973.1   1208.0   1208.0   1208.0 delivery
    9.0s        0            0.0            0.0      0.0      0.0      0.0      0.0 newOrder
    9.0s        0           64.1           54.4    419.4    637.5    637.5    637.5 orderStatus
    9.0s        0          107.2          411.4    872.4   1140.9   1140.9   1140.9 payment
    9.0s        0           76.2           54.9    469.8   1040.2   1476.4   1610.6 stockLevel
   10.0s        0           87.8           53.9   1006.6   1409.3   1677.7   1811.9 delivery
   10.0s        0            0.0            0.0      0.0      0.0      0.0      0.0 newOrder
   10.0s        0           99.7           59.0    385.9    805.3    906.0   1342.2 orderStatus
   10.0s        0          641.2          434.6   1140.9   1342.2   1476.4   1610.6 payment
   10.0s        0           72.8           56.7    318.8    771.8    906.0   1409.3 stockLevel
   11.0s        0          133.4           61.2    335.5   1476.4   1677.7   1744.8 delivery
   11.0s        0            0.0            0.0      0.0      0.0      0.0      0.0 newOrder
   11.0s        0          138.4           66.3     62.9    872.4   1543.5   1543.5 orderStatus
   11.0s        0         1819.9          561.3    318.8   1476.4   1543.5   1677.7 payment
   11.0s        0          113.5           61.9    184.5   1342.2   1543.5   1543.5 stockLevel
   12.0s        0           88.4           63.4    209.7    469.8    503.3    503.3 delivery
   12.0s        0            0.0            0.0      0.0      0.0      0.0      0.0 newOrder
   12.0s        0          101.4           69.2      9.4     32.5    159.4    218.1 orderStatus
   12.0s        0          820.3          582.6    117.4    285.2    335.5    335.5 payment
   12.0s        0           98.4           64.9    113.2   1208.0   1476.4   1476.4 stockLevel
_elapsed___errors__ops/sec(inst)___ops/sec(cum)__p50(ms)__p95(ms)__p99(ms)_pMax(ms)
   13.0s        0           21.0           60.2    637.5    838.9    872.4    872.4 delivery
   13.0s        0            0.0            0.0      0.0      0.0      0.0      0.0 newOrder
   13.0s        0           76.1           69.7    369.1    469.8    520.1    520.1 orderStatus
   13.0s        0          207.3          553.7    260.0    872.4    939.5   1140.9 payment
   13.0s        0           69.1           65.2    352.3   1543.5   2080.4   2281.7 stockLevel
   14.0s        0           48.9           59.4    939.5   1140.9   1208.0   1208.0 delivery
   14.0s        0            0.0            0.0      0.0      0.0      0.0      0.0 newOrder
   14.0s        0           49.9           68.3    352.3    604.0    738.2    738.2 orderStatus
   14.0s        0          653.6          560.9    872.4   1073.7   1140.9   1208.0 payment
   14.0s        0           86.8           66.8    469.8   1677.7   1744.8   1811.9 stockLevel
   15.0s        0          165.1           66.5    939.5   1476.4   1610.6   1677.7 delivery
   15.0s        0            0.0            0.0      0.0      0.0      0.0      0.0 newOrder
   15.0s        0          179.0           75.7    302.0    872.4    906.0    973.1 orderStatus
   15.0s        0         1719.5          638.8    838.9   1476.4   1543.5   2080.4 payment
   15.0s        0          157.1           72.9    486.5   1610.6   1744.8   1744.8 stockLevel
   16.0s        0          110.4           69.2    184.5    369.1    453.0    503.3 delivery
   16.0s        0            0.0            0.0      0.0      0.0      0.0      0.0 newOrder
   16.0s        0           96.4           77.0     21.0     96.5    125.8    167.8 orderStatus
   16.0s        0         1069.2          665.4    142.6    318.8    436.2   1342.2 payment
   16.0s        0           92.4           74.1    218.1   1677.7   1946.2   2281.7 stockLevel
_elapsed___errors__ops/sec(inst)___ops/sec(cum)__p50(ms)__p95(ms)__p99(ms)_pMax(ms)
   17.0s        0           42.1           67.6    113.2    637.5    704.6    704.6 delivery
   17.0s        0            0.0            0.0      0.0      0.0      0.0      0.0 newOrder
   17.0s        0           52.1           75.5     14.7    369.1    385.9    419.4 orderStatus
   17.0s        0          491.0          655.1     75.5    352.3    503.3    637.5 payment
   17.0s        0           81.2           74.5    335.5   1275.1   1342.2   1409.3 stockLevel
   18.0s        0           43.9           66.3    973.1   1140.9   1275.1   1275.1 delivery
   18.0s        0            0.0            0.0      0.0      0.0      0.0      0.0 newOrder
   18.0s        0           91.9           76.4    520.1    637.5    704.6    838.9 orderStatus
   18.0s        0          479.4          645.4   1006.6   1208.0   1275.1   1342.2 payment
   18.0s        0           85.9           75.1    520.1   1342.2   1409.3   1476.4 stockLevel
   19.0s        0           27.0           64.2   1946.2   2013.3   2013.3   2013.3 delivery
   19.0s        0            0.0            0.0      0.0      0.0      0.0      0.0 newOrder
   19.0s        0           48.1           74.9   1208.0   1342.2   1543.5   1543.5 orderStatus
   19.0s        0          265.3          625.4   1744.8   2013.3   2147.5   2281.7 payment
   19.0s        0           63.1           74.5   1208.0   2281.7   2281.7   2281.7 stockLevel
   20.0s        0           68.6           64.4   2013.3   2415.9   2415.9   2550.1 delivery
   20.0s        0           12.9            0.6   1140.9   1342.2   1409.3   1409.3 newOrder
   20.0s        0          145.2           78.5    973.1   1476.4   1543.5   1677.7 orderStatus
   20.0s        0         1190.8          653.9   1879.0   2281.7   2684.4   3489.7 payment
   20.0s        0          124.3           77.0    805.3   1879.0   2013.3   2147.5 stockLevel
_elapsed___errors__ops/sec(inst)___ops/sec(cum)__p50(ms)__p95(ms)__p99(ms)_pMax(ms)
   21.0s        0          153.9           68.7   1811.9   2684.4   2818.6   2952.8 delivery
   21.0s        0            7.0            1.0    872.4   1140.9   1140.9   1140.9 newOrder
   21.0s        0           73.0           78.2    872.4   1040.2   1342.2   1543.5 orderStatus
   21.0s        0         1190.4          679.5   1677.7   2550.1   3087.0   3355.4 payment
   21.0s        0           97.0           78.0    771.8   2147.5   2550.1   2684.4 stockLevel
   22.0s        0           20.1           66.5   2281.7   2684.4   3221.2   3221.2 delivery
   22.0s        0            1.0            1.0   1946.2   1946.2   1946.2   1946.2 newOrder
   22.0s        0           30.2           76.0   1342.2   2080.4   2281.7   2281.7 orderStatus
   22.0s        0          111.6          653.7   2080.4   3355.4   3758.1   4563.4 payment
   22.0s        0           42.2           76.3   1275.1   2684.4   2684.4   2684.4 stockLevel
   23.0s        0            9.0           64.0   3087.0   3489.7   3489.7   3489.7 delivery
   23.0s        0            1.0            1.0    771.8    771.8    771.8    771.8 newOrder
   23.0s        0           19.0           73.6   1946.2   2818.6   2952.8   2952.8 orderStatus
   23.0s        0           47.0          627.3   2550.1   3489.7   4831.8   4831.8 payment
   23.0s        0           17.0           73.7   1744.8   2550.1   2550.1   2550.1 stockLevel
   24.0s        0           15.0           62.0   4295.0   4563.4   4563.4   4563.4 delivery
   24.0s        0            1.0            1.0   3758.1   3758.1   3758.1   3758.1 newOrder
   24.0s        0            9.0           70.9   3489.7   4026.5   4026.5   4026.5 orderStatus
   24.0s        0          145.0          607.2   4026.5   4563.4   6174.0   6442.5 payment
   24.0s        0           34.0           72.1   2013.3   3623.9   3758.1   3758.1 stockLevel
_elapsed___errors__ops/sec(inst)___ops/sec(cum)__p50(ms)__p95(ms)__p99(ms)_pMax(ms)
   25.0s        0           40.8           61.1   4563.4   5100.3   6442.5   6442.5 delivery
   25.0s        0           18.9            1.7   5905.6   6979.3   6979.3   6979.3 newOrder
   25.0s        0           92.6           71.8   2818.6   4563.4   4831.8   4831.8 orderStatus
   25.0s        0          765.0          613.6   4563.4   5368.7   6174.0   6979.3 payment
   25.0s        0          183.3           76.6   2550.1   4160.7   4563.4   5368.7 stockLevel
   26.0s        0           31.0           60.0   5100.3   5905.6   6174.0   6174.0 delivery
   26.0s        0          168.1            8.1   6979.3   7516.2   7784.6   7784.6 newOrder
   26.0s        0          103.1           73.0   3758.1   5100.3   5368.7   5368.7 orderStatus
   26.0s        0          548.3          611.1   4563.4   6174.0   6710.9   7247.8 payment
   26.0s        0           92.1           77.2   2415.9   4831.8   5100.3   5368.7 stockLevel
   27.0s        0            8.0           58.0   4160.7   6710.9   6710.9   6710.9 delivery
   27.0s        0          271.7           17.8   7784.6   8321.5   8589.9   9126.8 newOrder
   27.0s        0           64.2           72.6   3623.9   5637.1   5637.1   6174.0 orderStatus
   27.0s        0          189.5          595.5   4831.8   6442.5   6710.9   7784.6 payment
   27.0s        0           43.1           75.9   2818.6   4563.4   5368.7   5368.7 stockLevel
   28.0s        0            0.0           56.0      0.0      0.0      0.0      0.0 delivery
   28.0s        0           11.0           17.6   9126.8   9663.7   9663.7   9663.7 newOrder
   28.0s        0            8.0           70.3   4295.0   6979.3   6979.3   6979.3 orderStatus
   28.0s        0            1.0          574.2   5637.1   5637.1   5637.1   5637.1 payment
   28.0s        0            8.0           73.5   2818.6   3623.9   3623.9   3623.9 stockLevel
_elapsed___errors__ops/sec(inst)___ops/sec(cum)__p50(ms)__p95(ms)__p99(ms)_pMax(ms)
   29.0s        0           12.0           54.4   7247.8   9126.8  10200.5  10200.5 delivery
   29.0s        0          160.8           22.5  10200.5  10737.4  11274.3  11274.3 newOrder
   29.0s        0           33.0           69.0   5905.6   8321.5   8589.9   8589.9 orderStatus
   29.0s        0          136.9          559.2   6174.0   8589.9   9126.8   9663.7 payment
   29.0s        0           26.0           71.8   1476.4   8321.5   9126.8   9126.8 stockLevel
   30.0s        0           39.9           54.0   7784.6   9663.7  10200.5  10200.5 delivery
   30.0s        0          197.5           28.4  10737.4  11274.3  11274.3  11811.2 newOrder
   30.0s        0          117.7           70.7   6174.0   9126.8   9126.8   9663.7 orderStatus
   30.0s        0          516.7          557.8   7247.8   9663.7  10200.5  10737.4 payment
   30.0s        0           73.8           71.9   4563.4   8589.9   9126.8   9126.8 stockLevel
   31.0s        0           83.7           54.9   8589.9  10200.5  10200.5  10737.4 delivery
   31.0s        0          191.4           33.6  11274.3  11811.2  12348.0  12348.0 newOrder
   31.0s        0           77.8           70.9   6174.0   7516.2   8589.9   8589.9 orderStatus
   31.0s        0          963.0          571.0   7784.6  10200.5  10737.4  12348.0 payment
   31.0s        0           70.8           71.9   4831.8   7247.8   9126.8   9663.7 stockLevel
   32.0s        0            1.0           53.2   9126.8   9126.8   9126.8   9126.8 delivery
   32.0s        0            2.0           32.7  11811.2  12348.0  12348.0  12348.0 newOrder
   32.0s        0            9.1           69.0   5368.7   5637.1   5637.1   5637.1 orderStatus
   32.0s        0           45.3          554.5   9126.8  10737.4  11811.2  11811.2 payment
   32.0s        0           17.1           70.2   5368.7   7247.8   8321.5   8321.5 stockLevel
_elapsed___errors__ops/sec(inst)___ops/sec(cum)__p50(ms)__p95(ms)__p99(ms)_pMax(ms)
   33.0s        0           25.0           52.4   9663.7  11811.2  12348.0  12348.0 delivery
   33.0s        0          169.8           36.8  12348.0  13958.6  13958.6  14495.5 newOrder
   33.0s        0           35.0           67.9   6174.0   8053.1   9663.7   9663.7 orderStatus
   33.0s        0          173.8          543.0   8589.9  11811.2  12348.0  12348.0 payment
   33.0s        0           27.0           68.8   5905.6   6442.5   7784.6   7784.6 stockLevel
   34.0s        0           45.9           52.2  11274.3  13421.8  13958.6  13958.6 delivery
   34.0s        0          168.7           40.7  11811.2  15032.4  15569.3  16106.1 newOrder
   34.0s        0           92.8           68.7   5637.1  10200.5  10737.4  12884.9 orderStatus
   34.0s        0          456.2          540.5  10200.5  13421.8  13958.6  15032.4 payment
   34.0s        0          133.8           70.8   5368.7   9126.8  12884.9  13421.8 stockLevel
   35.0s        0           45.9           52.0  11274.3  13958.6  14495.5  14495.5 delivery
   35.0s        0          273.5           47.4  13958.6  15569.3  16106.1  16106.1 newOrder
   35.0s        0           84.8           69.1   9126.8  10737.4  11274.3  13421.8 orderStatus
   35.0s        0          761.6          546.8  11274.3  13958.6  15032.4  15569.3 payment
   35.0s        0           63.9           70.6   5100.3  10737.4  11811.2  13421.8 stockLevel
   36.0s        0            2.0           50.6  12348.0  13958.6  13958.6  13958.6 delivery
   36.0s        0            4.0           46.2  13958.6  15032.4  15032.4  15032.4 newOrder
   36.0s        0            5.0           67.4   9663.7  11274.3  11274.3  11274.3 orderStatus
   36.0s        0           23.1          532.3  11274.3  15032.4  15032.4  15032.4 payment
   36.0s        0           12.1           68.9   6174.0  11274.3  12348.0  12348.0 stockLevel
_elapsed___errors__ops/sec(inst)___ops/sec(cum)__p50(ms)__p95(ms)__p99(ms)_pMax(ms)
   37.0s        0           19.0           49.8  12884.9  16106.1  16106.1  16106.1 delivery
   37.0s        0           14.0           45.3  14495.5  17179.9  17179.9  17179.9 newOrder
   37.0s        0           28.0           66.3   6979.3  12884.9  14495.5  14495.5 orderStatus
   37.0s        0           81.0          520.1  12884.9  16643.0  16643.0  17179.9 payment
   37.0s        0           19.0           67.6  10737.4  12348.0  12884.9  12884.9 stockLevel
   38.0s        0           54.8           49.9  14495.5  15569.3  17179.9  17179.9 delivery
   38.0s        0          142.4           47.9  14495.5  18253.6  18253.6  18253.6 newOrder
   38.0s        0          128.5           67.9  10737.4  11274.3  13421.8  13421.8 orderStatus
   38.0s        0          656.4          523.7  12884.9  16106.1  17179.9  18253.6 payment
   38.0s        0           51.8           67.2  10737.4  13958.6  16106.1  16643.0 stockLevel
   39.0s        0           55.0           50.1  13958.6  18253.6  19327.4  19327.4 delivery
   39.0s        0          268.8           53.5  16106.1  19327.4  20401.1  21474.8 newOrder
   39.0s        0           82.9           68.3  10200.5  13958.6  13958.6  14495.5 orderStatus
   39.0s        0          708.5          528.5  11274.3  17179.9  18253.6  19327.4 payment
   39.0s        0           68.0           67.2   9663.7  12884.9  13958.6  14495.5 stockLevel
   40.0s        0           16.1           49.2  16106.1  19327.4  19327.4  19327.4 delivery
   40.0s        0          122.4           55.2  17179.9  20401.1  20401.1  21474.8 newOrder
   40.0s        0           13.0           66.9   9663.7  10737.4  13958.6  13958.6 orderStatus
   40.0s        0          190.7          520.0  13958.6  18253.6  19327.4  20401.1 payment
   40.0s        0           29.1           66.2   9126.8  13958.6  13958.6  13958.6 stockLevel
_elapsed___errors__ops/sec(inst)___ops/sec(cum)__p50(ms)__p95(ms)__p99(ms)_pMax(ms)
   41.0s        0           17.0           48.4  17179.9  20401.1  20401.1  20401.1 delivery
   41.0s        0           47.0           55.0  19327.4  21474.8  22548.6  22548.6 newOrder
   41.0s        0           28.0           66.0  11274.3  15569.3  15569.3  15569.3 orderStatus
   41.0s        0          170.0          511.5  15569.3  20401.1  20401.1  21474.8 payment
   41.0s        0           12.0           64.9  11274.3  15569.3  15569.3  15569.3 stockLevel
   42.0s        0           88.6           49.4  16643.0  20401.1  21474.8  21474.8 delivery
   42.0s        0          531.6           66.5  19327.4  22548.6  23622.3  24696.1 newOrder
   42.0s        0           59.7           65.9  11811.2  16106.1  16106.1  16106.1 orderStatus
   42.0s        0          829.3          519.1  16106.1  20401.1  21474.8  22548.6 payment
   42.0s        0           72.7           65.1  12884.9  16643.0  17179.9  18253.6 stockLevel
   43.0s        0           60.1           49.6  16106.1  20401.1  20401.1  20401.1 delivery
   43.0s        0          300.6           71.9  20401.1  23622.3  23622.3  23622.3 newOrder
   43.0s        0           53.1           65.6  12348.0  15569.3  15569.3  16106.1 orderStatus
   43.0s        0          460.0          517.7  16106.1  20401.1  21474.8  22548.6 payment
   43.0s        0           30.1           64.3  11274.3  16106.1  16106.1  16106.1 stockLevel
   44.0s        0           23.0           49.0  16106.1  20401.1  21474.8  21474.8 delivery
   44.0s        0          105.1           72.6  18253.6  22548.6  24696.1  24696.1 newOrder
   44.0s        0           31.0           64.8  12348.0  15032.4  16643.0  16643.0 orderStatus
   44.0s        0          178.2          510.0  16643.0  19327.4  21474.8  23622.3 payment
   44.0s        0           48.1           63.9  12884.9  18253.6  20401.1  20401.1 stockLevel
_elapsed___errors__ops/sec(inst)___ops/sec(cum)__p50(ms)__p95(ms)__p99(ms)_pMax(ms)
   45.0s        0           33.0           48.7  20401.1  24696.1  24696.1  24696.1 delivery
   45.0s        0          144.9           74.2  21474.8  25769.8  26843.5  26843.5 newOrder
   45.0s        0           10.0           63.6  13421.8  15569.3  15569.3  15569.3 orderStatus
   45.0s        0          307.9          505.5  16643.0  22548.6  24696.1  24696.1 payment
   45.0s        0           11.0           62.8  11811.2  15569.3  20401.1  20401.1 stockLevel
   46.0s        0           43.0           48.5  20401.1  24696.1  25769.8  25769.8 delivery
   46.0s        0          367.8           80.6  22548.6  25769.8  26843.5  27917.3 newOrder
   46.0s        0           27.0           62.8  14495.5  16643.0  19327.4  19327.4 orderStatus
   46.0s        0          376.8          502.7  17179.9  23622.3  24696.1  25769.8 payment
   46.0s        0           26.0           62.0  13958.6  16106.1  19327.4  19327.4 stockLevel
   47.0s        0           24.0           48.0  20401.1  24696.1  24696.1  24696.1 delivery
   47.0s        0          353.8           86.4  22548.6  26843.5  27917.3  27917.3 newOrder
   47.0s        0           56.0           62.6  13958.6  16643.0  16643.0  16643.0 orderStatus
   47.0s        0          463.8          501.9  19327.4  23622.3  25769.8  25769.8 payment
   47.0s        0           28.0           61.2  13421.8  18253.6  21474.8  21474.8 stockLevel
   48.0s        0           40.0           47.9  21474.8  25769.8  26843.5  26843.5 delivery
   48.0s        0          361.3           92.2  21474.8  27917.3  27917.3  28991.0 newOrder
   48.0s        0           49.0           62.3  15569.3  17179.9  21474.8  21474.8 orderStatus
   48.0s        0          288.2          497.5  20401.1  23622.3  25769.8  26843.5 payment
   48.0s        0           34.0           60.7  13958.6  20401.1  26843.5  26843.5 stockLevel
_elapsed___errors__ops/sec(inst)___ops/sec(cum)__p50(ms)__p95(ms)__p99(ms)_pMax(ms)
   49.0s        0            8.0           47.0  21474.8  24696.1  24696.1  24696.1 delivery
   49.0s        0           43.0           91.2  22548.6  28991.0  28991.0  28991.0 newOrder
   49.0s        0            3.0           61.1  17179.9  18253.6  18253.6  18253.6 orderStatus
   49.0s        0          155.0          490.5  20401.1  25769.8  26843.5  26843.5 payment
   49.0s        0           17.0           59.8  16106.1  16643.0  21474.8  21474.8 stockLevel
   50.0s        0           41.9           46.9  21474.8  24696.1  27917.3  27917.3 delivery
   50.0s        0          354.4           96.4  23622.3  30064.8  30064.8  31138.5 newOrder
   50.0s        0           21.0           60.3  18253.6  19327.4  20401.1  20401.1 orderStatus
   50.0s        0          390.4          488.5  21474.8  26843.5  28991.0  30064.8 payment
   50.0s        0           31.9           59.2  16643.0  20401.1  20401.1  20401.1 stockLevel
   51.0s        0           42.0           46.8  21474.8  26843.5  27917.3  27917.3 delivery
   51.0s        0          592.4          106.2  25769.8  31138.5  31138.5  32212.3 newOrder
   51.0s        0           48.0           60.1  16106.1  19327.4  21474.8  21474.8 orderStatus
   51.0s        0          558.4          489.9  21474.8  27917.3  30064.8  31138.5 payment
   51.0s        0           49.9           59.0  16643.0  20401.1  25769.8  25769.8 stockLevel
   52.0s        0           30.0           46.5  24696.1  27917.3  27917.3  27917.3 delivery
   52.0s        0          571.2          115.1  26843.5  31138.5  32212.3  33286.0 newOrder
   52.0s        0           24.0           59.4  16643.0  20401.1  21474.8  21474.8 orderStatus
   52.0s        0          499.1          490.0  21474.8  27917.3  30064.8  31138.5 payment
   52.0s        0           26.0           58.4  16643.0  21474.8  21474.8  21474.8 stockLevel
_elapsed___errors__ops/sec(inst)___ops/sec(cum)__p50(ms)__p95(ms)__p99(ms)_pMax(ms)
   53.0s        0           22.1           46.1  21474.8  27917.3  27917.3  27917.3 delivery
   53.0s        0          334.8          119.2  27917.3  32212.3  33286.0  33286.0 newOrder
   53.0s        0           26.1           58.8  19327.4  21474.8  21474.8  21474.8 orderStatus
   53.0s        0          219.5          484.9  22548.6  26843.5  28991.0  32212.3 payment
   53.0s        0           18.0           57.6  18253.6  19327.4  28991.0  28991.0 stockLevel
   54.0s        0            7.0           45.3  27917.3  30064.8  30064.8  30064.8 delivery
   54.0s        0           40.0          117.8  23622.3  33286.0  34359.7  34359.7 newOrder
   54.0s        0           10.0           57.9  18253.6  23622.3  23622.3  23622.3 orderStatus
   54.0s        0           74.0          477.3  24696.1  27917.3  27917.3  30064.8 payment
   54.0s        0           18.0           56.9  19327.4  28991.0  30064.8  30064.8 stockLevel
   55.0s        0           33.9           45.1  25769.8  30064.8  31138.5  31138.5 delivery
   55.0s        0          581.4          126.2  27917.3  32212.3  34359.7  36507.2 newOrder
   55.0s        0           42.9           57.6  20401.1  23622.3  23622.3  23622.3 orderStatus
   55.0s        0          389.9          475.7  23622.3  28991.0  31138.5  34359.7 payment
   55.0s        0           24.9           56.3  20401.1  27917.3  33286.0  33286.0 stockLevel
   56.0s        0           30.9           44.9  24696.1  31138.5  32212.3  32212.3 delivery
   56.0s        0          620.9          135.1  26843.5  36507.2  36507.2  38654.7 newOrder
   56.0s        0           46.9           57.4  20401.1  23622.3  24696.1  24696.1 orderStatus
   56.0s        0          618.9          478.3  23622.3  30064.8  32212.3  36507.2 payment
   56.0s        0           36.9           56.0  20401.1  23622.3  24696.1  24696.1 stockLevel
_elapsed___errors__ops/sec(inst)___ops/sec(cum)__p50(ms)__p95(ms)__p99(ms)_pMax(ms)
   57.0s        0           50.1           45.0  26843.5  31138.5  32212.3  32212.3 delivery
   57.0s        0          306.6          138.1  31138.5  36507.2  36507.2  38654.7 newOrder
   57.0s        0           33.1           57.0  21474.8  24696.1  24696.1  24696.1 orderStatus
   57.0s        0          438.8          477.6  24696.1  31138.5  34359.7  36507.2 payment
   57.0s        0           40.1           55.7  21474.8  25769.8  27917.3  27917.3 stockLevel
   58.0s        0            2.0           44.2  27917.3  27917.3  27917.3  27917.3 delivery
   58.0s        0          113.3          137.7  31138.5  36507.2  36507.2  38654.7 newOrder
   58.0s        0            1.0           56.0  22548.6  22548.6  22548.6  22548.6 orderStatus
   58.0s        0            7.0          469.5  27917.3  32212.3  32212.3  32212.3 payment
   58.0s        0            2.0           54.8  21474.8  25769.8  25769.8  25769.8 stockLevel
   59.0s        0           14.0           43.7  27917.3  33286.0  33286.0  33286.0 delivery
   59.0s        0          219.8          139.1  33286.0  38654.7  40802.2  40802.2 newOrder
   59.0s        0           25.0           55.5  24696.1  25769.8  25769.8  25769.8 orderStatus
   59.0s        0          175.8          464.5  27917.3  33286.0  36507.2  36507.2 payment
   59.0s        0           34.0           54.4  22548.6  26843.5  30064.8  30064.8 stockLevel
   60.0s        0           19.0           43.3  27917.3  32212.3  33286.0  33286.0 delivery
   60.0s        0          484.9          144.8  32212.3  38654.7  40802.2  40802.2 newOrder
   60.0s        0           25.9           55.0  24696.1  26843.5  27917.3  27917.3 orderStatus
   60.0s        0          408.1          463.6  27917.3  34359.7  36507.2  40802.2 payment
   60.0s        0           24.9           53.9  23622.3  25769.8  25769.8  25769.8 stockLevel
_elapsed___errors__ops/sec(inst)___ops/sec(cum)__p50(ms)__p95(ms)__p99(ms)_pMax(ms)
    1.0s        0            0.0            0.0      0.0      0.0      0.0      0.0 delivery
    1.0s        0            0.0            0.0      0.0      0.0      0.0      0.0 newOrder
    1.0s        0            0.0            0.0      0.0      0.0      0.0      0.0 orderStatus
    1.0s        0            0.0            0.0      0.0      0.0      0.0      0.0 payment
    1.0s        0            0.0            0.0      0.0      0.0      0.0      0.0 stockLevel
    2.0s        0            0.0            0.0      0.0      0.0      0.0      0.0 delivery
    2.0s        0            0.0            0.0      0.0      0.0      0.0      0.0 newOrder
    2.0s        0            0.0            0.0      0.0      0.0      0.0      0.0 orderStatus
    2.0s        0            0.0            0.0      0.0      0.0      0.0      0.0 payment
    2.0s        0            0.0            0.0      0.0      0.0      0.0      0.0 stockLevel
    3.0s        0            0.0            0.0      0.0      0.0      0.0      0.0 delivery
    3.0s        0            0.0            0.0      0.0      0.0      0.0      0.0 newOrder
    3.0s        0            0.0            0.0      0.0      0.0      0.0      0.0 orderStatus
    3.0s        0            0.0            0.0      0.0      0.0      0.0      0.0 payment
    3.0s        0            0.0            0.0      0.0      0.0      0.0      0.0 stockLevel
    4.0s        0            0.0            0.0      0.0      0.0      0.0      0.0 delivery
    4.0s        0            0.0            0.0      0.0      0.0      0.0      0.0 newOrder
    4.0s        0            0.0            0.0      0.0      0.0      0.0      0.0 orderStatus
    4.0s        0            0.0            0.0      0.0      0.0      0.0      0.0 payment
    4.0s        0            0.0            0.0      0.0      0.0      0.0      0.0 stockLevel
_elapsed___errors__ops/sec(inst)___ops/sec(cum)__p50(ms)__p95(ms)__p99(ms)_pMax(ms)
    5.0s        0            0.0            0.0      0.0      0.0      0.0      0.0 delivery
    5.0s        0            0.0            0.0      0.0      0.0      0.0      0.0 newOrder
    5.0s        0            0.0            0.0      0.0      0.0      0.0      0.0 orderStatus
    5.0s        0            0.0            0.0      0.0      0.0      0.0      0.0 payment
    5.0s        0            0.0            0.0      0.0      0.0      0.0      0.0 stockLevel
    6.0s        0            0.0            0.0      0.0      0.0      0.0      0.0 delivery
    6.0s        0            0.0            0.0      0.0      0.0      0.0      0.0 newOrder
    6.0s        0            0.0            0.0      0.0      0.0      0.0      0.0 orderStatus
    6.0s        0            0.0            0.0      0.0      0.0      0.0      0.0 payment
    6.0s        0            0.0            0.0      0.0      0.0      0.0      0.0 stockLevel
    7.0s        0            0.0            0.0      0.0      0.0      0.0      0.0 delivery
    7.0s        0            0.0            0.0      0.0      0.0      0.0      0.0 newOrder
    7.0s        0            0.0            0.0      0.0      0.0      0.0      0.0 orderStatus
    7.0s        0            0.0            0.0      0.0      0.0      0.0      0.0 payment
    7.0s        0            0.0            0.0      0.0      0.0      0.0      0.0 stockLevel
    8.0s        0            0.0            0.0      0.0      0.0      0.0      0.0 delivery
    8.0s        0            0.0            0.0      0.0      0.0      0.0      0.0 newOrder
    8.0s        0            0.0            0.0      0.0      0.0      0.0      0.0 orderStatus
    8.0s        0            0.0            0.0      0.0      0.0      0.0      0.0 payment
    8.0s        0            0.0            0.0      0.0      0.0      0.0      0.0 stockLevel
_elapsed___errors__ops/sec(inst)___ops/sec(cum)__p50(ms)__p95(ms)__p99(ms)_pMax(ms)
    9.0s        0            0.0            0.0      0.0      0.0      0.0      0.0 delivery
    9.0s        0            0.0            0.0      0.0      0.0      0.0      0.0 newOrder
    9.0s        0            0.0            0.0      0.0      0.0      0.0      0.0 orderStatus
    9.0s        0            0.0            0.0      0.0      0.0      0.0      0.0 payment
    9.0s        0            0.0            0.0      0.0      0.0      0.0      0.0 stockLevel
   10.0s        0            0.0            0.0      0.0      0.0      0.0      0.0 delivery
   10.0s        0            0.0            0.0      0.0      0.0      0.0      0.0 newOrder
   10.0s        0            0.0            0.0      0.0      0.0      0.0      0.0 orderStatus
   10.0s        0            0.0            0.0      0.0      0.0      0.0      0.0 payment
   10.0s        0            0.0            0.0      0.0      0.0      0.0      0.0 stockLevel
   11.0s        0            0.0            0.0      0.0      0.0      0.0      0.0 delivery
   11.0s        0            0.0            0.0      0.0      0.0      0.0      0.0 newOrder
   11.0s        0            0.0            0.0      0.0      0.0      0.0      0.0 orderStatus
   11.0s        0            0.0            0.0      0.0      0.0      0.0      0.0 payment
   11.0s        0            0.0            0.0      0.0      0.0      0.0      0.0 stockLevel
   12.0s        0            0.0            0.0      0.0      0.0      0.0      0.0 delivery
   12.0s        0            0.0            0.0      0.0      0.0      0.0      0.0 newOrder
   12.0s        0            0.0            0.0      0.0      0.0      0.0      0.0 orderStatus
   12.0s        0            0.0            0.0      0.0      0.0      0.0      0.0 payment
   12.0s        0            0.0            0.0      0.0      0.0      0.0      0.0 stockLevel
_elapsed___errors__ops/sec(inst)___ops/sec(cum)__p50(ms)__p95(ms)__p99(ms)_pMax(ms)
   13.0s        0            0.0            0.0      0.0      0.0      0.0      0.0 delivery
   13.0s        0            0.0            0.0      0.0      0.0      0.0      0.0 newOrder
   13.0s        0            0.0            0.0      0.0      0.0      0.0      0.0 orderStatus
   13.0s        0            0.0            0.0      0.0      0.0      0.0      0.0 payment
   13.0s        0            0.0            0.0      0.0      0.0      0.0      0.0 stockLevel
   14.0s        0            0.0            0.0      0.0      0.0      0.0      0.0 delivery
   14.0s        0            0.0            0.0      0.0      0.0      0.0      0.0 newOrder
   14.0s        0            0.0            0.0      0.0      0.0      0.0      0.0 orderStatus
   14.0s        0            0.0            0.0      0.0      0.0      0.0      0.0 payment
   14.0s        0            0.0            0.0      0.0      0.0      0.0      0.0 stockLevel
   15.0s        0            0.0            0.0      0.0      0.0      0.0      0.0 delivery
   15.0s        0            0.0            0.0      0.0      0.0      0.0      0.0 newOrder
   15.0s        0            0.0            0.0      0.0      0.0      0.0      0.0 orderStatus
   15.0s        0            0.0            0.0      0.0      0.0      0.0      0.0 payment
   15.0s        0            0.0            0.0      0.0      0.0      0.0      0.0 stockLevel
   16.0s        0            0.0            0.0      0.0      0.0      0.0      0.0 delivery
   16.0s        0            0.0            0.0      0.0      0.0      0.0      0.0 newOrder
   16.0s        0            0.0            0.0      0.0      0.0      0.0      0.0 orderStatus
   16.0s        0            0.0            0.0      0.0      0.0      0.0      0.0 payment
   16.0s        0            0.0            0.0      0.0      0.0      0.0      0.0 stockLevel
_elapsed___errors__ops/sec(inst)___ops/sec(cum)__p50(ms)__p95(ms)__p99(ms)_pMax(ms)
   17.0s        0            0.0            0.0      0.0      0.0      0.0      0.0 delivery
   17.0s        0            0.0            0.0      0.0      0.0      0.0      0.0 newOrder
   17.0s        0            0.0            0.0      0.0      0.0      0.0      0.0 orderStatus
   17.0s        0            0.0            0.0      0.0      0.0      0.0      0.0 payment
   17.0s        0            0.0            0.0      0.0      0.0      0.0      0.0 stockLevel
   18.0s        0            0.0            0.0      0.0      0.0      0.0      0.0 delivery
   18.0s        0            0.0            0.0      0.0      0.0      0.0      0.0 newOrder
   18.0s        0            0.0            0.0      0.0      0.0      0.0      0.0 orderStatus
   18.0s        0            0.0            0.0      0.0      0.0      0.0      0.0 payment
   18.0s        0            0.0            0.0      0.0      0.0      0.0      0.0 stockLevel
   19.0s        0            0.0            0.0      0.0      0.0      0.0      0.0 delivery
   19.0s        0            0.0            0.0      0.0      0.0      0.0      0.0 newOrder
   19.0s        0            0.0            0.0      0.0      0.0      0.0      0.0 orderStatus
   19.0s        0            0.0            0.0      0.0      0.0      0.0      0.0 payment
   19.0s        0            0.0            0.0      0.0      0.0      0.0      0.0 stockLevel
   20.0s        0            0.0            0.0      0.0      0.0      0.0      0.0 delivery
   20.0s        0            0.0            0.0      0.0      0.0      0.0      0.0 newOrder
   20.0s        0            0.0            0.0      0.0      0.0      0.0      0.0 orderStatus
   20.0s        0            0.0            0.0      0.0      0.0      0.0      0.0 payment
   20.0s        0            0.0            0.0      0.0      0.0      0.0      0.0 stockLevel
_elapsed___errors__ops/sec(inst)___ops/sec(cum)__p50(ms)__p95(ms)__p99(ms)_pMax(ms)
   21.0s        0            0.0            0.0      0.0      0.0      0.0      0.0 delivery
   21.0s        0            0.0            0.0      0.0      0.0      0.0      0.0 newOrder
   21.0s        0            0.0            0.0      0.0      0.0      0.0      0.0 orderStatus
   21.0s        0            0.0            0.0      0.0      0.0      0.0      0.0 payment
   21.0s        0            0.0            0.0      0.0      0.0      0.0      0.0 stockLevel
   22.0s        0            0.0            0.0      0.0      0.0      0.0      0.0 delivery
   22.0s        0            0.0            0.0      0.0      0.0      0.0      0.0 newOrder
   22.0s        0            0.0            0.0      0.0      0.0      0.0      0.0 orderStatus
   22.0s        0            0.0            0.0      0.0      0.0      0.0      0.0 payment
   22.0s        0            0.0            0.0      0.0      0.0      0.0      0.0 stockLevel
   23.0s        0            0.0            0.0      0.0      0.0      0.0      0.0 delivery
   23.0s        0            0.0            0.0      0.0      0.0      0.0      0.0 newOrder
   23.0s        0            0.0            0.0      0.0      0.0      0.0      0.0 orderStatus
   23.0s        0            0.0            0.0      0.0      0.0      0.0      0.0 payment
   23.0s        0            0.0            0.0      0.0      0.0      0.0      0.0 stockLevel
   24.0s        0            0.0            0.0      0.0      0.0      0.0      0.0 delivery
   24.0s        0            0.0            0.0      0.0      0.0      0.0      0.0 newOrder
   24.0s        0            0.0            0.0      0.0      0.0      0.0      0.0 orderStatus
   24.0s        0            0.0            0.0      0.0      0.0      0.0      0.0 payment
   24.0s        0            0.0            0.0      0.0      0.0      0.0      0.0 stockLevel
_elapsed___errors__ops/sec(inst)___ops/sec(cum)__p50(ms)__p95(ms)__p99(ms)_pMax(ms)
   25.0s        0            0.0            0.0      0.0      0.0      0.0      0.0 delivery
   25.0s        0            0.0            0.0      0.0      0.0      0.0      0.0 newOrder
   25.0s        0            0.0            0.0      0.0      0.0      0.0      0.0 orderStatus
   25.0s        0            0.0            0.0      0.0      0.0      0.0      0.0 payment
   25.0s        0            0.0            0.0      0.0      0.0      0.0      0.0 stockLevel
   26.0s        0            0.0            0.0      0.0      0.0      0.0      0.0 delivery
   26.0s        0            0.0            0.0      0.0      0.0      0.0      0.0 newOrder
   26.0s        0            0.0            0.0      0.0      0.0      0.0      0.0 orderStatus
   26.0s        0            0.0            0.0      0.0      0.0      0.0      0.0 payment
   26.0s        0            0.0            0.0      0.0      0.0      0.0      0.0 stockLevel
   27.0s        0            0.0            0.0      0.0      0.0      0.0      0.0 delivery
   27.0s        0            0.0            0.0      0.0      0.0      0.0      0.0 newOrder
   27.0s        0            0.0            0.0      0.0      0.0      0.0      0.0 orderStatus
   27.0s        0            0.0            0.0      0.0      0.0      0.0      0.0 payment
   27.0s        0            0.0            0.0      0.0      0.0      0.0      0.0 stockLevel
   28.0s        0            0.0            0.0      0.0      0.0      0.0      0.0 delivery
   28.0s        0            0.0            0.0      0.0      0.0      0.0      0.0 newOrder
   28.0s        0            0.0            0.0      0.0      0.0      0.0      0.0 orderStatus
   28.0s        0            0.0            0.0      0.0      0.0      0.0      0.0 payment
   28.0s        0            0.0            0.0      0.0      0.0      0.0      0.0 stockLevel
_elapsed___errors__ops/sec(inst)___ops/sec(cum)__p50(ms)__p95(ms)__p99(ms)_pMax(ms)
   29.0s        0            0.0            0.0      0.0      0.0      0.0      0.0 delivery
   29.0s        0            0.0            0.0      0.0      0.0      0.0      0.0 newOrder
   29.0s        0            0.0            0.0      0.0      0.0      0.0      0.0 orderStatus
   29.0s        0            0.0            0.0      0.0      0.0      0.0      0.0 payment
   29.0s        0            0.0            0.0      0.0      0.0      0.0      0.0 stockLevel
   30.0s        0            0.0            0.0      0.0      0.0      0.0      0.0 delivery
   30.0s        0            0.0            0.0      0.0      0.0      0.0      0.0 newOrder
   30.0s        0            0.0            0.0      0.0      0.0      0.0      0.0 orderStatus
   30.0s        0            0.0            0.0      0.0      0.0      0.0      0.0 payment
   30.0s        0            0.0            0.0      0.0      0.0      0.0      0.0 stockLevel
   31.0s        0            0.0            0.0      0.0      0.0      0.0      0.0 delivery
   31.0s        0            0.0            0.0      0.0      0.0      0.0      0.0 newOrder
   31.0s        0            0.0            0.0      0.0      0.0      0.0      0.0 orderStatus
   31.0s        0            0.0            0.0      0.0      0.0      0.0      0.0 payment
   31.0s        0            0.0            0.0      0.0      0.0      0.0      0.0 stockLevel
   32.0s        0            0.0            0.0      0.0      0.0      0.0      0.0 delivery
   32.0s        0            0.0            0.0      0.0      0.0      0.0      0.0 newOrder
   32.0s        0            0.0            0.0      0.0      0.0      0.0      0.0 orderStatus
   32.0s        0            0.0            0.0      0.0      0.0      0.0      0.0 payment
   32.0s        0            0.0            0.0      0.0      0.0      0.0      0.0 stockLevel
_elapsed___errors__ops/sec(inst)___ops/sec(cum)__p50(ms)__p95(ms)__p99(ms)_pMax(ms)
   33.0s        0            0.0            0.0      0.0      0.0      0.0      0.0 delivery
   33.0s        0            0.0            0.0      0.0      0.0      0.0      0.0 newOrder
   33.0s        0            0.0            0.0      0.0      0.0      0.0      0.0 orderStatus
   33.0s        0            0.0            0.0      0.0      0.0      0.0      0.0 payment
   33.0s        0            0.0            0.0      0.0      0.0      0.0      0.0 stockLevel
   34.0s        0            0.0            0.0      0.0      0.0      0.0      0.0 delivery
   34.0s        0            0.0            0.0      0.0      0.0      0.0      0.0 newOrder
   34.0s        0            0.0            0.0      0.0      0.0      0.0      0.0 orderStatus
   34.0s        0            0.0            0.0      0.0      0.0      0.0      0.0 payment
   34.0s        0            0.0            0.0      0.0      0.0      0.0      0.0 stockLevel
   35.0s        0            0.0            0.0      0.0      0.0      0.0      0.0 delivery
   35.0s        0            0.0            0.0      0.0      0.0      0.0      0.0 newOrder
   35.0s        0            0.0            0.0      0.0      0.0      0.0      0.0 orderStatus
   35.0s        0            0.0            0.0      0.0      0.0      0.0      0.0 payment
   35.0s        0            0.0            0.0      0.0      0.0      0.0      0.0 stockLevel
   36.0s        0            0.0            0.0      0.0      0.0      0.0      0.0 delivery
   36.0s        0            0.0            0.0      0.0      0.0      0.0      0.0 newOrder
   36.0s        0            0.0            0.0      0.0      0.0      0.0      0.0 orderStatus
   36.0s        0            0.0            0.0      0.0      0.0      0.0      0.0 payment
   36.0s        0            0.0            0.0      0.0      0.0      0.0      0.0 stockLevel
_elapsed___errors__ops/sec(inst)___ops/sec(cum)__p50(ms)__p95(ms)__p99(ms)_pMax(ms)
   37.0s        0            0.0            0.0      0.0      0.0      0.0      0.0 delivery
   37.0s        0            0.0            0.0      0.0      0.0      0.0      0.0 newOrder
   37.0s        0            0.0            0.0      0.0      0.0      0.0      0.0 orderStatus
   37.0s        0            0.0            0.0      0.0      0.0      0.0      0.0 payment
   37.0s        0            0.0            0.0      0.0      0.0      0.0      0.0 stockLevel
   38.0s        0            0.0            0.0      0.0      0.0      0.0      0.0 delivery
   38.0s        0            0.0            0.0      0.0      0.0      0.0      0.0 newOrder
   38.0s        0            0.0            0.0      0.0      0.0      0.0      0.0 orderStatus
   38.0s        0            0.0            0.0      0.0      0.0      0.0      0.0 payment
   38.0s        0            0.0            0.0      0.0      0.0      0.0      0.0 stockLevel
   39.0s        0            0.0            0.0      0.0      0.0      0.0      0.0 delivery
   39.0s        0            0.0            0.0      0.0      0.0      0.0      0.0 newOrder
   39.0s        0            0.0            0.0      0.0      0.0      0.0      0.0 orderStatus
   39.0s        0            0.0            0.0      0.0      0.0      0.0      0.0 payment
   39.0s        0            0.0            0.0      0.0      0.0      0.0      0.0 stockLevel
   40.0s        0            0.0            0.0      0.0      0.0      0.0      0.0 delivery
   40.0s        0            0.0            0.0      0.0      0.0      0.0      0.0 newOrder
   40.0s        0            0.0            0.0      0.0      0.0      0.0      0.0 orderStatus
   40.0s        0            0.0            0.0      0.0      0.0      0.0      0.0 payment
   40.0s        0            0.0            0.0      0.0      0.0      0.0      0.0 stockLevel
_elapsed___errors__ops/sec(inst)___ops/sec(cum)__p50(ms)__p95(ms)__p99(ms)_pMax(ms)
   41.0s        0            0.0            0.0      0.0      0.0      0.0      0.0 delivery
   41.0s        0            0.0            0.0      0.0      0.0      0.0      0.0 newOrder
   41.0s        0            0.0            0.0      0.0      0.0      0.0      0.0 orderStatus
   41.0s        0            0.0            0.0      0.0      0.0      0.0      0.0 payment
   41.0s        0            0.0            0.0      0.0      0.0      0.0      0.0 stockLevel
   42.0s        0            0.0            0.0      0.0      0.0      0.0      0.0 delivery
   42.0s        0            0.0            0.0      0.0      0.0      0.0      0.0 newOrder
   42.0s        0            0.0            0.0      0.0      0.0      0.0      0.0 orderStatus
   42.0s        0            0.0            0.0      0.0      0.0      0.0      0.0 payment
   42.0s        0            0.0            0.0      0.0      0.0      0.0      0.0 stockLevel
   43.0s        0            0.0            0.0      0.0      0.0      0.0      0.0 delivery
   43.0s        0            0.0            0.0      0.0      0.0      0.0      0.0 newOrder
   43.0s        0            0.0            0.0      0.0      0.0      0.0      0.0 orderStatus
   43.0s        0            0.0            0.0      0.0      0.0      0.0      0.0 payment
   43.0s        0            0.0            0.0      0.0      0.0      0.0      0.0 stockLevel
   44.0s        0            0.0            0.0      0.0      0.0      0.0      0.0 delivery
   44.0s        0            0.0            0.0      0.0      0.0      0.0      0.0 newOrder
   44.0s        0            0.0            0.0      0.0      0.0      0.0      0.0 orderStatus
   44.0s        0            0.0            0.0      0.0      0.0      0.0      0.0 payment
   44.0s        0            0.0            0.0      0.0      0.0      0.0      0.0 stockLevel
_elapsed___errors__ops/sec(inst)___ops/sec(cum)__p50(ms)__p95(ms)__p99(ms)_pMax(ms)
   45.0s        0            0.0            0.0      0.0      0.0      0.0      0.0 delivery
   45.0s        0            0.0            0.0      0.0      0.0      0.0      0.0 newOrder
   45.0s        0            0.0            0.0      0.0      0.0      0.0      0.0 orderStatus
   45.0s        0            0.0            0.0      0.0      0.0      0.0      0.0 payment
   45.0s        0            0.0            0.0      0.0      0.0      0.0      0.0 stockLevel
   46.0s        0            0.0            0.0      0.0      0.0      0.0      0.0 delivery
   46.0s        0            0.0            0.0      0.0      0.0      0.0      0.0 newOrder
   46.0s        0            0.0            0.0      0.0      0.0      0.0      0.0 orderStatus
   46.0s        0            0.0            0.0      0.0      0.0      0.0      0.0 payment
   46.0s        0            0.0            0.0      0.0      0.0      0.0      0.0 stockLevel
   47.0s        0            0.0            0.0      0.0      0.0      0.0      0.0 delivery
   47.0s        0            0.0            0.0      0.0      0.0      0.0      0.0 newOrder
   47.0s        0            0.0            0.0      0.0      0.0      0.0      0.0 orderStatus
   47.0s        0            0.0            0.0      0.0      0.0      0.0      0.0 payment
   47.0s        0            0.0            0.0      0.0      0.0      0.0      0.0 stockLevel
   48.0s        0            0.0            0.0      0.0      0.0      0.0      0.0 delivery
   48.0s        0            0.0            0.0      0.0      0.0      0.0      0.0 newOrder
   48.0s        0            0.0            0.0      0.0      0.0      0.0      0.0 orderStatus
   48.0s        0            0.0            0.0      0.0      0.0      0.0      0.0 payment
   48.0s        0            0.0            0.0      0.0      0.0      0.0      0.0 stockLevel
_elapsed___errors__ops/sec(inst)___ops/sec(cum)__p50(ms)__p95(ms)__p99(ms)_pMax(ms)
   49.0s        0            0.0            0.0      0.0      0.0      0.0      0.0 delivery
   49.0s        0            0.0            0.0      0.0      0.0      0.0      0.0 newOrder
   49.0s        0            0.0            0.0      0.0      0.0      0.0      0.0 orderStatus
   49.0s        0            0.0            0.0      0.0      0.0      0.0      0.0 payment
   49.0s        0            0.0            0.0      0.0      0.0      0.0      0.0 stockLevel
   50.0s        0            0.0            0.0      0.0      0.0      0.0      0.0 delivery
   50.0s        0            0.0            0.0      0.0      0.0      0.0      0.0 newOrder
   50.0s        0            0.0            0.0      0.0      0.0      0.0      0.0 orderStatus
   50.0s        0            0.0            0.0      0.0      0.0      0.0      0.0 payment
   50.0s        0            0.0            0.0      0.0      0.0      0.0      0.0 stockLevel
   51.0s        0            0.0            0.0      0.0      0.0      0.0      0.0 delivery
   51.0s        0            0.0            0.0      0.0      0.0      0.0      0.0 newOrder
   51.0s        0            0.0            0.0      0.0      0.0      0.0      0.0 orderStatus
   51.0s        0            0.0            0.0      0.0      0.0      0.0      0.0 payment
   51.0s        0            0.0            0.0      0.0      0.0      0.0      0.0 stockLevel
   52.0s        0            0.0            0.0      0.0      0.0      0.0      0.0 delivery
   52.0s        0            0.0            0.0      0.0      0.0      0.0      0.0 newOrder
   52.0s        0            0.0            0.0      0.0      0.0      0.0      0.0 orderStatus
   52.0s        0            0.0            0.0      0.0      0.0      0.0      0.0 payment
   52.0s        0            0.0            0.0      0.0      0.0      0.0      0.0 stockLevel
_elapsed___errors__ops/sec(inst)___ops/sec(cum)__p50(ms)__p95(ms)__p99(ms)_pMax(ms)
   53.0s        0            0.0            0.0      0.0      0.0      0.0      0.0 delivery
   53.0s        0            0.0            0.0      0.0      0.0      0.0      0.0 newOrder
   53.0s        0            0.0            0.0      0.0      0.0      0.0      0.0 orderStatus
   53.0s        0            0.0            0.0      0.0      0.0      0.0      0.0 payment
   53.0s        0            0.0            0.0      0.0      0.0      0.0      0.0 stockLevel
   54.0s        0            0.0            0.0      0.0      0.0      0.0      0.0 delivery
   54.0s        0            0.0            0.0      0.0      0.0      0.0      0.0 newOrder
   54.0s        0            0.0            0.0      0.0      0.0      0.0      0.0 orderStatus
   54.0s        0            0.0            0.0      0.0      0.0      0.0      0.0 payment
   54.0s        0            0.0            0.0      0.0      0.0      0.0      0.0 stockLevel
   55.0s        0            0.0            0.0      0.0      0.0      0.0      0.0 delivery
   55.0s        0            0.0            0.0      0.0      0.0      0.0      0.0 newOrder
   55.0s        0            0.0            0.0      0.0      0.0      0.0      0.0 orderStatus
   55.0s        0            0.0            0.0      0.0      0.0      0.0      0.0 payment
   55.0s        0            0.0            0.0      0.0      0.0      0.0      0.0 stockLevel
   56.0s        0            0.0            0.0      0.0      0.0      0.0      0.0 delivery
   56.0s        0            0.0            0.0      0.0      0.0      0.0      0.0 newOrder
   56.0s        0            0.0            0.0      0.0      0.0      0.0      0.0 orderStatus
   56.0s        0            0.0            0.0      0.0      0.0      0.0      0.0 payment
   56.0s        0            0.0            0.0      0.0      0.0      0.0      0.0 stockLevel
_elapsed___errors__ops/sec(inst)___ops/sec(cum)__p50(ms)__p95(ms)__p99(ms)_pMax(ms)
   57.0s        0            0.0            0.0      0.0      0.0      0.0      0.0 delivery
   57.0s        0            0.0            0.0      0.0      0.0      0.0      0.0 newOrder
   57.0s        0            0.0            0.0      0.0      0.0      0.0      0.0 orderStatus
   57.0s        0            0.0            0.0      0.0      0.0      0.0      0.0 payment
   57.0s        0            0.0            0.0      0.0      0.0      0.0      0.0 stockLevel
   58.0s        0            0.0            0.0      0.0      0.0      0.0      0.0 delivery
   58.0s        0            0.0            0.0      0.0      0.0      0.0      0.0 newOrder
   58.0s        0            0.0            0.0      0.0      0.0      0.0      0.0 orderStatus
   58.0s        0            0.0            0.0      0.0      0.0      0.0      0.0 payment
   58.0s        0            0.0            0.0      0.0      0.0      0.0      0.0 stockLevel
   59.0s        0            0.0            0.0      0.0      0.0      0.0      0.0 delivery
   59.0s        0            0.0            0.0      0.0      0.0      0.0      0.0 newOrder
   59.0s        0            0.0            0.0      0.0      0.0      0.0      0.0 orderStatus
   59.0s        0            0.0            0.0      0.0      0.0      0.0      0.0 payment
   59.0s        0            0.0            0.0      0.0      0.0      0.0      0.0 stockLevel
   60.0s        0            0.0            0.0      0.0      0.0      0.0      0.0 delivery
   60.0s        0            0.0            0.0      0.0      0.0      0.0      0.0 newOrder
   60.0s        0            0.0            0.0      0.0      0.0      0.0      0.0 orderStatus
   60.0s        0            0.0            0.0      0.0      0.0      0.0      0.0 payment
   60.0s        0            0.0            0.0      0.0      0.0      0.0      0.0 stockLevel

_elapsed___errors_____ops(total)___ops/sec(cum)__avg(ms)__p50(ms)__p95(ms)__p99(ms)_pMax(ms)__total

_elapsed___errors_____ops(total)___ops/sec(cum)__avg(ms)__p50(ms)__p95(ms)__p99(ms)_pMax(ms)__total

_elapsed___errors_____ops(total)___ops/sec(cum)__avg(ms)__p50(ms)__p95(ms)__p99(ms)_pMax(ms)__total

_elapsed___errors_____ops(total)___ops/sec(cum)__avg(ms)__p50(ms)__p95(ms)__p99(ms)_pMax(ms)__total

_elapsed___errors_____ops(total)___ops/sec(cum)__avg(ms)__p50(ms)__p95(ms)__p99(ms)_pMax(ms)__total

_elapsed___errors_____ops(total)___ops/sec(cum)__avg(ms)__p50(ms)__p95(ms)__p99(ms)_pMax(ms)__result
Audit check 9.2.1.7: SKIP: not enough delivery transactions to be statistically significant
Audit check 9.2.2.5.1: FAIL: new order rollback percent 0.5 is not between allowed bounds [0.9, 1.1]
Audit check 9.2.2.5.2: PASS
Audit check 9.2.2.5.3: SKIP: insufficient data for remote warehouse distribution check
Audit check 9.2.2.5.4: SKIP: insufficient data for remote warehouse distribution check
Audit check 9.2.2.5.5: PASS
Audit check 9.2.2.5.6: SKIP: not enough order status transactions to be statistically significant

_elapsed_______tpmC____efc__avg(ms)__p50(ms)__p90(ms)__p95(ms)__p99(ms)_pMax(ms)
   60.0s        0.0   0.0%      0.0      0.0      0.0      0.0      0.0      0.0
