>>> roachprod start: Fri Sep 11 00:16:11 UTC 2020
  PID COMMAND
    1 /sbin/init
    2 [kthreadd]
    3 [ksoftirqd/0]
    4 [kworker/0:0]
    5 [kworker/0:0H]
    7 [rcu_sched]
    8 [rcu_bh]
    9 [migration/0]
   10 [watchdog/0]
   11 [watchdog/1]
   12 [migration/1]
   13 [ksoftirqd/1]
   15 [kworker/1:0H]
   16 [watchdog/2]
   17 [migration/2]
   18 [ksoftirqd/2]
   20 [kworker/2:0H]
   21 [watchdog/3]
   22 [migration/3]
   23 [ksoftirqd/3]
   25 [kworker/3:0H]
   26 [watchdog/4]
   27 [migration/4]
   28 [ksoftirqd/4]
   30 [kworker/4:0H]
   31 [watchdog/5]
   32 [migration/5]
   33 [ksoftirqd/5]
   35 [kworker/5:0H]
   36 [watchdog/6]
   37 [migration/6]
   38 [ksoftirqd/6]
   40 [kworker/6:0H]
   41 [watchdog/7]
   42 [migration/7]
   43 [ksoftirqd/7]
   44 [kworker/7:0]
   45 [kworker/7:0H]
   46 [watchdog/8]
   47 [migration/8]
   48 [ksoftirqd/8]
   50 [kworker/8:0H]
   51 [watchdog/9]
   52 [migration/9]
   53 [ksoftirqd/9]
   55 [kworker/9:0H]
   56 [watchdog/10]
   57 [migration/10]
   58 [ksoftirqd/10]
   60 [kworker/10:0H]
   61 [watchdog/11]
   62 [migration/11]
   63 [ksoftirqd/11]
   65 [kworker/11:0H]
   66 [watchdog/12]
   67 [migration/12]
   68 [ksoftirqd/12]
   70 [kworker/12:0H]
   71 [watchdog/13]
   72 [migration/13]
   73 [ksoftirqd/13]
   74 [kworker/13:0]
   75 [kworker/13:0H]
   76 [watchdog/14]
   77 [migration/14]
   78 [ksoftirqd/14]
   80 [kworker/14:0H]
   81 [watchdog/15]
   82 [migration/15]
   83 [ksoftirqd/15]
   85 [kworker/15:0H]
   86 [kdevtmpfs]
   87 [netns]
   88 [perf]
   89 [khungtaskd]
   90 [writeback]
   91 [ksmd]
   92 [khugepaged]
   93 [crypto]
   94 [kintegrityd]
   95 [bioset]
   96 [kblockd]
   97 [ata_sff]
   98 [md]
   99 [devfreq_wq]
  103 [kswapd0]
  104 [vmstat]
  105 [fsnotify_mark]
  106 [ecryptfs-kthrea]
  122 [kthrotld]
  123 [bioset]
  124 [bioset]
  125 [bioset]
  126 [bioset]
  127 [bioset]
  128 [bioset]
  129 [bioset]
  130 [bioset]
  131 [bioset]
  132 [bioset]
  133 [bioset]
  134 [bioset]
  135 [bioset]
  136 [bioset]
  138 [bioset]
  139 [bioset]
  140 [bioset]
  141 [bioset]
  142 [bioset]
  143 [bioset]
  144 [bioset]
  145 [bioset]
  146 [bioset]
  147 [bioset]
  148 [kworker/5:1]
  152 [ipv6_addrconf]
  165 [deferwq]
  203 [nvme]
  227 [ena]
  283 [kworker/12:1]
  286 [kworker/3:1]
  287 [bioset]
  288 [bioset]
  296 [bioset]
  297 [bioset]
  307 [kworker/15:1]
  311 [kworker/1:1]
  312 [kworker/8:1]
  313 [kworker/10:1]
  373 [raid5wq]
  400 [bioset]
  421 [jbd2/nvme0n1p1-]
  422 [ext4-rsv-conver]
  482 [kworker/10:2]
  510 [iscsi_eh]
  512 /lib/systemd/systemd-journald
  514 [ib_addr]
  515 [ib_mcast]
  516 [ib_nl_sa_wq]
  517 [ib_cm]
  518 [iw_cm_wq]
  519 [rdma_cm]
  529 [kauditd]
  553 /sbin/lvmetad -f
  579 /lib/systemd/systemd-udevd
  830 [kworker/14:2]
  885 [kworker/0:1H]
  886 [kworker/1:1H]
  887 [kworker/2:1H]
  888 [kworker/3:1H]
  889 [kworker/8:1H]
  890 [kworker/9:1H]
  891 [kworker/10:1H]
  892 [kworker/11:1H]
 1006 [kworker/4:1H]
 1017 /lib/systemd/systemd-timesyncd
 1139 /sbin/dhclient -1 -v -pf /run/dhclient.ens5.pid -lf /var/lib/dhcp/dhclient.ens5.leases -I -df /var/lib/dhcp/dhclient6.ens5.leases ens5
 1267 /sbin/iscsid
 1268 /sbin/iscsid
 1274 /usr/lib/accountsservice/accounts-daemon
 1276 /usr/sbin/atd -f
 1280 /usr/bin/dbus-daemon --system --address=systemd: --nofork --nopidfile --systemd-activation
 1283 /usr/sbin/rsyslogd -n
 1285 /usr/bin/lxcfs /var/lib/lxcfs/
 1290 /usr/sbin/cron -f
 1328 /lib/systemd/systemd-logind
 1330 /usr/sbin/acpid
 1345 /usr/lib/snapd/snapd
 1366 /usr/lib/policykit-1/polkitd --no-debug
 1368 /sbin/mdadm --monitor --pid-file /run/mdadm/monitor.pid --daemonise --scan --syslog
 1379 [kworker/6:1H]
 1430 /usr/sbin/irqbalance --pid=/var/run/irqbalance.pid
 1438 /sbin/agetty --keep-baud 115200 38400 9600 ttyS0 vt220
 1439 /sbin/agetty --noclear tty1 linux
 1468 [kworker/12:1H]
 1469 [kworker/14:1H]
 1628 [kworker/15:1H]
 1703 [kworker/5:1H]
 1704 [kworker/7:1H]
 1705 [kworker/13:1H]
 1860 [kworker/11:2]
 2278 [kworker/7:3]
 2325 [kworker/13:2]
 2660 [jbd2/nvme1n1-8]
 2661 [ext4-rsv-conver]
 2718 [kworker/9:2]
 3842 /usr/sbin/chronyd
 4328 [kworker/8:3]
 5021 /usr/sbin/sshd -D
 5309 [kworker/5:0]
 5374 [kworker/4:0]
 5375 [kworker/15:2]
 5721 [kworker/9:3]
 5758 [kworker/1:2]
 5769 [kworker/6:0]
 5847 [kworker/3:0]
 5959 [kworker/2:0]
 6063 [kworker/12:2]
 6064 [kworker/11:0]
 6100 [kworker/14:0]
 6220 [kworker/u32:1]
 6311 [kworker/4:3]
 6347 [kworker/0:1]
 6383 [kworker/2:1]
 6437 [kworker/u32:0]
 6478 [kworker/6:2]
 6538 [kworker/4:1]
 6539 [kworker/4:2]
 6545 [kworker/5:2]
 6550 [kworker/5:3]
 6551 [kworker/7:1]
 6603 [kworker/2:2]
 6606 [kworker/0:2]
 6607 [kworker/12:0]
 6672 sshd: ubuntu [priv]
 6674 [kworker/6:1]
 6678 /lib/systemd/systemd --user PATH=/usr/local/sbin:/usr/local/bin:/usr/sbin:/usr/bin:/sbin:/bin NOTIFY_SOCKET=/run/systemd/notify HOME=/home/ubuntu LOGNAME=ubuntu USER=ubuntu SHELL=/bin/bash XDG_RUNTIME_DIR=/run/user/1000
 6681 (sd-pam)
 6714 sshd: ubuntu@notty
 6715 bash -c  ??ulimit -c unlimited; mkdir -p ${HOME}/logs; ??echo ">>> roachprod start: $(date)" >> ${HOME}/logs/roachprod.log; ??ps axeww -o pid -o command >> ${HOME}/logs/roachprod.log; ??[ -x /usr/bin/lslocks ] && /usr/bin/lslocks >> ${HOME}/logs/roachprod.log;  ??export ROACHPROD=4; ??GOTRACEBACK=crash COCKROACH_SKIP_ENABLING_DIAGNOSTIC_REPORTING=1 COCKROACH_DEV_LICENSE=crl-0-EJL04ukFGAEiI0NvY2tyb2FjaCBMYWJzIC0gUHJvZHVjdGlvbiBUZXN0aW5n COCKROACH_ENABLE_RPC_COMPRESSION=false \ ??./cockroach start --background --insecure --store=path=/mnt/data1/cockroach --log-dir=${HOME}/logs --cache=25% --max-sql-memory=25% --port=26257 --http-port=26258 --locality=cloud=aws,region=us-east-2,zone=us-east-2b,rack=3 --join=18.191.252.183:26257 --advertise-host=$(hostname -I | awk '{print $1}') --cache=0.25 --max-sql-memory=0.25 >> ${HOME}/logs/cockroach.stdout.log \ ??                 2>> ${HOME}/logs/cockroach.stderr.log \ ???|| (x=$?; cat ${HOME}/logs/cockroach.stderr.log; exit $x) LANG=en_US.UTF-8 LC_ADDRESS=en_US.UTF-8 LC_IDENTIFICATION=en_US.UTF-8 LC_MEASUREMENT=en_US.UTF-8 LC_MONETARY=en_US.UTF-8 LC_NAME=en_US.UTF-8 LC_NUMERIC=en_US.UTF-8 LC_PAPER=en_US.UTF-8 LC_TELEPHONE=en_US.UTF-8 LC_TIME=en_US.UTF-8 USER=ubuntu LOGNAME=ubuntu HOME=/home/ubuntu PATH=/usr/local/sbin:/usr/local/bin:/usr/sbin:/usr/bin:/sbin:/bin:/usr/games:/usr/local/games MAIL=/var/mail/ubuntu SHELL=/bin/bash SSH_CLIENT=149.248.186.137 44574 22 SSH_CONNECTION=149.248.186.137 44574 10.12.21.82 22 XDG_SESSION_ID=84 XDG_RUNTIME_DIR=/run/user/1000
 6719 ps axeww -o pid -o command LC_PAPER=en_US.UTF-8 XDG_SESSION_ID=84 LC_ADDRESS=en_US.UTF-8 LC_MONETARY=en_US.UTF-8 SHELL=/bin/bash SSH_CLIENT=149.248.186.137 44574 22 LC_NUMERIC=en_US.UTF-8 USER=ubuntu LC_TELEPHONE=en_US.UTF-8 MAIL=/var/mail/ubuntu PATH=/usr/local/sbin:/usr/local/bin:/usr/sbin:/usr/bin:/sbin:/bin:/usr/games:/usr/local/games LC_IDENTIFICATION=en_US.UTF-8 PWD=/home/ubuntu LANG=en_US.UTF-8 LC_MEASUREMENT=en_US.UTF-8 SHLVL=1 HOME=/home/ubuntu LOGNAME=ubuntu SSH_CONNECTION=149.248.186.137 44574 10.12.21.82 22 XDG_RUNTIME_DIR=/run/user/1000 LC_TIME=en_US.UTF-8 LC_NAME=en_US.UTF-8 _=/bin/ps
COMMAND           PID  TYPE SIZE MODE  M START END PATH
lvmetad           553 POSIX   0B WRITE 0     0   0 /run
iscsid           1268 POSIX   0B WRITE 0     0   0 /run
cron             1290 FLOCK   0B WRITE 0     0   0 /run
lxcfs            1285 POSIX   0B WRITE 0     0   0 /run
atd              1276 POSIX   0B WRITE 0     0   0 /run
>>> roachprod stop: Fri Sep 11 03:16:35 UTC 2020
  PID COMMAND
    1 /sbin/init
    2 [kthreadd]
    3 [ksoftirqd/0]
    5 [kworker/0:0H]
    7 [rcu_sched]
    8 [rcu_bh]
    9 [migration/0]
   10 [watchdog/0]
   11 [watchdog/1]
   12 [migration/1]
   13 [ksoftirqd/1]
   15 [kworker/1:0H]
   16 [watchdog/2]
   17 [migration/2]
   18 [ksoftirqd/2]
   20 [kworker/2:0H]
   21 [watchdog/3]
   22 [migration/3]
   23 [ksoftirqd/3]
   25 [kworker/3:0H]
   26 [watchdog/4]
   27 [migration/4]
   28 [ksoftirqd/4]
   30 [kworker/4:0H]
   31 [watchdog/5]
   32 [migration/5]
   33 [ksoftirqd/5]
   35 [kworker/5:0H]
   36 [watchdog/6]
   37 [migration/6]
   38 [ksoftirqd/6]
   40 [kworker/6:0H]
   41 [watchdog/7]
   42 [migration/7]
   43 [ksoftirqd/7]
   45 [kworker/7:0H]
   46 [watchdog/8]
   47 [migration/8]
   48 [ksoftirqd/8]
   50 [kworker/8:0H]
   51 [watchdog/9]
   52 [migration/9]
   53 [ksoftirqd/9]
   55 [kworker/9:0H]
   56 [watchdog/10]
   57 [migration/10]
   58 [ksoftirqd/10]
   60 [kworker/10:0H]
   61 [watchdog/11]
   62 [migration/11]
   63 [ksoftirqd/11]
   65 [kworker/11:0H]
   66 [watchdog/12]
   67 [migration/12]
   68 [ksoftirqd/12]
   70 [kworker/12:0H]
   71 [watchdog/13]
   72 [migration/13]
   73 [ksoftirqd/13]
   74 [kworker/13:0]
   75 [kworker/13:0H]
   76 [watchdog/14]
   77 [migration/14]
   78 [ksoftirqd/14]
   80 [kworker/14:0H]
   81 [watchdog/15]
   82 [migration/15]
   83 [ksoftirqd/15]
   85 [kworker/15:0H]
   86 [kdevtmpfs]
   87 [netns]
   88 [perf]
   89 [khungtaskd]
   90 [writeback]
   91 [ksmd]
   92 [khugepaged]
   93 [crypto]
   94 [kintegrityd]
   95 [bioset]
   96 [kblockd]
   97 [ata_sff]
   98 [md]
   99 [devfreq_wq]
  103 [kswapd0]
  104 [vmstat]
  105 [fsnotify_mark]
  106 [ecryptfs-kthrea]
  122 [kthrotld]
  123 [bioset]
  124 [bioset]
  125 [bioset]
  126 [bioset]
  127 [bioset]
  128 [bioset]
  129 [bioset]
  130 [bioset]
  131 [bioset]
  132 [bioset]
  133 [bioset]
  134 [bioset]
  135 [bioset]
  136 [bioset]
  138 [bioset]
  139 [bioset]
  140 [bioset]
  141 [bioset]
  142 [bioset]
  143 [bioset]
  144 [bioset]
  145 [bioset]
  146 [bioset]
  147 [bioset]
  152 [ipv6_addrconf]
  165 [deferwq]
  203 [nvme]
  227 [ena]
  286 [kworker/3:1]
  287 [bioset]
  288 [bioset]
  296 [bioset]
  297 [bioset]
  307 [kworker/15:1]
  311 [kworker/1:1]
  312 [kworker/8:1]
  313 [kworker/10:1]
  373 [raid5wq]
  400 [bioset]
  421 [jbd2/nvme0n1p1-]
  422 [ext4-rsv-conver]
  482 [kworker/10:2]
  510 [iscsi_eh]
  512 /lib/systemd/systemd-journald
  514 [ib_addr]
  515 [ib_mcast]
  516 [ib_nl_sa_wq]
  517 [ib_cm]
  518 [iw_cm_wq]
  519 [rdma_cm]
  529 [kauditd]
  553 /sbin/lvmetad -f
  579 /lib/systemd/systemd-udevd
  830 [kworker/14:2]
  885 [kworker/0:1H]
  886 [kworker/1:1H]
  887 [kworker/2:1H]
  888 [kworker/3:1H]
  889 [kworker/8:1H]
  890 [kworker/9:1H]
  891 [kworker/10:1H]
  892 [kworker/11:1H]
 1006 [kworker/4:1H]
 1017 /lib/systemd/systemd-timesyncd
 1139 /sbin/dhclient -1 -v -pf /run/dhclient.ens5.pid -lf /var/lib/dhcp/dhclient.ens5.leases -I -df /var/lib/dhcp/dhclient6.ens5.leases ens5
 1267 /sbin/iscsid
 1268 /sbin/iscsid
 1274 /usr/lib/accountsservice/accounts-daemon
 1276 /usr/sbin/atd -f
 1280 /usr/bin/dbus-daemon --system --address=systemd: --nofork --nopidfile --systemd-activation
 1283 /usr/sbin/rsyslogd -n
 1285 /usr/bin/lxcfs /var/lib/lxcfs/
 1290 /usr/sbin/cron -f
 1328 /lib/systemd/systemd-logind
 1330 /usr/sbin/acpid
 1345 /usr/lib/snapd/snapd
 1366 /usr/lib/policykit-1/polkitd --no-debug
 1368 /sbin/mdadm --monitor --pid-file /run/mdadm/monitor.pid --daemonise --scan --syslog
 1379 [kworker/6:1H]
 1430 /usr/sbin/irqbalance --pid=/var/run/irqbalance.pid
 1438 /sbin/agetty --keep-baud 115200 38400 9600 ttyS0 vt220
 1439 /sbin/agetty --noclear tty1 linux
 1468 [kworker/12:1H]
 1469 [kworker/14:1H]
 1628 [kworker/15:1H]
 1703 [kworker/5:1H]
 1704 [kworker/7:1H]
 1705 [kworker/13:1H]
 1860 [kworker/11:2]
 2325 [kworker/13:2]
 2660 [jbd2/nvme1n1-8]
 2661 [ext4-rsv-conver]
 2718 [kworker/9:2]
 3842 /usr/sbin/chronyd
 4328 [kworker/8:3]
 5021 /usr/sbin/sshd -D
 5309 [kworker/5:0]
 5374 [kworker/4:0]
 5375 [kworker/15:2]
 5721 [kworker/9:3]
 5758 [kworker/1:2]
 5769 [kworker/6:0]
 5847 [kworker/3:0]
 5959 [kworker/2:0]
 6063 [kworker/12:2]
 6064 [kworker/11:0]
 6100 [kworker/14:0]
 6347 [kworker/0:1]
 6383 [kworker/2:1]
 6478 [kworker/6:2]
 6539 [kworker/4:2]
 6551 [kworker/7:1]
 6606 [kworker/0:2]
 6607 [kworker/12:0]
 6678 /lib/systemd/systemd --user PATH=/usr/local/sbin:/usr/local/bin:/usr/sbin:/usr/bin:/sbin:/bin NOTIFY_SOCKET=/run/systemd/notify HOME=/home/ubuntu LOGNAME=ubuntu USER=ubuntu SHELL=/bin/bash XDG_RUNTIME_DIR=/run/user/1000
 6681 (sd-pam)
 6746 ./cockroach start --insecure --store=path=/mnt/data1/cockroach --log-dir=/home/ubuntu/logs --cache=25% --max-sql-memory=25% --port=26257 --http-port=26258 --locality=cloud=aws,region=us-east-2,zone=us-east-2b,rack=3 --join=18.191.252.183:26257 --advertise-host=10.12.21.82 --cache=0.25 --max-sql-memory=0.25 COCKROACH_ENABLE_RPC_COMPRESSION=false GOTRACEBACK=crash COCKROACH_DEV_LICENSE=crl-0-EJL04ukFGAEiI0NvY2tyb2FjaCBMYWJzIC0gUHJvZHVjdGlvbiBUZXN0aW5n COCKROACH_SKIP_ENABLING_DIAGNOSTIC_REPORTING=1 LC_PAPER=en_US.UTF-8 XDG_SESSION_ID=84 LC_ADDRESS=en_US.UTF-8 LC_MONETARY=en_US.UTF-8 SHELL=/bin/bash SSH_CLIENT=149.248.186.137 44574 22 LC_NUMERIC=en_US.UTF-8 USER=ubuntu LC_TELEPHONE=en_US.UTF-8 MAIL=/var/mail/ubuntu PATH=/usr/local/sbin:/usr/local/bin:/usr/sbin:/usr/bin:/sbin:/bin:/usr/games:/usr/local/games LC_IDENTIFICATION=en_US.UTF-8 PWD=/home/ubuntu ROACHPROD=4 LANG=en_US.UTF-8 LC_MEASUREMENT=en_US.UTF-8 SHLVL=1 HOME=/home/ubuntu LOGNAME=ubuntu SSH_CONNECTION=149.248.186.137 44574 10.12.21.82 22 XDG_RUNTIME_DIR=/run/user/1000 LC_TIME=en_US.UTF-8 LC_NAME=en_US.UTF-8 _=./cockroach COCKROACH_BACKGROUND_RESTART=1 NOTIFY_SOCKET=/tmp/sdnotify180929566/notify.sock
 6820 [kworker/5:1]
 6905 [kworker/u32:0]
 7015 [kworker/7:0]
 7018 [kworker/u32:2]
 7022 [kworker/u32:1]
 7035 sshd: ubuntu [priv]
 7067 sshd: ubuntu@notty
 7068 bash -c  mkdir -p logs echo ">>> roachprod stop: $(date)" >> ${HOME}/logs/roachprod.log ps axeww -o pid -o command >> ${HOME}/logs/roachprod.log pids=$(ps axeww -o pid -o command | \   sed 's/export ROACHPROD=//g' | \   awk '/ROACHPROD=(4)[ \/]/ { print $1 }') if [ -n "${pids}" ]; then   kill -9 ${pids}    for pid in ${pids}; do     echo "${pid}: checking" >> ${HOME}/logs/roachprod.log     while kill -0 ${pid}; do       kill -0 ${pid} >> ${HOME}/logs/roachprod.log 2>&1       echo "${pid}: still alive [$?]" >> ${HOME}/logs/roachprod.log       ps axeww -o pid -o command >> ${HOME}/logs/roachprod.log       sleep 1     done     echo "${pid}: dead" >> ${HOME}/logs/roachprod.log   done  fi  LANG=en_US.UTF-8 LC_ADDRESS=en_US.UTF-8 LC_IDENTIFICATION=en_US.UTF-8 LC_MEASUREMENT=en_US.UTF-8 LC_MONETARY=en_US.UTF-8 LC_NAME=en_US.UTF-8 LC_NUMERIC=en_US.UTF-8 LC_PAPER=en_US.UTF-8 LC_TELEPHONE=en_US.UTF-8 LC_TIME=en_US.UTF-8 USER=ubuntu LOGNAME=ubuntu HOME=/home/ubuntu PATH=/usr/local/sbin:/usr/local/bin:/usr/sbin:/usr/bin:/sbin:/bin:/usr/games:/usr/local/games MAIL=/var/mail/ubuntu SHELL=/bin/bash SSH_CLIENT=149.248.186.137 49396 22 SSH_CONNECTION=149.248.186.137 49396 10.12.21.82 22 XDG_SESSION_ID=90 XDG_RUNTIME_DIR=/run/user/1000
 7072 ps axeww -o pid -o command LC_PAPER=en_US.UTF-8 XDG_SESSION_ID=90 LC_ADDRESS=en_US.UTF-8 LC_MONETARY=en_US.UTF-8 SHELL=/bin/bash SSH_CLIENT=149.248.186.137 49396 22 LC_NUMERIC=en_US.UTF-8 USER=ubuntu LC_TELEPHONE=en_US.UTF-8 MAIL=/var/mail/ubuntu PATH=/usr/local/sbin:/usr/local/bin:/usr/sbin:/usr/bin:/sbin:/bin:/usr/games:/usr/local/games LC_IDENTIFICATION=en_US.UTF-8 PWD=/home/ubuntu LANG=en_US.UTF-8 LC_MEASUREMENT=en_US.UTF-8 SHLVL=1 HOME=/home/ubuntu LOGNAME=ubuntu SSH_CONNECTION=149.248.186.137 49396 10.12.21.82 22 XDG_RUNTIME_DIR=/run/user/1000 LC_TIME=en_US.UTF-8 LC_NAME=en_US.UTF-8 _=/bin/ps
6746: checking
6746: still alive [0]
  PID COMMAND
    1 /sbin/init
    2 [kthreadd]
    3 [ksoftirqd/0]
    5 [kworker/0:0H]
    7 [rcu_sched]
    8 [rcu_bh]
    9 [migration/0]
   10 [watchdog/0]
   11 [watchdog/1]
   12 [migration/1]
   13 [ksoftirqd/1]
   15 [kworker/1:0H]
   16 [watchdog/2]
   17 [migration/2]
   18 [ksoftirqd/2]
   20 [kworker/2:0H]
   21 [watchdog/3]
   22 [migration/3]
   23 [ksoftirqd/3]
   25 [kworker/3:0H]
   26 [watchdog/4]
   27 [migration/4]
   28 [ksoftirqd/4]
   30 [kworker/4:0H]
   31 [watchdog/5]
   32 [migration/5]
   33 [ksoftirqd/5]
   35 [kworker/5:0H]
   36 [watchdog/6]
   37 [migration/6]
   38 [ksoftirqd/6]
   40 [kworker/6:0H]
   41 [watchdog/7]
   42 [migration/7]
   43 [ksoftirqd/7]
   45 [kworker/7:0H]
   46 [watchdog/8]
   47 [migration/8]
   48 [ksoftirqd/8]
   50 [kworker/8:0H]
   51 [watchdog/9]
   52 [migration/9]
   53 [ksoftirqd/9]
   55 [kworker/9:0H]
   56 [watchdog/10]
   57 [migration/10]
   58 [ksoftirqd/10]
   60 [kworker/10:0H]
   61 [watchdog/11]
   62 [migration/11]
   63 [ksoftirqd/11]
   65 [kworker/11:0H]
   66 [watchdog/12]
   67 [migration/12]
   68 [ksoftirqd/12]
   70 [kworker/12:0H]
   71 [watchdog/13]
   72 [migration/13]
   73 [ksoftirqd/13]
   74 [kworker/13:0]
   75 [kworker/13:0H]
   76 [watchdog/14]
   77 [migration/14]
   78 [ksoftirqd/14]
   80 [kworker/14:0H]
   81 [watchdog/15]
   82 [migration/15]
   83 [ksoftirqd/15]
   85 [kworker/15:0H]
   86 [kdevtmpfs]
   87 [netns]
   88 [perf]
   89 [khungtaskd]
   90 [writeback]
   91 [ksmd]
   92 [khugepaged]
   93 [crypto]
   94 [kintegrityd]
   95 [bioset]
   96 [kblockd]
   97 [ata_sff]
   98 [md]
   99 [devfreq_wq]
  103 [kswapd0]
  104 [vmstat]
  105 [fsnotify_mark]
  106 [ecryptfs-kthrea]
  122 [kthrotld]
  123 [bioset]
  124 [bioset]
  125 [bioset]
  126 [bioset]
  127 [bioset]
  128 [bioset]
  129 [bioset]
  130 [bioset]
  131 [bioset]
  132 [bioset]
  133 [bioset]
  134 [bioset]
  135 [bioset]
  136 [bioset]
  138 [bioset]
  139 [bioset]
  140 [bioset]
  141 [bioset]
  142 [bioset]
  143 [bioset]
  144 [bioset]
  145 [bioset]
  146 [bioset]
  147 [bioset]
  152 [ipv6_addrconf]
  165 [deferwq]
  203 [nvme]
  227 [ena]
  286 [kworker/3:1]
  287 [bioset]
  288 [bioset]
  296 [bioset]
  297 [bioset]
  307 [kworker/15:1]
  311 [kworker/1:1]
  312 [kworker/8:1]
  313 [kworker/10:1]
  373 [raid5wq]
  400 [bioset]
  421 [jbd2/nvme0n1p1-]
  422 [ext4-rsv-conver]
  482 [kworker/10:2]
  510 [iscsi_eh]
  512 /lib/systemd/systemd-journald
  514 [ib_addr]
  515 [ib_mcast]
  516 [ib_nl_sa_wq]
  517 [ib_cm]
  518 [iw_cm_wq]
  519 [rdma_cm]
  529 [kauditd]
  553 /sbin/lvmetad -f
  579 /lib/systemd/systemd-udevd
  830 [kworker/14:2]
  885 [kworker/0:1H]
  886 [kworker/1:1H]
  887 [kworker/2:1H]
  888 [kworker/3:1H]
  889 [kworker/8:1H]
  890 [kworker/9:1H]
  891 [kworker/10:1H]
  892 [kworker/11:1H]
 1006 [kworker/4:1H]
 1017 /lib/systemd/systemd-timesyncd
 1139 /sbin/dhclient -1 -v -pf /run/dhclient.ens5.pid -lf /var/lib/dhcp/dhclient.ens5.leases -I -df /var/lib/dhcp/dhclient6.ens5.leases ens5
 1267 /sbin/iscsid
 1268 /sbin/iscsid
 1274 /usr/lib/accountsservice/accounts-daemon
 1276 /usr/sbin/atd -f
 1280 /usr/bin/dbus-daemon --system --address=systemd: --nofork --nopidfile --systemd-activation
 1283 /usr/sbin/rsyslogd -n
 1285 /usr/bin/lxcfs /var/lib/lxcfs/
 1290 /usr/sbin/cron -f
 1328 /lib/systemd/systemd-logind
 1330 /usr/sbin/acpid
 1345 /usr/lib/snapd/snapd
 1366 /usr/lib/policykit-1/polkitd --no-debug
 1368 /sbin/mdadm --monitor --pid-file /run/mdadm/monitor.pid --daemonise --scan --syslog
 1379 [kworker/6:1H]
 1430 /usr/sbin/irqbalance --pid=/var/run/irqbalance.pid
 1438 /sbin/agetty --keep-baud 115200 38400 9600 ttyS0 vt220
 1439 /sbin/agetty --noclear tty1 linux
 1468 [kworker/12:1H]
 1469 [kworker/14:1H]
 1628 [kworker/15:1H]
 1703 [kworker/5:1H]
 1704 [kworker/7:1H]
 1705 [kworker/13:1H]
 1860 [kworker/11:2]
 2325 [kworker/13:2]
 2660 [jbd2/nvme1n1-8]
 2661 [ext4-rsv-conver]
 2718 [kworker/9:2]
 3842 /usr/sbin/chronyd
 4328 [kworker/8:3]
 5021 /usr/sbin/sshd -D
 5309 [kworker/5:0]
 5374 [kworker/4:0]
 5375 [kworker/15:2]
 5721 [kworker/9:3]
 5758 [kworker/1:2]
 5769 [kworker/6:0]
 5847 [kworker/3:0]
 5959 [kworker/2:0]
 6063 [kworker/12:2]
 6064 [kworker/11:0]
 6100 [kworker/14:0]
 6347 [kworker/0:1]
 6383 [kworker/2:1]
 6478 [kworker/6:2]
 6539 [kworker/4:2]
 6551 [kworker/7:1]
 6606 [kworker/0:2]
 6607 [kworker/12:0]
 6678 /lib/systemd/systemd --user PATH=/usr/local/sbin:/usr/local/bin:/usr/sbin:/usr/bin:/sbin:/bin NOTIFY_SOCKET=/run/systemd/notify HOME=/home/ubuntu LOGNAME=ubuntu USER=ubuntu SHELL=/bin/bash XDG_RUNTIME_DIR=/run/user/1000
 6681 (sd-pam)
 6746 [cockroach] <defunct>
 6820 [kworker/5:1]
 6905 [kworker/u32:0]
 7015 [kworker/7:0]
 7018 [kworker/u32:2]
 7022 [kworker/u32:1]
 7035 sshd: ubuntu [priv]
 7067 sshd: ubuntu@notty
 7068 bash -c  mkdir -p logs echo ">>> roachprod stop: $(date)" >> ${HOME}/logs/roachprod.log ps axeww -o pid -o command >> ${HOME}/logs/roachprod.log pids=$(ps axeww -o pid -o command | \   sed 's/export ROACHPROD=//g' | \   awk '/ROACHPROD=(4)[ \/]/ { print $1 }') if [ -n "${pids}" ]; then   kill -9 ${pids}    for pid in ${pids}; do     echo "${pid}: checking" >> ${HOME}/logs/roachprod.log     while kill -0 ${pid}; do       kill -0 ${pid} >> ${HOME}/logs/roachprod.log 2>&1       echo "${pid}: still alive [$?]" >> ${HOME}/logs/roachprod.log       ps axeww -o pid -o command >> ${HOME}/logs/roachprod.log       sleep 1     done     echo "${pid}: dead" >> ${HOME}/logs/roachprod.log   done  fi  LANG=en_US.UTF-8 LC_ADDRESS=en_US.UTF-8 LC_IDENTIFICATION=en_US.UTF-8 LC_MEASUREMENT=en_US.UTF-8 LC_MONETARY=en_US.UTF-8 LC_NAME=en_US.UTF-8 LC_NUMERIC=en_US.UTF-8 LC_PAPER=en_US.UTF-8 LC_TELEPHONE=en_US.UTF-8 LC_TIME=en_US.UTF-8 USER=ubuntu LOGNAME=ubuntu HOME=/home/ubuntu PATH=/usr/local/sbin:/usr/local/bin:/usr/sbin:/usr/bin:/sbin:/bin:/usr/games:/usr/local/games MAIL=/var/mail/ubuntu SHELL=/bin/bash SSH_CLIENT=149.248.186.137 49396 22 SSH_CONNECTION=149.248.186.137 49396 10.12.21.82 22 XDG_SESSION_ID=90 XDG_RUNTIME_DIR=/run/user/1000
 7077 ps axeww -o pid -o command LC_PAPER=en_US.UTF-8 XDG_SESSION_ID=90 LC_ADDRESS=en_US.UTF-8 LC_MONETARY=en_US.UTF-8 SHELL=/bin/bash SSH_CLIENT=149.248.186.137 49396 22 LC_NUMERIC=en_US.UTF-8 USER=ubuntu LC_TELEPHONE=en_US.UTF-8 MAIL=/var/mail/ubuntu PATH=/usr/local/sbin:/usr/local/bin:/usr/sbin:/usr/bin:/sbin:/bin:/usr/games:/usr/local/games LC_IDENTIFICATION=en_US.UTF-8 PWD=/home/ubuntu LANG=en_US.UTF-8 LC_MEASUREMENT=en_US.UTF-8 SHLVL=1 HOME=/home/ubuntu LOGNAME=ubuntu SSH_CONNECTION=149.248.186.137 49396 10.12.21.82 22 XDG_RUNTIME_DIR=/run/user/1000 LC_TIME=en_US.UTF-8 LC_NAME=en_US.UTF-8 _=/bin/ps
6746: dead
>>> roachprod start: Fri Sep 11 03:17:15 UTC 2020
  PID COMMAND
    1 /sbin/init
    2 [kthreadd]
    3 [ksoftirqd/0]
    5 [kworker/0:0H]
    7 [rcu_sched]
    8 [rcu_bh]
    9 [migration/0]
   10 [watchdog/0]
   11 [watchdog/1]
   12 [migration/1]
   13 [ksoftirqd/1]
   15 [kworker/1:0H]
   16 [watchdog/2]
   17 [migration/2]
   18 [ksoftirqd/2]
   20 [kworker/2:0H]
   21 [watchdog/3]
   22 [migration/3]
   23 [ksoftirqd/3]
   25 [kworker/3:0H]
   26 [watchdog/4]
   27 [migration/4]
   28 [ksoftirqd/4]
   30 [kworker/4:0H]
   31 [watchdog/5]
   32 [migration/5]
   33 [ksoftirqd/5]
   35 [kworker/5:0H]
   36 [watchdog/6]
   37 [migration/6]
   38 [ksoftirqd/6]
   40 [kworker/6:0H]
   41 [watchdog/7]
   42 [migration/7]
   43 [ksoftirqd/7]
   45 [kworker/7:0H]
   46 [watchdog/8]
   47 [migration/8]
   48 [ksoftirqd/8]
   50 [kworker/8:0H]
   51 [watchdog/9]
   52 [migration/9]
   53 [ksoftirqd/9]
   55 [kworker/9:0H]
   56 [watchdog/10]
   57 [migration/10]
   58 [ksoftirqd/10]
   60 [kworker/10:0H]
   61 [watchdog/11]
   62 [migration/11]
   63 [ksoftirqd/11]
   65 [kworker/11:0H]
   66 [watchdog/12]
   67 [migration/12]
   68 [ksoftirqd/12]
   70 [kworker/12:0H]
   71 [watchdog/13]
   72 [migration/13]
   73 [ksoftirqd/13]
   74 [kworker/13:0]
   75 [kworker/13:0H]
   76 [watchdog/14]
   77 [migration/14]
   78 [ksoftirqd/14]
   80 [kworker/14:0H]
   81 [watchdog/15]
   82 [migration/15]
   83 [ksoftirqd/15]
   85 [kworker/15:0H]
   86 [kdevtmpfs]
   87 [netns]
   88 [perf]
   89 [khungtaskd]
   90 [writeback]
   91 [ksmd]
   92 [khugepaged]
   93 [crypto]
   94 [kintegrityd]
   95 [bioset]
   96 [kblockd]
   97 [ata_sff]
   98 [md]
   99 [devfreq_wq]
  103 [kswapd0]
  104 [vmstat]
  105 [fsnotify_mark]
  106 [ecryptfs-kthrea]
  122 [kthrotld]
  123 [bioset]
  124 [bioset]
  125 [bioset]
  126 [bioset]
  127 [bioset]
  128 [bioset]
  129 [bioset]
  130 [bioset]
  131 [bioset]
  132 [bioset]
  133 [bioset]
  134 [bioset]
  135 [bioset]
  136 [bioset]
  138 [bioset]
  139 [bioset]
  140 [bioset]
  141 [bioset]
  142 [bioset]
  143 [bioset]
  144 [bioset]
  145 [bioset]
  146 [bioset]
  147 [bioset]
  152 [ipv6_addrconf]
  165 [deferwq]
  203 [nvme]
  227 [ena]
  286 [kworker/3:1]
  287 [bioset]
  288 [bioset]
  296 [bioset]
  297 [bioset]
  307 [kworker/15:1]
  311 [kworker/1:1]
  312 [kworker/8:1]
  313 [kworker/10:1]
  373 [raid5wq]
  400 [bioset]
  421 [jbd2/nvme0n1p1-]
  422 [ext4-rsv-conver]
  482 [kworker/10:2]
  510 [iscsi_eh]
  512 /lib/systemd/systemd-journald
  514 [ib_addr]
  515 [ib_mcast]
  516 [ib_nl_sa_wq]
  517 [ib_cm]
  518 [iw_cm_wq]
  519 [rdma_cm]
  529 [kauditd]
  553 /sbin/lvmetad -f
  579 /lib/systemd/systemd-udevd
  830 [kworker/14:2]
  885 [kworker/0:1H]
  886 [kworker/1:1H]
  887 [kworker/2:1H]
  888 [kworker/3:1H]
  889 [kworker/8:1H]
  890 [kworker/9:1H]
  891 [kworker/10:1H]
  892 [kworker/11:1H]
 1006 [kworker/4:1H]
 1017 /lib/systemd/systemd-timesyncd
 1139 /sbin/dhclient -1 -v -pf /run/dhclient.ens5.pid -lf /var/lib/dhcp/dhclient.ens5.leases -I -df /var/lib/dhcp/dhclient6.ens5.leases ens5
 1267 /sbin/iscsid
 1268 /sbin/iscsid
 1274 /usr/lib/accountsservice/accounts-daemon
 1276 /usr/sbin/atd -f
 1280 /usr/bin/dbus-daemon --system --address=systemd: --nofork --nopidfile --systemd-activation
 1283 /usr/sbin/rsyslogd -n
 1285 /usr/bin/lxcfs /var/lib/lxcfs/
 1290 /usr/sbin/cron -f
 1328 /lib/systemd/systemd-logind
 1330 /usr/sbin/acpid
 1345 /usr/lib/snapd/snapd
 1366 /usr/lib/policykit-1/polkitd --no-debug
 1368 /sbin/mdadm --monitor --pid-file /run/mdadm/monitor.pid --daemonise --scan --syslog
 1379 [kworker/6:1H]
 1430 /usr/sbin/irqbalance --pid=/var/run/irqbalance.pid
 1438 /sbin/agetty --keep-baud 115200 38400 9600 ttyS0 vt220
 1439 /sbin/agetty --noclear tty1 linux
 1468 [kworker/12:1H]
 1469 [kworker/14:1H]
 1628 [kworker/15:1H]
 1703 [kworker/5:1H]
 1704 [kworker/7:1H]
 1705 [kworker/13:1H]
 1860 [kworker/11:2]
 2325 [kworker/13:2]
 2660 [jbd2/nvme1n1-8]
 2661 [ext4-rsv-conver]
 2718 [kworker/9:2]
 3842 /usr/sbin/chronyd
 4328 [kworker/8:3]
 5021 /usr/sbin/sshd -D
 5309 [kworker/5:0]
 5374 [kworker/4:0]
 5375 [kworker/15:2]
 5721 [kworker/9:3]
 5758 [kworker/1:2]
 5769 [kworker/6:0]
 5847 [kworker/3:0]
 5959 [kworker/2:0]
 6063 [kworker/12:2]
 6064 [kworker/11:0]
 6100 [kworker/14:0]
 6347 [kworker/0:1]
 6383 [kworker/2:1]
 6478 [kworker/6:2]
 6539 [kworker/4:2]
 6551 [kworker/7:1]
 6606 [kworker/0:2]
 6607 [kworker/12:0]
 6820 [kworker/5:1]
 6905 [kworker/u32:0]
 7015 [kworker/7:0]
 7018 [kworker/u32:2]
 7022 [kworker/u32:1]
 7080 [kworker/6:1]
 7081 [kworker/6:3]
 7086 [kworker/7:2]
 7088 [kworker/7:3]
 7091 [kworker/5:2]
 7092 [kworker/3:2]
 7101 [kworker/4:1]
 7159 sshd: ubuntu [priv]
 7166 [kworker/10:0]
 7167 /lib/systemd/systemd --user PATH=/usr/local/sbin:/usr/local/bin:/usr/sbin:/usr/bin:/sbin:/bin NOTIFY_SOCKET=/run/systemd/notify HOME=/home/ubuntu LOGNAME=ubuntu USER=ubuntu SHELL=/bin/bash XDG_RUNTIME_DIR=/run/user/1000
 7169 (sd-pam)
 7203 sshd: ubuntu@notty
 7204 bash -c  ??ulimit -c unlimited; mkdir -p ${HOME}/logs; ??echo ">>> roachprod start: $(date)" >> ${HOME}/logs/roachprod.log; ??ps axeww -o pid -o command >> ${HOME}/logs/roachprod.log; ??[ -x /usr/bin/lslocks ] && /usr/bin/lslocks >> ${HOME}/logs/roachprod.log;  ??export ROACHPROD=4; ??GOTRACEBACK=crash COCKROACH_SKIP_ENABLING_DIAGNOSTIC_REPORTING=1 COCKROACH_DEV_LICENSE=crl-0-EJL04ukFGAEiI0NvY2tyb2FjaCBMYWJzIC0gUHJvZHVjdGlvbiBUZXN0aW5n COCKROACH_ENABLE_RPC_COMPRESSION=false \ ??./cockroach start --background --insecure --store=path=/mnt/data1/cockroach --log-dir=${HOME}/logs --cache=25% --max-sql-memory=25% --port=26257 --http-port=26258 --locality=cloud=aws,region=us-east-2,zone=us-east-2b,rack=3 --join=18.191.252.183:26257 --advertise-host=$(hostname -I | awk '{print $1}') --cache=0.25 --max-sql-memory=0.4 >> ${HOME}/logs/cockroach.stdout.log \ ??                 2>> ${HOME}/logs/cockroach.stderr.log \ ???|| (x=$?; cat ${HOME}/logs/cockroach.stderr.log; exit $x) LANG=en_US.UTF-8 LC_ADDRESS=en_US.UTF-8 LC_IDENTIFICATION=en_US.UTF-8 LC_MEASUREMENT=en_US.UTF-8 LC_MONETARY=en_US.UTF-8 LC_NAME=en_US.UTF-8 LC_NUMERIC=en_US.UTF-8 LC_PAPER=en_US.UTF-8 LC_TELEPHONE=en_US.UTF-8 LC_TIME=en_US.UTF-8 USER=ubuntu LOGNAME=ubuntu HOME=/home/ubuntu PATH=/usr/local/sbin:/usr/local/bin:/usr/sbin:/usr/bin:/sbin:/bin:/usr/games:/usr/local/games MAIL=/var/mail/ubuntu SHELL=/bin/bash SSH_CLIENT=149.248.186.137 49606 22 SSH_CONNECTION=149.248.186.137 49606 10.12.21.82 22 XDG_SESSION_ID=93 XDG_RUNTIME_DIR=/run/user/1000
 7208 ps axeww -o pid -o command LC_PAPER=en_US.UTF-8 XDG_SESSION_ID=93 LC_ADDRESS=en_US.UTF-8 LC_MONETARY=en_US.UTF-8 SHELL=/bin/bash SSH_CLIENT=149.248.186.137 49606 22 LC_NUMERIC=en_US.UTF-8 USER=ubuntu LC_TELEPHONE=en_US.UTF-8 MAIL=/var/mail/ubuntu PATH=/usr/local/sbin:/usr/local/bin:/usr/sbin:/usr/bin:/sbin:/bin:/usr/games:/usr/local/games LC_IDENTIFICATION=en_US.UTF-8 PWD=/home/ubuntu LANG=en_US.UTF-8 LC_MEASUREMENT=en_US.UTF-8 SHLVL=1 HOME=/home/ubuntu LOGNAME=ubuntu SSH_CONNECTION=149.248.186.137 49606 10.12.21.82 22 XDG_RUNTIME_DIR=/run/user/1000 LC_TIME=en_US.UTF-8 LC_NAME=en_US.UTF-8 _=/bin/ps
COMMAND           PID  TYPE SIZE MODE  M START END PATH
lvmetad           553 POSIX   0B WRITE 0     0   0 /run
iscsid           1268 POSIX   0B WRITE 0     0   0 /run
cron             1290 FLOCK   0B WRITE 0     0   0 /run
lxcfs            1285 POSIX   0B WRITE 0     0   0 /run
atd              1276 POSIX   0B WRITE 0     0   0 /run
