I200911 22:57:30.929084 243 util/log/sync_buffer.go:195 ⋮ [config] file created at: 2020/09/11 22:57:30
I200911 22:57:30.929100 243 util/log/sync_buffer.go:195 ⋮ [config] running on machine: ‹ip-10-12-20-26›
I200911 22:57:30.929110 243 util/log/sync_buffer.go:195 ⋮ [config] binary: CockroachDB CCL v20.2.0-alpha.1-3288-gc44b87fefb (x86_64-unknown-linux-gnu, built 2020/09/10 20:39:00, go1.13.14)
I200911 22:57:30.929118 243 util/log/sync_buffer.go:195 ⋮ [config] arguments: ‹[./cockroach start --insecure --store=path=/mnt/data1/cockroach --log-dir=/home/ubuntu/logs --cache=25% --max-sql-memory=25% --port=26257 --http-port=26258 --locality=cloud=aws,region=us-east-2,zone=us-east-2b,rack=2 --join=3.12.104.196:26257 --advertise-host=10.12.20.26 --cache=0.25 --max-sql-memory=0.4]›
I200911 22:57:30.929155 243 util/log/sync_buffer.go:195 ⋮ [config] clusterID: ‹8c02ea05-b401-42c3-a848-d7355f559a4f›
I200911 22:57:30.929162 243 util/log/sync_buffer.go:195 ⋮ [config] line format: [IWEF]yymmdd hh:mm:ss.uuuuuu goid file:line msg utf8=✓
W200911 22:57:30.928393 243 kv/kvserver/store_raft.go:492 ⋮ [n3,s3,r7086/3:‹/Table/57/1/62{27/40…-35/32…}›] handle raft ready: 0.7s [applied=1, batches=1, state_assertions=0]
W200911 22:57:30.936192 343 kv/kvserver/store_raft.go:492 ⋮ [n3,s3,r17784/2:‹/Table/61/1/7{027/2-385/4}›] handle raft ready: 0.7s [applied=422, batches=1, state_assertions=0]
W200911 22:57:30.936610 291 kv/kvserver/store_raft.go:492 ⋮ [n3,s3,r18889/2:‹/Table/55/1/{7858-8035}›] handle raft ready: 0.7s [applied=2, batches=1, state_assertions=0]
W200911 22:57:30.937032 340 kv/kvserver/store_raft.go:492 ⋮ [n3,s3,r18472/3:‹/Table/55/1/6{000-329}›] handle raft ready: 0.7s [applied=8, batches=1, state_assertions=0]
W200911 22:57:30.972821 275 kv/kvserver/store_raft.go:492 ⋮ [n3,s3,r18817/3:‹/Table/61/1/6{000-683/6}›] handle raft ready: 0.7s [applied=21, batches=1, state_assertions=0]
W200911 22:57:30.984562 322 kv/kvserver/store_raft.go:492 ⋮ [n3,s3,r16420/3:‹/Table/57/1/879{0/3312-1/593…}›] handle raft ready: 0.7s [applied=2, batches=1, state_assertions=0]
W200911 22:57:30.985024 205 kv/kvserver/store_raft.go:492 ⋮ [n3,s3,r13713/7:‹/Table/57/1/85{28/53…-32/49…}›] handle raft ready: 0.7s [applied=2, batches=1, state_assertions=0]
W200911 22:57:30.986078 332 kv/kvserver/store_raft.go:492 ⋮ [n3,s3,r16450/3:‹/Table/53/1/767{1/2/-…-4/3/-…}›] handle raft ready: 0.7s [applied=2, batches=1, state_assertions=0]
W200911 22:57:30.987593 283 kv/kvserver/store_raft.go:492 ⋮ [n3,s3,r16383/5:‹/Table/57/1/87{75/74…-83/66…}›] handle raft ready: 0.7s [applied=3, batches=1, state_assertions=0]
W200911 22:57:30.989954 228 kv/kvserver/store_raft.go:492 ⋮ [n3,s3,r5041/3:‹/Table/56/1/82{04/3/…-11/5/…}›] handle raft ready: 0.7s [applied=1, batches=1, state_assertions=0]
W200911 22:57:31.045234 326 kv/kvserver/store_raft.go:492 ⋮ [n3,s3,r17777/2:‹/Table/61/1/{8265/5-9000}›] handle raft ready: 0.7s [applied=33, batches=1, state_assertions=0]
W200911 22:57:31.065716 259 kv/kvserver/store_raft.go:492 ⋮ [n3,s3,r17778/2:‹/Table/55/1/8{352-599}›] handle raft ready: 0.7s [applied=1, batches=1, state_assertions=0]
W200911 22:57:31.083419 280 kv/kvserver/store_raft.go:492 ⋮ [n3,s3,r13096/2:‹/Table/53/1/89{04/4/…-10/2/…}›] handle raft ready: 0.7s [applied=1, batches=1, state_assertions=0]
W200911 22:57:31.094572 305 kv/kvserver/store_raft.go:492 ⋮ [n3,s3,r12106/3:‹/Table/53/1/87{48/8/…-60/3/…}›] handle raft ready: 0.7s [applied=1, batches=1, state_assertions=0]
W200911 22:57:31.095944 264 kv/kvserver/store_raft.go:492 ⋮ [n3,s3,r17783/2:‹/Table/61/1/{6683/6-7027/2}›] handle raft ready: 0.7s [applied=1, batches=1, state_assertions=0]
W200911 22:57:31.237970 232 kv/kvserver/store_raft.go:492 ⋮ [n3,s3,r10261/3:‹/Table/53/1/65{57/6/…-69/2/…}›] handle raft ready: 0.6s [applied=2, batches=2, state_assertions=0]
W200911 22:57:31.247677 231 kv/kvserver/store_raft.go:492 ⋮ [n3,s3,r3814/3:‹/Table/57/1/610{0/614…-4/576…}›] handle raft ready: 0.6s [applied=2, batches=1, state_assertions=0]
W200911 22:57:31.248943 270 kv/kvserver/store_raft.go:492 ⋮ [n3,s3,r15794/3:‹/Table/57/1/65{48/34…-52/30…}›] handle raft ready: 0.6s [applied=2, batches=1, state_assertions=0]
W200911 22:57:31.281547 252 kv/kvserver/store_raft.go:492 ⋮ [n3,s3,r16167/3:‹/Table/57/1/77{18/71…-20/27…}›] handle raft ready: 0.6s [applied=2, batches=1, state_assertions=0]
W200911 22:57:31.294230 319 kv/kvserver/store_raft.go:492 ⋮ [n3,s3,r1839/3:‹/Table/53/1/80{84/6/…-90/4/…}›] handle raft ready: 0.6s [applied=2, batches=1, state_assertions=0]
W200911 22:57:31.342401 330 kv/kvserver/store_raft.go:492 ⋮ [n3,s3,r6762/3:‹/Table/57/1/621{5/518…-9/480…}›] handle raft ready: 0.6s [applied=2, batches=1, state_assertions=0]
W200911 22:57:31.358469 271 kv/kvserver/store_raft.go:492 ⋮ [n3,s3,r1982/2:‹/Table/57/1/708{0/803…-8/728…}›] handle raft ready: 0.6s [applied=2, batches=1, state_assertions=0]
W200911 22:57:31.365201 262 kv/kvserver/store_raft.go:492 ⋮ [n3,s3,r18840/3:‹/Table/57/1/698{4/177…-8/140…}›] handle raft ready: 0.6s [applied=1, batches=1, state_assertions=0]
W200911 22:57:31.493667 297 kv/kvserver/store_raft.go:492 ⋮ [n3,s3,r4204/3:‹/Table/60/1/{8925/2…-9000}›] handle raft ready: 0.8s [applied=13, batches=3, state_assertions=0]
W200911 22:57:31.516901 293 kv/kvserver/store_raft.go:492 ⋮ [n3,s3,r462/3:‹/Table/58/1/8{000/1/…-853/9/…}›] handle raft ready: 0.7s [applied=3, batches=1, state_assertions=0]
W200911 22:57:31.525573 236 kv/kvserver/store_raft.go:492 ⋮ [n3,s3,r16433/2:‹/Table/57/1/65{65/74…-72/11…}›] handle raft ready: 0.7s [applied=1, batches=1, state_assertions=0]
W200911 22:57:31.565408 296 kv/kvserver/store_raft.go:492 ⋮ [n3,s3,r16449/2:‹/Table/57/1/7{799/52…-805/88…}›] handle raft ready: 0.6s [applied=1, batches=1, state_assertions=0]
W200911 22:57:31.575163 266 kv/kvserver/store_raft.go:492 ⋮ [n3,s3,r314/4:‹/Table/58/1/7{000/1/…-853/9/…}›] handle raft ready: 0.6s [applied=13, batches=1, state_assertions=0]
W200911 22:57:31.577895 209 kv/kvserver/store_raft.go:492 ⋮ [n3,s3,r11869/1:‹/Table/56/1/89{45/4/…-52/6/3}›] handle raft ready: 0.6s [applied=1, batches=1, state_assertions=0]
W200911 22:57:31.649690 340 kv/kvserver/store_raft.go:492 ⋮ [n3,s3,r18472/3:‹/Table/55/1/6{000-329}›] handle raft ready: 0.7s [applied=3, batches=1, state_assertions=0]
W200911 22:57:31.731768 299 kv/kvserver/store_raft.go:492 ⋮ [n3,s3,r5693/3:‹/Table/56/1/72{76/3/…-83/5/…}›] handle raft ready: 0.8s [applied=2, batches=1, state_assertions=0]
W200911 22:57:31.773262 255 kv/kvserver/store_raft.go:492 ⋮ [n3,s3,r12155/2:‹/Table/57/1/63{62/11…-70/42…}›] handle raft ready: 0.8s [applied=2, batches=1, state_assertions=0]
I200911 22:57:31.827101 226 kv/kvserver/queue.go:582 ⋮ [n3,s3,r10510/4:‹/Table/56/1/758{5/6/1…-8/5/17}›] rate limited in MaybeAdd (merge): throttled on async limiting semaphore
W200911 22:57:31.844082 339 kv/kvserver/store_raft.go:492 ⋮ [n3,s3,r16601/2:‹/Table/57/1/66{19/66…-21/22…}›] handle raft ready: 1.5s [applied=1, batches=1, state_assertions=0]
W200911 22:57:31.875063 325 kv/kvserver/store_raft.go:492 ⋮ [n3,s3,r17082/6:‹/Table/53/1/78{69/7/…-78/6/…}›] handle raft ready: 0.9s [applied=1, batches=1, state_assertions=0]
W200911 22:57:31.993005 286 kv/kvserver/store_raft.go:492 ⋮ [n3,s3,r18656/5:‹/Table/57/1/68{89/86…-93/48…}›] handle raft ready: 0.9s [applied=1, batches=1, state_assertions=0]
W200911 22:57:32.080208 312 kv/kvserver/store_raft.go:492 ⋮ [n3,s3,r16660/3:‹/Table/57/1/78{78/76…-85/12…}›] handle raft ready: 1.0s [applied=1, batches=1, state_assertions=0]
W200911 22:57:32.087833 241 kv/kvserver/store_raft.go:492 ⋮ [n3,s3,r646/2:‹/Table/53/1/801{4/5/-…-7/3/-…}›] handle raft ready: 0.9s [applied=1, batches=1, state_assertions=0]
W200911 22:57:32.122912 307 kv/kvserver/store_raft.go:492 ⋮ [n3,s3,r17783/2:‹/Table/61/1/{6683/6-7027/2}›] handle raft ready: 1.0s [applied=108, batches=1, state_assertions=0]
W200911 22:57:32.125996 261 kv/kvserver/store_raft.go:492 ⋮ [n3,s3,r17777/2:‹/Table/61/1/{8265/5-9000}›] handle raft ready: 1.0s [applied=16, batches=1, state_assertions=0]
W200911 22:57:32.141001 341 kv/kvserver/store_raft.go:492 ⋮ [n3,s3,r17775/2:‹/Table/61/1/{7385/4-8265/5}›] handle raft ready: 1.0s [applied=152, batches=1, state_assertions=0]
W200911 22:57:32.174911 249 kv/kvserver/store_raft.go:492 ⋮ [n3,s3,r17752/2:‹/Table/57/1/891{0/457…-6/822…}›] handle raft ready: 1.0s [applied=1, batches=1, state_assertions=0]
W200911 22:57:32.175070 303 kv/kvserver/store_raft.go:492 ⋮ [n3,s3,r12215/3:‹/Table/57/1/638{1/929…-5/891…}›] handle raft ready: 1.0s [applied=1, batches=1, state_assertions=0]
W200911 22:57:32.210416 327 kv/kvserver/store_raft.go:492 ⋮ [n3,s3,r16424/3:‹/Table/57/1/8{797/95…-803/47…}›] handle raft ready: 1.0s [applied=2, batches=1, state_assertions=0]
W200911 22:57:32.252277 205 kv/kvserver/store_raft.go:492 ⋮ [n3,s3,r2114/2:‹/Table/57/1/602{1/371…-5/333…}›] handle raft ready: 1.0s [applied=2, batches=1, state_assertions=0]
W200911 22:57:32.257262 227 kv/kvserver/store_raft.go:492 ⋮ [n3,s3,r17781/2:‹/Table/55/1/6{329-603}›] handle raft ready: 1.0s [applied=10, batches=1, state_assertions=0]
W200911 22:57:32.260679 231 kv/kvserver/store_raft.go:492 ⋮ [n3,s3,r823/2:‹/Table/59/1/81{17/"\…-66/"\…}›] handle raft ready: 1.0s [applied=1, batches=1, state_assertions=0]
W200911 22:57:32.261651 235 kv/kvserver/store_raft.go:492 ⋮ [n3,s3,r14948/11:‹/Table/57/1/76{27/58…-35/51…}›] handle raft ready: 1.0s [applied=1, batches=1, state_assertions=0]
W200911 22:57:32.263681 256 kv/kvserver/store_raft.go:492 ⋮ [n3,s3,r2875/7:‹/Table/59/1/7{791/"\…-887/"\…}›] handle raft ready: 1.0s [applied=3, batches=1, state_assertions=0]
W200911 22:57:32.275485 259 kv/kvserver/store_raft.go:492 ⋮ [n3,s3,r12117/4:‹/Table/56/1/{8995/7…-9000}›] handle raft ready: 0.9s [applied=1, batches=1, state_assertions=0]
W200911 22:57:32.292567 263 kv/kvserver/store_raft.go:492 ⋮ [n3,s3,r11141/3:‹/Table/56/1/787{3/4/3…-6/2/1…}›] handle raft ready: 0.9s [applied=1, batches=1, state_assertions=0]
W200911 22:57:32.294408 246 kv/kvserver/store_raft.go:492 ⋮ [n3,s3,r17784/2:‹/Table/61/1/7{027/2-385/4}›] handle raft ready: 0.9s [applied=20, batches=1, state_assertions=0]
W200911 22:57:32.294934 315 kv/kvserver/store_raft.go:492 ⋮ [n3,s3,r18817/3:‹/Table/61/1/6{000-683/6}›] handle raft ready: 0.9s [applied=36, batches=1, state_assertions=0]
W200911 22:57:32.295213 279 kv/kvserver/store_raft.go:492 ⋮ [n3,s3,r16534/2:‹/Table/57/1/660{1/409…-7/774…}›] handle raft ready: 0.9s [applied=1, batches=1, state_assertions=0]
W200911 22:57:32.399019 305 kv/kvserver/store_raft.go:492 ⋮ [n3,s3,r3316/3:‹/Table/60/1/7{828/6/…-925/2/…}›] handle raft ready: 0.8s [applied=1, batches=1, state_assertions=0]
W200911 22:57:32.414011 238 kv/kvserver/store_raft.go:492 ⋮ [n3,s3,r725/2:‹/Table/57/1/701{3/446…-7/408…}›] handle raft ready: 0.9s [applied=2, batches=1, state_assertions=0]
W200911 22:57:32.422662 248 kv/kvserver/store_raft.go:492 ⋮ [n3,s3,r6502/3:‹/Table/57/1/828{2/875…-6/837…}›] handle raft ready: 0.9s [applied=1, batches=1, state_assertions=0]
W200911 22:57:32.457954 245 kv/kvserver/store_raft.go:492 ⋮ [n3,s3,r18187/6:‹/Table/57/1/68{45/50…-51/23…}›] handle raft ready: 0.9s [applied=5, batches=2, state_assertions=0]
W200911 22:57:32.474749 306 kv/kvserver/store_raft.go:492 ⋮ [n3,s3,r998/2:‹/Table/57/1/70{17/40…-25/33…}›] handle raft ready: 0.9s [applied=3, batches=2, state_assertions=0]
W200911 22:57:32.475023 289 kv/kvserver/store_raft.go:492 ⋮ [n3,s3,r6224/3:‹/Table/53/1/83{16/5/…-24/10…}›] handle raft ready: 0.9s [applied=2, batches=2, state_assertions=0]
W200911 22:57:32.475434 290 kv/kvserver/store_raft.go:492 ⋮ [n3,s3,r9449/6:‹/Table/53/1/65{34/2/…-45/9/…}›] handle raft ready: 0.9s [applied=3, batches=2, state_assertions=0]
W200911 22:57:32.476097 244 kv/kvserver/store_raft.go:492 ⋮ [n3,s3,r10494/5:‹/Table/57/1/63{39/90…-46/26…}›] handle raft ready: 0.9s [applied=3, batches=3, state_assertions=0]
W200911 22:57:32.500115 317 kv/kvserver/store_raft.go:492 ⋮ [n3,s3,r12489/3:‹/Table/56/1/79{23/7/…-30/9/…}›] handle raft ready: 0.9s [applied=2, batches=1, state_assertions=0]
W200911 22:57:32.506092 204 kv/kvserver/store_raft.go:492 ⋮ [n3,s3,r13514/2:‹/Table/53/1/89{58/10…-64/8/…}›] handle raft ready: 0.9s [applied=4, batches=1, state_assertions=0]
W200911 22:57:32.516909 326 kv/kvserver/store_raft.go:492 ⋮ [n3,s3,r10185/3:‹/Table/57/1/844{1/363…-5/325…}›] handle raft ready: 0.8s [applied=3, batches=2, state_assertions=0]
W200911 22:57:32.518005 268 kv/kvserver/store_raft.go:492 ⋮ [n3,s3,r462/3:‹/Table/58/1/8{000/1/…-853/9/…}›] handle raft ready: 0.9s [applied=5, batches=1, state_assertions=0]
W200911 22:57:32.518285 331 kv/kvserver/store_raft.go:492 ⋮ [n3,s3,r780/4:‹/Table/58/1/{7853/9…-8000/1…}›] handle raft ready: 0.9s [applied=13, batches=3, state_assertions=0]
W200911 22:57:32.522815 203 kv/kvserver/store_raft.go:492 ⋮ [n3,s3,r9609/4:‹/Table/56/1/872{2/3/2…-9/5/2…}›] handle raft ready: 0.9s [applied=2, batches=1, state_assertions=0]
W200911 22:57:32.615654 247 kv/kvserver/store_raft.go:492 ⋮ [n3,s3,r10475/2:‹/Table/53/1/66{27/7/…-30/4/…}›] handle raft ready: 0.9s [applied=2, batches=1, state_assertions=0]
W200911 22:57:32.628384 230 kv/kvserver/store_raft.go:492 ⋮ [n3,s3,r10790/3:‹/Table/53/1/744{0/7/-…-6/5/-…}›] handle raft ready: 0.9s [applied=4, batches=2, state_assertions=0]
W200911 22:57:32.635554 345 kv/kvserver/store_raft.go:492 ⋮ [n3,s3,r10635/4:‹/Table/53/1/6{592/6/…-604/3/…}›] handle raft ready: 0.9s [applied=3, batches=2, state_assertions=0]
W200911 22:57:32.636055 253 kv/kvserver/store_raft.go:492 ⋮ [n3,s3,r8515/4:‹/Table/53/1/65{16/7/…-22/5/…}›] handle raft ready: 0.9s [applied=2, batches=1, state_assertions=0]
W200911 22:57:32.682123 309 kv/kvserver/store_raft.go:492 ⋮ [n3,s3,r2602/2:‹/Table/60/1/6{635/3/…-828/6/…}›] handle raft ready: 0.8s [applied=3, batches=1, state_assertions=0]
W200911 22:57:32.711312 292 kv/kvserver/store_raft.go:492 ⋮ [n3,s3,r8827/2:‹/Table/57/1/629{0/799…-4/761…}›] handle raft ready: 0.7s [applied=2, batches=1, state_assertions=0]
W200911 22:57:32.713689 340 kv/kvserver/store_raft.go:492 ⋮ [n3,s3,r3665/5:‹/Table/56/1/61{39/6/…-46/8/…}›] handle raft ready: 0.7s [applied=4, batches=1, state_assertions=0]
W200911 22:57:32.858818 336 kv/kvserver/store_raft.go:492 ⋮ [n3,s3,r7317/2:‹/Table/57/1/835{0/232…-4/194…}›] handle raft ready: 0.8s [applied=1, batches=1, state_assertions=0]
W200911 22:57:32.860671 288 kv/kvserver/store_raft.go:492 ⋮ [n3,s3,r16288/4:‹/Table/57/1/87{26/63…-30/60…}›] handle raft ready: 0.8s [applied=2, batches=2, state_assertions=0]
W200911 22:57:32.914445 243 kv/kvserver/store_raft.go:492 ⋮ [n3,s3,r17776/2:‹/Table/55/1/7{585-858}›] handle raft ready: 0.8s [applied=6, batches=3, state_assertions=0]
W200911 22:57:32.920467 258 kv/kvserver/store_raft.go:492 ⋮ [n3,s3,r10276/2:‹/Table/56/1/88{08/7/…-15/9/…}›] handle raft ready: 0.8s [applied=1, batches=1, state_assertions=0]
W200911 22:57:32.951713 242 kv/kvserver/store_raft.go:492 ⋮ [n3,s3,r17775/2:‹/Table/61/1/{7385/4-8265/5}›] handle raft ready: 0.8s [applied=8, batches=1, state_assertions=0]
W200911 22:57:33.016358 286 kv/kvserver/store_raft.go:492 ⋮ [n3,s3,r17781/2:‹/Table/55/1/6{329-603}›] handle raft ready: 0.7s [applied=146, batches=3, state_assertions=0]
W200911 22:57:33.022899 283 kv/kvserver/store_raft.go:492 ⋮ [n3,s3,r3217/3:‹/Table/53/1/6{189/7/…-201/4/…}›] handle raft ready: 0.7s [applied=3, batches=2, state_assertions=0]
W200911 22:57:33.058121 280 kv/kvserver/store_raft.go:492 ⋮ [n3,s3,r8936/2:‹/Table/53/1/851{2/5/-…-8/3/-…}›] handle raft ready: 0.8s [applied=2, batches=1, state_assertions=0]
W200911 22:57:33.060625 298 kv/kvserver/store_raft.go:492 ⋮ [n3,s3,r6050/4:‹/Table/53/1/83{04/10…-16/5/…}›] handle raft ready: 0.8s [applied=2, batches=1, state_assertions=0]
W200911 22:57:33.071989 274 kv/kvserver/store_raft.go:492 ⋮ [n3,s3,r1101/3:‹/Table/60/1/6{248/7/…-441/10…}›] handle raft ready: 0.8s [applied=3, batches=2, state_assertions=0]
W200911 22:57:33.083129 338 kv/kvserver/store_raft.go:492 ⋮ [n3,s3,r2336/3:‹/Table/53/1/710{1/10/…-7/9/-…}›] handle raft ready: 0.8s [applied=1, batches=1, state_assertions=0]
W200911 22:57:33.105665 237 kv/kvserver/store_raft.go:492 ⋮ [n3,s3,r6920/4:‹/Table/57/1/83{18/53…-26/45…}›] handle raft ready: 0.8s [applied=1, batches=1, state_assertions=0]
W200911 22:57:33.111303 332 kv/kvserver/store_raft.go:492 ⋮ [n3,s3,r17784/2:‹/Table/61/1/7{027/2-385/4}›] handle raft ready: 0.8s [applied=105, batches=3, state_assertions=0]
W200911 22:57:33.122309 304 kv/kvserver/store_raft.go:492 ⋮ [n3,s3,r18817/3:‹/Table/61/1/6{000-683/6}›] handle raft ready: 0.8s [applied=678, batches=1, state_assertions=0]
W200911 22:57:33.129347 249 kv/kvserver/store_raft.go:492 ⋮ [n3,s3,r12348/3:‹/Table/56/1/78{87/7/…-90/6/…}›] handle raft ready: 0.8s [applied=3, batches=1, state_assertions=0]
W200911 22:57:33.135144 272 kv/kvserver/store_raft.go:492 ⋮ [n3,s3,r7189/3:‹/Table/53/1/645{2/5/-…-8/3/-…}›] handle raft ready: 0.8s [applied=1, batches=1, state_assertions=0]
W200911 22:57:33.138507 278 kv/kvserver/store_raft.go:492 ⋮ [n3,s3,r12721/2:‹/Table/53/1/88{40/10…-52/5/…}›] handle raft ready: 0.8s [applied=1, batches=1, state_assertions=0]
W200911 22:57:33.146946 231 kv/kvserver/store_raft.go:492 ⋮ [n3,s3,r18080/1:‹/Table/57/1/681{1/403…-3/805…}›] handle raft ready: 0.8s [applied=2, batches=1, state_assertions=0]
W200911 22:57:33.329872 327 kv/kvserver/store_raft.go:492 ⋮ [n3,s3,r17777/2:‹/Table/61/1/{8265/5-9000}›] handle raft ready: 0.8s [applied=1, batches=1, state_assertions=0]
W200911 22:57:33.378196 244 kv/kvserver/store_raft.go:492 ⋮ [n3,s3,r711/7:‹/Table/60/1/8{073/9/…-248/7/…}›] handle raft ready: 0.9s [applied=2, batches=2, state_assertions=0]
W200911 22:57:33.407339 232 kv/kvserver/store_raft.go:492 ⋮ [n3,s3,r1290/2:‹/Table/57/1/80{09/48…-13/44…}›] handle raft ready: 0.9s [applied=1, batches=1, state_assertions=0]
W200911 22:57:33.409977 323 kv/kvserver/store_raft.go:492 ⋮ [n3,s3,r13957/2:‹/Table/53/1/697{2/2/-…-8/1/-…}›] handle raft ready: 0.9s [applied=1, batches=1, state_assertions=0]
W200911 22:57:33.419730 326 kv/kvserver/store_raft.go:492 ⋮ [n3,s3,r13293/5:‹/Table/53/1/755{4/4/-…-7/5/-…}›] handle raft ready: 0.9s [applied=1, batches=1, state_assertions=0]
W200911 22:57:33.468514 264 kv/kvserver/store_raft.go:492 ⋮ [n3,s3,r3131/2:‹/Table/57/1/606{0/991…-4/954…}›] handle raft ready: 0.9s [applied=1, batches=1, state_assertions=0]
W200911 22:57:33.471521 240 kv/kvserver/store_raft.go:492 ⋮ [n3,s3,r10491/3:‹/Table/57/1/633{8/345…-9/904…}›] handle raft ready: 0.9s [applied=1, batches=1, state_assertions=0]
W200911 22:57:33.485355 319 kv/kvserver/store_raft.go:492 ⋮ [n3,s3,r4126/2:‹/Table/56/1/61{68/4/…-82/7/…}›] handle raft ready: 0.9s [applied=1, batches=1, state_assertions=0]
W200911 22:57:33.514901 259 kv/kvserver/store_raft.go:492 ⋮ [n3,s3,r4822/2:‹/Table/56/1/8{189/10…-204/3/…}›] handle raft ready: 1.0s [applied=1, batches=1, state_assertions=0]
W200911 22:57:33.515536 262 kv/kvserver/store_raft.go:492 ⋮ [n3,s3,r462/3:‹/Table/58/1/8{000/1/…-853/9/…}›] handle raft ready: 1.0s [applied=22, batches=1, state_assertions=0]
W200911 22:57:33.516031 329 kv/kvserver/store_raft.go:492 ⋮ [n3,s3,r14947/3:‹/Table/57/1/762{5/184…-7/587…}›] handle raft ready: 1.0s [applied=2, batches=1, state_assertions=0]
W200911 22:57:33.605879 284 kv/kvserver/store_raft.go:492 ⋮ [n3,s3,r14952/4:‹/Table/57/1/763{5/511…-9/473…}›] handle raft ready: 1.0s [applied=1, batches=1, state_assertions=0]
W200911 22:57:33.620554 281 kv/kvserver/store_raft.go:492 ⋮ [n3,s3,r3556/5:‹/Table/57/1/81{28/34…-32/31…}›] handle raft ready: 1.9s [applied=3, batches=2, state_assertions=0]
W200911 22:57:33.628305 324 kv/kvserver/store_raft.go:492 ⋮ [n3,s3,r18542/3:‹/Table/60/1/60{00-73/9/…}›] handle raft ready: 1.1s [applied=5, batches=3, state_assertions=0]
W200911 22:57:33.671241 238 kv/kvserver/store_raft.go:492 ⋮ [n3,s3,r6549/2:‹/Table/57/1/722{3/441…-7/403…}›] handle raft ready: 1.0s [applied=1, batches=1, state_assertions=0]
W200911 22:57:33.721460 268 kv/kvserver/store_raft.go:492 ⋮ [n3,s3,r9023/3:‹/Table/56/1/6{686/4/…-700/7/…}›] handle raft ready: 1.0s [applied=1, batches=1, state_assertions=0]
W200911 22:57:33.727439 229 kv/kvserver/store_raft.go:492 ⋮ [n3,s3,r18687/2:‹/Table/57/1/691{0/456…-2/859…}›] handle raft ready: 1.1s [applied=1, batches=1, state_assertions=0]
W200911 22:57:33.732222 303 kv/kvserver/store_raft.go:492 ⋮ [n3,s3,r1249/2:‹/Table/53/1/60{67/1/…-72/9/…}›] handle raft ready: 1.1s [applied=1, batches=1, state_assertions=0]
W200911 22:57:33.789905 293 kv/kvserver/store_raft.go:492 ⋮ [n3,s3,r314/4:‹/Table/58/1/7{000/1/…-853/9/…}›] handle raft ready: 1.0s [applied=7, batches=1, state_assertions=0]
W200911 22:57:33.855536 260 kv/kvserver/store_raft.go:492 ⋮ [n3,s3,r2865/4:‹/Table/59/1/6{887/"u…-935/"v…}›] handle raft ready: 1.0s [applied=1, batches=1, state_assertions=0]
W200911 22:57:33.896949 313 kv/kvserver/store_raft.go:492 ⋮ [n3,s3,r9069/2:‹/Table/56/1/86{43/2/…-50/4/…}›] handle raft ready: 1.1s [applied=2, batches=1, state_assertions=0]
W200911 22:57:33.948530 337 kv/kvserver/store_raft.go:492 ⋮ [n3,s3,r1981/3:‹/Table/59/1/65{02/"n…-50/"o…}›] handle raft ready: 1.0s [applied=2, batches=1, state_assertions=0]
W200911 22:57:33.952028 297 kv/kvserver/store_raft.go:492 ⋮ [n3,s3,r17115/2:‹/Table/57/1/79{38/19…-40/59…}›] handle raft ready: 1.0s [applied=2, batches=1, state_assertions=0]
W200911 22:57:33.953431 310 kv/kvserver/store_raft.go:492 ⋮ [n3,s3,r11561/3:‹/Table/57/1/750{0/796…-8/720…}›] handle raft ready: 1.0s [applied=2, batches=1, state_assertions=0]
W200911 22:57:33.968347 256 kv/kvserver/store_raft.go:492 ⋮ [n3,s3,r5041/3:‹/Table/56/1/82{04/3/…-11/5/…}›] handle raft ready: 1.0s [applied=1, batches=1, state_assertions=0]
W200911 22:57:34.002598 277 kv/kvserver/store_raft.go:492 ⋮ [n3,s3,r17783/2:‹/Table/61/1/{6683/6-7027/2}›] handle raft ready: 1.0s [applied=10, batches=1, state_assertions=0]
W200911 22:57:34.045488 309 kv/kvserver/store_raft.go:492 ⋮ [n3,s3,r7242/2:‹/Table/56/1/84{12/10…-27/4/…}›] handle raft ready: 1.0s [applied=2, batches=1, state_assertions=0]
W200911 22:57:34.049276 294 kv/kvserver/store_raft.go:492 ⋮ [n3,s3,r17543/2:‹/Table/57/1/79{08/90…-10/46…}›] handle raft ready: 1.0s [applied=1, batches=1, state_assertions=0]
W200911 22:57:34.081272 321 kv/kvserver/store_raft.go:492 ⋮ [n3,s3,r17775/2:‹/Table/61/1/{7385/4-8265/5}›] handle raft ready: 1.0s [applied=841, batches=1, state_assertions=0]
W200911 22:57:34.273092 338 kv/kvserver/store_raft.go:492 ⋮ [n3,s3,r17782/2:‹/Table/55/1/7{067-413}›] handle raft ready: 1.0s [applied=8, batches=1, state_assertions=0]
W200911 22:57:34.273408 307 kv/kvserver/store_raft.go:492 ⋮ [n3,s3,r5432/7:‹/Table/57/1/820{3/631…-7/594…}›] handle raft ready: 1.0s [applied=1, batches=1, state_assertions=0]
W200911 22:57:34.296660 257 kv/kvserver/store_raft.go:492 ⋮ [n3,s3,r1054/2:‹/Table/56/1/602{4/5/9…-7/3/2…}›] handle raft ready: 1.0s [applied=1, batches=1, state_assertions=0]
W200911 22:57:34.299677 302 kv/kvserver/store_raft.go:492 ⋮ [n3,s3,r17777/2:‹/Table/61/1/{8265/5-9000}›] handle raft ready: 0.7s [applied=68, batches=1, state_assertions=0]
W200911 22:57:34.319884 344 kv/kvserver/store_raft.go:492 ⋮ [n3,s3,r17784/2:‹/Table/61/1/7{027/2-385/4}›] handle raft ready: 1.0s [applied=271, batches=1, state_assertions=0]
W200911 22:57:34.320961 316 kv/kvserver/store_raft.go:492 ⋮ [n3,s3,r11726/3:‹/Table/57/1/746{1/174…-5/136…}›] handle raft ready: 0.7s [applied=3, batches=1, state_assertions=0]
W200911 22:57:34.333095 262 kv/kvserver/store_raft.go:492 ⋮ [n3,s3,r12689/3:‹/Table/56/1/{7995/7…-8003/8…}›] handle raft ready: 0.7s [applied=4, batches=3, state_assertions=0]
W200911 22:57:34.337678 320 kv/kvserver/store_raft.go:492 ⋮ [n3,s3,r1281/8:‹/Table/60/1/8{345/4/…-538/6/…}›] handle raft ready: 0.7s [applied=15, batches=1, state_assertions=0]
W200911 22:57:34.339143 328 kv/kvserver/store_raft.go:492 ⋮ [n3,s3,r16778/3:‹/Table/53/1/777{0/5/-…-6/3/-…}›] handle raft ready: 0.7s [applied=2, batches=1, state_assertions=0]
W200911 22:57:34.360469 324 kv/kvserver/store_raft.go:492 ⋮ [n3,s3,r15513/3:‹/Table/53/1/76{04/2/…-12/8/…}›] handle raft ready: 0.7s [applied=5, batches=2, state_assertions=0]
W200911 22:57:34.360954 300 kv/kvserver/store_raft.go:492 ⋮ [n3,s3,r1839/3:‹/Table/53/1/80{84/6/…-90/4/…}›] handle raft ready: 0.7s [applied=4, batches=2, state_assertions=0]
W200911 22:57:34.365097 317 kv/kvserver/store_raft.go:492 ⋮ [n3,s3,r19157/3:‹/Table/59/1/60{00-36/"g…}›] handle raft ready: 0.7s [applied=1, batches=1, state_assertions=0]
W200911 22:57:34.381074 258 kv/kvserver/store_raft.go:492 ⋮ [n3,s3,r17776/2:‹/Table/55/1/7{585-858}›] handle raft ready: 0.7s [applied=226, batches=3, state_assertions=0]
W200911 22:57:34.381583 280 kv/kvserver/store_raft.go:492 ⋮ [n3,s3,r13514/2:‹/Table/53/1/89{58/10…-64/8/…}›] handle raft ready: 0.7s [applied=3, batches=2, state_assertions=0]
W200911 22:57:34.385097 243 kv/kvserver/store_raft.go:492 ⋮ [n3,s3,r3241/11:‹/Table/59/1/8{854/"\…-927/"\…}›] handle raft ready: 0.7s [applied=7, batches=3, state_assertions=0]
W200911 22:57:34.385124 254 kv/kvserver/store_raft.go:492 ⋮ [n3,s3,r16453/4:‹/Table/57/1/780{5/885…-7/445…}›] handle raft ready: 0.7s [applied=2, batches=1, state_assertions=0]
W200911 22:57:34.391166 227 kv/kvserver/store_raft.go:492 ⋮ [n3,s3,r1295/3:‹/Table/57/1/80{13/44…-21/37…}›] handle raft ready: 0.8s [applied=3, batches=2, state_assertions=0]
W200911 22:57:34.392150 323 kv/kvserver/store_raft.go:492 ⋮ [n3,s3,r12084/6:‹/Table/56/1/78{54/6/…-61/8/…}›] handle raft ready: 0.7s [applied=2, batches=1, state_assertions=0]
W200911 22:57:34.404016 240 kv/kvserver/store_raft.go:492 ⋮ [n3,s3,r462/3:‹/Table/58/1/8{000/1/…-853/9/…}›] handle raft ready: 0.7s [applied=11, batches=1, state_assertions=0]
W200911 22:57:34.404098 208 kv/kvserver/store_raft.go:492 ⋮ [n3,s3,r18472/3:‹/Table/55/1/6{000-329}›] handle raft ready: 0.7s [applied=24, batches=1, state_assertions=0]
W200911 22:57:34.404990 285 kv/kvserver/store_raft.go:492 ⋮ [n3,s3,r6461/3:‹/Table/53/1/64{05/7/…-11/6/…}›] handle raft ready: 0.6s [applied=2, batches=1, state_assertions=0]
W200911 22:57:34.406545 248 kv/kvserver/store_raft.go:492 ⋮ [n3,s3,r5577/9:‹/Table/53/1/727{1/3/-…-7/2/-…}›] handle raft ready: 0.6s [applied=2, batches=1, state_assertions=0]
W200911 22:57:34.408258 229 kv/kvserver/store_raft.go:492 ⋮ [n3,s3,r10410/2:‹/Table/53/1/65{69/2/…-71/10…}›] handle raft ready: 0.6s [applied=2, batches=1, state_assertions=0]
W200911 22:57:34.415694 341 kv/kvserver/store_raft.go:492 ⋮ [n3,s3,r1242/6:‹/Table/60/1/8{248/7/…-345/4/…}›] handle raft ready: 0.6s [applied=5, batches=1, state_assertions=0]
W200911 22:57:34.441599 319 kv/kvserver/store_raft.go:492 ⋮ [n3,s3,r17780/2:‹/Table/55/1/7{413-585}›] handle raft ready: 0.7s [applied=87, batches=3, state_assertions=0]
W200911 22:57:34.471912 271 kv/kvserver/store_raft.go:492 ⋮ [n3,s3,r12837/4:‹/Table/53/1/68{63/10…-72/10…}›] handle raft ready: 0.6s [applied=1, batches=1, state_assertions=0]
W200911 22:57:34.520632 281 kv/kvserver/store_raft.go:492 ⋮ [n3,s3,r4101/3:‹/Table/53/1/718{3/8/-…-9/6/-…}›] handle raft ready: 0.6s [applied=1, batches=1, state_assertions=0]
W200911 22:57:34.552038 238 kv/kvserver/store_raft.go:492 ⋮ [n3,s3,r7678/2:‹/Table/57/1/731{0/610…-8/534…}›] handle raft ready: 0.6s [applied=1, batches=1, state_assertions=0]
W200911 22:57:34.567014 334 kv/kvserver/store_raft.go:492 ⋮ [n3,s3,r17353/2:‹/Table/53/1/796{0/4/-…-8/10/…}›] handle raft ready: 1.6s [applied=1, batches=1, state_assertions=0]
W200911 22:57:34.588909 326 kv/kvserver/store_raft.go:492 ⋮ [n3,s3,r6582/5:‹/Table/57/1/72{27/40…-35/32…}›] handle raft ready: 0.6s [applied=1, batches=1, state_assertions=0]
W200911 22:57:34.589612 333 kv/kvserver/store_raft.go:492 ⋮ [n3,s3,r17992/7:‹/Table/57/1/677{5/743…-9/706…}›] handle raft ready: 0.6s [applied=1, batches=1, state_assertions=0]
W200911 22:57:34.655558 339 kv/kvserver/store_raft.go:492 ⋮ [n3,s3,r3893/6:‹/Table/57/1/81{57/64…-64/895}›] handle raft ready: 0.6s [applied=1, batches=1, state_assertions=0]
W200911 22:57:34.657596 278 kv/kvserver/store_raft.go:492 ⋮ [n3,s3,r17779/2:‹/Table/55/1/{6603-7067}›] handle raft ready: 0.6s [applied=16, batches=1, state_assertions=0]
W200911 22:57:34.667443 287 kv/kvserver/store_raft.go:492 ⋮ [n3,s3,r2575/2:‹/Table/53/1/71{16/5/…-25/4/…}›] handle raft ready: 0.6s [applied=1, batches=1, state_assertions=0]
W200911 22:57:34.705615 346 kv/kvserver/store_raft.go:492 ⋮ [n3,s3,r3086/6:‹/Table/53/1/71{37/1/…-42/9/…}›] handle raft ready: 0.5s [applied=2, batches=1, state_assertions=0]
W200911 22:57:34.745544 252 kv/kvserver/store_raft.go:492 ⋮ [n3,s3,r10376/3:‹/Table/56/1/6{894/10…-902/2/…}›] handle raft ready: 0.6s [applied=1, batches=1, state_assertions=0]
W200911 22:57:34.878410 308 kv/kvserver/store_raft.go:492 ⋮ [n3,s3,r16326/3:‹/Table/57/1/773{4/565…-8/527…}›] handle raft ready: 0.6s [applied=1, batches=1, state_assertions=0]
W200911 22:57:34.879702 305 kv/kvserver/store_raft.go:492 ⋮ [n3,s3,r8187/7:‹/Table/56/1/65{66/9/…-78/4/…}›] handle raft ready: 0.6s [applied=2, batches=1, state_assertions=0]
W200911 22:57:35.044105 293 kv/kvserver/store_raft.go:492 ⋮ [n3,s3,r5153/4:‹/Table/56/1/72{18/7/…-25/9/…}›] handle raft ready: 0.7s [applied=2, batches=1, state_assertions=0]
W200911 22:57:35.102200 239 kv/kvserver/store_raft.go:492 ⋮ [n3,s3,r7629/3:‹/Table/56/1/7{297/8/…-304/10…}›] handle raft ready: 0.8s [applied=2, batches=1, state_assertions=0]
W200911 22:57:35.151982 235 kv/kvserver/store_raft.go:492 ⋮ [n3,s3,r12217/2:‹/Table/53/1/87{66/1/…-77/6/…}›] handle raft ready: 0.8s [applied=1, batches=1, state_assertions=0]
W200911 22:57:35.154913 313 kv/kvserver/store_raft.go:492 ⋮ [n3,s3,r9475/2:‹/Table/53/1/85{58/6/…-64/4/…}›] handle raft ready: 0.8s [applied=2, batches=1, state_assertions=0]
W200911 22:57:35.158206 301 kv/kvserver/store_raft.go:492 ⋮ [n3,s3,r16711/3:‹/Table/57/1/66{59/28…-63/24…}›] handle raft ready: 0.8s [applied=2, batches=1, state_assertions=0]
W200911 22:57:35.159275 255 kv/kvserver/store_raft.go:492 ⋮ [n3,s3,r16655/3:‹/Table/57/1/664{3/433…-7/395…}›] handle raft ready: 0.8s [applied=2, batches=1, state_assertions=0]
W200911 22:57:35.159767 261 kv/kvserver/store_raft.go:492 ⋮ [n3,s3,r7570/4:‹/Table/56/1/649{2/1/1…-9/3/1…}›] handle raft ready: 0.8s [applied=2, batches=1, state_assertions=0]
W200911 22:57:35.207094 259 kv/kvserver/store_raft.go:492 ⋮ [n3,s3,r18817/3:‹/Table/61/1/6{000-683/6}›] handle raft ready: 0.9s [applied=457, batches=5, state_assertions=0]
W200911 22:57:35.217593 226 kv/kvserver/store_raft.go:492 ⋮ [n3,s3,r11824/2:‹/Table/53/1/669{1/9/-…-4/6/-…}›] handle raft ready: 1.6s [applied=2, batches=1, state_assertions=0]
W200911 22:57:35.250545 318 kv/kvserver/store_raft.go:492 ⋮ [n3,s3,r17351/4:‹/Table/53/1/79{54/6/…-60/4/…}›] handle raft ready: 0.9s [applied=3, batches=1, state_assertions=0]
W200911 22:57:35.273536 262 kv/kvserver/store_raft.go:492 ⋮ [n3,s3,r18689/6:‹/Table/57/1/691{2/859…-8/381…}›] handle raft ready: 0.9s [applied=3, batches=2, state_assertions=0]
W200911 22:57:35.274400 209 kv/kvserver/store_raft.go:492 ⋮ [n3,s3,r9326/3:‹/Table/57/1/83{54/19…-62/11…}›] handle raft ready: 0.9s [applied=3, batches=2, state_assertions=0]
W200911 22:57:35.282757 289 kv/kvserver/store_raft.go:492 ⋮ [n3,s3,r4710/7:‹/Table/57/1/61{49/72…-56/85…}›] handle raft ready: 0.9s [applied=3, batches=2, state_assertions=0]
W200911 22:57:35.320085 276 kv/kvserver/store_raft.go:492 ⋮ [n3,s3,r17812/4:‹/Table/57/1/688{2/722…-9/8619}›] handle raft ready: 1.0s [applied=3, batches=2, state_assertions=0]
W200911 22:57:35.334225 204 kv/kvserver/store_raft.go:492 ⋮ [n3,s3,r12299/4:‹/Table/53/1/87{77/6/…-89/1/…}›] handle raft ready: 1.6s [applied=1, batches=1, state_assertions=0]
W200911 22:57:35.429592 322 kv/kvserver/store_raft.go:492 ⋮ [n3,s3,r5098/3:‹/Table/57/1/617{1/934…-9/858…}›] handle raft ready: 1.0s [applied=2, batches=2, state_assertions=0]
W200911 22:57:35.446812 296 kv/kvserver/store_raft.go:492 ⋮ [n3,s3,r17775/2:‹/Table/61/1/{7385/4-8265/5}›] handle raft ready: 1.0s [applied=95, batches=1, state_assertions=0]
W200911 22:57:35.493459 320 kv/kvserver/store_raft.go:492 ⋮ [n3,s3,r17777/2:‹/Table/61/1/{8265/5-9000}›] handle raft ready: 1.1s [applied=397, batches=1, state_assertions=0]
W200911 22:57:35.520685 241 kv/kvserver/store_raft.go:492 ⋮ [n3,s3,r4341/3:‹/Table/53/1/625{3/9/-…-9/8/-…}›] handle raft ready: 1.1s [applied=2, batches=1, state_assertions=0]
W200911 22:57:35.523662 254 kv/kvserver/store_raft.go:492 ⋮ [n3,s3,r17782/2:‹/Table/55/1/7{067-413}›] handle raft ready: 1.1s [applied=127, batches=3, state_assertions=0]
W200911 22:57:35.525365 323 kv/kvserver/store_raft.go:492 ⋮ [n3,s3,r16456/4:‹/Table/57/1/657{2/114…-6/7643}›] handle raft ready: 1.1s [applied=2, batches=1, state_assertions=0]
W200911 22:57:35.530260 263 kv/kvserver/store_raft.go:492 ⋮ [n3,s3,r18888/2:‹/Table/55/1/8{035-352}›] handle raft ready: 1.1s [applied=32, batches=3, state_assertions=0]
W200911 22:57:35.556912 228 kv/kvserver/store_raft.go:492 ⋮ [n3,s3,r5902/4:‹/Table/53/1/730{0/5/-…-6/4/-…}›] handle raft ready: 1.1s [applied=1, batches=1, state_assertions=0]
W200911 22:57:35.579587 294 kv/kvserver/store_raft.go:492 ⋮ [n3,s3,r17776/2:‹/Table/55/1/7{585-858}›] handle raft ready: 1.1s [applied=173, batches=1, state_assertions=0]
I200911 22:57:35.699173 360 gossip/gossip.go:568 ⋮ [n3] gossip status (ok, 15 node‹s›)
gossip client (2/3 cur/max conns)
  1: ‹3.12.104.196:26257› (3h12m0s: infos 85129/132950 sent/received, bytes 33184072B/68607571B sent/received)
  13: ‹10.12.26.166:26257› (8m24s: infos 4749/4899 sent/received, bytes 1612420B/2402982B sent/received)
gossip server (3/3 cur/max conns, infos 662950/219811 sent/received, bytes 269973792B/100764342B sent/received)
  7: ‹10.12.27.72:26257› (3h11m56s)
  9: ‹10.12.20.64:26257› (3h11m54s)
  10: ‹10.12.26.237:26257› (3h11m53s)
W200911 22:57:35.728625 284 kv/kvserver/store_raft.go:492 ⋮ [n3,s3,r9186/5:‹/Table/56/1/75{38/1/…-49/6/…}›] handle raft ready: 1.2s [applied=3, batches=2, state_assertions=0]
W200911 22:57:35.733734 248 kv/kvserver/store_raft.go:492 ⋮ [n3,s3,r16880/3:‹/Table/53/1/78{05/5/…-11/3/…}›] handle raft ready: 1.2s [applied=1, batches=1, state_assertions=0]
W200911 22:57:35.737512 340 kv/kvserver/store_raft.go:492 ⋮ [n3,s3,r14782/3:‹/Table/57/1/866{0/841…-7/206…}›] handle raft ready: 1.2s [applied=1, batches=1, state_assertions=0]
W200911 22:57:35.749060 309 kv/kvserver/store_raft.go:492 ⋮ [n3,s3,r18190/1:‹/Table/57/1/685{1/2336-4/985…}›] handle raft ready: 1.2s [applied=1, batches=1, state_assertions=0]
W200911 22:57:35.791479 312 kv/kvserver/store_raft.go:492 ⋮ [n3,s3,r2931/3:‹/Table/60/1/8{731/9/…-925/2/…}›] handle raft ready: 1.2s [applied=1, batches=1, state_assertions=0]
I200911 22:57:35.904589 310 kv/kvserver/queue.go:582 ⋮ [n3,s3,r5254/4:‹/Table/57/1/8{195/70…-203/63…}›] rate limited in MaybeAdd (raftlog): throttled on async limiting semaphore
W200911 22:57:35.940954 341 kv/kvserver/store_raft.go:492 ⋮ [n3,s3,r462/3:‹/Table/58/1/8{000/1/…-853/9/…}›] handle raft ready: 1.2s [applied=8, batches=1, state_assertions=0]
W200911 22:57:35.942746 295 kv/kvserver/store_raft.go:492 ⋮ [n3,s3,r6919/2:‹/Table/53/1/73{70/6/…-82/3/…}›] handle raft ready: 1.2s [applied=1, batches=1, state_assertions=0]
W200911 22:57:35.952074 232 kv/kvserver/store_raft.go:492 ⋮ [n3,s3,r6756/2:‹/Table/57/1/62{07/59…-15/51…}›] handle raft ready: 1.2s [applied=1, batches=1, state_assertions=0]
W200911 22:57:35.966056 231 kv/kvserver/store_raft.go:492 ⋮ [n3,s3,r12224/3:‹/Table/53/1/67{38/6/…-41/4/…}›] handle raft ready: 1.2s [applied=2, batches=1, state_assertions=0]
W200911 22:57:35.977485 233 kv/kvserver/store_raft.go:492 ⋮ [n3,s3,r9669/2:‹/Table/56/1/68{22/10…-30/2/…}›] handle raft ready: 1.2s [applied=1, batches=1, state_assertions=0]
W200911 22:57:35.978203 280 kv/kvserver/store_raft.go:492 ⋮ [n3,s3,r9582/4:‹/Table/57/1/84{77/21…-80/98…}›] handle raft ready: 1.2s [applied=2, batches=1, state_assertions=0]
W200911 22:57:36.002806 237 kv/kvserver/store_raft.go:492 ⋮ [n3,s3,r10011/4:‹/Table/57/1/73{66/80…-74/511}›] handle raft ready: 1.1s [applied=1, batches=1, state_assertions=0]
W200911 22:57:36.024264 260 kv/kvserver/store_raft.go:492 ⋮ [n3,s3,r17779/2:‹/Table/55/1/{6603-7067}›] handle raft ready: 1.1s [applied=5, batches=1, state_assertions=0]
W200911 22:57:36.056312 234 kv/kvserver/store_raft.go:492 ⋮ [n3,s3,r3758/3:‹/Table/60/2/6{808/5/…-912/4/…}›] handle raft ready: 1.2s [applied=1, batches=1, state_assertions=0]
W200911 22:57:36.057346 328 kv/kvserver/store_raft.go:492 ⋮ [n3,s3,r2590/3:‹/Table/59/1/86{42/"\…-89/"\…}›] handle raft ready: 1.1s [applied=2, batches=1, state_assertions=0]
W200911 22:57:36.061979 227 kv/kvserver/store_raft.go:492 ⋮ [n3,s3,r17783/2:‹/Table/61/1/{6683/6-7027/2}›] handle raft ready: 1.1s [applied=9, batches=1, state_assertions=0]
W200911 22:57:36.115121 258 kv/kvserver/store_raft.go:492 ⋮ [n3,s3,r1973/2:‹/Table/59/1/8{499/"\…-547/"\…}›] handle raft ready: 1.0s [applied=2, batches=1, state_assertions=0]
W200911 22:57:36.116897 300 kv/kvserver/store_raft.go:492 ⋮ [n3,s3,r7417/2:‹/Table/53/1/8{397/2/…-402/10…}›] handle raft ready: 1.0s [applied=1, batches=1, state_assertions=0]
W200911 22:57:36.141207 305 kv/kvserver/store_raft.go:492 ⋮ [n3,s3,r17784/2:‹/Table/61/1/7{027/2-385/4}›] handle raft ready: 1.0s [applied=9, batches=1, state_assertions=0]
W200911 22:57:36.165481 246 kv/kvserver/store_raft.go:492 ⋮ [n3,s3,r15071/2:‹/Table/57/1/767{2/730…-9/9486}›] handle raft ready: 0.9s [applied=1, batches=1, state_assertions=0]
W200911 22:57:36.216377 333 kv/kvserver/store_raft.go:492 ⋮ [n3,s3,r1478/6:‹/Table/53/1/60{84/6/…-90/4/…}›] handle raft ready: 0.9s [applied=2, batches=1, state_assertions=0]
W200911 22:57:36.216561 272 kv/kvserver/store_raft.go:492 ⋮ [n3,s3,r8026/3:‹/Table/56/1/852{0/9/1…-3/7/2…}›] handle raft ready: 0.9s [applied=2, batches=1, state_assertions=0]
W200911 22:57:36.219231 342 kv/kvserver/store_raft.go:492 ⋮ [n3,s3,r13360/2:‹/Table/53/1/89{38/10…-41/7/…}›] handle raft ready: 0.9s [applied=1, batches=1, state_assertions=0]
W200911 22:57:36.221431 317 kv/kvserver/store_raft.go:492 ⋮ [n3,s3,r3760/2:‹/Table/53/1/71{66/3/…-72/1/…}›] handle raft ready: 0.8s [applied=1, batches=1, state_assertions=0]
W200911 22:57:36.240718 240 kv/kvserver/store_raft.go:492 ⋮ [n3,s3,r10888/2:‹/Table/56/1/7{689/2/…-700/7/…}›] handle raft ready: 0.8s [applied=1, batches=1, state_assertions=0]
W200911 22:57:36.244302 247 kv/kvserver/store_raft.go:492 ⋮ [n3,s3,r17677/2:‹/Table/53/1/799{2/4/-…-8/2/-…}›] handle raft ready: 0.8s [applied=1, batches=1, state_assertions=0]
W200911 22:57:36.247598 226 kv/kvserver/store_raft.go:492 ⋮ [n3,s3,r17228/3:‹/Table/53/1/791{6/5/-…-9/5/-…}›] handle raft ready: 0.8s [applied=2, batches=1, state_assertions=0]
W200911 22:57:36.386801 203 kv/kvserver/store_raft.go:492 ⋮ [n3,s3,r18887/2:‹/Table/55/1/{8779-9000}›] handle raft ready: 0.8s [applied=12, batches=1, state_assertions=0]
W200911 22:57:36.388108 322 kv/kvserver/store_raft.go:492 ⋮ [n3,s3,r16575/2:‹/Table/57/1/886{1/352…-5/314…}›] handle raft ready: 0.8s [applied=2, batches=1, state_assertions=0]
W200911 22:57:36.388648 245 kv/kvserver/store_raft.go:492 ⋮ [n3,s3,r7352/2:‹/Table/56/1/84{27/4/…-41/8/…}›] handle raft ready: 0.8s [applied=2, batches=2, state_assertions=0]
W200911 22:57:36.411694 308 kv/kvserver/store_raft.go:492 ⋮ [n3,s3,r10052/2:‹/Table/53/1/86{39/3/…-50/8/…}›] handle raft ready: 0.7s [applied=2, batches=1, state_assertions=0]
W200911 22:57:36.419584 287 kv/kvserver/store_raft.go:492 ⋮ [n3,s3,r4147/2:‹/Table/60/1/6{828/6/…-925/2/…}›] handle raft ready: 0.7s [applied=3, batches=1, state_assertions=0]
W200911 22:57:36.419619 329 kv/kvserver/store_raft.go:492 ⋮ [n3,s3,r10681/2:‹/Table/56/1/88{44/6/…-58/10…}›] handle raft ready: 0.7s [applied=1, batches=1, state_assertions=0]
W200911 22:57:36.422049 256 kv/kvserver/store_raft.go:492 ⋮ [n3,s3,r739/5:‹/Table/53/1/80{37/9/…-46/5/…}›] handle raft ready: 0.7s [applied=3, batches=2, state_assertions=0]
W200911 22:57:36.449801 320 kv/kvserver/store_raft.go:492 ⋮ [n3,s3,r17884/1:‹/Table/57/1/672{0/273…-4/235…}›] handle raft ready: 0.7s [applied=1, batches=1, state_assertions=0]
I200911 22:57:36.502713 364 server/status/runtime.go:522 ⋮ [n3] runtime stats: 15 GiB RSS, 16638 goroutines, 2.4 GiB/3.0 GiB/4.1 GiB GO alloc/idle/total, 8.7 GiB/11 GiB CGO alloc/total, 35414.5 CGO/sec, 1290.2/64.6 %(u/s)time, 0.2 %gc (5x), 140 MiB/141 MiB (r/w)net
W200911 22:57:36.509426 285 kv/kvserver/store_raft.go:492 ⋮ [n3,s3,r17782/2:‹/Table/55/1/7{067-413}›] handle raft ready: 0.7s [applied=124, batches=1, state_assertions=0]
W200911 22:57:36.510241 250 kv/kvserver/store_raft.go:492 ⋮ [n3,s3,r314/4:‹/Table/58/1/7{000/1/…-853/9/…}›] handle raft ready: 0.7s [applied=8, batches=1, state_assertions=0]
W200911 22:57:36.510739 331 kv/kvserver/store_raft.go:492 ⋮ [n3,s3,r1255/2:‹/Table/57/1/70{45/14…-53/68…}›] handle raft ready: 0.7s [applied=2, batches=1, state_assertions=0]
W200911 22:57:36.512386 337 kv/kvserver/store_raft.go:492 ⋮ [n3,s3,r6724/4:‹/Table/56/1/634{0/10/…-8/2/1…}›] handle raft ready: 0.7s [applied=1, batches=1, state_assertions=0]
W200911 22:57:36.544938 261 kv/kvserver/store_raft.go:492 ⋮ [n3,s3,r12063/9:‹/Table/53/1/68{52/4/…-61/3/…}›] handle raft ready: 0.7s [applied=2, batches=1, state_assertions=0]
W200911 22:57:36.567533 265 kv/kvserver/store_raft.go:492 ⋮ [n3,s3,r17775/2:‹/Table/61/1/{7385/4-8265/5}›] handle raft ready: 0.7s [applied=72, batches=1, state_assertions=0]
W200911 22:57:36.574127 207 kv/kvserver/store_raft.go:492 ⋮ [n3,s3,r17778/2:‹/Table/55/1/8{352-599}›] handle raft ready: 0.7s [applied=11, batches=1, state_assertions=0]
W200911 22:57:36.579036 343 kv/kvserver/store_raft.go:492 ⋮ [n3,s3,r1686/2:‹/Table/56/1/60{38/9/…-46/1/…}›] handle raft ready: 0.7s [applied=1, batches=1, state_assertions=0]
W200911 22:57:36.631210 231 kv/kvserver/store_raft.go:492 ⋮ [n3,s3,r11821/2:‹/Table/53/1/87{28/5/…-37/3/…}›] handle raft ready: 0.6s [applied=1, batches=1, state_assertions=0]
W200911 22:57:36.631576 319 kv/kvserver/store_raft.go:492 ⋮ [n3,s3,r11357/2:‹/Table/53/1/66{45/2/…-56/8/…}›] handle raft ready: 0.6s [applied=1, batches=1, state_assertions=0]
W200911 22:57:36.639236 280 kv/kvserver/store_raft.go:492 ⋮ [n3,s3,r2457/3:‹/Table/60/1/8{538/6/…-731/9/…}›] handle raft ready: 0.6s [applied=1, batches=1, state_assertions=0]
W200911 22:57:36.641394 313 kv/kvserver/store_raft.go:492 ⋮ [n3,s3,r15008/3:‹/Table/57/1/76{47/39…-55/32…}›] handle raft ready: 0.6s [applied=2, batches=1, state_assertions=0]
W200911 22:57:36.743993 266 kv/kvserver/store_raft.go:492 ⋮ [n3,s3,r9726/2:‹/Table/53/1/859{3/2/-…-8/10/…}›] handle raft ready: 0.7s [applied=2, batches=1, state_assertions=0]
W200911 22:57:36.772819 278 kv/kvserver/store_raft.go:492 ⋮ [n3,s3,r4709/2:‹/Table/57/1/614{8/161…-9/721…}›] handle raft ready: 0.7s [applied=1, batches=1, state_assertions=0]
W200911 22:57:36.781802 268 kv/kvserver/store_raft.go:492 ⋮ [n3,s3,r6091/4:‹/Table/57/1/720{3/630…-7/593…}›] handle raft ready: 0.6s [applied=2, batches=1, state_assertions=0]
W200911 22:57:36.788909 316 kv/kvserver/store_raft.go:492 ⋮ [n3,s3,r18840/3:‹/Table/57/1/698{4/177…-8/140…}›] handle raft ready: 0.7s [applied=1, batches=1, state_assertions=0]
W200911 22:57:36.799013 318 kv/kvserver/store_raft.go:492 ⋮ [n3,s3,r12476/4:‹/Table/53/1/880{0/6/-…-6/4/-…}›] handle raft ready: 0.7s [applied=1, batches=1, state_assertions=0]
I200911 22:57:37.086138 260 kv/kvserver/queue.go:582 ⋮ [n3,s3,r1224/3:‹/Table/59/1/73{10/"|…-58/"}…}›] rate limited in MaybeAdd (merge): throttled on async limiting semaphore
W200911 22:57:37.293004 279 kv/kvserver/store_raft.go:492 ⋮ [n3,s3,r17777/2:‹/Table/61/1/{8265/5-9000}›] handle raft ready: 1.7s [applied=590, batches=3, state_assertions=0]
W200911 22:57:37.339514 234 kv/kvserver/store_raft.go:492 ⋮ [n3,s3,r15966/2:‹/Table/53/1/762{1/7/-…-4/4/-…}›] handle raft ready: 1.0s [applied=1, batches=1, state_assertions=0]
W200911 22:57:37.340161 314 kv/kvserver/store_raft.go:492 ⋮ [n3,s3,r8035/5:‹/Table/53/1/65{07/8/…-16/7/…}›] handle raft ready: 1.0s [applied=2, batches=1, state_assertions=0]
W200911 22:57:37.340387 243 kv/kvserver/store_raft.go:492 ⋮ [n3,s3,r18656/5:‹/Table/57/1/68{89/86…-93/48…}›] handle raft ready: 1.0s [applied=2, batches=1, state_assertions=0]
W200911 22:57:37.342472 238 kv/kvserver/store_raft.go:492 ⋮ [n3,s3,r8567/4:‹/Table/53/1/84{83/7/…-95/2/…}›] handle raft ready: 1.0s [applied=3, batches=2, state_assertions=0]
W200911 22:57:37.342774 284 kv/kvserver/store_raft.go:492 ⋮ [n3,s3,r18817/3:‹/Table/61/1/6{000-683/6}›] handle raft ready: 1.0s [applied=283, batches=3, state_assertions=0]
W200911 22:57:37.344763 295 kv/kvserver/store_raft.go:492 ⋮ [n3,s3,r823/2:‹/Table/59/1/81{17/"\…-66/"\…}›] handle raft ready: 0.9s [applied=1, batches=1, state_assertions=0]
W200911 22:57:37.345581 345 kv/kvserver/store_raft.go:492 ⋮ [n3,s3,r16607/2:‹/Table/57/1/88{65/31…-73/23…}›] handle raft ready: 1.0s [applied=3, batches=1, state_assertions=0]
W200911 22:57:37.347268 241 kv/kvserver/store_raft.go:492 ⋮ [n3,s3,r10185/3:‹/Table/57/1/844{1/363…-5/325…}›] handle raft ready: 0.9s [applied=2, batches=1, state_assertions=0]
W200911 22:57:37.348487 288 kv/kvserver/store_raft.go:492 ⋮ [n3,s3,r11589/1:‹/Table/56/1/89{02/2/…-16/6/…}›] handle raft ready: 0.9s [applied=1, batches=1, state_assertions=0]
W200911 22:57:37.364847 237 kv/kvserver/store_raft.go:492 ⋮ [n3,s3,r4578/4:‹/Table/56/1/71{68/4/5-75/5/…}›] handle raft ready: 1.0s [applied=1, batches=1, state_assertions=0]
W200911 22:57:37.365249 282 kv/kvserver/store_raft.go:492 ⋮ [n3,s3,r16595/3:‹/Table/57/1/78{69/28…-70/83…}›] handle raft ready: 1.0s [applied=2, batches=1, state_assertions=0]
W200911 22:57:37.366568 257 kv/kvserver/store_raft.go:492 ⋮ [n3,s3,r7724/2:‹/Table/56/1/85{64/1/…-71/3/…}›] handle raft ready: 1.0s [applied=1, batches=1, state_assertions=0]
W200911 22:57:37.370464 255 kv/kvserver/store_raft.go:492 ⋮ [n3,s3,r16167/3:‹/Table/57/1/77{18/71…-20/27…}›] handle raft ready: 1.0s [applied=2, batches=1, state_assertions=0]
W200911 22:57:37.376144 259 kv/kvserver/store_raft.go:492 ⋮ [n3,s3,r1948/4:‹/Table/60/2/6{341/6/…-488/2/…}›] handle raft ready: 1.0s [applied=7, batches=1, state_assertions=0]
W200911 22:57:37.377709 306 kv/kvserver/store_raft.go:492 ⋮ [n3,s3,r17150/2:‹/Table/57/1/88{86/68…-94/60…}›] handle raft ready: 1.0s [applied=2, batches=1, state_assertions=0]
W200911 22:57:37.377911 307 kv/kvserver/store_raft.go:492 ⋮ [n3,s3,r17538/2:‹/Table/57/1/7{898/57…-902/53…}›] handle raft ready: 1.0s [applied=1, batches=1, state_assertions=0]
W200911 22:57:37.378772 248 kv/kvserver/store_raft.go:492 ⋮ [n3,s3,r9600/2:‹/Table/53/1/85{75/9/…-81/7/…}›] handle raft ready: 1.0s [applied=3, batches=1, state_assertions=0]
W200911 22:57:37.415592 273 kv/kvserver/store_raft.go:492 ⋮ [n3,s3,r9169/3:‹/Table/56/1/67{15/1/…-22/3/…}›] handle raft ready: 1.0s [applied=2, batches=1, state_assertions=0]
W200911 22:57:37.488518 235 kv/kvserver/store_raft.go:492 ⋮ [n3,s3,r6976/2:‹/Table/56/1/636{2/6/1…-9/8/1…}›] handle raft ready: 1.0s [applied=1, batches=1, state_assertions=0]
W200911 22:57:37.495256 277 kv/kvserver/store_raft.go:492 ⋮ [n3,s3,r17782/2:‹/Table/55/1/7{067-413}›] handle raft ready: 1.0s [applied=237, batches=1, state_assertions=0]
W200911 22:57:37.511855 324 kv/kvserver/store_raft.go:492 ⋮ [n3,s3,r314/4:‹/Table/58/1/7{000/1/…-853/9/…}›] handle raft ready: 1.0s [applied=11, batches=1, state_assertions=0]
W200911 22:57:37.529905 247 kv/kvserver/store_raft.go:492 ⋮ [n3,s3,r8049/3:‹/Table/56/1/736{2/6/1…-9/8/1…}›] handle raft ready: 1.0s [applied=2, batches=1, state_assertions=0]
W200911 22:57:37.530110 272 kv/kvserver/store_raft.go:492 ⋮ [n3,s3,r15166/3:‹/Table/57/1/770{2/867…-6/829…}›] handle raft ready: 1.0s [applied=2, batches=2, state_assertions=0]
W200911 22:57:37.530564 342 kv/kvserver/store_raft.go:492 ⋮ [n3,s3,r3545/3:‹/Table/60/2/{8808/5…-9000}›] handle raft ready: 1.0s [applied=2, batches=1, state_assertions=0]
W200911 22:57:37.530768 242 kv/kvserver/store_raft.go:492 ⋮ [n3,s3,r9863/4:‹/Table/56/1/68{73/4/…-80/6/…}›] handle raft ready: 1.0s [applied=1, batches=1, state_assertions=0]
W200911 22:57:37.549992 262 kv/kvserver/store_raft.go:492 ⋮ [n3,s3,r17775/2:‹/Table/61/1/{7385/4-8265/5}›] handle raft ready: 1.0s [applied=35, batches=1, state_assertions=0]
W200911 22:57:37.565475 313 kv/kvserver/store_raft.go:492 ⋮ [n3,s3,r16429/3:‹/Table/57/1/65{57/82…-65/74…}›] handle raft ready: 0.9s [applied=1, batches=1, state_assertions=0]
W200911 22:57:37.570629 336 kv/kvserver/store_raft.go:492 ⋮ [n3,s3,r15049/4:‹/Table/57/1/87{06/82…-14/75…}›] handle raft ready: 0.9s [applied=3, batches=2, state_assertions=0]
W200911 22:57:37.572728 322 kv/kvserver/store_raft.go:492 ⋮ [n3,s3,r8113/3:‹/Table/56/1/85{35/3/…-49/7/…}›] handle raft ready: 0.9s [applied=1, batches=1, state_assertions=0]
W200911 22:57:37.611591 261 kv/kvserver/store_raft.go:492 ⋮ [n3,s3,r2771/4:‹/Table/53/1/61{60/5/…-72/2/…}›] handle raft ready: 1.0s [applied=3, batches=2, state_assertions=0]
W200911 22:57:37.614059 302 kv/kvserver/store_raft.go:492 ⋮ [n3,s3,r6682/4:‹/Table/57/1/620{1/229…-7/594…}›] handle raft ready: 1.0s [applied=3, batches=2, state_assertions=0]
W200911 22:57:37.624998 292 kv/kvserver/store_raft.go:492 ⋮ [n3,s3,r12489/3:‹/Table/56/1/79{23/7/…-30/9/…}›] handle raft ready: 1.0s [applied=3, batches=2, state_assertions=0]
W200911 22:57:37.648476 341 kv/kvserver/store_raft.go:492 ⋮ [n3,s3,r3288/3:‹/Table/60/2/8{488/2/…-552/3/…}›] handle raft ready: 0.7s [applied=1, batches=1, state_assertions=0]
W200911 22:57:37.657647 256 kv/kvserver/store_raft.go:492 ⋮ [n3,s3,r1238/4:‹/Table/58/1/{6853/9…-7000/1…}›] handle raft ready: 0.7s [applied=1, batches=1, state_assertions=0]
W200911 22:57:37.676875 244 kv/kvserver/store_raft.go:492 ⋮ [n3,s3,r5693/3:‹/Table/56/1/72{76/3/…-83/5/…}›] handle raft ready: 0.7s [applied=2, batches=1, state_assertions=0]
W200911 22:57:37.680244 274 kv/kvserver/store_raft.go:492 ⋮ [n3,s3,r8515/4:‹/Table/53/1/65{16/7/…-22/5/…}›] handle raft ready: 0.7s [applied=2, batches=1, state_assertions=0]
W200911 22:57:37.681217 327 kv/kvserver/store_raft.go:492 ⋮ [n3,s3,r1706/2:‹/Table/60/2/6{149/5/…-213/5/…}›] handle raft ready: 0.7s [applied=1, batches=1, state_assertions=0]
W200911 22:57:37.682121 310 kv/kvserver/store_raft.go:492 ⋮ [n3,s3,r7688/3:‹/Table/53/1/648{1/6/-…-7/5/-…}›] handle raft ready: 0.7s [applied=2, batches=1, state_assertions=0]
W200911 22:57:37.703408 236 kv/kvserver/store_raft.go:492 ⋮ [n3,s3,r18472/3:‹/Table/55/1/6{000-329}›] handle raft ready: 0.7s [applied=3, batches=1, state_assertions=0]
W200911 22:57:37.784178 264 kv/kvserver/store_raft.go:492 ⋮ [n3,s3,r462/3:‹/Table/58/1/8{000/1/…-853/9/…}›] handle raft ready: 0.5s [applied=10, batches=1, state_assertions=0]
W200911 22:57:37.884587 332 kv/kvserver/store_raft.go:492 ⋮ [n3,s3,r6502/3:‹/Table/57/1/828{2/875…-6/837…}›] handle raft ready: 0.5s [applied=2, batches=1, state_assertions=0]
W200911 22:57:38.272848 259 kv/kvserver/store_raft.go:492 ⋮ [n3,s3,r18817/3:‹/Table/61/1/6{000-683/6}›] handle raft ready: 0.9s [applied=529, batches=1, state_assertions=0]
W200911 22:57:38.275218 281 kv/kvserver/store_raft.go:492 ⋮ [n3,s3,r4610/2:‹/Table/57/1/614{1/796…-8/161…}›] handle raft ready: 0.8s [applied=1, batches=1, state_assertions=0]
W200911 22:57:38.453972 275 kv/kvserver/store_raft.go:492 ⋮ [n3,s3,r3624/3:‹/Table/57/1/717{1/932…-3/492…}›] handle raft ready: 0.5s [applied=2, batches=1, state_assertions=0]
W200911 22:57:38.462132 307 kv/kvserver/store_raft.go:492 ⋮ [n3,s3,r10276/2:‹/Table/56/1/88{08/7/…-15/9/…}›] handle raft ready: 0.5s [applied=1, batches=1, state_assertions=0]
W200911 22:57:38.463749 291 kv/kvserver/store_raft.go:492 ⋮ [n3,s3,r16375/2:‹/Table/53/1/76{47/8/…-59/5/…}›] handle raft ready: 0.5s [applied=1, batches=1, state_assertions=0]
W200911 22:57:38.468496 274 kv/kvserver/store_raft.go:492 ⋮ [n3,s3,r553/4:‹/Table/56/1/80{03/8/…-17/3/…}›] handle raft ready: 0.5s [applied=1, batches=1, state_assertions=0]
W200911 22:57:38.468799 332 kv/kvserver/store_raft.go:492 ⋮ [n3,s3,r7790/2:‹/Table/57/1/73{38/34…-46/26…}›] handle raft ready: 0.5s [applied=1, batches=1, state_assertions=0]
W200911 22:57:38.478738 256 kv/kvserver/store_raft.go:492 ⋮ [n3,s3,r11062/2:‹/Table/53/1/86{88/1/…-93/9/…}›] handle raft ready: 0.5s [applied=1, batches=1, state_assertions=0]
W200911 22:57:38.482462 342 kv/kvserver/store_raft.go:492 ⋮ [n3,s3,r2834/3:‹/Table/60/2/7{488/2/…-552/3/…}›] handle raft ready: 0.5s [applied=1, batches=1, state_assertions=0]
W200911 22:57:38.482578 346 kv/kvserver/store_raft.go:492 ⋮ [n3,s3,r16421/2:‹/Table/57/1/879{1/593…-7/957…}›] handle raft ready: 0.5s [applied=1, batches=1, state_assertions=0]
W200911 22:57:38.592485 317 kv/kvserver/store_raft.go:492 ⋮ [n3,s3,r9069/2:‹/Table/56/1/86{43/2/…-50/4/…}›] handle raft ready: 0.6s [applied=2, batches=1, state_assertions=0]
W200911 22:57:38.627227 232 kv/kvserver/store_raft.go:492 ⋮ [n3,s3,r15495/2:‹/Table/57/1/882{1/730…-3/290…}›] handle raft ready: 0.6s [applied=1, batches=1, state_assertions=0]
W200911 22:57:38.821177 261 kv/kvserver/store_raft.go:492 ⋮ [n3,s3,r17747/2:‹/Table/57/1/890{0/973…-4/935…}›] handle raft ready: 1.1s [applied=2, batches=1, state_assertions=0]
W200911 22:57:38.821808 306 kv/kvserver/store_raft.go:492 ⋮ [n3,s3,r17777/2:‹/Table/61/1/{8265/5-9000}›] handle raft ready: 0.7s [applied=14, batches=1, state_assertions=0]
W200911 22:57:38.856363 305 kv/kvserver/store_raft.go:492 ⋮ [n3,s3,r3605/2:‹/Table/59/1/{7983/"…-8036/"…}›] handle raft ready: 0.5s [applied=1, batches=1, state_assertions=0]
W200911 22:57:38.858381 278 kv/kvserver/store_raft.go:492 ⋮ [n3,s3,r9497/2:‹/Table/56/1/67{79/9/…-89/9/…}›] handle raft ready: 0.7s [applied=1, batches=1, state_assertions=0]
W200911 22:57:38.858698 231 kv/kvserver/store_raft.go:492 ⋮ [n3,s3,r10015/2:‹/Table/57/1/73{74/511-81/92…}›] handle raft ready: 0.7s [applied=1, batches=1, state_assertions=0]
W200911 22:57:38.871074 247 kv/kvserver/store_raft.go:492 ⋮ [n3,s3,r439/7:‹/Table/58/1/6{000/1/…-853/9/…}›] handle raft ready: 0.5s [applied=10, batches=1, state_assertions=0]
W200911 22:57:38.871200 330 kv/kvserver/store_raft.go:492 ⋮ [n3,s3,r16817/1:‹/Table/57/1/669{2/538…-6/501…}›] handle raft ready: 0.7s [applied=2, batches=1, state_assertions=0]
W200911 22:57:38.871699 284 kv/kvserver/store_raft.go:492 ⋮ [n3,s3,r2009/3:‹/Table/60/1/6{441/10…-635/3/…}›] handle raft ready: 0.5s [applied=1, batches=1, state_assertions=0]
W200911 22:57:38.872008 314 kv/kvserver/store_raft.go:492 ⋮ [n3,s3,r1376/3:‹/Table/59/1/8{309/"\…-404/"\…}›] handle raft ready: 0.5s [applied=1, batches=1, state_assertions=0]
W200911 22:57:38.874288 328 kv/kvserver/store_raft.go:492 ⋮ [n3,s3,r10875/3:‹/Table/57/1/852{0/606…-8/530…}›] handle raft ready: 0.7s [applied=1, batches=1, state_assertions=0]
W200911 22:57:38.877838 319 kv/kvserver/store_raft.go:492 ⋮ [n3,s3,r7038/10:‹/Table/57/1/83{26/45…-34/38…}›] handle raft ready: 0.7s [applied=2, batches=1, state_assertions=0]
W200911 22:57:38.878211 297 kv/kvserver/store_raft.go:492 ⋮ [n3,s3,r16383/5:‹/Table/57/1/87{75/74…-83/66…}›] handle raft ready: 0.7s [applied=1, batches=1, state_assertions=0]
W200911 22:57:38.882423 304 kv/kvserver/store_raft.go:492 ⋮ [n3,s3,r18192/1:‹/Table/57/1/68{54/98…-61/35…}›] handle raft ready: 0.7s [applied=1, batches=1, state_assertions=0]
W200911 22:57:38.882651 309 kv/kvserver/store_raft.go:492 ⋮ [n3,s3,r10351/2:‹/Table/57/1/63{26/45…-30/42…}›] handle raft ready: 0.7s [applied=1, batches=1, state_assertions=0]
W200911 22:57:38.883848 229 kv/kvserver/store_raft.go:492 ⋮ [n3,s3,r1238/4:‹/Table/58/1/{6853/9…-7000/1…}›] handle raft ready: 0.7s [applied=2, batches=1, state_assertions=0]
W200911 22:57:38.884624 290 kv/kvserver/store_raft.go:492 ⋮ [n3,s3,r7331/4:‹/Table/56/1/64{48/9/…-56/1/…}›] handle raft ready: 0.7s [applied=1, batches=1, state_assertions=0]
W200911 22:57:38.884916 237 kv/kvserver/store_raft.go:492 ⋮ [n3,s3,r16523/3:‹/Table/57/1/784{5/507…-7/6618}›] handle raft ready: 0.7s [applied=1, batches=1, state_assertions=0]
W200911 22:57:38.885508 265 kv/kvserver/store_raft.go:492 ⋮ [n3,s3,r14502/7:‹/Table/57/1/75{38/15…-41/97…}›] handle raft ready: 0.7s [applied=2, batches=1, state_assertions=0]
W200911 22:57:38.890597 296 kv/kvserver/store_raft.go:492 ⋮ [n3,s3,r14952/4:‹/Table/57/1/763{5/511…-9/473…}›] handle raft ready: 0.7s [applied=2, batches=1, state_assertions=0]
W200911 22:57:38.901474 245 kv/kvserver/store_raft.go:492 ⋮ [n3,s3,r2575/2:‹/Table/53/1/71{16/5/…-25/4/…}›] handle raft ready: 0.5s [applied=1, batches=1, state_assertions=0]
W200911 22:57:38.936710 294 kv/kvserver/store_raft.go:492 ⋮ [n3,s3,r17775/2:‹/Table/61/1/{7385/4-8265/5}›] handle raft ready: 1.0s [applied=94, batches=1, state_assertions=0]
W200911 22:57:38.949016 244 kv/kvserver/store_raft.go:492 ⋮ [n3,s3,r17776/2:‹/Table/55/1/7{585-858}›] handle raft ready: 0.7s [applied=24, batches=1, state_assertions=0]
W200911 22:57:38.971634 334 kv/kvserver/store_raft.go:492 ⋮ [n3,s3,r12526/2:‹/Table/53/1/67{79/5/…-91/2/…}›] handle raft ready: 1.0s [applied=1, batches=1, state_assertions=0]
W200911 22:57:39.034440 205 kv/kvserver/store_raft.go:492 ⋮ [n3,s3,r17648/1:‹/Table/57/1/896{0/406…-4/368…}›] handle raft ready: 0.8s [applied=1, batches=1, state_assertions=0]
W200911 22:57:39.145729 337 kv/kvserver/store_raft.go:492 ⋮ [n3,s3,r18890/2:‹/Table/55/1/8{599-779}›] handle raft ready: 0.8s [applied=2, batches=1, state_assertions=0]
W200911 22:57:39.147538 263 kv/kvserver/store_raft.go:492 ⋮ [n3,s3,r18888/2:‹/Table/55/1/8{035-352}›] handle raft ready: 0.8s [applied=11, batches=1, state_assertions=0]
W200911 22:57:39.226338 248 kv/kvserver/store_raft.go:492 ⋮ [n3,s3,r14830/3:‹/Table/57/1/652{4/568…-8/530…}›] handle raft ready: 1.0s [applied=1, batches=1, state_assertions=0]
W200911 22:57:39.686197 318 kv/kvserver/store_raft.go:492 ⋮ [n3,s3,r17783/2:‹/Table/61/1/{6683/6-7027/2}›] handle raft ready: 0.8s [applied=387, batches=3, state_assertions=0]
W200911 22:57:40.187938 203 kv/kvserver/store_raft.go:492 ⋮ [n3,s3,r10491/3:‹/Table/57/1/633{8/345…-9/904…}›] handle raft ready: 0.6s [applied=1, batches=1, state_assertions=0]
W200911 22:57:40.217966 237 kv/kvserver/store_raft.go:492 ⋮ [n3,s3,r4580/5:‹/Table/56/1/62{04/3/…-18/7/…}›] handle raft ready: 0.6s [applied=4, batches=3, state_assertions=0]
W200911 22:57:40.224513 271 kv/kvserver/store_raft.go:492 ⋮ [n3,s3,r3926/3:‹/Table/53/1/71{72/1/…-83/8/…}›] handle raft ready: 0.5s [applied=1, batches=1, state_assertions=0]
W200911 22:57:40.244963 251 kv/kvserver/store_raft.go:492 ⋮ [n3,s3,r16659/3:‹/Table/57/1/787{7/204…-8/764…}›] handle raft ready: 0.5s [applied=1, batches=1, state_assertions=0]
W200911 22:57:40.299532 296 kv/kvserver/store_raft.go:492 ⋮ [n3,s3,r15015/3:‹/Table/57/1/766{0/843…-4/805…}›] handle raft ready: 0.5s [applied=2, batches=1, state_assertions=0]
W200911 22:57:40.326083 227 kv/kvserver/store_raft.go:492 ⋮ [n3,s3,r17775/2:‹/Table/61/1/{7385/4-8265/5}›] handle raft ready: 0.6s [applied=136, batches=1, state_assertions=0]
W200911 22:57:40.334265 322 kv/kvserver/store_raft.go:492 ⋮ [n3,s3,r4159/2:‹/Table/57/1/61{12/50…-20/42…}›] handle raft ready: 0.5s [applied=1, batches=1, state_assertions=0]
W200911 22:57:40.348315 274 kv/kvserver/store_raft.go:492 ⋮ [n3,s3,r9301/2:‹/Table/56/1/67{58/3/…-65/5/…}›] handle raft ready: 0.5s [applied=1, batches=1, state_assertions=0]
W200911 22:57:40.401352 206 kv/kvserver/store_raft.go:492 ⋮ [n3,s3,r6764/10:‹/Table/57/1/725{2/736…-6/698…}›] handle raft ready: 0.5s [applied=1, batches=1, state_assertions=0]
W200911 22:57:40.405375 341 kv/kvserver/store_raft.go:492 ⋮ [n3,s3,r18890/2:‹/Table/55/1/8{599-779}›] handle raft ready: 0.5s [applied=4, batches=1, state_assertions=0]
W200911 22:57:40.408226 280 kv/kvserver/store_raft.go:492 ⋮ [n3,s3,r14689/3:‹/Table/57/1/86{39/47…-47/39…}›] handle raft ready: 0.5s [applied=2, batches=1, state_assertions=0]
W200911 22:57:40.481611 335 kv/kvserver/store_raft.go:492 ⋮ [n3,s3,r18817/3:‹/Table/61/1/6{000-683/6}›] handle raft ready: 0.6s [applied=16, batches=1, state_assertions=0]
W200911 22:57:40.555784 318 kv/kvserver/store_raft.go:492 ⋮ [n3,s3,r3758/3:‹/Table/60/2/6{808/5/…-912/4/…}›] handle raft ready: 0.6s [applied=3, batches=1, state_assertions=0]
W200911 22:57:40.555881 263 kv/kvserver/store_raft.go:492 ⋮ [n3,s3,r18888/2:‹/Table/55/1/8{035-352}›] handle raft ready: 0.5s [applied=21, batches=1, state_assertions=0]
W200911 22:57:40.563049 331 kv/kvserver/store_raft.go:492 ⋮ [n3,s3,r18887/2:‹/Table/55/1/{8779-9000}›] handle raft ready: 0.5s [applied=10, batches=1, state_assertions=0]
W200911 22:57:40.564154 258 kv/kvserver/store_raft.go:492 ⋮ [n3,s3,r17783/2:‹/Table/61/1/{6683/6-7027/2}›] handle raft ready: 0.5s [applied=5, batches=1, state_assertions=0]
W200911 22:57:40.640680 334 kv/kvserver/store_raft.go:492 ⋮ [n3,s3,r1973/2:‹/Table/59/1/8{499/"\…-547/"\…}›] handle raft ready: 0.5s [applied=2, batches=1, state_assertions=0]
W200911 22:57:40.641646 204 kv/kvserver/store_raft.go:492 ⋮ [n3,s3,r11555/2:‹/Table/53/1/66{62/7/…-74/4/…}›] handle raft ready: 0.5s [applied=1, batches=1, state_assertions=0]
W200911 22:57:40.642317 336 kv/kvserver/store_raft.go:492 ⋮ [n3,s3,r6920/4:‹/Table/57/1/83{18/53…-26/45…}›] handle raft ready: 0.5s [applied=1, batches=1, state_assertions=0]
W200911 22:57:40.642852 230 kv/kvserver/store_raft.go:492 ⋮ [n3,s3,r18472/3:‹/Table/55/1/6{000-329}›] handle raft ready: 0.6s [applied=6, batches=1, state_assertions=0]
W200911 22:57:40.777358 346 kv/kvserver/store_raft.go:492 ⋮ [n3,s3,r16326/3:‹/Table/57/1/773{4/565…-8/527…}›] handle raft ready: 0.9s [applied=2, batches=1, state_assertions=0]
W200911 22:57:40.882980 267 kv/kvserver/store_raft.go:492 ⋮ [n3,s3,r2771/4:‹/Table/53/1/61{60/5/…-72/2/…}›] handle raft ready: 0.7s [applied=1, batches=1, state_assertions=0]
W200911 22:57:40.883210 281 kv/kvserver/store_raft.go:492 ⋮ [n3,s3,r16171/3:‹/Table/57/1/77{26/64…-34/56…}›] handle raft ready: 0.7s [applied=1, batches=1, state_assertions=0]
I200911 22:57:40.905658 247 kv/kvserver/queue.go:582 ⋮ [n3,s3,r4520/4:‹/Table/57/1/61{36/27…-41/79…}›] rate limited in MaybeAdd (raftlog): throttled on async limiting semaphore
W200911 22:57:42.318742 304 kv/kvserver/store_raft.go:492 ⋮ [n3,s3,r17783/2:‹/Table/61/1/{6683/6-7027/2}›] handle raft ready: 0.6s [applied=15, batches=1, state_assertions=0]
W200911 22:57:42.330068 303 kv/kvserver/store_raft.go:492 ⋮ [n3,s3,r18656/5:‹/Table/57/1/68{89/86…-93/48…}›] handle raft ready: 0.6s [applied=1, batches=1, state_assertions=0]
W200911 22:57:42.362586 236 kv/kvserver/store_raft.go:492 ⋮ [n3,s3,r1238/4:‹/Table/58/1/{6853/9…-7000/1…}›] handle raft ready: 0.6s [applied=1, batches=1, state_assertions=0]
W200911 22:57:42.362841 344 kv/kvserver/store_raft.go:492 ⋮ [n3,s3,r3288/3:‹/Table/60/2/8{488/2/…-552/3/…}›] handle raft ready: 0.6s [applied=1, batches=1, state_assertions=0]
W200911 22:57:42.367700 342 kv/kvserver/store_raft.go:492 ⋮ [n3,s3,r18472/3:‹/Table/55/1/6{000-329}›] handle raft ready: 0.6s [applied=8, batches=1, state_assertions=0]
W200911 22:57:42.521329 249 kv/kvserver/store_raft.go:492 ⋮ [n3,s3,r17777/2:‹/Table/61/1/{8265/5-9000}›] handle raft ready: 0.8s [applied=31, batches=1, state_assertions=0]
W200911 22:57:42.568275 313 kv/kvserver/store_raft.go:492 ⋮ [n3,s3,r17775/2:‹/Table/61/1/{7385/4-8265/5}›] handle raft ready: 0.8s [applied=24, batches=1, state_assertions=0]
I200911 22:57:43.436256 318 kv/kvserver/store_remove_replica.go:124 ⋮ [n3,s3,r18890/2:‹/Table/55/1/8{599-779}›] removing replica r18887/2
I200911 22:57:43.712762 342 kv/kvserver/store_remove_replica.go:124 ⋮ [n3,s3,r17779/2:‹/Table/55/1/{6603-7067}›] removing replica r17782/2
I200911 22:57:44.453339 329 kv/kvserver/store_remove_replica.go:124 ⋮ [n3,s3,r18889/2:‹/Table/55/1/{7858-8035}›] removing replica r18888/2
I200911 22:57:44.697871 317 kv/kvserver/store_remove_replica.go:124 ⋮ [n3,s3,r18817/3:‹/Table/61/1/6{000-683/6}›] removing replica r17783/2
I200911 22:57:44.869543 6431846 kv/txn.go:750 ⋮ [n3] async rollback failed: ‹aborted during DistSender.Send: context deadline exceeded›
I200911 22:57:45.076878 6434735 kv/txn.go:750 ⋮ [n3] async rollback failed: ‹aborted during DistSender.Send: context deadline exceeded›
I200911 22:57:45.127597 6435148 kv/txn.go:750 ⋮ [n3] async rollback failed: ‹aborted during DistSender.Send: context deadline exceeded›
I200911 22:57:45.164379 6435485 kv/txn.go:750 ⋮ [n3] async rollback failed: ‹aborted during DistSender.Send: context deadline exceeded›
I200911 22:57:45.186360 6435885 kv/txn.go:750 ⋮ [n3] async rollback failed: ‹aborted during DistSender.Send: context deadline exceeded›
I200911 22:57:45.198195 6435499 kv/txn.go:750 ⋮ [n3] async rollback failed: ‹aborted during DistSender.Send: context deadline exceeded›
I200911 22:57:45.208650 6436106 kv/txn.go:750 ⋮ [n3] async rollback failed: ‹aborted during DistSender.Send: context deadline exceeded›
I200911 22:57:46.475561 364 server/status/runtime.go:522 ⋮ [n3] runtime stats: 15 GiB RSS, 711 goroutines, 2.1 GiB/3.5 GiB/3.6 GiB GO alloc/idle/total, 8.7 GiB/11 GiB CGO alloc/total, 32100.1 CGO/sec, 885.2/51.5 %(u/s)time, 0.1 %gc (4x), 95 MiB/109 MiB (r/w)net
W200911 22:57:54.387811 58 vendor/google.golang.org/grpc/internal/channelz/logging.go:73 ⋮ ‹grpc: addrConn.createTransport failed to connect to {10.12.17.149:26257  <nil> 0 <nil>}. Err: connection error: desc = "transport: Error while dialing cannot reuse client connection". Reconnecting...›
W200911 22:57:55.497046 6447088 vendor/google.golang.org/grpc/internal/channelz/logging.go:73 ⋮ ‹grpc: addrConn.createTransport failed to connect to {10.12.17.149:26257  <nil> 0 <nil>}: didn't receive server preface in time. Reconnecting...›
W200911 22:57:55.512152 174 vendor/google.golang.org/grpc/internal/channelz/logging.go:73 ⋮ ‹grpc: addrConn.createTransport failed to connect to {3.12.104.196:26257  <nil> 0 <nil>}. Err: connection error: desc = "transport: Error while dialing cannot reuse client connection". Reconnecting...›
W200911 22:57:55.782095 387 server/node.go:779 ⋮ [n3,summaries] health alerts detected: ‹{Alerts:[{StoreID:3 Category:METRICS Description:ranges.underreplicated Value:7}]}›
I200911 22:57:56.473187 364 server/status/runtime.go:522 ⋮ [n3] runtime stats: 15 GiB RSS, 665 goroutines, 2.5 GiB/3.2 GiB/3.5 GiB GO alloc/idle/total, 8.7 GiB/11 GiB CGO alloc/total, 20602.4 CGO/sec, 128.6/39.0 %(u/s)time, 0.0 %gc (0x), 669 KiB/728 KiB (r/w)net
I200911 22:57:56.651084 6447281 kv/kvserver/replica_command.go:671 ⋮ [n3,merge,s3,r18472/3:‹/Table/55/1/6{000-329}›] initiating a merge of r17781:‹/Table/55/1/6{329-603}› [(n13,s13):1, (n3,s3):2, (n8,s8):3, next=4, gen=46, sticky=1599864994.665623743,0] into this range (‹lhs+rhs has (size=961 KiB+942 KiB=1.9 MiB qps=0.00+3.09=3.09qps) below threshold (size=128 MiB, qps=1250.00)›)
I200911 22:57:56.687299 333 kv/kvserver/store_remove_replica.go:124 ⋮ [n3,s3,r18472/3:‹/Table/55/1/6{000-329}›] removing replica r17781/2
I200911 22:57:56.724293 257 kv/kvserver/store_remove_replica.go:124 ⋮ [n3,s3,r17780/2:‹/Table/55/1/7{413-585}›] removing replica r17776/2
I200911 22:57:57.649498 6447481 kv/kvserver/replica_command.go:671 ⋮ [n3,merge,s3,r17775/2:‹/Table/61/1/{7385/4-8265/5}›] initiating a merge of r17777:‹/Table/61/1/{8265/5-9000}› [(n13,s13):1, (n3,s3):2, (n8,s8):3, next=4, gen=44, sticky=1599864879.466947933,0] into this range (‹lhs+rhs has (size=3.7 MiB+3.1 MiB=6.9 MiB qps=0.00+0.93=0.93qps) below threshold (size=128 MiB, qps=1250.00)›)
I200911 22:57:57.682274 243 kv/kvserver/store_remove_replica.go:124 ⋮ [n3,s3,r17775/2:‹/Table/61/1/{7385/4-8265/5}›] removing replica r17777/2
W200911 22:57:57.696161 6447258 vendor/google.golang.org/grpc/internal/channelz/logging.go:73 ⋮ ‹grpc: addrConn.createTransport failed to connect to {10.12.17.149:26257  <nil> 0 <nil>}: didn't receive server preface in time. Reconnecting...›
I200911 22:57:57.701582 329 kv/kvserver/store_remove_replica.go:124 ⋮ [n3,s3,r17784/2:‹/Table/61/1/7{027/2-385/4}›] removing replica r17775/2
I200911 22:57:58.435575 262 kv/kvserver/store_remove_replica.go:124 ⋮ [n3,s3,r18889/2:‹/Table/55/1/{7858-8352}›] removing replica r17778/2
I200911 22:57:58.703409 206 kv/kvserver/store_remove_replica.go:124 ⋮ [n3,s3,r17779/2:‹/Table/55/1/{6603-7413}›] removing replica r17780/2
W200911 22:57:59.896124 6447590 vendor/google.golang.org/grpc/internal/channelz/logging.go:73 ⋮ ‹grpc: addrConn.createTransport failed to connect to {10.12.17.149:26257  <nil> 0 <nil>}: didn't receive server preface in time. Reconnecting...›
W200911 22:58:02.096145 6447741 vendor/google.golang.org/grpc/internal/channelz/logging.go:73 ⋮ ‹grpc: addrConn.createTransport failed to connect to {10.12.17.149:26257  <nil> 0 <nil>}: didn't receive server preface in time. Reconnecting...›
W200911 22:58:04.296123 6447971 vendor/google.golang.org/grpc/internal/channelz/logging.go:73 ⋮ ‹grpc: addrConn.createTransport failed to connect to {10.12.17.149:26257  <nil> 0 <nil>}: didn't receive server preface in time. Reconnecting...›
I200911 22:58:04.504439 358 kv/kvserver/store_rebalancer.go:236 ⋮ [n3,s3,store-rebalancer] considering load-based lease transfers for s3 with 9148.77 qps (mean=6574.58, upperThreshold=8218.22)
I200911 22:58:04.507568 358 kv/kvserver/store_rebalancer.go:272 ⋮ [n3,s3,store-rebalancer] load-based lease transfers successfully brought s3 down to 7789.22 qps (mean=6574.58, upperThreshold=8218.22)
W200911 22:58:05.773526 387 server/node.go:779 ⋮ [n3,summaries] health alerts detected: ‹{Alerts:[{StoreID:3 Category:METRICS Description:ranges.underreplicated Value:7}]}›
I200911 22:58:06.472888 364 server/status/runtime.go:522 ⋮ [n3] runtime stats: 14 GiB RSS, 643 goroutines, 597 MiB/4.9 GiB/3.6 GiB GO alloc/idle/total, 7.8 GiB/10 GiB CGO alloc/total, 29232.0 CGO/sec, 110.4/27.6 %(u/s)time, 0.0 %gc (1x), 574 KiB/791 KiB (r/w)net
W200911 22:58:06.496133 6448041 vendor/google.golang.org/grpc/internal/channelz/logging.go:73 ⋮ ‹grpc: addrConn.createTransport failed to connect to {10.12.17.149:26257  <nil> 0 <nil>}: didn't receive server preface in time. Reconnecting...›
W200911 22:58:08.696130 6446598 vendor/google.golang.org/grpc/internal/channelz/logging.go:73 ⋮ ‹grpc: addrConn.createTransport failed to connect to {10.12.17.149:26257  <nil> 0 <nil>}: didn't receive server preface in time. Reconnecting...›
W200911 22:58:10.896158 6447819 vendor/google.golang.org/grpc/internal/channelz/logging.go:73 ⋮ ‹grpc: addrConn.createTransport failed to connect to {10.12.17.149:26257  <nil> 0 <nil>}: didn't receive server preface in time. Reconnecting...›
W200911 22:58:13.096149 6448556 vendor/google.golang.org/grpc/internal/channelz/logging.go:73 ⋮ ‹grpc: addrConn.createTransport failed to connect to {10.12.17.149:26257  <nil> 0 <nil>}. Err: connection error: desc = "transport: Error while dialing dial tcp 10.12.17.149:26257: i/o timeout". Reconnecting...›
W200911 22:58:15.296131 6448751 vendor/google.golang.org/grpc/internal/channelz/logging.go:73 ⋮ ‹grpc: addrConn.createTransport failed to connect to {10.12.17.149:26257  <nil> 0 <nil>}. Err: connection error: desc = "transport: Error while dialing dial tcp 10.12.17.149:26257: i/o timeout". Reconnecting...›
W200911 22:58:15.776683 387 server/node.go:779 ⋮ [n3,summaries] health alerts detected: ‹{Alerts:[{StoreID:3 Category:METRICS Description:ranges.underreplicated Value:7}]}›
I200911 22:58:16.471505 364 server/status/runtime.go:522 ⋮ [n3] runtime stats: 15 GiB RSS, 679 goroutines, 432 MiB/5.1 GiB/3.6 GiB GO alloc/idle/total, 8.7 GiB/11 GiB CGO alloc/total, 23477.9 CGO/sec, 123.0/44.9 %(u/s)time, 0.0 %gc (1x), 529 KiB/664 KiB (r/w)net
W200911 22:58:17.496119 6448870 vendor/google.golang.org/grpc/internal/channelz/logging.go:73 ⋮ ‹grpc: addrConn.createTransport failed to connect to {10.12.17.149:26257  <nil> 0 <nil>}. Err: connection error: desc = "transport: Error while dialing dial tcp 10.12.17.149:26257: i/o timeout". Reconnecting...›
W200911 22:58:19.696155 6446367 vendor/google.golang.org/grpc/internal/channelz/logging.go:73 ⋮ ‹grpc: addrConn.createTransport failed to connect to {10.12.17.149:26257  <nil> 0 <nil>}. Err: connection error: desc = "transport: Error while dialing dial tcp 10.12.17.149:26257: i/o timeout". Reconnecting...›
W200911 22:58:21.896076 6449020 vendor/google.golang.org/grpc/internal/channelz/logging.go:73 ⋮ ‹grpc: addrConn.createTransport failed to connect to {10.12.17.149:26257  <nil> 0 <nil>}. Err: connection error: desc = "transport: Error while dialing dial tcp 10.12.17.149:26257: i/o timeout". Reconnecting...›
W200911 22:58:24.096078 6449223 vendor/google.golang.org/grpc/internal/channelz/logging.go:73 ⋮ ‹grpc: addrConn.createTransport failed to connect to {10.12.17.149:26257  <nil> 0 <nil>}. Err: connection error: desc = "transport: Error while dialing dial tcp 10.12.17.149:26257: i/o timeout". Reconnecting...›
I200911 22:58:24.096156 6449322 vendor/github.com/cockroachdb/circuitbreaker/circuitbreaker.go:322 ⋮ [n3] circuitbreaker: ‹rpc [::]:26257 [n1]› tripped: failed to connect to n1 at ‹10.12.17.149:26257›: ‹initial connection heartbeat failed›: ‹rpc error: code = Unavailable desc = connection error: desc = "transport: Error while dialing dial tcp 10.12.17.149:26257: i/o timeout"›
I200911 22:58:24.096232 6449322 vendor/github.com/cockroachdb/circuitbreaker/circuitbreaker.go:447 ⋮ [n3] circuitbreaker: ‹rpc [::]:26257 [n1]› event: ‹BreakerTripped›
I200911 22:58:24.096248 6449322 rpc/nodedialer/nodedialer.go:160 ⋮ [n3] unable to connect to n1: failed to connect to n1 at ‹10.12.17.149:26257›: ‹initial connection heartbeat failed›: ‹rpc error: code = Unavailable desc = connection error: desc = "transport: Error while dialing dial tcp 10.12.17.149:26257: i/o timeout"›
W200911 22:58:24.615982 6449259 vendor/google.golang.org/grpc/internal/channelz/logging.go:73 ⋮ ‹grpc: addrConn.createTransport failed to connect to {10.12.17.149:26257  <nil> 0 <nil>}. Err: connection error: desc = "transport: Error while dialing dial tcp 10.12.17.149:26257: i/o timeout". Reconnecting...›
I200911 22:58:24.616048 6449257 vendor/github.com/cockroachdb/circuitbreaker/circuitbreaker.go:322 ⋮ [n3] circuitbreaker: ‹rpc [::]:26257 [n1]› tripped: failed to connect to n1 at ‹10.12.17.149:26257›: ‹initial connection heartbeat failed›: ‹rpc error: code = Unavailable desc = connection error: desc = "transport: Error while dialing dial tcp 10.12.17.149:26257: i/o timeout"›
I200911 22:58:24.616094 6449257 vendor/github.com/cockroachdb/circuitbreaker/circuitbreaker.go:447 ⋮ [n3] circuitbreaker: ‹rpc [::]:26257 [n1]› event: ‹BreakerTripped›
I200911 22:58:24.616105 6449257 rpc/nodedialer/nodedialer.go:160 ⋮ [n3] unable to connect to n1: failed to connect to n1 at ‹10.12.17.149:26257›: ‹initial connection heartbeat failed›: ‹rpc error: code = Unavailable desc = connection error: desc = "transport: Error while dialing dial tcp 10.12.17.149:26257: i/o timeout"›
W200911 22:58:25.096263 6449223 vendor/google.golang.org/grpc/internal/channelz/logging.go:73 ⋮ ‹grpc: addrConn.createTransport failed to connect to {10.12.17.149:26257  <nil> 0 <nil>}. Err: connection error: desc = "transport: Error while dialing cannot reuse client connection". Reconnecting...›
W200911 22:58:25.775503 387 server/node.go:779 ⋮ [n3,summaries] health alerts detected: ‹{Alerts:[{StoreID:3 Category:METRICS Description:ranges.underreplicated Value:7}]}›
W200911 22:58:26.296078 6449446 vendor/google.golang.org/grpc/internal/channelz/logging.go:73 ⋮ ‹grpc: addrConn.createTransport failed to connect to {10.12.17.149:26257  <nil> 0 <nil>}. Err: connection error: desc = "transport: Error while dialing dial tcp 10.12.17.149:26257: i/o timeout". Reconnecting...›
I200911 22:58:26.473436 364 server/status/runtime.go:522 ⋮ [n3] runtime stats: 15 GiB RSS, 692 goroutines, 414 MiB/5.2 GiB/3.6 GiB GO alloc/idle/total, 8.7 GiB/11 GiB CGO alloc/total, 14437.1 CGO/sec, 145.6/56.6 %(u/s)time, 0.0 %gc (1x), 488 KiB/856 KiB (r/w)net
W200911 22:58:28.496113 6449278 vendor/google.golang.org/grpc/internal/channelz/logging.go:73 ⋮ ‹grpc: addrConn.createTransport failed to connect to {10.12.17.149:26257  <nil> 0 <nil>}. Err: connection error: desc = "transport: Error while dialing dial tcp 10.12.17.149:26257: i/o timeout". Reconnecting...›
W200911 22:58:30.696143 6449599 vendor/google.golang.org/grpc/internal/channelz/logging.go:73 ⋮ ‹grpc: addrConn.createTransport failed to connect to {10.12.17.149:26257  <nil> 0 <nil>}. Err: connection error: desc = "transport: Error while dialing dial tcp 10.12.17.149:26257: i/o timeout". Reconnecting...›
W200911 22:58:32.896087 6449763 vendor/google.golang.org/grpc/internal/channelz/logging.go:73 ⋮ ‹grpc: addrConn.createTransport failed to connect to {10.12.17.149:26257  <nil> 0 <nil>}. Err: connection error: desc = "transport: Error while dialing dial tcp 10.12.17.149:26257: i/o timeout". Reconnecting...›
W200911 22:58:35.093325 6449864 vendor/google.golang.org/grpc/internal/channelz/logging.go:73 ⋮ ‹grpc: addrConn.createTransport failed to connect to {10.12.17.149:26257  <nil> 0 <nil>}. Err: connection error: desc = "transport: Error while dialing dial tcp 10.12.17.149:26257: connect: connection refused". Reconnecting...›
I200911 22:58:35.697588 360 gossip/gossip.go:568 ⋮ [n3] gossip status (ok, 15 node‹s›)
gossip client (1/3 cur/max conns)
  13: ‹10.12.26.166:26257› (9m24s: infos 5354/5531 sent/received, bytes 1830272B/2722543B sent/received)
gossip server (3/3 cur/max conns, infos 666005/221927 sent/received, bytes 271282799B/101611751B sent/received)
  9: ‹10.12.20.64:26257› (3h12m54s)
  10: ‹10.12.26.237:26257› (3h12m53s)
  7: ‹10.12.27.72:26257› (3h12m56s)
gossip connectivity
  n8 [sentinel];
  n2 -> n15; n3 -> n13; n5 -> n4; n5 -> n7; n6 -> n2; n6 -> n7; n7 -> n3; n8 -> n4; n8 -> n5; n9 -> n3; n9 -> n6; n10 -> n3; n10 -> n5; n11 -> n7; n11 -> n15; n12 -> n8; n12 -> n10; n13 -> n2; n13 -> n12; n14 -> n2; n14 -> n10; n15 -> n4; n15 -> n8;
W200911 22:58:35.767077 387 server/node.go:779 ⋮ [n3,summaries] health alerts detected: ‹{Alerts:[{StoreID:3 Category:METRICS Description:ranges.underreplicated Value:7}]}›
I200911 22:58:36.471612 364 server/status/runtime.go:522 ⋮ [n3] runtime stats: 14 GiB RSS, 697 goroutines, 418 MiB/5.2 GiB/3.5 GiB GO alloc/idle/total, 8.0 GiB/10 GiB CGO alloc/total, 10056.1 CGO/sec, 113.2/63.3 %(u/s)time, 0.0 %gc (1x), 420 KiB/654 KiB (r/w)net
W200911 22:58:45.770470 387 server/node.go:779 ⋮ [n3,summaries] health alerts detected: ‹{Alerts:[{StoreID:3 Category:METRICS Description:ranges.underreplicated Value:7}]}›
I200911 22:58:46.472728 364 server/status/runtime.go:522 ⋮ [n3] runtime stats: 14 GiB RSS, 697 goroutines, 360 MiB/5.2 GiB/3.5 GiB GO alloc/idle/total, 8.0 GiB/10 GiB CGO alloc/total, 1141.4 CGO/sec, 70.5/27.4 %(u/s)time, 0.0 %gc (1x), 572 KiB/681 KiB (r/w)net
W200911 22:58:55.096336 6451028 vendor/google.golang.org/grpc/internal/channelz/logging.go:73 ⋮ ‹grpc: addrConn.createTransport failed to connect to {10.12.17.149:26257  <nil> 0 <nil>}. Err: connection error: desc = "transport: Error while dialing cannot reuse client connection". Reconnecting...›
W200911 22:58:55.768243 387 server/node.go:779 ⋮ [n3,summaries] health alerts detected: ‹{Alerts:[{StoreID:3 Category:METRICS Description:ranges.underreplicated Value:7}]}›
I200911 22:58:56.471352 364 server/status/runtime.go:522 ⋮ [n3] runtime stats: 14 GiB RSS, 694 goroutines, 300 MiB/5.3 GiB/3.4 GiB GO alloc/idle/total, 8.1 GiB/10 GiB CGO alloc/total, 567.3 CGO/sec, 40.5/16.2 %(u/s)time, 0.0 %gc (1x), 865 KiB/911 KiB (r/w)net
W200911 22:59:05.768757 387 server/node.go:779 ⋮ [n3,summaries] health alerts detected: ‹{Alerts:[{StoreID:3 Category:METRICS Description:ranges.underreplicated Value:7}]}›
W200911 22:59:06.096193 6451657 vendor/google.golang.org/grpc/internal/channelz/logging.go:73 ⋮ ‹grpc: addrConn.createTransport failed to connect to {10.12.17.149:26257  <nil> 0 <nil>}. Err: connection error: desc = "transport: Error while dialing dial tcp 10.12.17.149:26257: connect: connection refused". Reconnecting...›
I200911 22:59:06.472783 364 server/status/runtime.go:522 ⋮ [n3] runtime stats: 14 GiB RSS, 701 goroutines, 424 MiB/5.2 GiB/3.4 GiB GO alloc/idle/total, 8.1 GiB/10 GiB CGO alloc/total, 148.3 CGO/sec, 8.8/3.2 %(u/s)time, 0.0 %gc (0x), 414 KiB/734 KiB (r/w)net
W200911 22:59:15.768792 387 server/node.go:779 ⋮ [n3,summaries] health alerts detected: ‹{Alerts:[{StoreID:3 Category:METRICS Description:ranges.underreplicated Value:7}]}›
I200911 22:59:16.472669 364 server/status/runtime.go:522 ⋮ [n3] runtime stats: 14 GiB RSS, 664 goroutines, 396 MiB/5.2 GiB/3.4 GiB GO alloc/idle/total, 8.2 GiB/10 GiB CGO alloc/total, 1150.2 CGO/sec, 96.1/69.3 %(u/s)time, 0.0 %gc (1x), 539 KiB/471 KiB (r/w)net
I200911 22:59:17.081511 6451919 jobs/registry.go:1063 ⋮ [n3] AUTO CREATE STATS job 589151459939778563: stepping through state running with error: ‹<nil>›
I200911 22:59:17.446387 6451919 jobs/registry.go:1063 ⋮ [n3] AUTO CREATE STATS job 589151459939778563: stepping through state succeeded with error: ‹<nil>›
I200911 22:59:17.481552 6452203 jobs/registry.go:1063 ⋮ [n3] AUTO CREATE STATS job 589151461255643139: stepping through state running with error: ‹<nil>›
I200911 22:59:18.398026 6452203 jobs/registry.go:1063 ⋮ [n3] AUTO CREATE STATS job 589151461255643139: stepping through state succeeded with error: ‹<nil>›
W200911 22:59:25.096343 6452583 vendor/google.golang.org/grpc/internal/channelz/logging.go:73 ⋮ ‹grpc: addrConn.createTransport failed to connect to {10.12.17.149:26257  <nil> 0 <nil>}. Err: connection error: desc = "transport: Error while dialing cannot reuse client connection". Reconnecting...›
W200911 22:59:25.769397 387 server/node.go:779 ⋮ [n3,summaries] health alerts detected: ‹{Alerts:[{StoreID:3 Category:METRICS Description:ranges.underreplicated Value:7}]}›
I200911 22:59:26.471877 364 server/status/runtime.go:522 ⋮ [n3] runtime stats: 14 GiB RSS, 652 goroutines, 358 MiB/5.2 GiB/3.3 GiB GO alloc/idle/total, 8.3 GiB/11 GiB CGO alloc/total, 1089.3 CGO/sec, 143.3/89.5 %(u/s)time, 0.0 %gc (2x), 9.5 MiB/1.3 MiB (r/w)net
I200911 22:59:35.697561 360 gossip/gossip.go:568 ⋮ [n3] gossip status (ok, 15 node‹s›)
gossip client (1/3 cur/max conns)
  13: ‹10.12.26.166:26257› (10m24s: infos 5927/6088 sent/received, bytes 2014583B/2993908B sent/received)
gossip server (3/3 cur/max conns, infos 668637/223727 sent/received, bytes 272316565B/102283192B sent/received)
  9: ‹10.12.20.64:26257› (3h13m54s)
  10: ‹10.12.26.237:26257› (3h13m53s)
  7: ‹10.12.27.72:26257› (3h13m56s)
W200911 22:59:35.789778 387 server/node.go:779 ⋮ [n3,summaries] health alerts detected: ‹{Alerts:[{StoreID:3 Category:METRICS Description:ranges.underreplicated Value:7}]}›
W200911 22:59:36.096220 6453092 vendor/google.golang.org/grpc/internal/channelz/logging.go:73 ⋮ ‹grpc: addrConn.createTransport failed to connect to {10.12.17.149:26257  <nil> 0 <nil>}. Err: connection error: desc = "transport: Error while dialing dial tcp 10.12.17.149:26257: connect: connection refused". Reconnecting...›
I200911 22:59:36.471691 364 server/status/runtime.go:522 ⋮ [n3] runtime stats: 14 GiB RSS, 649 goroutines, 317 MiB/5.2 GiB/3.3 GiB GO alloc/idle/total, 8.3 GiB/11 GiB CGO alloc/total, 907.7 CGO/sec, 51.2/39.2 %(u/s)time, 0.0 %gc (1x), 697 KiB/20 MiB (r/w)net
