>>> roachprod start: Fri Sep 11 19:45:37 UTC 2020
  PID COMMAND
    1 /sbin/init
    2 [kthreadd]
    3 [ksoftirqd/0]
    4 [kworker/0:0]
    5 [kworker/0:0H]
    6 [kworker/u32:0]
    7 [rcu_sched]
    8 [rcu_bh]
    9 [migration/0]
   10 [watchdog/0]
   11 [watchdog/1]
   12 [migration/1]
   13 [ksoftirqd/1]
   14 [kworker/1:0]
   15 [kworker/1:0H]
   16 [watchdog/2]
   17 [migration/2]
   18 [ksoftirqd/2]
   19 [kworker/2:0]
   20 [kworker/2:0H]
   21 [watchdog/3]
   22 [migration/3]
   23 [ksoftirqd/3]
   24 [kworker/3:0]
   25 [kworker/3:0H]
   26 [watchdog/4]
   27 [migration/4]
   28 [ksoftirqd/4]
   29 [kworker/4:0]
   30 [kworker/4:0H]
   31 [watchdog/5]
   32 [migration/5]
   33 [ksoftirqd/5]
   34 [kworker/5:0]
   35 [kworker/5:0H]
   36 [watchdog/6]
   37 [migration/6]
   38 [ksoftirqd/6]
   39 [kworker/6:0]
   40 [kworker/6:0H]
   41 [watchdog/7]
   42 [migration/7]
   43 [ksoftirqd/7]
   44 [kworker/7:0]
   45 [kworker/7:0H]
   46 [watchdog/8]
   47 [migration/8]
   48 [ksoftirqd/8]
   49 [kworker/8:0]
   50 [kworker/8:0H]
   51 [watchdog/9]
   52 [migration/9]
   53 [ksoftirqd/9]
   54 [kworker/9:0]
   55 [kworker/9:0H]
   56 [watchdog/10]
   57 [migration/10]
   58 [ksoftirqd/10]
   59 [kworker/10:0]
   60 [kworker/10:0H]
   61 [watchdog/11]
   62 [migration/11]
   63 [ksoftirqd/11]
   64 [kworker/11:0]
   65 [kworker/11:0H]
   66 [watchdog/12]
   67 [migration/12]
   68 [ksoftirqd/12]
   69 [kworker/12:0]
   70 [kworker/12:0H]
   71 [watchdog/13]
   72 [migration/13]
   73 [ksoftirqd/13]
   74 [kworker/13:0]
   75 [kworker/13:0H]
   76 [watchdog/14]
   77 [migration/14]
   78 [ksoftirqd/14]
   79 [kworker/14:0]
   80 [kworker/14:0H]
   81 [watchdog/15]
   82 [migration/15]
   83 [ksoftirqd/15]
   84 [kworker/15:0]
   85 [kworker/15:0H]
   86 [kdevtmpfs]
   87 [netns]
   88 [perf]
   89 [khungtaskd]
   90 [writeback]
   91 [ksmd]
   92 [khugepaged]
   93 [crypto]
   94 [kintegrityd]
   95 [bioset]
   96 [kblockd]
   97 [ata_sff]
   98 [md]
   99 [devfreq_wq]
  100 [kworker/u32:1]
  101 [kworker/1:1]
  102 [kworker/9:1]
  104 [kswapd0]
  105 [vmstat]
  106 [fsnotify_mark]
  107 [ecryptfs-kthrea]
  123 [kthrotld]
  124 [bioset]
  125 [bioset]
  126 [bioset]
  127 [bioset]
  128 [bioset]
  129 [bioset]
  130 [bioset]
  131 [bioset]
  132 [bioset]
  133 [bioset]
  134 [bioset]
  135 [bioset]
  136 [bioset]
  137 [bioset]
  138 [kworker/5:1]
  139 [bioset]
  140 [bioset]
  141 [bioset]
  142 [bioset]
  143 [bioset]
  144 [bioset]
  145 [bioset]
  146 [bioset]
  147 [bioset]
  148 [bioset]
  149 [kworker/7:1]
  153 [ipv6_addrconf]
  154 [kworker/6:1]
  167 [deferwq]
  169 [kworker/0:1]
  189 [kworker/8:1]
  206 [nvme]
  207 [kworker/u32:2]
  238 [ena]
  279 [kworker/14:1]
  280 [kworker/4:1]
  285 [kworker/13:1]
  286 [kworker/11:1]
  287 [bioset]
  288 [kworker/u32:3]
  289 [bioset]
  292 [kworker/2:1]
  296 [bioset]
  297 [bioset]
  302 [kworker/3:1]
  303 [kworker/10:1]
  304 [kworker/12:1]
  305 [kworker/15:1]
  371 [raid5wq]
  397 [bioset]
  421 [jbd2/nvme0n1p1-]
  422 [ext4-rsv-conver]
  469 [kworker/0:1H]
  483 [kworker/12:2]
  490 [kworker/10:2]
  502 [iscsi_eh]
  504 [ib_addr]
  505 [ib_mcast]
  506 [ib_nl_sa_wq]
  507 [ib_cm]
  508 [iw_cm_wq]
  509 [rdma_cm]
  512 [kworker/0:2]
  521 /lib/systemd/systemd-journald
  530 [kauditd]
  552 /sbin/lvmetad -f
  579 /lib/systemd/systemd-udevd
  581 [kworker/1:2]
  826 [kworker/3:1H]
  827 [kworker/1:1H]
  885 [kworker/4:1H]
  886 [kworker/5:1H]
  887 [kworker/6:1H]
  888 [kworker/7:1H]
  889 [kworker/12:1H]
  890 [kworker/13:1H]
  891 [kworker/14:1H]
  892 [kworker/15:1H]
  900 [kworker/13:2]
  959 /lib/systemd/systemd-timesyncd
  988 [kworker/5:2]
  989 [kworker/2:1H]
  993 [kworker/8:1H]
  995 [kworker/10:1H]
 1087 [kworker/0:3]
 1121 /sbin/dhclient -1 -v -pf /run/dhclient.ens5.pid -lf /var/lib/dhcp/dhclient.ens5.leases -I -df /var/lib/dhcp/dhclient6.ens5.leases ens5
 1216 [kworker/9:1H]
 1225 [kworker/11:1H]
 1264 /usr/lib/accountsservice/accounts-daemon
 1268 /usr/sbin/rsyslogd -n
 1270 /usr/sbin/acpid
 1272 /usr/bin/dbus-daemon --system --address=systemd: --nofork --nopidfile --systemd-activation
 1284 /usr/sbin/cron -f
 1286 /usr/bin/lxcfs /var/lib/lxcfs/
 1305 /usr/lib/snapd/snapd
 1307 /usr/sbin/atd -f
 1312 /lib/systemd/systemd-logind
 1337 /sbin/iscsid
 1338 /sbin/iscsid
 1364 /usr/lib/policykit-1/polkitd --no-debug
 1369 [kworker/4:2]
 1381 /sbin/mdadm --monitor --pid-file /run/mdadm/monitor.pid --daemonise --scan --syslog
 1446 /sbin/agetty --noclear tty1 linux
 1448 /sbin/agetty --keep-baud 115200 38400 9600 ttyS0 vt220
 1449 /usr/sbin/irqbalance --pid=/var/run/irqbalance.pid
 1476 [kworker/7:2]
 1784 [kworker/6:2]
 1790 [kworker/8:2]
 1838 [kworker/2:2]
 1839 [kworker/2:3]
 1914 [kworker/4:3]
 1915 [kworker/9:2]
 2012 [kworker/11:2]
 2262 [kworker/8:3]
 2311 [kworker/5:3]
 2358 [kworker/3:2]
 2405 [kworker/6:3]
 2547 [kworker/15:2]
 2597 [jbd2/nvme1n1-8]
 2598 [ext4-rsv-conver]
 3759 /usr/sbin/chronyd
 3789 [kworker/3:3]
 4126 [kworker/7:3]
 4407 [kworker/1:3]
 4596 [kworker/12:3]
 4691 [kworker/10:3]
 5482 /usr/sbin/sshd -D
 5596 [kworker/14:2]
 5877 sshd: ubuntu [priv]
 5879 /lib/systemd/systemd --user PATH=/usr/local/sbin:/usr/local/bin:/usr/sbin:/usr/bin:/sbin:/bin NOTIFY_SOCKET=/run/systemd/notify HOME=/home/ubuntu LOGNAME=ubuntu USER=ubuntu SHELL=/bin/bash XDG_RUNTIME_DIR=/run/user/1000
 5882 (sd-pam)
 5915 sshd: ubuntu@notty
 5916 bash -c  ??ulimit -c unlimited; mkdir -p ${HOME}/logs; ??echo ">>> roachprod start: $(date)" >> ${HOME}/logs/roachprod.log; ??ps axeww -o pid -o command >> ${HOME}/logs/roachprod.log; ??[ -x /usr/bin/lslocks ] && /usr/bin/lslocks >> ${HOME}/logs/roachprod.log;  ??export ROACHPROD=5; ??GOTRACEBACK=crash COCKROACH_SKIP_ENABLING_DIAGNOSTIC_REPORTING=1 COCKROACH_DEV_LICENSE=crl-0-EJL04ukFGAEiI0NvY2tyb2FjaCBMYWJzIC0gUHJvZHVjdGlvbiBUZXN0aW5n COCKROACH_ENABLE_RPC_COMPRESSION=false \ ??./cockroach start --background --insecure --store=path=/mnt/data1/cockroach --log-dir=${HOME}/logs --cache=25% --max-sql-memory=25% --port=26257 --http-port=26258 --locality=cloud=aws,region=us-east-2,zone=us-east-2b,rack=4 --join=3.12.104.196:26257 --advertise-host=$(hostname -I | awk '{print $1}') --cache=0.25 --max-sql-memory=0.4 >> ${HOME}/logs/cockroach.stdout.log \ ??                 2>> ${HOME}/logs/cockroach.stderr.log \ ???|| (x=$?; cat ${HOME}/logs/cockroach.stderr.log; exit $x) LANG=en_US.UTF-8 LC_ADDRESS=en_US.UTF-8 LC_IDENTIFICATION=en_US.UTF-8 LC_MEASUREMENT=en_US.UTF-8 LC_MONETARY=en_US.UTF-8 LC_NAME=en_US.UTF-8 LC_NUMERIC=en_US.UTF-8 LC_PAPER=en_US.UTF-8 LC_TELEPHONE=en_US.UTF-8 LC_TIME=en_US.UTF-8 USER=ubuntu LOGNAME=ubuntu HOME=/home/ubuntu PATH=/usr/local/sbin:/usr/local/bin:/usr/sbin:/usr/bin:/sbin:/bin:/usr/games:/usr/local/games MAIL=/var/mail/ubuntu SHELL=/bin/bash SSH_CLIENT=149.248.186.137 56228 22 SSH_CONNECTION=149.248.186.137 56228 10.12.20.183 22 XDG_SESSION_ID=67 XDG_RUNTIME_DIR=/run/user/1000
 5920 ps axeww -o pid -o command LC_PAPER=en_US.UTF-8 XDG_SESSION_ID=67 LC_ADDRESS=en_US.UTF-8 LC_MONETARY=en_US.UTF-8 SHELL=/bin/bash SSH_CLIENT=149.248.186.137 56228 22 LC_NUMERIC=en_US.UTF-8 USER=ubuntu LC_TELEPHONE=en_US.UTF-8 MAIL=/var/mail/ubuntu PATH=/usr/local/sbin:/usr/local/bin:/usr/sbin:/usr/bin:/sbin:/bin:/usr/games:/usr/local/games LC_IDENTIFICATION=en_US.UTF-8 PWD=/home/ubuntu LANG=en_US.UTF-8 LC_MEASUREMENT=en_US.UTF-8 SHLVL=1 HOME=/home/ubuntu LOGNAME=ubuntu SSH_CONNECTION=149.248.186.137 56228 10.12.20.183 22 XDG_RUNTIME_DIR=/run/user/1000 LC_TIME=en_US.UTF-8 LC_NAME=en_US.UTF-8 _=/bin/ps
COMMAND           PID  TYPE SIZE MODE  M START END PATH
cron             1284 FLOCK   0B WRITE 0     0   0 /run
iscsid           1338 POSIX   0B WRITE 0     0   0 /run
lxcfs            1286 POSIX   0B WRITE 0     0   0 /run
lvmetad           552 POSIX   0B WRITE 0     0   0 /run
atd              1307 POSIX   0B WRITE 0     0   0 /run
>>> roachprod stop: Fri Sep 11 23:19:25 UTC 2020
  PID COMMAND
    1 /sbin/init
    2 [kthreadd]
    3 [ksoftirqd/0]
    4 [kworker/0:0]
    5 [kworker/0:0H]
    7 [rcu_sched]
    8 [rcu_bh]
    9 [migration/0]
   10 [watchdog/0]
   11 [watchdog/1]
   12 [migration/1]
   13 [ksoftirqd/1]
   15 [kworker/1:0H]
   16 [watchdog/2]
   17 [migration/2]
   18 [ksoftirqd/2]
   20 [kworker/2:0H]
   21 [watchdog/3]
   22 [migration/3]
   23 [ksoftirqd/3]
   25 [kworker/3:0H]
   26 [watchdog/4]
   27 [migration/4]
   28 [ksoftirqd/4]
   30 [kworker/4:0H]
   31 [watchdog/5]
   32 [migration/5]
   33 [ksoftirqd/5]
   35 [kworker/5:0H]
   36 [watchdog/6]
   37 [migration/6]
   38 [ksoftirqd/6]
   40 [kworker/6:0H]
   41 [watchdog/7]
   42 [migration/7]
   43 [ksoftirqd/7]
   45 [kworker/7:0H]
   46 [watchdog/8]
   47 [migration/8]
   48 [ksoftirqd/8]
   49 [kworker/8:0]
   50 [kworker/8:0H]
   51 [watchdog/9]
   52 [migration/9]
   53 [ksoftirqd/9]
   55 [kworker/9:0H]
   56 [watchdog/10]
   57 [migration/10]
   58 [ksoftirqd/10]
   60 [kworker/10:0H]
   61 [watchdog/11]
   62 [migration/11]
   63 [ksoftirqd/11]
   64 [kworker/11:0]
   65 [kworker/11:0H]
   66 [watchdog/12]
   67 [migration/12]
   68 [ksoftirqd/12]
   70 [kworker/12:0H]
   71 [watchdog/13]
   72 [migration/13]
   73 [ksoftirqd/13]
   74 [kworker/13:0]
   75 [kworker/13:0H]
   76 [watchdog/14]
   77 [migration/14]
   78 [ksoftirqd/14]
   80 [kworker/14:0H]
   81 [watchdog/15]
   82 [migration/15]
   83 [ksoftirqd/15]
   85 [kworker/15:0H]
   86 [kdevtmpfs]
   87 [netns]
   88 [perf]
   89 [khungtaskd]
   90 [writeback]
   91 [ksmd]
   92 [khugepaged]
   93 [crypto]
   94 [kintegrityd]
   95 [bioset]
   96 [kblockd]
   97 [ata_sff]
   98 [md]
   99 [devfreq_wq]
  102 [kworker/9:1]
  104 [kswapd0]
  105 [vmstat]
  106 [fsnotify_mark]
  107 [ecryptfs-kthrea]
  123 [kthrotld]
  124 [bioset]
  125 [bioset]
  126 [bioset]
  127 [bioset]
  128 [bioset]
  129 [bioset]
  130 [bioset]
  131 [bioset]
  132 [bioset]
  133 [bioset]
  134 [bioset]
  135 [bioset]
  136 [bioset]
  137 [bioset]
  138 [kworker/5:1]
  139 [bioset]
  140 [bioset]
  141 [bioset]
  142 [bioset]
  143 [bioset]
  144 [bioset]
  145 [bioset]
  146 [bioset]
  147 [bioset]
  148 [bioset]
  153 [ipv6_addrconf]
  154 [kworker/6:1]
  167 [deferwq]
  206 [nvme]
  238 [ena]
  279 [kworker/14:1]
  286 [kworker/11:1]
  287 [bioset]
  289 [bioset]
  292 [kworker/2:1]
  296 [bioset]
  297 [bioset]
  303 [kworker/10:1]
  304 [kworker/12:1]
  305 [kworker/15:1]
  371 [raid5wq]
  397 [bioset]
  421 [jbd2/nvme0n1p1-]
  422 [ext4-rsv-conver]
  469 [kworker/0:1H]
  502 [iscsi_eh]
  504 [ib_addr]
  505 [ib_mcast]
  506 [ib_nl_sa_wq]
  507 [ib_cm]
  508 [iw_cm_wq]
  509 [rdma_cm]
  521 /lib/systemd/systemd-journald
  530 [kauditd]
  552 /sbin/lvmetad -f
  579 /lib/systemd/systemd-udevd
  581 [kworker/1:2]
  826 [kworker/3:1H]
  827 [kworker/1:1H]
  885 [kworker/4:1H]
  886 [kworker/5:1H]
  887 [kworker/6:1H]
  888 [kworker/7:1H]
  889 [kworker/12:1H]
  890 [kworker/13:1H]
  891 [kworker/14:1H]
  892 [kworker/15:1H]
  900 [kworker/13:2]
  959 /lib/systemd/systemd-timesyncd
  989 [kworker/2:1H]
  993 [kworker/8:1H]
  995 [kworker/10:1H]
 1087 [kworker/0:3]
 1121 /sbin/dhclient -1 -v -pf /run/dhclient.ens5.pid -lf /var/lib/dhcp/dhclient.ens5.leases -I -df /var/lib/dhcp/dhclient6.ens5.leases ens5
 1216 [kworker/9:1H]
 1225 [kworker/11:1H]
 1264 /usr/lib/accountsservice/accounts-daemon
 1268 /usr/sbin/rsyslogd -n
 1270 /usr/sbin/acpid
 1272 /usr/bin/dbus-daemon --system --address=systemd: --nofork --nopidfile --systemd-activation
 1284 /usr/sbin/cron -f
 1286 /usr/bin/lxcfs /var/lib/lxcfs/
 1305 /usr/lib/snapd/snapd
 1307 /usr/sbin/atd -f
 1312 /lib/systemd/systemd-logind
 1337 /sbin/iscsid
 1338 /sbin/iscsid
 1364 /usr/lib/policykit-1/polkitd --no-debug
 1381 /sbin/mdadm --monitor --pid-file /run/mdadm/monitor.pid --daemonise --scan --syslog
 1446 /sbin/agetty --noclear tty1 linux
 1448 /sbin/agetty --keep-baud 115200 38400 9600 ttyS0 vt220
 1449 /usr/sbin/irqbalance --pid=/var/run/irqbalance.pid
 1784 [kworker/6:2]
 1839 [kworker/2:3]
 1914 [kworker/4:3]
 1915 [kworker/9:2]
 2311 [kworker/5:3]
 2358 [kworker/3:2]
 2547 [kworker/15:2]
 2597 [jbd2/nvme1n1-8]
 2598 [ext4-rsv-conver]
 3759 /usr/sbin/chronyd
 3789 [kworker/3:3]
 4407 [kworker/1:3]
 4596 [kworker/12:3]
 4691 [kworker/10:3]
 5482 /usr/sbin/sshd -D
 5596 [kworker/14:2]
 5879 /lib/systemd/systemd --user PATH=/usr/local/sbin:/usr/local/bin:/usr/sbin:/usr/bin:/sbin:/bin NOTIFY_SOCKET=/run/systemd/notify HOME=/home/ubuntu LOGNAME=ubuntu USER=ubuntu SHELL=/bin/bash XDG_RUNTIME_DIR=/run/user/1000
 5882 (sd-pam)
 5947 ./cockroach start --insecure --store=path=/mnt/data1/cockroach --log-dir=/home/ubuntu/logs --cache=25% --max-sql-memory=25% --port=26257 --http-port=26258 --locality=cloud=aws,region=us-east-2,zone=us-east-2b,rack=4 --join=3.12.104.196:26257 --advertise-host=10.12.20.183 --cache=0.25 --max-sql-memory=0.4 COCKROACH_ENABLE_RPC_COMPRESSION=false GOTRACEBACK=crash COCKROACH_DEV_LICENSE=crl-0-EJL04ukFGAEiI0NvY2tyb2FjaCBMYWJzIC0gUHJvZHVjdGlvbiBUZXN0aW5n COCKROACH_SKIP_ENABLING_DIAGNOSTIC_REPORTING=1 LC_PAPER=en_US.UTF-8 XDG_SESSION_ID=67 LC_ADDRESS=en_US.UTF-8 LC_MONETARY=en_US.UTF-8 SHELL=/bin/bash SSH_CLIENT=149.248.186.137 56228 22 LC_NUMERIC=en_US.UTF-8 USER=ubuntu LC_TELEPHONE=en_US.UTF-8 MAIL=/var/mail/ubuntu PATH=/usr/local/sbin:/usr/local/bin:/usr/sbin:/usr/bin:/sbin:/bin:/usr/games:/usr/local/games LC_IDENTIFICATION=en_US.UTF-8 PWD=/home/ubuntu ROACHPROD=5 LANG=en_US.UTF-8 LC_MEASUREMENT=en_US.UTF-8 SHLVL=1 HOME=/home/ubuntu LOGNAME=ubuntu SSH_CONNECTION=149.248.186.137 56228 10.12.20.183 22 XDG_RUNTIME_DIR=/run/user/1000 LC_TIME=en_US.UTF-8 LC_NAME=en_US.UTF-8 _=./cockroach COCKROACH_BACKGROUND_RESTART=1 NOTIFY_SOCKET=/tmp/sdnotify703191808/notify.sock
 6035 [kworker/7:0]
 6192 [kworker/u32:2]
 6307 [kworker/7:1]
 6609 [kworker/u32:1]
 6750 [kworker/4:1]
 6788 [kworker/8:1]
 6801 [kworker/u32:0]
 6805 sshd: ubuntu [priv]
 6837 sshd: ubuntu@notty
 6838 bash -c  mkdir -p logs echo ">>> roachprod stop: $(date)" >> ${HOME}/logs/roachprod.log ps axeww -o pid -o command >> ${HOME}/logs/roachprod.log pids=$(ps axeww -o pid -o command | \   sed 's/export ROACHPROD=//g' | \   awk '/ROACHPROD=(5)[ \/]/ { print $1 }') if [ -n "${pids}" ]; then   kill -9 ${pids}    for pid in ${pids}; do     echo "${pid}: checking" >> ${HOME}/logs/roachprod.log     while kill -0 ${pid}; do       kill -0 ${pid} >> ${HOME}/logs/roachprod.log 2>&1       echo "${pid}: still alive [$?]" >> ${HOME}/logs/roachprod.log       ps axeww -o pid -o command >> ${HOME}/logs/roachprod.log       sleep 1     done     echo "${pid}: dead" >> ${HOME}/logs/roachprod.log   done  fi  LANG=en_US.UTF-8 LC_ADDRESS=en_US.UTF-8 LC_IDENTIFICATION=en_US.UTF-8 LC_MEASUREMENT=en_US.UTF-8 LC_MONETARY=en_US.UTF-8 LC_NAME=en_US.UTF-8 LC_NUMERIC=en_US.UTF-8 LC_PAPER=en_US.UTF-8 LC_TELEPHONE=en_US.UTF-8 LC_TIME=en_US.UTF-8 USER=ubuntu LOGNAME=ubuntu HOME=/home/ubuntu PATH=/usr/local/sbin:/usr/local/bin:/usr/sbin:/usr/bin:/sbin:/bin:/usr/games:/usr/local/games MAIL=/var/mail/ubuntu SHELL=/bin/bash SSH_CLIENT=149.248.186.137 59506 22 SSH_CONNECTION=149.248.186.137 59506 10.12.20.183 22 XDG_SESSION_ID=77 XDG_RUNTIME_DIR=/run/user/1000
 6842 ps axeww -o pid -o command LC_PAPER=en_US.UTF-8 XDG_SESSION_ID=77 LC_ADDRESS=en_US.UTF-8 LC_MONETARY=en_US.UTF-8 SHELL=/bin/bash SSH_CLIENT=149.248.186.137 59506 22 LC_NUMERIC=en_US.UTF-8 USER=ubuntu LC_TELEPHONE=en_US.UTF-8 MAIL=/var/mail/ubuntu PATH=/usr/local/sbin:/usr/local/bin:/usr/sbin:/usr/bin:/sbin:/bin:/usr/games:/usr/local/games LC_IDENTIFICATION=en_US.UTF-8 PWD=/home/ubuntu LANG=en_US.UTF-8 LC_MEASUREMENT=en_US.UTF-8 SHLVL=1 HOME=/home/ubuntu LOGNAME=ubuntu SSH_CONNECTION=149.248.186.137 59506 10.12.20.183 22 XDG_RUNTIME_DIR=/run/user/1000 LC_TIME=en_US.UTF-8 LC_NAME=en_US.UTF-8 _=/bin/ps
5947: checking
5947: still alive [0]
  PID COMMAND
    1 /sbin/init
    2 [kthreadd]
    3 [ksoftirqd/0]
    4 [kworker/0:0]
    5 [kworker/0:0H]
    7 [rcu_sched]
    8 [rcu_bh]
    9 [migration/0]
   10 [watchdog/0]
   11 [watchdog/1]
   12 [migration/1]
   13 [ksoftirqd/1]
   15 [kworker/1:0H]
   16 [watchdog/2]
   17 [migration/2]
   18 [ksoftirqd/2]
   20 [kworker/2:0H]
   21 [watchdog/3]
   22 [migration/3]
   23 [ksoftirqd/3]
   25 [kworker/3:0H]
   26 [watchdog/4]
   27 [migration/4]
   28 [ksoftirqd/4]
   30 [kworker/4:0H]
   31 [watchdog/5]
   32 [migration/5]
   33 [ksoftirqd/5]
   35 [kworker/5:0H]
   36 [watchdog/6]
   37 [migration/6]
   38 [ksoftirqd/6]
   40 [kworker/6:0H]
   41 [watchdog/7]
   42 [migration/7]
   43 [ksoftirqd/7]
   45 [kworker/7:0H]
   46 [watchdog/8]
   47 [migration/8]
   48 [ksoftirqd/8]
   49 [kworker/8:0]
   50 [kworker/8:0H]
   51 [watchdog/9]
   52 [migration/9]
   53 [ksoftirqd/9]
   55 [kworker/9:0H]
   56 [watchdog/10]
   57 [migration/10]
   58 [ksoftirqd/10]
   60 [kworker/10:0H]
   61 [watchdog/11]
   62 [migration/11]
   63 [ksoftirqd/11]
   64 [kworker/11:0]
   65 [kworker/11:0H]
   66 [watchdog/12]
   67 [migration/12]
   68 [ksoftirqd/12]
   70 [kworker/12:0H]
   71 [watchdog/13]
   72 [migration/13]
   73 [ksoftirqd/13]
   74 [kworker/13:0]
   75 [kworker/13:0H]
   76 [watchdog/14]
   77 [migration/14]
   78 [ksoftirqd/14]
   80 [kworker/14:0H]
   81 [watchdog/15]
   82 [migration/15]
   83 [ksoftirqd/15]
   85 [kworker/15:0H]
   86 [kdevtmpfs]
   87 [netns]
   88 [perf]
   89 [khungtaskd]
   90 [writeback]
   91 [ksmd]
   92 [khugepaged]
   93 [crypto]
   94 [kintegrityd]
   95 [bioset]
   96 [kblockd]
   97 [ata_sff]
   98 [md]
   99 [devfreq_wq]
  102 [kworker/9:1]
  104 [kswapd0]
  105 [vmstat]
  106 [fsnotify_mark]
  107 [ecryptfs-kthrea]
  123 [kthrotld]
  124 [bioset]
  125 [bioset]
  126 [bioset]
  127 [bioset]
  128 [bioset]
  129 [bioset]
  130 [bioset]
  131 [bioset]
  132 [bioset]
  133 [bioset]
  134 [bioset]
  135 [bioset]
  136 [bioset]
  137 [bioset]
  138 [kworker/5:1]
  139 [bioset]
  140 [bioset]
  141 [bioset]
  142 [bioset]
  143 [bioset]
  144 [bioset]
  145 [bioset]
  146 [bioset]
  147 [bioset]
  148 [bioset]
  153 [ipv6_addrconf]
  154 [kworker/6:1]
  167 [deferwq]
  206 [nvme]
  238 [ena]
  279 [kworker/14:1]
  286 [kworker/11:1]
  287 [bioset]
  289 [bioset]
  292 [kworker/2:1]
  296 [bioset]
  297 [bioset]
  303 [kworker/10:1]
  304 [kworker/12:1]
  305 [kworker/15:1]
  371 [raid5wq]
  397 [bioset]
  421 [jbd2/nvme0n1p1-]
  422 [ext4-rsv-conver]
  469 [kworker/0:1H]
  502 [iscsi_eh]
  504 [ib_addr]
  505 [ib_mcast]
  506 [ib_nl_sa_wq]
  507 [ib_cm]
  508 [iw_cm_wq]
  509 [rdma_cm]
  521 /lib/systemd/systemd-journald
  530 [kauditd]
  552 /sbin/lvmetad -f
  579 /lib/systemd/systemd-udevd
  581 [kworker/1:2]
  826 [kworker/3:1H]
  827 [kworker/1:1H]
  885 [kworker/4:1H]
  886 [kworker/5:1H]
  887 [kworker/6:1H]
  888 [kworker/7:1H]
  889 [kworker/12:1H]
  890 [kworker/13:1H]
  891 [kworker/14:1H]
  892 [kworker/15:1H]
  900 [kworker/13:2]
  959 /lib/systemd/systemd-timesyncd
  989 [kworker/2:1H]
  993 [kworker/8:1H]
  995 [kworker/10:1H]
 1087 [kworker/0:3]
 1121 /sbin/dhclient -1 -v -pf /run/dhclient.ens5.pid -lf /var/lib/dhcp/dhclient.ens5.leases -I -df /var/lib/dhcp/dhclient6.ens5.leases ens5
 1216 [kworker/9:1H]
 1225 [kworker/11:1H]
 1264 /usr/lib/accountsservice/accounts-daemon
 1268 /usr/sbin/rsyslogd -n
 1270 /usr/sbin/acpid
 1272 /usr/bin/dbus-daemon --system --address=systemd: --nofork --nopidfile --systemd-activation
 1284 /usr/sbin/cron -f
 1286 /usr/bin/lxcfs /var/lib/lxcfs/
 1305 /usr/lib/snapd/snapd
 1307 /usr/sbin/atd -f
 1312 /lib/systemd/systemd-logind
 1337 /sbin/iscsid
 1338 /sbin/iscsid
 1364 /usr/lib/policykit-1/polkitd --no-debug
 1381 /sbin/mdadm --monitor --pid-file /run/mdadm/monitor.pid --daemonise --scan --syslog
 1446 /sbin/agetty --noclear tty1 linux
 1448 /sbin/agetty --keep-baud 115200 38400 9600 ttyS0 vt220
 1449 /usr/sbin/irqbalance --pid=/var/run/irqbalance.pid
 1784 [kworker/6:2]
 1839 [kworker/2:3]
 1914 [kworker/4:3]
 1915 [kworker/9:2]
 2311 [kworker/5:3]
 2358 [kworker/3:2]
 2547 [kworker/15:2]
 2597 [jbd2/nvme1n1-8]
 2598 [ext4-rsv-conver]
 3759 /usr/sbin/chronyd
 3789 [kworker/3:3]
 4407 [kworker/1:3]
 4596 [kworker/12:3]
 4691 [kworker/10:3]
 5482 /usr/sbin/sshd -D
 5596 [kworker/14:2]
 5879 /lib/systemd/systemd --user PATH=/usr/local/sbin:/usr/local/bin:/usr/sbin:/usr/bin:/sbin:/bin NOTIFY_SOCKET=/run/systemd/notify HOME=/home/ubuntu LOGNAME=ubuntu USER=ubuntu SHELL=/bin/bash XDG_RUNTIME_DIR=/run/user/1000
 5882 (sd-pam)
 5947 [cockroach] <defunct>
 6035 [kworker/7:0]
 6192 [kworker/u32:2]
 6307 [kworker/7:1]
 6609 [kworker/u32:1]
 6750 [kworker/4:1]
 6788 [kworker/8:1]
 6801 [kworker/u32:0]
 6805 sshd: ubuntu [priv]
 6837 sshd: ubuntu@notty
 6838 bash -c  mkdir -p logs echo ">>> roachprod stop: $(date)" >> ${HOME}/logs/roachprod.log ps axeww -o pid -o command >> ${HOME}/logs/roachprod.log pids=$(ps axeww -o pid -o command | \   sed 's/export ROACHPROD=//g' | \   awk '/ROACHPROD=(5)[ \/]/ { print $1 }') if [ -n "${pids}" ]; then   kill -9 ${pids}    for pid in ${pids}; do     echo "${pid}: checking" >> ${HOME}/logs/roachprod.log     while kill -0 ${pid}; do       kill -0 ${pid} >> ${HOME}/logs/roachprod.log 2>&1       echo "${pid}: still alive [$?]" >> ${HOME}/logs/roachprod.log       ps axeww -o pid -o command >> ${HOME}/logs/roachprod.log       sleep 1     done     echo "${pid}: dead" >> ${HOME}/logs/roachprod.log   done  fi  LANG=en_US.UTF-8 LC_ADDRESS=en_US.UTF-8 LC_IDENTIFICATION=en_US.UTF-8 LC_MEASUREMENT=en_US.UTF-8 LC_MONETARY=en_US.UTF-8 LC_NAME=en_US.UTF-8 LC_NUMERIC=en_US.UTF-8 LC_PAPER=en_US.UTF-8 LC_TELEPHONE=en_US.UTF-8 LC_TIME=en_US.UTF-8 USER=ubuntu LOGNAME=ubuntu HOME=/home/ubuntu PATH=/usr/local/sbin:/usr/local/bin:/usr/sbin:/usr/bin:/sbin:/bin:/usr/games:/usr/local/games MAIL=/var/mail/ubuntu SHELL=/bin/bash SSH_CLIENT=149.248.186.137 59506 22 SSH_CONNECTION=149.248.186.137 59506 10.12.20.183 22 XDG_SESSION_ID=77 XDG_RUNTIME_DIR=/run/user/1000
 6847 ps axeww -o pid -o command LC_PAPER=en_US.UTF-8 XDG_SESSION_ID=77 LC_ADDRESS=en_US.UTF-8 LC_MONETARY=en_US.UTF-8 SHELL=/bin/bash SSH_CLIENT=149.248.186.137 59506 22 LC_NUMERIC=en_US.UTF-8 USER=ubuntu LC_TELEPHONE=en_US.UTF-8 MAIL=/var/mail/ubuntu PATH=/usr/local/sbin:/usr/local/bin:/usr/sbin:/usr/bin:/sbin:/bin:/usr/games:/usr/local/games LC_IDENTIFICATION=en_US.UTF-8 PWD=/home/ubuntu LANG=en_US.UTF-8 LC_MEASUREMENT=en_US.UTF-8 SHLVL=1 HOME=/home/ubuntu LOGNAME=ubuntu SSH_CONNECTION=149.248.186.137 59506 10.12.20.183 22 XDG_RUNTIME_DIR=/run/user/1000 LC_TIME=en_US.UTF-8 LC_NAME=en_US.UTF-8 _=/bin/ps
5947: dead
>>> roachprod start: Fri Sep 11 23:19:54 UTC 2020
  PID COMMAND
    1 /sbin/init
    2 [kthreadd]
    3 [ksoftirqd/0]
    4 [kworker/0:0]
    5 [kworker/0:0H]
    7 [rcu_sched]
    8 [rcu_bh]
    9 [migration/0]
   10 [watchdog/0]
   11 [watchdog/1]
   12 [migration/1]
   13 [ksoftirqd/1]
   15 [kworker/1:0H]
   16 [watchdog/2]
   17 [migration/2]
   18 [ksoftirqd/2]
   20 [kworker/2:0H]
   21 [watchdog/3]
   22 [migration/3]
   23 [ksoftirqd/3]
   25 [kworker/3:0H]
   26 [watchdog/4]
   27 [migration/4]
   28 [ksoftirqd/4]
   30 [kworker/4:0H]
   31 [watchdog/5]
   32 [migration/5]
   33 [ksoftirqd/5]
   35 [kworker/5:0H]
   36 [watchdog/6]
   37 [migration/6]
   38 [ksoftirqd/6]
   40 [kworker/6:0H]
   41 [watchdog/7]
   42 [migration/7]
   43 [ksoftirqd/7]
   45 [kworker/7:0H]
   46 [watchdog/8]
   47 [migration/8]
   48 [ksoftirqd/8]
   49 [kworker/8:0]
   50 [kworker/8:0H]
   51 [watchdog/9]
   52 [migration/9]
   53 [ksoftirqd/9]
   55 [kworker/9:0H]
   56 [watchdog/10]
   57 [migration/10]
   58 [ksoftirqd/10]
   60 [kworker/10:0H]
   61 [watchdog/11]
   62 [migration/11]
   63 [ksoftirqd/11]
   64 [kworker/11:0]
   65 [kworker/11:0H]
   66 [watchdog/12]
   67 [migration/12]
   68 [ksoftirqd/12]
   70 [kworker/12:0H]
   71 [watchdog/13]
   72 [migration/13]
   73 [ksoftirqd/13]
   74 [kworker/13:0]
   75 [kworker/13:0H]
   76 [watchdog/14]
   77 [migration/14]
   78 [ksoftirqd/14]
   80 [kworker/14:0H]
   81 [watchdog/15]
   82 [migration/15]
   83 [ksoftirqd/15]
   85 [kworker/15:0H]
   86 [kdevtmpfs]
   87 [netns]
   88 [perf]
   89 [khungtaskd]
   90 [writeback]
   91 [ksmd]
   92 [khugepaged]
   93 [crypto]
   94 [kintegrityd]
   95 [bioset]
   96 [kblockd]
   97 [ata_sff]
   98 [md]
   99 [devfreq_wq]
  102 [kworker/9:1]
  104 [kswapd0]
  105 [vmstat]
  106 [fsnotify_mark]
  107 [ecryptfs-kthrea]
  123 [kthrotld]
  124 [bioset]
  125 [bioset]
  126 [bioset]
  127 [bioset]
  128 [bioset]
  129 [bioset]
  130 [bioset]
  131 [bioset]
  132 [bioset]
  133 [bioset]
  134 [bioset]
  135 [bioset]
  136 [bioset]
  137 [bioset]
  138 [kworker/5:1]
  139 [bioset]
  140 [bioset]
  141 [bioset]
  142 [bioset]
  143 [bioset]
  144 [bioset]
  145 [bioset]
  146 [bioset]
  147 [bioset]
  148 [bioset]
  153 [ipv6_addrconf]
  154 [kworker/6:1]
  167 [deferwq]
  206 [nvme]
  238 [ena]
  279 [kworker/14:1]
  286 [kworker/11:1]
  287 [bioset]
  289 [bioset]
  292 [kworker/2:1]
  296 [bioset]
  297 [bioset]
  303 [kworker/10:1]
  304 [kworker/12:1]
  305 [kworker/15:1]
  371 [raid5wq]
  397 [bioset]
  421 [jbd2/nvme0n1p1-]
  422 [ext4-rsv-conver]
  469 [kworker/0:1H]
  502 [iscsi_eh]
  504 [ib_addr]
  505 [ib_mcast]
  506 [ib_nl_sa_wq]
  507 [ib_cm]
  508 [iw_cm_wq]
  509 [rdma_cm]
  521 /lib/systemd/systemd-journald
  530 [kauditd]
  552 /sbin/lvmetad -f
  579 /lib/systemd/systemd-udevd
  581 [kworker/1:2]
  826 [kworker/3:1H]
  827 [kworker/1:1H]
  885 [kworker/4:1H]
  886 [kworker/5:1H]
  887 [kworker/6:1H]
  888 [kworker/7:1H]
  889 [kworker/12:1H]
  890 [kworker/13:1H]
  891 [kworker/14:1H]
  892 [kworker/15:1H]
  900 [kworker/13:2]
  959 /lib/systemd/systemd-timesyncd
  989 [kworker/2:1H]
  993 [kworker/8:1H]
  995 [kworker/10:1H]
 1087 [kworker/0:3]
 1121 /sbin/dhclient -1 -v -pf /run/dhclient.ens5.pid -lf /var/lib/dhcp/dhclient.ens5.leases -I -df /var/lib/dhcp/dhclient6.ens5.leases ens5
 1216 [kworker/9:1H]
 1225 [kworker/11:1H]
 1264 /usr/lib/accountsservice/accounts-daemon
 1268 /usr/sbin/rsyslogd -n
 1270 /usr/sbin/acpid
 1272 /usr/bin/dbus-daemon --system --address=systemd: --nofork --nopidfile --systemd-activation
 1284 /usr/sbin/cron -f
 1286 /usr/bin/lxcfs /var/lib/lxcfs/
 1305 /usr/lib/snapd/snapd
 1307 /usr/sbin/atd -f
 1312 /lib/systemd/systemd-logind
 1337 /sbin/iscsid
 1338 /sbin/iscsid
 1364 /usr/lib/policykit-1/polkitd --no-debug
 1381 /sbin/mdadm --monitor --pid-file /run/mdadm/monitor.pid --daemonise --scan --syslog
 1446 /sbin/agetty --noclear tty1 linux
 1448 /sbin/agetty --keep-baud 115200 38400 9600 ttyS0 vt220
 1449 /usr/sbin/irqbalance --pid=/var/run/irqbalance.pid
 1784 [kworker/6:2]
 1839 [kworker/2:3]
 1914 [kworker/4:3]
 1915 [kworker/9:2]
 2311 [kworker/5:3]
 2358 [kworker/3:2]
 2547 [kworker/15:2]
 2597 [jbd2/nvme1n1-8]
 2598 [ext4-rsv-conver]
 3759 /usr/sbin/chronyd
 3789 [kworker/3:3]
 4407 [kworker/1:3]
 4596 [kworker/12:3]
 4691 [kworker/10:3]
 5482 /usr/sbin/sshd -D
 5596 [kworker/14:2]
 6035 [kworker/7:0]
 6192 [kworker/u32:2]
 6307 [kworker/7:1]
 6609 [kworker/u32:1]
 6750 [kworker/4:1]
 6788 [kworker/8:1]
 6801 [kworker/u32:0]
 6850 [kworker/10:0]
 6851 [kworker/10:2]
 6855 [kworker/8:2]
 6856 [kworker/8:3]
 6859 [kworker/7:2]
 6862 [kworker/5:0]
 6863 [kworker/7:3]
 6869 [kworker/12:0]
 6929 sshd: ubuntu [priv]
 6934 [kworker/2:0]
 6937 [kworker/0:1]
 6938 /lib/systemd/systemd --user PATH=/usr/local/sbin:/usr/local/bin:/usr/sbin:/usr/bin:/sbin:/bin NOTIFY_SOCKET=/run/systemd/notify HOME=/home/ubuntu LOGNAME=ubuntu USER=ubuntu SHELL=/bin/bash XDG_RUNTIME_DIR=/run/user/1000
 6940 (sd-pam)
 6973 sshd: ubuntu@notty
 6974 bash -c  ??ulimit -c unlimited; mkdir -p ${HOME}/logs; ??echo ">>> roachprod start: $(date)" >> ${HOME}/logs/roachprod.log; ??ps axeww -o pid -o command >> ${HOME}/logs/roachprod.log; ??[ -x /usr/bin/lslocks ] && /usr/bin/lslocks >> ${HOME}/logs/roachprod.log;  ??export ROACHPROD=5; ??GOTRACEBACK=crash COCKROACH_SKIP_ENABLING_DIAGNOSTIC_REPORTING=1 COCKROACH_DEV_LICENSE=crl-0-EJL04ukFGAEiI0NvY2tyb2FjaCBMYWJzIC0gUHJvZHVjdGlvbiBUZXN0aW5n COCKROACH_ENABLE_RPC_COMPRESSION=false \ ??./cockroach start --background --insecure --store=path=/mnt/data1/cockroach --log-dir=${HOME}/logs --cache=25% --max-sql-memory=25% --port=26257 --http-port=26258 --locality=cloud=aws,region=us-east-2,zone=us-east-2b,rack=4 --join=3.12.104.196:26257 --advertise-host=$(hostname -I | awk '{print $1}') --cache=0.25 --max-sql-memory=0.4 >> ${HOME}/logs/cockroach.stdout.log \ ??                 2>> ${HOME}/logs/cockroach.stderr.log \ ???|| (x=$?; cat ${HOME}/logs/cockroach.stderr.log; exit $x) LANG=en_US.UTF-8 LC_ADDRESS=en_US.UTF-8 LC_IDENTIFICATION=en_US.UTF-8 LC_MEASUREMENT=en_US.UTF-8 LC_MONETARY=en_US.UTF-8 LC_NAME=en_US.UTF-8 LC_NUMERIC=en_US.UTF-8 LC_PAPER=en_US.UTF-8 LC_TELEPHONE=en_US.UTF-8 LC_TIME=en_US.UTF-8 USER=ubuntu LOGNAME=ubuntu HOME=/home/ubuntu PATH=/usr/local/sbin:/usr/local/bin:/usr/sbin:/usr/bin:/sbin:/bin:/usr/games:/usr/local/games MAIL=/var/mail/ubuntu SHELL=/bin/bash SSH_CLIENT=149.248.186.137 59596 22 SSH_CONNECTION=149.248.186.137 59596 10.12.20.183 22 XDG_SESSION_ID=79 XDG_RUNTIME_DIR=/run/user/1000
 6978 ps axeww -o pid -o command LC_PAPER=en_US.UTF-8 XDG_SESSION_ID=79 LC_ADDRESS=en_US.UTF-8 LC_MONETARY=en_US.UTF-8 SHELL=/bin/bash SSH_CLIENT=149.248.186.137 59596 22 LC_NUMERIC=en_US.UTF-8 USER=ubuntu LC_TELEPHONE=en_US.UTF-8 MAIL=/var/mail/ubuntu PATH=/usr/local/sbin:/usr/local/bin:/usr/sbin:/usr/bin:/sbin:/bin:/usr/games:/usr/local/games LC_IDENTIFICATION=en_US.UTF-8 PWD=/home/ubuntu LANG=en_US.UTF-8 LC_MEASUREMENT=en_US.UTF-8 SHLVL=1 HOME=/home/ubuntu LOGNAME=ubuntu SSH_CONNECTION=149.248.186.137 59596 10.12.20.183 22 XDG_RUNTIME_DIR=/run/user/1000 LC_TIME=en_US.UTF-8 LC_NAME=en_US.UTF-8 _=/bin/ps
COMMAND           PID  TYPE SIZE MODE  M START END PATH
cron             1284 FLOCK   0B WRITE 0     0   0 /run
iscsid           1338 POSIX   0B WRITE 0     0   0 /run
lxcfs            1286 POSIX   0B WRITE 0     0   0 /run
lvmetad           552 POSIX   0B WRITE 0     0   0 /run
atd              1307 POSIX   0B WRITE 0     0   0 /run
