>>> roachprod start: Fri Sep 11 00:16:17 UTC 2020
  PID COMMAND
    1 /sbin/init
    2 [kthreadd]
    3 [ksoftirqd/0]
    5 [kworker/0:0H]
    7 [rcu_sched]
    8 [rcu_bh]
    9 [migration/0]
   10 [watchdog/0]
   11 [watchdog/1]
   12 [migration/1]
   13 [ksoftirqd/1]
   15 [kworker/1:0H]
   16 [watchdog/2]
   17 [migration/2]
   18 [ksoftirqd/2]
   20 [kworker/2:0H]
   21 [watchdog/3]
   22 [migration/3]
   23 [ksoftirqd/3]
   25 [kworker/3:0H]
   26 [watchdog/4]
   27 [migration/4]
   28 [ksoftirqd/4]
   30 [kworker/4:0H]
   31 [watchdog/5]
   32 [migration/5]
   33 [ksoftirqd/5]
   35 [kworker/5:0H]
   36 [watchdog/6]
   37 [migration/6]
   38 [ksoftirqd/6]
   40 [kworker/6:0H]
   41 [watchdog/7]
   42 [migration/7]
   43 [ksoftirqd/7]
   45 [kworker/7:0H]
   46 [watchdog/8]
   47 [migration/8]
   48 [ksoftirqd/8]
   50 [kworker/8:0H]
   51 [watchdog/9]
   52 [migration/9]
   53 [ksoftirqd/9]
   55 [kworker/9:0H]
   56 [watchdog/10]
   57 [migration/10]
   58 [ksoftirqd/10]
   60 [kworker/10:0H]
   61 [watchdog/11]
   62 [migration/11]
   63 [ksoftirqd/11]
   65 [kworker/11:0H]
   66 [watchdog/12]
   67 [migration/12]
   68 [ksoftirqd/12]
   70 [kworker/12:0H]
   71 [watchdog/13]
   72 [migration/13]
   73 [ksoftirqd/13]
   74 [kworker/13:0]
   75 [kworker/13:0H]
   76 [watchdog/14]
   77 [migration/14]
   78 [ksoftirqd/14]
   80 [kworker/14:0H]
   81 [watchdog/15]
   82 [migration/15]
   83 [ksoftirqd/15]
   85 [kworker/15:0H]
   86 [kdevtmpfs]
   87 [netns]
   88 [perf]
   89 [khungtaskd]
   90 [writeback]
   91 [ksmd]
   92 [khugepaged]
   93 [crypto]
   94 [kintegrityd]
   95 [bioset]
   96 [kblockd]
   97 [ata_sff]
   98 [md]
   99 [devfreq_wq]
  103 [kswapd0]
  104 [vmstat]
  105 [fsnotify_mark]
  106 [ecryptfs-kthrea]
  122 [kthrotld]
  123 [bioset]
  124 [bioset]
  125 [bioset]
  126 [bioset]
  127 [bioset]
  128 [bioset]
  129 [bioset]
  130 [bioset]
  131 [bioset]
  132 [bioset]
  133 [bioset]
  134 [bioset]
  135 [bioset]
  136 [bioset]
  137 [kworker/3:1]
  138 [bioset]
  139 [bioset]
  140 [bioset]
  141 [bioset]
  142 [bioset]
  143 [bioset]
  144 [bioset]
  145 [bioset]
  146 [bioset]
  147 [bioset]
  148 [kworker/5:1]
  152 [ipv6_addrconf]
  166 [deferwq]
  205 [nvme]
  237 [ena]
  282 [kworker/9:1]
  283 [kworker/12:1]
  286 [bioset]
  288 [bioset]
  296 [bioset]
  297 [bioset]
  311 [kworker/8:1]
  312 [kworker/10:1]
  314 [kworker/15:1]
  373 [raid5wq]
  399 [bioset]
  421 [jbd2/nvme0n1p1-]
  422 [ext4-rsv-conver]
  485 [kworker/1:2]
  497 /lib/systemd/systemd-journald
  515 [iscsi_eh]
  518 [ib_addr]
  519 [kauditd]
  523 [ib_mcast]
  524 [ib_nl_sa_wq]
  526 [ib_cm]
  530 [iw_cm_wq]
  534 [rdma_cm]
  555 /sbin/lvmetad -f
  576 /lib/systemd/systemd-udevd
  865 [kworker/0:1H]
  866 [kworker/1:1H]
  867 [kworker/2:1H]
  868 [kworker/3:1H]
  869 [kworker/8:1H]
  870 [kworker/9:1H]
  871 [kworker/10:1H]
  898 [kworker/4:2]
  902 [kworker/11:1H]
  903 [kworker/5:1H]
  904 [kworker/4:1H]
  970 [kworker/7:1H]
  971 [kworker/12:1H]
  972 [kworker/13:1H]
  973 [kworker/14:1H]
  974 [kworker/15:1H]
  975 [kworker/6:1H]
 1015 /lib/systemd/systemd-timesyncd
 1111 [kworker/0:3]
 1142 /sbin/dhclient -1 -v -pf /run/dhclient.ens5.pid -lf /var/lib/dhcp/dhclient.ens5.leases -I -df /var/lib/dhcp/dhclient6.ens5.leases ens5
 1267 /sbin/iscsid
 1268 /sbin/iscsid
 1270 /lib/systemd/systemd-logind
 1272 /usr/lib/accountsservice/accounts-daemon
 1274 /usr/sbin/cron -f
 1279 /usr/bin/lxcfs /var/lib/lxcfs/
 1289 /usr/sbin/rsyslogd -n
 1293 /usr/bin/dbus-daemon --system --address=systemd: --nofork --nopidfile --systemd-activation
 1302 /usr/sbin/atd -f
 1312 /usr/sbin/acpid
 1322 /usr/lib/snapd/snapd
 1340 /usr/lib/policykit-1/polkitd --no-debug
 1348 /sbin/mdadm --monitor --pid-file /run/mdadm/monitor.pid --daemonise --scan --syslog
 1408 [kworker/7:2]
 1430 /usr/sbin/irqbalance --pid=/var/run/irqbalance.pid
 1437 /sbin/agetty --noclear tty1 linux
 1439 /sbin/agetty --keep-baud 115200 38400 9600 ttyS0 vt220
 2022 [kworker/14:2]
 2075 [kworker/10:2]
 2322 [kworker/9:2]
 2417 [kworker/4:3]
 2418 [kworker/12:2]
 2659 [jbd2/nvme1n1-8]
 2660 [ext4-rsv-conver]
 3358 [kworker/13:3]
 3556 [kworker/15:2]
 3840 /usr/sbin/chronyd
 3854 [kworker/14:3]
 4098 [kworker/11:3]
 4513 /usr/sbin/sshd -D
 4847 [kworker/11:0]
 4848 [kworker/0:1]
 4923 [kworker/8:0]
 5036 [kworker/1:0]
 5096 [kworker/u32:0]
 5137 [kworker/6:1]
 5173 [kworker/2:0]
 5338 [kworker/5:3]
 5375 [kworker/2:3]
 5412 [kworker/6:3]
 5449 [kworker/3:3]
 5466 [kworker/u32:1]
 5502 [kworker/7:0]
 5560 [kworker/15:0]
 5561 [kworker/15:3]
 5567 [kworker/0:0]
 5572 [kworker/12:0]
 5623 [kworker/7:1]
 5625 [kworker/7:3]
 5628 [kworker/u32:2]
 5629 [kworker/10:0]
 5693 sshd: ubuntu [priv]
 5696 [kworker/4:0]
 5700 [kworker/3:0]
 5701 [kworker/3:2]
 5702 /lib/systemd/systemd --user PATH=/usr/local/sbin:/usr/local/bin:/usr/sbin:/usr/bin:/sbin:/bin NOTIFY_SOCKET=/run/systemd/notify HOME=/home/ubuntu LOGNAME=ubuntu USER=ubuntu SHELL=/bin/bash XDG_RUNTIME_DIR=/run/user/1000
 5704 (sd-pam)
 5737 sshd: ubuntu@notty
 5738 bash -c  ??ulimit -c unlimited; mkdir -p ${HOME}/logs; ??echo ">>> roachprod start: $(date)" >> ${HOME}/logs/roachprod.log; ??ps axeww -o pid -o command >> ${HOME}/logs/roachprod.log; ??[ -x /usr/bin/lslocks ] && /usr/bin/lslocks >> ${HOME}/logs/roachprod.log;  ??export ROACHPROD=8; ??GOTRACEBACK=crash COCKROACH_SKIP_ENABLING_DIAGNOSTIC_REPORTING=1 COCKROACH_DEV_LICENSE=crl-0-EJL04ukFGAEiI0NvY2tyb2FjaCBMYWJzIC0gUHJvZHVjdGlvbiBUZXN0aW5n COCKROACH_ENABLE_RPC_COMPRESSION=false \ ??./cockroach start --background --insecure --store=path=/mnt/data1/cockroach --log-dir=${HOME}/logs --cache=25% --max-sql-memory=25% --port=26257 --http-port=26258 --locality=cloud=aws,region=us-east-2,zone=us-east-2b,rack=2 --join=18.191.252.183:26257 --advertise-host=$(hostname -I | awk '{print $1}') --cache=0.25 --max-sql-memory=0.25 >> ${HOME}/logs/cockroach.stdout.log \ ??                 2>> ${HOME}/logs/cockroach.stderr.log \ ???|| (x=$?; cat ${HOME}/logs/cockroach.stderr.log; exit $x) LANG=en_US.UTF-8 LC_ADDRESS=en_US.UTF-8 LC_IDENTIFICATION=en_US.UTF-8 LC_MEASUREMENT=en_US.UTF-8 LC_MONETARY=en_US.UTF-8 LC_NAME=en_US.UTF-8 LC_NUMERIC=en_US.UTF-8 LC_PAPER=en_US.UTF-8 LC_TELEPHONE=en_US.UTF-8 LC_TIME=en_US.UTF-8 USER=ubuntu LOGNAME=ubuntu HOME=/home/ubuntu PATH=/usr/local/sbin:/usr/local/bin:/usr/sbin:/usr/bin:/sbin:/bin:/usr/games:/usr/local/games MAIL=/var/mail/ubuntu SHELL=/bin/bash SSH_CLIENT=149.248.186.137 47728 22 SSH_CONNECTION=149.248.186.137 47728 10.12.21.164 22 XDG_SESSION_ID=62 XDG_RUNTIME_DIR=/run/user/1000
 5742 ps axeww -o pid -o command LC_PAPER=en_US.UTF-8 XDG_SESSION_ID=62 LC_ADDRESS=en_US.UTF-8 LC_MONETARY=en_US.UTF-8 SHELL=/bin/bash SSH_CLIENT=149.248.186.137 47728 22 LC_NUMERIC=en_US.UTF-8 USER=ubuntu LC_TELEPHONE=en_US.UTF-8 MAIL=/var/mail/ubuntu PATH=/usr/local/sbin:/usr/local/bin:/usr/sbin:/usr/bin:/sbin:/bin:/usr/games:/usr/local/games LC_IDENTIFICATION=en_US.UTF-8 PWD=/home/ubuntu LANG=en_US.UTF-8 LC_MEASUREMENT=en_US.UTF-8 SHLVL=1 HOME=/home/ubuntu LOGNAME=ubuntu SSH_CONNECTION=149.248.186.137 47728 10.12.21.164 22 XDG_RUNTIME_DIR=/run/user/1000 LC_TIME=en_US.UTF-8 LC_NAME=en_US.UTF-8 _=/bin/ps
COMMAND           PID  TYPE SIZE MODE  M START END PATH
cron             1274 FLOCK   0B WRITE 0     0   0 /run
lxcfs            1279 POSIX   0B WRITE 0     0   0 /run
lvmetad           555 POSIX   0B WRITE 0     0   0 /run
iscsid           1268 POSIX   0B WRITE 0     0   0 /run
atd              1302 POSIX   0B WRITE 0     0   0 /run
>>> roachprod stop: Fri Sep 11 03:16:35 UTC 2020
  PID COMMAND
    1 /sbin/init
    2 [kthreadd]
    3 [ksoftirqd/0]
    5 [kworker/0:0H]
    7 [rcu_sched]
    8 [rcu_bh]
    9 [migration/0]
   10 [watchdog/0]
   11 [watchdog/1]
   12 [migration/1]
   13 [ksoftirqd/1]
   15 [kworker/1:0H]
   16 [watchdog/2]
   17 [migration/2]
   18 [ksoftirqd/2]
   20 [kworker/2:0H]
   21 [watchdog/3]
   22 [migration/3]
   23 [ksoftirqd/3]
   25 [kworker/3:0H]
   26 [watchdog/4]
   27 [migration/4]
   28 [ksoftirqd/4]
   30 [kworker/4:0H]
   31 [watchdog/5]
   32 [migration/5]
   33 [ksoftirqd/5]
   35 [kworker/5:0H]
   36 [watchdog/6]
   37 [migration/6]
   38 [ksoftirqd/6]
   40 [kworker/6:0H]
   41 [watchdog/7]
   42 [migration/7]
   43 [ksoftirqd/7]
   45 [kworker/7:0H]
   46 [watchdog/8]
   47 [migration/8]
   48 [ksoftirqd/8]
   50 [kworker/8:0H]
   51 [watchdog/9]
   52 [migration/9]
   53 [ksoftirqd/9]
   55 [kworker/9:0H]
   56 [watchdog/10]
   57 [migration/10]
   58 [ksoftirqd/10]
   60 [kworker/10:0H]
   61 [watchdog/11]
   62 [migration/11]
   63 [ksoftirqd/11]
   65 [kworker/11:0H]
   66 [watchdog/12]
   67 [migration/12]
   68 [ksoftirqd/12]
   70 [kworker/12:0H]
   71 [watchdog/13]
   72 [migration/13]
   73 [ksoftirqd/13]
   74 [kworker/13:0]
   75 [kworker/13:0H]
   76 [watchdog/14]
   77 [migration/14]
   78 [ksoftirqd/14]
   80 [kworker/14:0H]
   81 [watchdog/15]
   82 [migration/15]
   83 [ksoftirqd/15]
   85 [kworker/15:0H]
   86 [kdevtmpfs]
   87 [netns]
   88 [perf]
   89 [khungtaskd]
   90 [writeback]
   91 [ksmd]
   92 [khugepaged]
   93 [crypto]
   94 [kintegrityd]
   95 [bioset]
   96 [kblockd]
   97 [ata_sff]
   98 [md]
   99 [devfreq_wq]
  103 [kswapd0]
  104 [vmstat]
  105 [fsnotify_mark]
  106 [ecryptfs-kthrea]
  122 [kthrotld]
  123 [bioset]
  124 [bioset]
  125 [bioset]
  126 [bioset]
  127 [bioset]
  128 [bioset]
  129 [bioset]
  130 [bioset]
  131 [bioset]
  132 [bioset]
  133 [bioset]
  134 [bioset]
  135 [bioset]
  136 [bioset]
  137 [kworker/3:1]
  138 [bioset]
  139 [bioset]
  140 [bioset]
  141 [bioset]
  142 [bioset]
  143 [bioset]
  144 [bioset]
  145 [bioset]
  146 [bioset]
  147 [bioset]
  148 [kworker/5:1]
  152 [ipv6_addrconf]
  166 [deferwq]
  205 [nvme]
  237 [ena]
  282 [kworker/9:1]
  286 [bioset]
  288 [bioset]
  296 [bioset]
  297 [bioset]
  311 [kworker/8:1]
  314 [kworker/15:1]
  373 [raid5wq]
  399 [bioset]
  421 [jbd2/nvme0n1p1-]
  422 [ext4-rsv-conver]
  485 [kworker/1:2]
  497 /lib/systemd/systemd-journald
  515 [iscsi_eh]
  518 [ib_addr]
  519 [kauditd]
  523 [ib_mcast]
  524 [ib_nl_sa_wq]
  526 [ib_cm]
  530 [iw_cm_wq]
  534 [rdma_cm]
  555 /sbin/lvmetad -f
  576 /lib/systemd/systemd-udevd
  865 [kworker/0:1H]
  866 [kworker/1:1H]
  867 [kworker/2:1H]
  868 [kworker/3:1H]
  869 [kworker/8:1H]
  870 [kworker/9:1H]
  871 [kworker/10:1H]
  902 [kworker/11:1H]
  903 [kworker/5:1H]
  904 [kworker/4:1H]
  970 [kworker/7:1H]
  971 [kworker/12:1H]
  972 [kworker/13:1H]
  973 [kworker/14:1H]
  974 [kworker/15:1H]
  975 [kworker/6:1H]
 1015 /lib/systemd/systemd-timesyncd
 1111 [kworker/0:3]
 1142 /sbin/dhclient -1 -v -pf /run/dhclient.ens5.pid -lf /var/lib/dhcp/dhclient.ens5.leases -I -df /var/lib/dhcp/dhclient6.ens5.leases ens5
 1267 /sbin/iscsid
 1268 /sbin/iscsid
 1270 /lib/systemd/systemd-logind
 1272 /usr/lib/accountsservice/accounts-daemon
 1274 /usr/sbin/cron -f
 1279 /usr/bin/lxcfs /var/lib/lxcfs/
 1289 /usr/sbin/rsyslogd -n
 1293 /usr/bin/dbus-daemon --system --address=systemd: --nofork --nopidfile --systemd-activation
 1302 /usr/sbin/atd -f
 1312 /usr/sbin/acpid
 1322 /usr/lib/snapd/snapd
 1340 /usr/lib/policykit-1/polkitd --no-debug
 1348 /sbin/mdadm --monitor --pid-file /run/mdadm/monitor.pid --daemonise --scan --syslog
 1430 /usr/sbin/irqbalance --pid=/var/run/irqbalance.pid
 1437 /sbin/agetty --noclear tty1 linux
 1439 /sbin/agetty --keep-baud 115200 38400 9600 ttyS0 vt220
 2022 [kworker/14:2]
 2075 [kworker/10:2]
 2322 [kworker/9:2]
 2417 [kworker/4:3]
 2418 [kworker/12:2]
 2659 [jbd2/nvme1n1-8]
 2660 [ext4-rsv-conver]
 3358 [kworker/13:3]
 3840 /usr/sbin/chronyd
 3854 [kworker/14:3]
 4098 [kworker/11:3]
 4513 /usr/sbin/sshd -D
 4847 [kworker/11:0]
 4848 [kworker/0:1]
 4923 [kworker/8:0]
 5036 [kworker/1:0]
 5137 [kworker/6:1]
 5173 [kworker/2:0]
 5375 [kworker/2:3]
 5412 [kworker/6:3]
 5502 [kworker/7:0]
 5561 [kworker/15:3]
 5572 [kworker/12:0]
 5623 [kworker/7:1]
 5629 [kworker/10:0]
 5701 [kworker/3:2]
 5702 /lib/systemd/systemd --user PATH=/usr/local/sbin:/usr/local/bin:/usr/sbin:/usr/bin:/sbin:/bin NOTIFY_SOCKET=/run/systemd/notify HOME=/home/ubuntu LOGNAME=ubuntu USER=ubuntu SHELL=/bin/bash XDG_RUNTIME_DIR=/run/user/1000
 5704 (sd-pam)
 5768 ./cockroach start --insecure --store=path=/mnt/data1/cockroach --log-dir=/home/ubuntu/logs --cache=25% --max-sql-memory=25% --port=26257 --http-port=26258 --locality=cloud=aws,region=us-east-2,zone=us-east-2b,rack=2 --join=18.191.252.183:26257 --advertise-host=10.12.21.164 --cache=0.25 --max-sql-memory=0.25 COCKROACH_ENABLE_RPC_COMPRESSION=false GOTRACEBACK=crash COCKROACH_DEV_LICENSE=crl-0-EJL04ukFGAEiI0NvY2tyb2FjaCBMYWJzIC0gUHJvZHVjdGlvbiBUZXN0aW5n COCKROACH_SKIP_ENABLING_DIAGNOSTIC_REPORTING=1 LC_PAPER=en_US.UTF-8 XDG_SESSION_ID=62 LC_ADDRESS=en_US.UTF-8 LC_MONETARY=en_US.UTF-8 SHELL=/bin/bash SSH_CLIENT=149.248.186.137 47728 22 LC_NUMERIC=en_US.UTF-8 USER=ubuntu LC_TELEPHONE=en_US.UTF-8 MAIL=/var/mail/ubuntu PATH=/usr/local/sbin:/usr/local/bin:/usr/sbin:/usr/bin:/sbin:/bin:/usr/games:/usr/local/games LC_IDENTIFICATION=en_US.UTF-8 PWD=/home/ubuntu ROACHPROD=8 LANG=en_US.UTF-8 LC_MEASUREMENT=en_US.UTF-8 SHLVL=1 HOME=/home/ubuntu LOGNAME=ubuntu SSH_CONNECTION=149.248.186.137 47728 10.12.21.164 22 XDG_RUNTIME_DIR=/run/user/1000 LC_TIME=en_US.UTF-8 LC_NAME=en_US.UTF-8 _=./cockroach COCKROACH_BACKGROUND_RESTART=1 NOTIFY_SOCKET=/tmp/sdnotify844742893/notify.sock
 5842 [kworker/4:1]
 5921 [kworker/u32:0]
 5954 [kworker/u32:1]
 6036 [kworker/5:0]
 6055 sshd: ubuntu [priv]
 6087 sshd: ubuntu@notty
 6088 bash -c  mkdir -p logs echo ">>> roachprod stop: $(date)" >> ${HOME}/logs/roachprod.log ps axeww -o pid -o command >> ${HOME}/logs/roachprod.log pids=$(ps axeww -o pid -o command | \   sed 's/export ROACHPROD=//g' | \   awk '/ROACHPROD=(8)[ \/]/ { print $1 }') if [ -n "${pids}" ]; then   kill -9 ${pids}    for pid in ${pids}; do     echo "${pid}: checking" >> ${HOME}/logs/roachprod.log     while kill -0 ${pid}; do       kill -0 ${pid} >> ${HOME}/logs/roachprod.log 2>&1       echo "${pid}: still alive [$?]" >> ${HOME}/logs/roachprod.log       ps axeww -o pid -o command >> ${HOME}/logs/roachprod.log       sleep 1     done     echo "${pid}: dead" >> ${HOME}/logs/roachprod.log   done  fi  LANG=en_US.UTF-8 LC_ADDRESS=en_US.UTF-8 LC_IDENTIFICATION=en_US.UTF-8 LC_MEASUREMENT=en_US.UTF-8 LC_MONETARY=en_US.UTF-8 LC_NAME=en_US.UTF-8 LC_NUMERIC=en_US.UTF-8 LC_PAPER=en_US.UTF-8 LC_TELEPHONE=en_US.UTF-8 LC_TIME=en_US.UTF-8 USER=ubuntu LOGNAME=ubuntu HOME=/home/ubuntu PATH=/usr/local/sbin:/usr/local/bin:/usr/sbin:/usr/bin:/sbin:/bin:/usr/games:/usr/local/games MAIL=/var/mail/ubuntu SHELL=/bin/bash SSH_CLIENT=149.248.186.137 52552 22 SSH_CONNECTION=149.248.186.137 52552 10.12.21.164 22 XDG_SESSION_ID=68 XDG_RUNTIME_DIR=/run/user/1000
 6092 ps axeww -o pid -o command LC_PAPER=en_US.UTF-8 XDG_SESSION_ID=68 LC_ADDRESS=en_US.UTF-8 LC_MONETARY=en_US.UTF-8 SHELL=/bin/bash SSH_CLIENT=149.248.186.137 52552 22 LC_NUMERIC=en_US.UTF-8 USER=ubuntu LC_TELEPHONE=en_US.UTF-8 MAIL=/var/mail/ubuntu PATH=/usr/local/sbin:/usr/local/bin:/usr/sbin:/usr/bin:/sbin:/bin:/usr/games:/usr/local/games LC_IDENTIFICATION=en_US.UTF-8 PWD=/home/ubuntu LANG=en_US.UTF-8 LC_MEASUREMENT=en_US.UTF-8 SHLVL=1 HOME=/home/ubuntu LOGNAME=ubuntu SSH_CONNECTION=149.248.186.137 52552 10.12.21.164 22 XDG_RUNTIME_DIR=/run/user/1000 LC_TIME=en_US.UTF-8 LC_NAME=en_US.UTF-8 _=/bin/ps
5768: checking
5768: still alive [0]
  PID COMMAND
    1 /sbin/init
    2 [kthreadd]
    3 [ksoftirqd/0]
    5 [kworker/0:0H]
    7 [rcu_sched]
    8 [rcu_bh]
    9 [migration/0]
   10 [watchdog/0]
   11 [watchdog/1]
   12 [migration/1]
   13 [ksoftirqd/1]
   15 [kworker/1:0H]
   16 [watchdog/2]
   17 [migration/2]
   18 [ksoftirqd/2]
   20 [kworker/2:0H]
   21 [watchdog/3]
   22 [migration/3]
   23 [ksoftirqd/3]
   25 [kworker/3:0H]
   26 [watchdog/4]
   27 [migration/4]
   28 [ksoftirqd/4]
   30 [kworker/4:0H]
   31 [watchdog/5]
   32 [migration/5]
   33 [ksoftirqd/5]
   35 [kworker/5:0H]
   36 [watchdog/6]
   37 [migration/6]
   38 [ksoftirqd/6]
   40 [kworker/6:0H]
   41 [watchdog/7]
   42 [migration/7]
   43 [ksoftirqd/7]
   45 [kworker/7:0H]
   46 [watchdog/8]
   47 [migration/8]
   48 [ksoftirqd/8]
   50 [kworker/8:0H]
   51 [watchdog/9]
   52 [migration/9]
   53 [ksoftirqd/9]
   55 [kworker/9:0H]
   56 [watchdog/10]
   57 [migration/10]
   58 [ksoftirqd/10]
   60 [kworker/10:0H]
   61 [watchdog/11]
   62 [migration/11]
   63 [ksoftirqd/11]
   65 [kworker/11:0H]
   66 [watchdog/12]
   67 [migration/12]
   68 [ksoftirqd/12]
   70 [kworker/12:0H]
   71 [watchdog/13]
   72 [migration/13]
   73 [ksoftirqd/13]
   74 [kworker/13:0]
   75 [kworker/13:0H]
   76 [watchdog/14]
   77 [migration/14]
   78 [ksoftirqd/14]
   80 [kworker/14:0H]
   81 [watchdog/15]
   82 [migration/15]
   83 [ksoftirqd/15]
   85 [kworker/15:0H]
   86 [kdevtmpfs]
   87 [netns]
   88 [perf]
   89 [khungtaskd]
   90 [writeback]
   91 [ksmd]
   92 [khugepaged]
   93 [crypto]
   94 [kintegrityd]
   95 [bioset]
   96 [kblockd]
   97 [ata_sff]
   98 [md]
   99 [devfreq_wq]
  103 [kswapd0]
  104 [vmstat]
  105 [fsnotify_mark]
  106 [ecryptfs-kthrea]
  122 [kthrotld]
  123 [bioset]
  124 [bioset]
  125 [bioset]
  126 [bioset]
  127 [bioset]
  128 [bioset]
  129 [bioset]
  130 [bioset]
  131 [bioset]
  132 [bioset]
  133 [bioset]
  134 [bioset]
  135 [bioset]
  136 [bioset]
  137 [kworker/3:1]
  138 [bioset]
  139 [bioset]
  140 [bioset]
  141 [bioset]
  142 [bioset]
  143 [bioset]
  144 [bioset]
  145 [bioset]
  146 [bioset]
  147 [bioset]
  148 [kworker/5:1]
  152 [ipv6_addrconf]
  166 [deferwq]
  205 [nvme]
  237 [ena]
  282 [kworker/9:1]
  286 [bioset]
  288 [bioset]
  296 [bioset]
  297 [bioset]
  311 [kworker/8:1]
  314 [kworker/15:1]
  373 [raid5wq]
  399 [bioset]
  421 [jbd2/nvme0n1p1-]
  422 [ext4-rsv-conver]
  485 [kworker/1:2]
  497 /lib/systemd/systemd-journald
  515 [iscsi_eh]
  518 [ib_addr]
  519 [kauditd]
  523 [ib_mcast]
  524 [ib_nl_sa_wq]
  526 [ib_cm]
  530 [iw_cm_wq]
  534 [rdma_cm]
  555 /sbin/lvmetad -f
  576 /lib/systemd/systemd-udevd
  865 [kworker/0:1H]
  866 [kworker/1:1H]
  867 [kworker/2:1H]
  868 [kworker/3:1H]
  869 [kworker/8:1H]
  870 [kworker/9:1H]
  871 [kworker/10:1H]
  902 [kworker/11:1H]
  903 [kworker/5:1H]
  904 [kworker/4:1H]
  970 [kworker/7:1H]
  971 [kworker/12:1H]
  972 [kworker/13:1H]
  973 [kworker/14:1H]
  974 [kworker/15:1H]
  975 [kworker/6:1H]
 1015 /lib/systemd/systemd-timesyncd
 1111 [kworker/0:3]
 1142 /sbin/dhclient -1 -v -pf /run/dhclient.ens5.pid -lf /var/lib/dhcp/dhclient.ens5.leases -I -df /var/lib/dhcp/dhclient6.ens5.leases ens5
 1267 /sbin/iscsid
 1268 /sbin/iscsid
 1270 /lib/systemd/systemd-logind
 1272 /usr/lib/accountsservice/accounts-daemon
 1274 /usr/sbin/cron -f
 1279 /usr/bin/lxcfs /var/lib/lxcfs/
 1289 /usr/sbin/rsyslogd -n
 1293 /usr/bin/dbus-daemon --system --address=systemd: --nofork --nopidfile --systemd-activation
 1302 /usr/sbin/atd -f
 1312 /usr/sbin/acpid
 1322 /usr/lib/snapd/snapd
 1340 /usr/lib/policykit-1/polkitd --no-debug
 1348 /sbin/mdadm --monitor --pid-file /run/mdadm/monitor.pid --daemonise --scan --syslog
 1430 /usr/sbin/irqbalance --pid=/var/run/irqbalance.pid
 1437 /sbin/agetty --noclear tty1 linux
 1439 /sbin/agetty --keep-baud 115200 38400 9600 ttyS0 vt220
 2022 [kworker/14:2]
 2075 [kworker/10:2]
 2322 [kworker/9:2]
 2417 [kworker/4:3]
 2418 [kworker/12:2]
 2659 [jbd2/nvme1n1-8]
 2660 [ext4-rsv-conver]
 3358 [kworker/13:3]
 3840 /usr/sbin/chronyd
 3854 [kworker/14:3]
 4098 [kworker/11:3]
 4513 /usr/sbin/sshd -D
 4847 [kworker/11:0]
 4848 [kworker/0:1]
 4923 [kworker/8:0]
 5036 [kworker/1:0]
 5137 [kworker/6:1]
 5173 [kworker/2:0]
 5375 [kworker/2:3]
 5412 [kworker/6:3]
 5502 [kworker/7:0]
 5561 [kworker/15:3]
 5572 [kworker/12:0]
 5623 [kworker/7:1]
 5629 [kworker/10:0]
 5701 [kworker/3:2]
 5702 /lib/systemd/systemd --user PATH=/usr/local/sbin:/usr/local/bin:/usr/sbin:/usr/bin:/sbin:/bin NOTIFY_SOCKET=/run/systemd/notify HOME=/home/ubuntu LOGNAME=ubuntu USER=ubuntu SHELL=/bin/bash XDG_RUNTIME_DIR=/run/user/1000
 5704 (sd-pam)
 5768 [cockroach] <defunct>
 5842 [kworker/4:1]
 5921 [kworker/u32:0]
 5954 [kworker/u32:1]
 6036 [kworker/5:0]
 6055 sshd: ubuntu [priv]
 6087 sshd: ubuntu@notty
 6088 bash -c  mkdir -p logs echo ">>> roachprod stop: $(date)" >> ${HOME}/logs/roachprod.log ps axeww -o pid -o command >> ${HOME}/logs/roachprod.log pids=$(ps axeww -o pid -o command | \   sed 's/export ROACHPROD=//g' | \   awk '/ROACHPROD=(8)[ \/]/ { print $1 }') if [ -n "${pids}" ]; then   kill -9 ${pids}    for pid in ${pids}; do     echo "${pid}: checking" >> ${HOME}/logs/roachprod.log     while kill -0 ${pid}; do       kill -0 ${pid} >> ${HOME}/logs/roachprod.log 2>&1       echo "${pid}: still alive [$?]" >> ${HOME}/logs/roachprod.log       ps axeww -o pid -o command >> ${HOME}/logs/roachprod.log       sleep 1     done     echo "${pid}: dead" >> ${HOME}/logs/roachprod.log   done  fi  LANG=en_US.UTF-8 LC_ADDRESS=en_US.UTF-8 LC_IDENTIFICATION=en_US.UTF-8 LC_MEASUREMENT=en_US.UTF-8 LC_MONETARY=en_US.UTF-8 LC_NAME=en_US.UTF-8 LC_NUMERIC=en_US.UTF-8 LC_PAPER=en_US.UTF-8 LC_TELEPHONE=en_US.UTF-8 LC_TIME=en_US.UTF-8 USER=ubuntu LOGNAME=ubuntu HOME=/home/ubuntu PATH=/usr/local/sbin:/usr/local/bin:/usr/sbin:/usr/bin:/sbin:/bin:/usr/games:/usr/local/games MAIL=/var/mail/ubuntu SHELL=/bin/bash SSH_CLIENT=149.248.186.137 52552 22 SSH_CONNECTION=149.248.186.137 52552 10.12.21.164 22 XDG_SESSION_ID=68 XDG_RUNTIME_DIR=/run/user/1000
 6097 ps axeww -o pid -o command LC_PAPER=en_US.UTF-8 XDG_SESSION_ID=68 LC_ADDRESS=en_US.UTF-8 LC_MONETARY=en_US.UTF-8 SHELL=/bin/bash SSH_CLIENT=149.248.186.137 52552 22 LC_NUMERIC=en_US.UTF-8 USER=ubuntu LC_TELEPHONE=en_US.UTF-8 MAIL=/var/mail/ubuntu PATH=/usr/local/sbin:/usr/local/bin:/usr/sbin:/usr/bin:/sbin:/bin:/usr/games:/usr/local/games LC_IDENTIFICATION=en_US.UTF-8 PWD=/home/ubuntu LANG=en_US.UTF-8 LC_MEASUREMENT=en_US.UTF-8 SHLVL=1 HOME=/home/ubuntu LOGNAME=ubuntu SSH_CONNECTION=149.248.186.137 52552 10.12.21.164 22 XDG_RUNTIME_DIR=/run/user/1000 LC_TIME=en_US.UTF-8 LC_NAME=en_US.UTF-8 _=/bin/ps
5768: dead
>>> roachprod start: Fri Sep 11 03:17:21 UTC 2020
  PID COMMAND
    1 /sbin/init
    2 [kthreadd]
    3 [ksoftirqd/0]
    5 [kworker/0:0H]
    7 [rcu_sched]
    8 [rcu_bh]
    9 [migration/0]
   10 [watchdog/0]
   11 [watchdog/1]
   12 [migration/1]
   13 [ksoftirqd/1]
   15 [kworker/1:0H]
   16 [watchdog/2]
   17 [migration/2]
   18 [ksoftirqd/2]
   20 [kworker/2:0H]
   21 [watchdog/3]
   22 [migration/3]
   23 [ksoftirqd/3]
   25 [kworker/3:0H]
   26 [watchdog/4]
   27 [migration/4]
   28 [ksoftirqd/4]
   30 [kworker/4:0H]
   31 [watchdog/5]
   32 [migration/5]
   33 [ksoftirqd/5]
   35 [kworker/5:0H]
   36 [watchdog/6]
   37 [migration/6]
   38 [ksoftirqd/6]
   40 [kworker/6:0H]
   41 [watchdog/7]
   42 [migration/7]
   43 [ksoftirqd/7]
   45 [kworker/7:0H]
   46 [watchdog/8]
   47 [migration/8]
   48 [ksoftirqd/8]
   50 [kworker/8:0H]
   51 [watchdog/9]
   52 [migration/9]
   53 [ksoftirqd/9]
   55 [kworker/9:0H]
   56 [watchdog/10]
   57 [migration/10]
   58 [ksoftirqd/10]
   60 [kworker/10:0H]
   61 [watchdog/11]
   62 [migration/11]
   63 [ksoftirqd/11]
   65 [kworker/11:0H]
   66 [watchdog/12]
   67 [migration/12]
   68 [ksoftirqd/12]
   70 [kworker/12:0H]
   71 [watchdog/13]
   72 [migration/13]
   73 [ksoftirqd/13]
   74 [kworker/13:0]
   75 [kworker/13:0H]
   76 [watchdog/14]
   77 [migration/14]
   78 [ksoftirqd/14]
   80 [kworker/14:0H]
   81 [watchdog/15]
   82 [migration/15]
   83 [ksoftirqd/15]
   85 [kworker/15:0H]
   86 [kdevtmpfs]
   87 [netns]
   88 [perf]
   89 [khungtaskd]
   90 [writeback]
   91 [ksmd]
   92 [khugepaged]
   93 [crypto]
   94 [kintegrityd]
   95 [bioset]
   96 [kblockd]
   97 [ata_sff]
   98 [md]
   99 [devfreq_wq]
  103 [kswapd0]
  104 [vmstat]
  105 [fsnotify_mark]
  106 [ecryptfs-kthrea]
  122 [kthrotld]
  123 [bioset]
  124 [bioset]
  125 [bioset]
  126 [bioset]
  127 [bioset]
  128 [bioset]
  129 [bioset]
  130 [bioset]
  131 [bioset]
  132 [bioset]
  133 [bioset]
  134 [bioset]
  135 [bioset]
  136 [bioset]
  137 [kworker/3:1]
  138 [bioset]
  139 [bioset]
  140 [bioset]
  141 [bioset]
  142 [bioset]
  143 [bioset]
  144 [bioset]
  145 [bioset]
  146 [bioset]
  147 [bioset]
  148 [kworker/5:1]
  152 [ipv6_addrconf]
  166 [deferwq]
  205 [nvme]
  237 [ena]
  282 [kworker/9:1]
  286 [bioset]
  288 [bioset]
  296 [bioset]
  297 [bioset]
  311 [kworker/8:1]
  314 [kworker/15:1]
  373 [raid5wq]
  399 [bioset]
  421 [jbd2/nvme0n1p1-]
  422 [ext4-rsv-conver]
  485 [kworker/1:2]
  497 /lib/systemd/systemd-journald
  515 [iscsi_eh]
  518 [ib_addr]
  519 [kauditd]
  523 [ib_mcast]
  524 [ib_nl_sa_wq]
  526 [ib_cm]
  530 [iw_cm_wq]
  534 [rdma_cm]
  555 /sbin/lvmetad -f
  576 /lib/systemd/systemd-udevd
  865 [kworker/0:1H]
  866 [kworker/1:1H]
  867 [kworker/2:1H]
  868 [kworker/3:1H]
  869 [kworker/8:1H]
  870 [kworker/9:1H]
  871 [kworker/10:1H]
  902 [kworker/11:1H]
  903 [kworker/5:1H]
  904 [kworker/4:1H]
  970 [kworker/7:1H]
  971 [kworker/12:1H]
  972 [kworker/13:1H]
  973 [kworker/14:1H]
  974 [kworker/15:1H]
  975 [kworker/6:1H]
 1015 /lib/systemd/systemd-timesyncd
 1111 [kworker/0:3]
 1142 /sbin/dhclient -1 -v -pf /run/dhclient.ens5.pid -lf /var/lib/dhcp/dhclient.ens5.leases -I -df /var/lib/dhcp/dhclient6.ens5.leases ens5
 1267 /sbin/iscsid
 1268 /sbin/iscsid
 1270 /lib/systemd/systemd-logind
 1272 /usr/lib/accountsservice/accounts-daemon
 1274 /usr/sbin/cron -f
 1279 /usr/bin/lxcfs /var/lib/lxcfs/
 1289 /usr/sbin/rsyslogd -n
 1293 /usr/bin/dbus-daemon --system --address=systemd: --nofork --nopidfile --systemd-activation
 1302 /usr/sbin/atd -f
 1312 /usr/sbin/acpid
 1322 /usr/lib/snapd/snapd
 1340 /usr/lib/policykit-1/polkitd --no-debug
 1348 /sbin/mdadm --monitor --pid-file /run/mdadm/monitor.pid --daemonise --scan --syslog
 1430 /usr/sbin/irqbalance --pid=/var/run/irqbalance.pid
 1437 /sbin/agetty --noclear tty1 linux
 1439 /sbin/agetty --keep-baud 115200 38400 9600 ttyS0 vt220
 2022 [kworker/14:2]
 2075 [kworker/10:2]
 2322 [kworker/9:2]
 2417 [kworker/4:3]
 2418 [kworker/12:2]
 2659 [jbd2/nvme1n1-8]
 2660 [ext4-rsv-conver]
 3358 [kworker/13:3]
 3840 /usr/sbin/chronyd
 3854 [kworker/14:3]
 4098 [kworker/11:3]
 4513 /usr/sbin/sshd -D
 4847 [kworker/11:0]
 4848 [kworker/0:1]
 4923 [kworker/8:0]
 5036 [kworker/1:0]
 5137 [kworker/6:1]
 5173 [kworker/2:0]
 5375 [kworker/2:3]
 5412 [kworker/6:3]
 5502 [kworker/7:0]
 5561 [kworker/15:3]
 5572 [kworker/12:0]
 5623 [kworker/7:1]
 5629 [kworker/10:0]
 5701 [kworker/3:2]
 5842 [kworker/4:1]
 5921 [kworker/u32:0]
 5954 [kworker/u32:1]
 6036 [kworker/5:0]
 6100 [kworker/7:2]
 6106 [kworker/5:2]
 6109 [kworker/0:0]
 6110 [kworker/0:2]
 6111 [kworker/12:1]
 6112 [kworker/12:3]
 6181 [kworker/u32:2]
 6183 sshd: ubuntu [priv]
 6185 [kworker/10:1]
 6186 [kworker/10:3]
 6187 [kworker/4:0]
 6188 /lib/systemd/systemd --user PATH=/usr/local/sbin:/usr/local/bin:/usr/sbin:/usr/bin:/sbin:/bin NOTIFY_SOCKET=/run/systemd/notify HOME=/home/ubuntu LOGNAME=ubuntu USER=ubuntu SHELL=/bin/bash XDG_RUNTIME_DIR=/run/user/1000
 6191 (sd-pam)
 6192 [kworker/11:1]
 6225 sshd: ubuntu@notty
 6226 bash -c  ??ulimit -c unlimited; mkdir -p ${HOME}/logs; ??echo ">>> roachprod start: $(date)" >> ${HOME}/logs/roachprod.log; ??ps axeww -o pid -o command >> ${HOME}/logs/roachprod.log; ??[ -x /usr/bin/lslocks ] && /usr/bin/lslocks >> ${HOME}/logs/roachprod.log;  ??export ROACHPROD=8; ??GOTRACEBACK=crash COCKROACH_SKIP_ENABLING_DIAGNOSTIC_REPORTING=1 COCKROACH_DEV_LICENSE=crl-0-EJL04ukFGAEiI0NvY2tyb2FjaCBMYWJzIC0gUHJvZHVjdGlvbiBUZXN0aW5n COCKROACH_ENABLE_RPC_COMPRESSION=false \ ??./cockroach start --background --insecure --store=path=/mnt/data1/cockroach --log-dir=${HOME}/logs --cache=25% --max-sql-memory=25% --port=26257 --http-port=26258 --locality=cloud=aws,region=us-east-2,zone=us-east-2b,rack=2 --join=18.191.252.183:26257 --advertise-host=$(hostname -I | awk '{print $1}') --cache=0.25 --max-sql-memory=0.4 >> ${HOME}/logs/cockroach.stdout.log \ ??                 2>> ${HOME}/logs/cockroach.stderr.log \ ???|| (x=$?; cat ${HOME}/logs/cockroach.stderr.log; exit $x) LANG=en_US.UTF-8 LC_ADDRESS=en_US.UTF-8 LC_IDENTIFICATION=en_US.UTF-8 LC_MEASUREMENT=en_US.UTF-8 LC_MONETARY=en_US.UTF-8 LC_NAME=en_US.UTF-8 LC_NUMERIC=en_US.UTF-8 LC_PAPER=en_US.UTF-8 LC_TELEPHONE=en_US.UTF-8 LC_TIME=en_US.UTF-8 USER=ubuntu LOGNAME=ubuntu HOME=/home/ubuntu PATH=/usr/local/sbin:/usr/local/bin:/usr/sbin:/usr/bin:/sbin:/bin:/usr/games:/usr/local/games MAIL=/var/mail/ubuntu SHELL=/bin/bash SSH_CLIENT=149.248.186.137 52760 22 SSH_CONNECTION=149.248.186.137 52760 10.12.21.164 22 XDG_SESSION_ID=71 XDG_RUNTIME_DIR=/run/user/1000
 6230 ps axeww -o pid -o command LC_PAPER=en_US.UTF-8 XDG_SESSION_ID=71 LC_ADDRESS=en_US.UTF-8 LC_MONETARY=en_US.UTF-8 SHELL=/bin/bash SSH_CLIENT=149.248.186.137 52760 22 LC_NUMERIC=en_US.UTF-8 USER=ubuntu LC_TELEPHONE=en_US.UTF-8 MAIL=/var/mail/ubuntu PATH=/usr/local/sbin:/usr/local/bin:/usr/sbin:/usr/bin:/sbin:/bin:/usr/games:/usr/local/games LC_IDENTIFICATION=en_US.UTF-8 PWD=/home/ubuntu LANG=en_US.UTF-8 LC_MEASUREMENT=en_US.UTF-8 SHLVL=1 HOME=/home/ubuntu LOGNAME=ubuntu SSH_CONNECTION=149.248.186.137 52760 10.12.21.164 22 XDG_RUNTIME_DIR=/run/user/1000 LC_TIME=en_US.UTF-8 LC_NAME=en_US.UTF-8 _=/bin/ps
COMMAND           PID  TYPE SIZE MODE  M START END PATH
cron             1274 FLOCK   0B WRITE 0     0   0 /run
lxcfs            1279 POSIX   0B WRITE 0     0   0 /run
lvmetad           555 POSIX   0B WRITE 0     0   0 /run
iscsid           1268 POSIX   0B WRITE 0     0   0 /run
atd              1302 POSIX   0B WRITE 0     0   0 /run
