>>> roachprod start: Fri Sep 11 19:45:42 UTC 2020
  PID COMMAND
    1 /sbin/init
    2 [kthreadd]
    3 [ksoftirqd/0]
    4 [kworker/0:0]
    5 [kworker/0:0H]
    6 [kworker/u32:0]
    7 [rcu_sched]
    8 [rcu_bh]
    9 [migration/0]
   10 [watchdog/0]
   11 [watchdog/1]
   12 [migration/1]
   13 [ksoftirqd/1]
   14 [kworker/1:0]
   15 [kworker/1:0H]
   16 [watchdog/2]
   17 [migration/2]
   18 [ksoftirqd/2]
   19 [kworker/2:0]
   20 [kworker/2:0H]
   21 [watchdog/3]
   22 [migration/3]
   23 [ksoftirqd/3]
   24 [kworker/3:0]
   25 [kworker/3:0H]
   26 [watchdog/4]
   27 [migration/4]
   28 [ksoftirqd/4]
   29 [kworker/4:0]
   30 [kworker/4:0H]
   31 [watchdog/5]
   32 [migration/5]
   33 [ksoftirqd/5]
   34 [kworker/5:0]
   35 [kworker/5:0H]
   36 [watchdog/6]
   37 [migration/6]
   38 [ksoftirqd/6]
   39 [kworker/6:0]
   40 [kworker/6:0H]
   41 [watchdog/7]
   42 [migration/7]
   43 [ksoftirqd/7]
   44 [kworker/7:0]
   45 [kworker/7:0H]
   46 [watchdog/8]
   47 [migration/8]
   48 [ksoftirqd/8]
   49 [kworker/8:0]
   50 [kworker/8:0H]
   51 [watchdog/9]
   52 [migration/9]
   53 [ksoftirqd/9]
   54 [kworker/9:0]
   55 [kworker/9:0H]
   56 [watchdog/10]
   57 [migration/10]
   58 [ksoftirqd/10]
   59 [kworker/10:0]
   60 [kworker/10:0H]
   61 [watchdog/11]
   62 [migration/11]
   63 [ksoftirqd/11]
   64 [kworker/11:0]
   65 [kworker/11:0H]
   66 [watchdog/12]
   67 [migration/12]
   68 [ksoftirqd/12]
   69 [kworker/12:0]
   70 [kworker/12:0H]
   71 [watchdog/13]
   72 [migration/13]
   73 [ksoftirqd/13]
   74 [kworker/13:0]
   75 [kworker/13:0H]
   76 [watchdog/14]
   77 [migration/14]
   78 [ksoftirqd/14]
   79 [kworker/14:0]
   80 [kworker/14:0H]
   81 [watchdog/15]
   82 [migration/15]
   83 [ksoftirqd/15]
   84 [kworker/15:0]
   85 [kworker/15:0H]
   86 [kdevtmpfs]
   87 [netns]
   88 [perf]
   89 [khungtaskd]
   90 [writeback]
   91 [ksmd]
   92 [khugepaged]
   93 [crypto]
   94 [kintegrityd]
   95 [bioset]
   96 [kblockd]
   97 [ata_sff]
   98 [md]
   99 [devfreq_wq]
  100 [kworker/u32:1]
  101 [kworker/3:1]
  102 [kworker/11:1]
  103 [kworker/5:1]
  105 [kswapd0]
  106 [vmstat]
  107 [fsnotify_mark]
  108 [ecryptfs-kthrea]
  124 [kthrotld]
  125 [bioset]
  126 [bioset]
  127 [bioset]
  128 [bioset]
  129 [bioset]
  130 [bioset]
  131 [bioset]
  132 [bioset]
  133 [bioset]
  134 [bioset]
  135 [bioset]
  136 [bioset]
  137 [bioset]
  138 [bioset]
  139 [kworker/6:1]
  140 [bioset]
  141 [bioset]
  142 [bioset]
  143 [bioset]
  144 [bioset]
  145 [bioset]
  146 [bioset]
  147 [bioset]
  148 [bioset]
  149 [bioset]
  150 [kworker/7:1]
  151 [kworker/2:1]
  155 [ipv6_addrconf]
  156 [kworker/2:2]
  169 [deferwq]
  182 [kworker/0:1]
  191 [kworker/10:1]
  208 [nvme]
  209 [kworker/u32:2]
  240 [ena]
  285 [kworker/4:1]
  286 [bioset]
  287 [kworker/u32:3]
  288 [bioset]
  291 [kworker/12:1]
  293 [kworker/8:1]
  296 [bioset]
  297 [bioset]
  303 [kworker/1:1]
  304 [kworker/9:1]
  305 [kworker/13:1]
  306 [kworker/14:1]
  307 [kworker/15:1]
  373 [raid5wq]
  399 [bioset]
  422 [jbd2/nvme0n1p1-]
  423 [ext4-rsv-conver]
  483 [kworker/12:2]
  502 /lib/systemd/systemd-journald
  515 [iscsi_eh]
  519 [kworker/0:2]
  521 [ib_addr]
  522 [kauditd]
  523 [ib_mcast]
  524 [ib_nl_sa_wq]
  526 [ib_cm]
  529 [iw_cm_wq]
  534 [rdma_cm]
  557 /sbin/lvmetad -f
  577 /lib/systemd/systemd-udevd
  872 [kworker/0:1H]
  873 [kworker/1:1H]
  874 [kworker/2:1H]
  875 [kworker/3:1H]
  876 [kworker/8:1H]
  877 [kworker/9:1H]
  878 [kworker/10:1H]
  879 [kworker/11:1H]
  907 [kworker/6:1H]
  966 /lib/systemd/systemd-timesyncd
  983 [kworker/4:1H]
  990 [kworker/5:2]
 1072 [kworker/13:2]
 1076 [kworker/0:3]
 1078 [kworker/11:2]
 1108 /sbin/dhclient -1 -v -pf /run/dhclient.ens5.pid -lf /var/lib/dhcp/dhclient.ens5.leases -I -df /var/lib/dhcp/dhclient6.ens5.leases ens5
 1174 [kworker/5:1H]
 1233 [kworker/1:2]
 1236 /sbin/iscsid
 1237 /sbin/iscsid
 1241 /usr/bin/dbus-daemon --system --address=systemd: --nofork --nopidfile --systemd-activation
 1261 /usr/sbin/acpid
 1283 /usr/lib/accountsservice/accounts-daemon
 1306 /usr/sbin/atd -f
 1311 /usr/sbin/rsyslogd -n
 1313 /lib/systemd/systemd-logind
 1319 /usr/bin/lxcfs /var/lib/lxcfs/
 1321 /usr/sbin/cron -f
 1323 /usr/lib/snapd/snapd
 1329 [kworker/7:1H]
 1330 [kworker/13:1H]
 1331 [kworker/14:1H]
 1332 [kworker/15:1H]
 1333 [kworker/12:1H]
 1353 /usr/lib/policykit-1/polkitd --no-debug
 1355 [kworker/4:2]
 1375 /sbin/mdadm --monitor --pid-file /run/mdadm/monitor.pid --daemonise --scan --syslog
 1399 /usr/sbin/irqbalance --pid=/var/run/irqbalance.pid
 1413 /sbin/agetty --noclear tty1 linux
 1416 /sbin/agetty --keep-baud 115200 38400 9600 ttyS0 vt220
 1454 [kworker/7:2]
 1697 [kworker/3:2]
 1939 [kworker/6:2]
 1940 [kworker/6:3]
 1996 [kworker/15:2]
 2048 [kworker/4:3]
 2108 [kworker/9:2]
 2248 [kworker/8:2]
 2342 [kworker/10:2]
 2485 [kworker/1:3]
 2532 [kworker/2:3]
 2623 [kworker/7:3]
 2661 [jbd2/nvme1n1-8]
 2662 [ext4-rsv-conver]
 3780 [kworker/9:3]
 3781 [kworker/14:2]
 3814 /usr/sbin/chronyd
 3969 [kworker/3:3]
 4067 [kworker/5:3]
 4111 [kworker/10:3]
 4519 /usr/sbin/sshd -D
 4919 sshd: ubuntu [priv]
 4926 /lib/systemd/systemd --user PATH=/usr/local/sbin:/usr/local/bin:/usr/sbin:/usr/bin:/sbin:/bin NOTIFY_SOCKET=/run/systemd/notify HOME=/home/ubuntu LOGNAME=ubuntu USER=ubuntu SHELL=/bin/bash XDG_RUNTIME_DIR=/run/user/1000
 4928 (sd-pam)
 4961 sshd: ubuntu@notty
 4962 bash -c  ??ulimit -c unlimited; mkdir -p ${HOME}/logs; ??echo ">>> roachprod start: $(date)" >> ${HOME}/logs/roachprod.log; ??ps axeww -o pid -o command >> ${HOME}/logs/roachprod.log; ??[ -x /usr/bin/lslocks ] && /usr/bin/lslocks >> ${HOME}/logs/roachprod.log;  ??export ROACHPROD=10; ??GOTRACEBACK=crash COCKROACH_SKIP_ENABLING_DIAGNOSTIC_REPORTING=1 COCKROACH_DEV_LICENSE=crl-0-EJL04ukFGAEiI0NvY2tyb2FjaCBMYWJzIC0gUHJvZHVjdGlvbiBUZXN0aW5n COCKROACH_ENABLE_RPC_COMPRESSION=false \ ??./cockroach start --background --insecure --store=path=/mnt/data1/cockroach --log-dir=${HOME}/logs --cache=25% --max-sql-memory=25% --port=26257 --http-port=26258 --locality=cloud=aws,region=us-east-2,zone=us-east-2b,rack=4 --join=3.12.104.196:26257 --advertise-host=$(hostname -I | awk '{print $1}') --cache=0.25 --max-sql-memory=0.4 >> ${HOME}/logs/cockroach.stdout.log \ ??                 2>> ${HOME}/logs/cockroach.stderr.log \ ???|| (x=$?; cat ${HOME}/logs/cockroach.stderr.log; exit $x) LANG=en_US.UTF-8 LC_ADDRESS=en_US.UTF-8 LC_IDENTIFICATION=en_US.UTF-8 LC_MEASUREMENT=en_US.UTF-8 LC_MONETARY=en_US.UTF-8 LC_NAME=en_US.UTF-8 LC_NUMERIC=en_US.UTF-8 LC_PAPER=en_US.UTF-8 LC_TELEPHONE=en_US.UTF-8 LC_TIME=en_US.UTF-8 USER=ubuntu LOGNAME=ubuntu HOME=/home/ubuntu PATH=/usr/local/sbin:/usr/local/bin:/usr/sbin:/usr/bin:/sbin:/bin:/usr/games:/usr/local/games MAIL=/var/mail/ubuntu SHELL=/bin/bash SSH_CLIENT=149.248.186.137 39412 22 SSH_CONNECTION=149.248.186.137 39412 10.12.26.237 22 XDG_SESSION_ID=47 XDG_RUNTIME_DIR=/run/user/1000
 4966 ps axeww -o pid -o command LC_PAPER=en_US.UTF-8 XDG_SESSION_ID=47 LC_ADDRESS=en_US.UTF-8 LC_MONETARY=en_US.UTF-8 SHELL=/bin/bash SSH_CLIENT=149.248.186.137 39412 22 LC_NUMERIC=en_US.UTF-8 USER=ubuntu LC_TELEPHONE=en_US.UTF-8 MAIL=/var/mail/ubuntu PATH=/usr/local/sbin:/usr/local/bin:/usr/sbin:/usr/bin:/sbin:/bin:/usr/games:/usr/local/games LC_IDENTIFICATION=en_US.UTF-8 PWD=/home/ubuntu LANG=en_US.UTF-8 LC_MEASUREMENT=en_US.UTF-8 SHLVL=1 HOME=/home/ubuntu LOGNAME=ubuntu SSH_CONNECTION=149.248.186.137 39412 10.12.26.237 22 XDG_RUNTIME_DIR=/run/user/1000 LC_TIME=en_US.UTF-8 LC_NAME=en_US.UTF-8 _=/bin/ps
COMMAND           PID  TYPE SIZE MODE  M START END PATH
cron             1321 FLOCK   0B WRITE 0     0   0 /run
iscsid           1237 POSIX   0B WRITE 0     0   0 /run
lvmetad           557 POSIX   0B WRITE 0     0   0 /run
lxcfs            1319 POSIX   0B WRITE 0     0   0 /run
atd              1306 POSIX   0B WRITE 0     0   0 /run
>>> roachprod stop: Fri Sep 11 23:19:25 UTC 2020
  PID COMMAND
    1 /sbin/init
    2 [kthreadd]
    3 [ksoftirqd/0]
    4 [kworker/0:0]
    5 [kworker/0:0H]
    7 [rcu_sched]
    8 [rcu_bh]
    9 [migration/0]
   10 [watchdog/0]
   11 [watchdog/1]
   12 [migration/1]
   13 [ksoftirqd/1]
   15 [kworker/1:0H]
   16 [watchdog/2]
   17 [migration/2]
   18 [ksoftirqd/2]
   20 [kworker/2:0H]
   21 [watchdog/3]
   22 [migration/3]
   23 [ksoftirqd/3]
   25 [kworker/3:0H]
   26 [watchdog/4]
   27 [migration/4]
   28 [ksoftirqd/4]
   30 [kworker/4:0H]
   31 [watchdog/5]
   32 [migration/5]
   33 [ksoftirqd/5]
   35 [kworker/5:0H]
   36 [watchdog/6]
   37 [migration/6]
   38 [ksoftirqd/6]
   40 [kworker/6:0H]
   41 [watchdog/7]
   42 [migration/7]
   43 [ksoftirqd/7]
   44 [kworker/7:0]
   45 [kworker/7:0H]
   46 [watchdog/8]
   47 [migration/8]
   48 [ksoftirqd/8]
   50 [kworker/8:0H]
   51 [watchdog/9]
   52 [migration/9]
   53 [ksoftirqd/9]
   55 [kworker/9:0H]
   56 [watchdog/10]
   57 [migration/10]
   58 [ksoftirqd/10]
   60 [kworker/10:0H]
   61 [watchdog/11]
   62 [migration/11]
   63 [ksoftirqd/11]
   65 [kworker/11:0H]
   66 [watchdog/12]
   67 [migration/12]
   68 [ksoftirqd/12]
   70 [kworker/12:0H]
   71 [watchdog/13]
   72 [migration/13]
   73 [ksoftirqd/13]
   75 [kworker/13:0H]
   76 [watchdog/14]
   77 [migration/14]
   78 [ksoftirqd/14]
   80 [kworker/14:0H]
   81 [watchdog/15]
   82 [migration/15]
   83 [ksoftirqd/15]
   85 [kworker/15:0H]
   86 [kdevtmpfs]
   87 [netns]
   88 [perf]
   89 [khungtaskd]
   90 [writeback]
   91 [ksmd]
   92 [khugepaged]
   93 [crypto]
   94 [kintegrityd]
   95 [bioset]
   96 [kblockd]
   97 [ata_sff]
   98 [md]
   99 [devfreq_wq]
  102 [kworker/11:1]
  103 [kworker/5:1]
  105 [kswapd0]
  106 [vmstat]
  107 [fsnotify_mark]
  108 [ecryptfs-kthrea]
  124 [kthrotld]
  125 [bioset]
  126 [bioset]
  127 [bioset]
  128 [bioset]
  129 [bioset]
  130 [bioset]
  131 [bioset]
  132 [bioset]
  133 [bioset]
  134 [bioset]
  135 [bioset]
  136 [bioset]
  137 [bioset]
  138 [bioset]
  139 [kworker/6:1]
  140 [bioset]
  141 [bioset]
  142 [bioset]
  143 [bioset]
  144 [bioset]
  145 [bioset]
  146 [bioset]
  147 [bioset]
  148 [bioset]
  149 [bioset]
  150 [kworker/7:1]
  155 [ipv6_addrconf]
  156 [kworker/2:2]
  169 [deferwq]
  208 [nvme]
  240 [ena]
  286 [bioset]
  288 [bioset]
  291 [kworker/12:1]
  293 [kworker/8:1]
  296 [bioset]
  297 [bioset]
  305 [kworker/13:1]
  306 [kworker/14:1]
  307 [kworker/15:1]
  373 [raid5wq]
  399 [bioset]
  422 [jbd2/nvme0n1p1-]
  423 [ext4-rsv-conver]
  483 [kworker/12:2]
  502 /lib/systemd/systemd-journald
  515 [iscsi_eh]
  521 [ib_addr]
  522 [kauditd]
  523 [ib_mcast]
  524 [ib_nl_sa_wq]
  526 [ib_cm]
  529 [iw_cm_wq]
  534 [rdma_cm]
  557 /sbin/lvmetad -f
  577 /lib/systemd/systemd-udevd
  872 [kworker/0:1H]
  873 [kworker/1:1H]
  874 [kworker/2:1H]
  875 [kworker/3:1H]
  876 [kworker/8:1H]
  877 [kworker/9:1H]
  878 [kworker/10:1H]
  879 [kworker/11:1H]
  907 [kworker/6:1H]
  966 /lib/systemd/systemd-timesyncd
  983 [kworker/4:1H]
  990 [kworker/5:2]
 1072 [kworker/13:2]
 1076 [kworker/0:3]
 1078 [kworker/11:2]
 1108 /sbin/dhclient -1 -v -pf /run/dhclient.ens5.pid -lf /var/lib/dhcp/dhclient.ens5.leases -I -df /var/lib/dhcp/dhclient6.ens5.leases ens5
 1174 [kworker/5:1H]
 1236 /sbin/iscsid
 1237 /sbin/iscsid
 1241 /usr/bin/dbus-daemon --system --address=systemd: --nofork --nopidfile --systemd-activation
 1261 /usr/sbin/acpid
 1283 /usr/lib/accountsservice/accounts-daemon
 1306 /usr/sbin/atd -f
 1311 /usr/sbin/rsyslogd -n
 1313 /lib/systemd/systemd-logind
 1319 /usr/bin/lxcfs /var/lib/lxcfs/
 1321 /usr/sbin/cron -f
 1323 /usr/lib/snapd/snapd
 1329 [kworker/7:1H]
 1330 [kworker/13:1H]
 1331 [kworker/14:1H]
 1332 [kworker/15:1H]
 1333 [kworker/12:1H]
 1353 /usr/lib/policykit-1/polkitd --no-debug
 1355 [kworker/4:2]
 1375 /sbin/mdadm --monitor --pid-file /run/mdadm/monitor.pid --daemonise --scan --syslog
 1399 /usr/sbin/irqbalance --pid=/var/run/irqbalance.pid
 1413 /sbin/agetty --noclear tty1 linux
 1416 /sbin/agetty --keep-baud 115200 38400 9600 ttyS0 vt220
 1697 [kworker/3:2]
 1996 [kworker/15:2]
 2048 [kworker/4:3]
 2108 [kworker/9:2]
 2248 [kworker/8:2]
 2342 [kworker/10:2]
 2532 [kworker/2:3]
 2661 [jbd2/nvme1n1-8]
 2662 [ext4-rsv-conver]
 3780 [kworker/9:3]
 3781 [kworker/14:2]
 3814 /usr/sbin/chronyd
 3969 [kworker/3:3]
 4111 [kworker/10:3]
 4519 /usr/sbin/sshd -D
 4926 /lib/systemd/systemd --user PATH=/usr/local/sbin:/usr/local/bin:/usr/sbin:/usr/bin:/sbin:/bin NOTIFY_SOCKET=/run/systemd/notify HOME=/home/ubuntu LOGNAME=ubuntu USER=ubuntu SHELL=/bin/bash XDG_RUNTIME_DIR=/run/user/1000
 4928 (sd-pam)
 4991 ./cockroach start --insecure --store=path=/mnt/data1/cockroach --log-dir=/home/ubuntu/logs --cache=25% --max-sql-memory=25% --port=26257 --http-port=26258 --locality=cloud=aws,region=us-east-2,zone=us-east-2b,rack=4 --join=3.12.104.196:26257 --advertise-host=10.12.26.237 --cache=0.25 --max-sql-memory=0.4 COCKROACH_ENABLE_RPC_COMPRESSION=false GOTRACEBACK=crash COCKROACH_DEV_LICENSE=crl-0-EJL04ukFGAEiI0NvY2tyb2FjaCBMYWJzIC0gUHJvZHVjdGlvbiBUZXN0aW5n COCKROACH_SKIP_ENABLING_DIAGNOSTIC_REPORTING=1 LC_PAPER=en_US.UTF-8 XDG_SESSION_ID=47 LC_ADDRESS=en_US.UTF-8 LC_MONETARY=en_US.UTF-8 SHELL=/bin/bash SSH_CLIENT=149.248.186.137 39412 22 LC_NUMERIC=en_US.UTF-8 USER=ubuntu LC_TELEPHONE=en_US.UTF-8 MAIL=/var/mail/ubuntu PATH=/usr/local/sbin:/usr/local/bin:/usr/sbin:/usr/bin:/sbin:/bin:/usr/games:/usr/local/games LC_IDENTIFICATION=en_US.UTF-8 PWD=/home/ubuntu ROACHPROD=10 LANG=en_US.UTF-8 LC_MEASUREMENT=en_US.UTF-8 SHLVL=1 HOME=/home/ubuntu LOGNAME=ubuntu SSH_CONNECTION=149.248.186.137 39412 10.12.26.237 22 XDG_RUNTIME_DIR=/run/user/1000 LC_TIME=en_US.UTF-8 LC_NAME=en_US.UTF-8 _=./cockroach COCKROACH_BACKGROUND_RESTART=1 NOTIFY_SOCKET=/tmp/sdnotify452043098/notify.sock
 5089 [kworker/1:0]
 5233 [kworker/u32:1]
 6224 [kworker/6:0]
 6262 [kworker/1:1]
 6267 [kworker/u32:0]
 6287 sshd: [accepted]
 6288 sshd: [net]
 6289 sshd: ubuntu [priv]
 6321 sshd: ubuntu@notty
 6322 bash -c  mkdir -p logs echo ">>> roachprod stop: $(date)" >> ${HOME}/logs/roachprod.log ps axeww -o pid -o command >> ${HOME}/logs/roachprod.log pids=$(ps axeww -o pid -o command | \   sed 's/export ROACHPROD=//g' | \   awk '/ROACHPROD=(10)[ \/]/ { print $1 }') if [ -n "${pids}" ]; then   kill -9 ${pids}    for pid in ${pids}; do     echo "${pid}: checking" >> ${HOME}/logs/roachprod.log     while kill -0 ${pid}; do       kill -0 ${pid} >> ${HOME}/logs/roachprod.log 2>&1       echo "${pid}: still alive [$?]" >> ${HOME}/logs/roachprod.log       ps axeww -o pid -o command >> ${HOME}/logs/roachprod.log       sleep 1     done     echo "${pid}: dead" >> ${HOME}/logs/roachprod.log   done  fi  LANG=en_US.UTF-8 LC_ADDRESS=en_US.UTF-8 LC_IDENTIFICATION=en_US.UTF-8 LC_MEASUREMENT=en_US.UTF-8 LC_MONETARY=en_US.UTF-8 LC_NAME=en_US.UTF-8 LC_NUMERIC=en_US.UTF-8 LC_PAPER=en_US.UTF-8 LC_TELEPHONE=en_US.UTF-8 LC_TIME=en_US.UTF-8 USER=ubuntu LOGNAME=ubuntu HOME=/home/ubuntu PATH=/usr/local/sbin:/usr/local/bin:/usr/sbin:/usr/bin:/sbin:/bin:/usr/games:/usr/local/games MAIL=/var/mail/ubuntu SHELL=/bin/bash SSH_CLIENT=149.248.186.137 42680 22 SSH_CONNECTION=149.248.186.137 42680 10.12.26.237 22 XDG_SESSION_ID=57 XDG_RUNTIME_DIR=/run/user/1000
 6326 ps axeww -o pid -o command LC_PAPER=en_US.UTF-8 XDG_SESSION_ID=57 LC_ADDRESS=en_US.UTF-8 LC_MONETARY=en_US.UTF-8 SHELL=/bin/bash SSH_CLIENT=149.248.186.137 42680 22 LC_NUMERIC=en_US.UTF-8 USER=ubuntu LC_TELEPHONE=en_US.UTF-8 MAIL=/var/mail/ubuntu PATH=/usr/local/sbin:/usr/local/bin:/usr/sbin:/usr/bin:/sbin:/bin:/usr/games:/usr/local/games LC_IDENTIFICATION=en_US.UTF-8 PWD=/home/ubuntu LANG=en_US.UTF-8 LC_MEASUREMENT=en_US.UTF-8 SHLVL=1 HOME=/home/ubuntu LOGNAME=ubuntu SSH_CONNECTION=149.248.186.137 42680 10.12.26.237 22 XDG_RUNTIME_DIR=/run/user/1000 LC_TIME=en_US.UTF-8 LC_NAME=en_US.UTF-8 _=/bin/ps
4991: checking
4991: still alive [0]
  PID COMMAND
    1 /sbin/init
    2 [kthreadd]
    3 [ksoftirqd/0]
    4 [kworker/0:0]
    5 [kworker/0:0H]
    7 [rcu_sched]
    8 [rcu_bh]
    9 [migration/0]
   10 [watchdog/0]
   11 [watchdog/1]
   12 [migration/1]
   13 [ksoftirqd/1]
   15 [kworker/1:0H]
   16 [watchdog/2]
   17 [migration/2]
   18 [ksoftirqd/2]
   20 [kworker/2:0H]
   21 [watchdog/3]
   22 [migration/3]
   23 [ksoftirqd/3]
   25 [kworker/3:0H]
   26 [watchdog/4]
   27 [migration/4]
   28 [ksoftirqd/4]
   30 [kworker/4:0H]
   31 [watchdog/5]
   32 [migration/5]
   33 [ksoftirqd/5]
   35 [kworker/5:0H]
   36 [watchdog/6]
   37 [migration/6]
   38 [ksoftirqd/6]
   40 [kworker/6:0H]
   41 [watchdog/7]
   42 [migration/7]
   43 [ksoftirqd/7]
   44 [kworker/7:0]
   45 [kworker/7:0H]
   46 [watchdog/8]
   47 [migration/8]
   48 [ksoftirqd/8]
   50 [kworker/8:0H]
   51 [watchdog/9]
   52 [migration/9]
   53 [ksoftirqd/9]
   55 [kworker/9:0H]
   56 [watchdog/10]
   57 [migration/10]
   58 [ksoftirqd/10]
   60 [kworker/10:0H]
   61 [watchdog/11]
   62 [migration/11]
   63 [ksoftirqd/11]
   65 [kworker/11:0H]
   66 [watchdog/12]
   67 [migration/12]
   68 [ksoftirqd/12]
   70 [kworker/12:0H]
   71 [watchdog/13]
   72 [migration/13]
   73 [ksoftirqd/13]
   75 [kworker/13:0H]
   76 [watchdog/14]
   77 [migration/14]
   78 [ksoftirqd/14]
   80 [kworker/14:0H]
   81 [watchdog/15]
   82 [migration/15]
   83 [ksoftirqd/15]
   85 [kworker/15:0H]
   86 [kdevtmpfs]
   87 [netns]
   88 [perf]
   89 [khungtaskd]
   90 [writeback]
   91 [ksmd]
   92 [khugepaged]
   93 [crypto]
   94 [kintegrityd]
   95 [bioset]
   96 [kblockd]
   97 [ata_sff]
   98 [md]
   99 [devfreq_wq]
  102 [kworker/11:1]
  103 [kworker/5:1]
  105 [kswapd0]
  106 [vmstat]
  107 [fsnotify_mark]
  108 [ecryptfs-kthrea]
  124 [kthrotld]
  125 [bioset]
  126 [bioset]
  127 [bioset]
  128 [bioset]
  129 [bioset]
  130 [bioset]
  131 [bioset]
  132 [bioset]
  133 [bioset]
  134 [bioset]
  135 [bioset]
  136 [bioset]
  137 [bioset]
  138 [bioset]
  139 [kworker/6:1]
  140 [bioset]
  141 [bioset]
  142 [bioset]
  143 [bioset]
  144 [bioset]
  145 [bioset]
  146 [bioset]
  147 [bioset]
  148 [bioset]
  149 [bioset]
  150 [kworker/7:1]
  155 [ipv6_addrconf]
  156 [kworker/2:2]
  169 [deferwq]
  208 [nvme]
  240 [ena]
  286 [bioset]
  288 [bioset]
  291 [kworker/12:1]
  293 [kworker/8:1]
  296 [bioset]
  297 [bioset]
  305 [kworker/13:1]
  306 [kworker/14:1]
  307 [kworker/15:1]
  373 [raid5wq]
  399 [bioset]
  422 [jbd2/nvme0n1p1-]
  423 [ext4-rsv-conver]
  483 [kworker/12:2]
  502 /lib/systemd/systemd-journald
  515 [iscsi_eh]
  521 [ib_addr]
  522 [kauditd]
  523 [ib_mcast]
  524 [ib_nl_sa_wq]
  526 [ib_cm]
  529 [iw_cm_wq]
  534 [rdma_cm]
  557 /sbin/lvmetad -f
  577 /lib/systemd/systemd-udevd
  872 [kworker/0:1H]
  873 [kworker/1:1H]
  874 [kworker/2:1H]
  875 [kworker/3:1H]
  876 [kworker/8:1H]
  877 [kworker/9:1H]
  878 [kworker/10:1H]
  879 [kworker/11:1H]
  907 [kworker/6:1H]
  966 /lib/systemd/systemd-timesyncd
  983 [kworker/4:1H]
  990 [kworker/5:2]
 1072 [kworker/13:2]
 1076 [kworker/0:3]
 1078 [kworker/11:2]
 1108 /sbin/dhclient -1 -v -pf /run/dhclient.ens5.pid -lf /var/lib/dhcp/dhclient.ens5.leases -I -df /var/lib/dhcp/dhclient6.ens5.leases ens5
 1174 [kworker/5:1H]
 1236 /sbin/iscsid
 1237 /sbin/iscsid
 1241 /usr/bin/dbus-daemon --system --address=systemd: --nofork --nopidfile --systemd-activation
 1261 /usr/sbin/acpid
 1283 /usr/lib/accountsservice/accounts-daemon
 1306 /usr/sbin/atd -f
 1311 /usr/sbin/rsyslogd -n
 1313 /lib/systemd/systemd-logind
 1319 /usr/bin/lxcfs /var/lib/lxcfs/
 1321 /usr/sbin/cron -f
 1323 /usr/lib/snapd/snapd
 1329 [kworker/7:1H]
 1330 [kworker/13:1H]
 1331 [kworker/14:1H]
 1332 [kworker/15:1H]
 1333 [kworker/12:1H]
 1353 /usr/lib/policykit-1/polkitd --no-debug
 1355 [kworker/4:2]
 1375 /sbin/mdadm --monitor --pid-file /run/mdadm/monitor.pid --daemonise --scan --syslog
 1399 /usr/sbin/irqbalance --pid=/var/run/irqbalance.pid
 1413 /sbin/agetty --noclear tty1 linux
 1416 /sbin/agetty --keep-baud 115200 38400 9600 ttyS0 vt220
 1697 [kworker/3:2]
 1996 [kworker/15:2]
 2048 [kworker/4:3]
 2108 [kworker/9:2]
 2248 [kworker/8:2]
 2342 [kworker/10:2]
 2532 [kworker/2:3]
 2661 [jbd2/nvme1n1-8]
 2662 [ext4-rsv-conver]
 3780 [kworker/9:3]
 3781 [kworker/14:2]
 3814 /usr/sbin/chronyd
 3969 [kworker/3:3]
 4111 [kworker/10:3]
 4519 /usr/sbin/sshd -D
 4926 /lib/systemd/systemd --user PATH=/usr/local/sbin:/usr/local/bin:/usr/sbin:/usr/bin:/sbin:/bin NOTIFY_SOCKET=/run/systemd/notify HOME=/home/ubuntu LOGNAME=ubuntu USER=ubuntu SHELL=/bin/bash XDG_RUNTIME_DIR=/run/user/1000
 4928 (sd-pam)
 4991 [cockroach] <defunct>
 5089 [kworker/1:0]
 5233 [kworker/u32:1]
 6224 [kworker/6:0]
 6262 [kworker/1:1]
 6267 [kworker/u32:0]
 6287 sshd: [accepted]
 6288 sshd: [net]
 6289 sshd: ubuntu [priv]
 6321 sshd: ubuntu@notty
 6322 bash -c  mkdir -p logs echo ">>> roachprod stop: $(date)" >> ${HOME}/logs/roachprod.log ps axeww -o pid -o command >> ${HOME}/logs/roachprod.log pids=$(ps axeww -o pid -o command | \   sed 's/export ROACHPROD=//g' | \   awk '/ROACHPROD=(10)[ \/]/ { print $1 }') if [ -n "${pids}" ]; then   kill -9 ${pids}    for pid in ${pids}; do     echo "${pid}: checking" >> ${HOME}/logs/roachprod.log     while kill -0 ${pid}; do       kill -0 ${pid} >> ${HOME}/logs/roachprod.log 2>&1       echo "${pid}: still alive [$?]" >> ${HOME}/logs/roachprod.log       ps axeww -o pid -o command >> ${HOME}/logs/roachprod.log       sleep 1     done     echo "${pid}: dead" >> ${HOME}/logs/roachprod.log   done  fi  LANG=en_US.UTF-8 LC_ADDRESS=en_US.UTF-8 LC_IDENTIFICATION=en_US.UTF-8 LC_MEASUREMENT=en_US.UTF-8 LC_MONETARY=en_US.UTF-8 LC_NAME=en_US.UTF-8 LC_NUMERIC=en_US.UTF-8 LC_PAPER=en_US.UTF-8 LC_TELEPHONE=en_US.UTF-8 LC_TIME=en_US.UTF-8 USER=ubuntu LOGNAME=ubuntu HOME=/home/ubuntu PATH=/usr/local/sbin:/usr/local/bin:/usr/sbin:/usr/bin:/sbin:/bin:/usr/games:/usr/local/games MAIL=/var/mail/ubuntu SHELL=/bin/bash SSH_CLIENT=149.248.186.137 42680 22 SSH_CONNECTION=149.248.186.137 42680 10.12.26.237 22 XDG_SESSION_ID=57 XDG_RUNTIME_DIR=/run/user/1000
 6331 ps axeww -o pid -o command LC_PAPER=en_US.UTF-8 XDG_SESSION_ID=57 LC_ADDRESS=en_US.UTF-8 LC_MONETARY=en_US.UTF-8 SHELL=/bin/bash SSH_CLIENT=149.248.186.137 42680 22 LC_NUMERIC=en_US.UTF-8 USER=ubuntu LC_TELEPHONE=en_US.UTF-8 MAIL=/var/mail/ubuntu PATH=/usr/local/sbin:/usr/local/bin:/usr/sbin:/usr/bin:/sbin:/bin:/usr/games:/usr/local/games LC_IDENTIFICATION=en_US.UTF-8 PWD=/home/ubuntu LANG=en_US.UTF-8 LC_MEASUREMENT=en_US.UTF-8 SHLVL=1 HOME=/home/ubuntu LOGNAME=ubuntu SSH_CONNECTION=149.248.186.137 42680 10.12.26.237 22 XDG_RUNTIME_DIR=/run/user/1000 LC_TIME=en_US.UTF-8 LC_NAME=en_US.UTF-8 _=/bin/ps
4991: dead
>>> roachprod start: Fri Sep 11 23:20:02 UTC 2020
  PID COMMAND
    1 /sbin/init
    2 [kthreadd]
    3 [ksoftirqd/0]
    4 [kworker/0:0]
    5 [kworker/0:0H]
    7 [rcu_sched]
    8 [rcu_bh]
    9 [migration/0]
   10 [watchdog/0]
   11 [watchdog/1]
   12 [migration/1]
   13 [ksoftirqd/1]
   15 [kworker/1:0H]
   16 [watchdog/2]
   17 [migration/2]
   18 [ksoftirqd/2]
   20 [kworker/2:0H]
   21 [watchdog/3]
   22 [migration/3]
   23 [ksoftirqd/3]
   25 [kworker/3:0H]
   26 [watchdog/4]
   27 [migration/4]
   28 [ksoftirqd/4]
   30 [kworker/4:0H]
   31 [watchdog/5]
   32 [migration/5]
   33 [ksoftirqd/5]
   35 [kworker/5:0H]
   36 [watchdog/6]
   37 [migration/6]
   38 [ksoftirqd/6]
   40 [kworker/6:0H]
   41 [watchdog/7]
   42 [migration/7]
   43 [ksoftirqd/7]
   44 [kworker/7:0]
   45 [kworker/7:0H]
   46 [watchdog/8]
   47 [migration/8]
   48 [ksoftirqd/8]
   50 [kworker/8:0H]
   51 [watchdog/9]
   52 [migration/9]
   53 [ksoftirqd/9]
   55 [kworker/9:0H]
   56 [watchdog/10]
   57 [migration/10]
   58 [ksoftirqd/10]
   60 [kworker/10:0H]
   61 [watchdog/11]
   62 [migration/11]
   63 [ksoftirqd/11]
   65 [kworker/11:0H]
   66 [watchdog/12]
   67 [migration/12]
   68 [ksoftirqd/12]
   70 [kworker/12:0H]
   71 [watchdog/13]
   72 [migration/13]
   73 [ksoftirqd/13]
   75 [kworker/13:0H]
   76 [watchdog/14]
   77 [migration/14]
   78 [ksoftirqd/14]
   80 [kworker/14:0H]
   81 [watchdog/15]
   82 [migration/15]
   83 [ksoftirqd/15]
   85 [kworker/15:0H]
   86 [kdevtmpfs]
   87 [netns]
   88 [perf]
   89 [khungtaskd]
   90 [writeback]
   91 [ksmd]
   92 [khugepaged]
   93 [crypto]
   94 [kintegrityd]
   95 [bioset]
   96 [kblockd]
   97 [ata_sff]
   98 [md]
   99 [devfreq_wq]
  102 [kworker/11:1]
  103 [kworker/5:1]
  105 [kswapd0]
  106 [vmstat]
  107 [fsnotify_mark]
  108 [ecryptfs-kthrea]
  124 [kthrotld]
  125 [bioset]
  126 [bioset]
  127 [bioset]
  128 [bioset]
  129 [bioset]
  130 [bioset]
  131 [bioset]
  132 [bioset]
  133 [bioset]
  134 [bioset]
  135 [bioset]
  136 [bioset]
  137 [bioset]
  138 [bioset]
  139 [kworker/6:1]
  140 [bioset]
  141 [bioset]
  142 [bioset]
  143 [bioset]
  144 [bioset]
  145 [bioset]
  146 [bioset]
  147 [bioset]
  148 [bioset]
  149 [bioset]
  150 [kworker/7:1]
  155 [ipv6_addrconf]
  156 [kworker/2:2]
  169 [deferwq]
  208 [nvme]
  240 [ena]
  286 [bioset]
  288 [bioset]
  291 [kworker/12:1]
  293 [kworker/8:1]
  296 [bioset]
  297 [bioset]
  305 [kworker/13:1]
  306 [kworker/14:1]
  307 [kworker/15:1]
  373 [raid5wq]
  399 [bioset]
  422 [jbd2/nvme0n1p1-]
  423 [ext4-rsv-conver]
  483 [kworker/12:2]
  502 /lib/systemd/systemd-journald
  515 [iscsi_eh]
  521 [ib_addr]
  522 [kauditd]
  523 [ib_mcast]
  524 [ib_nl_sa_wq]
  526 [ib_cm]
  529 [iw_cm_wq]
  534 [rdma_cm]
  557 /sbin/lvmetad -f
  577 /lib/systemd/systemd-udevd
  872 [kworker/0:1H]
  873 [kworker/1:1H]
  874 [kworker/2:1H]
  875 [kworker/3:1H]
  876 [kworker/8:1H]
  877 [kworker/9:1H]
  878 [kworker/10:1H]
  879 [kworker/11:1H]
  907 [kworker/6:1H]
  966 /lib/systemd/systemd-timesyncd
  983 [kworker/4:1H]
  990 [kworker/5:2]
 1072 [kworker/13:2]
 1076 [kworker/0:3]
 1078 [kworker/11:2]
 1108 /sbin/dhclient -1 -v -pf /run/dhclient.ens5.pid -lf /var/lib/dhcp/dhclient.ens5.leases -I -df /var/lib/dhcp/dhclient6.ens5.leases ens5
 1174 [kworker/5:1H]
 1236 /sbin/iscsid
 1237 /sbin/iscsid
 1241 /usr/bin/dbus-daemon --system --address=systemd: --nofork --nopidfile --systemd-activation
 1261 /usr/sbin/acpid
 1283 /usr/lib/accountsservice/accounts-daemon
 1306 /usr/sbin/atd -f
 1311 /usr/sbin/rsyslogd -n
 1313 /lib/systemd/systemd-logind
 1319 /usr/bin/lxcfs /var/lib/lxcfs/
 1321 /usr/sbin/cron -f
 1323 /usr/lib/snapd/snapd
 1329 [kworker/7:1H]
 1330 [kworker/13:1H]
 1331 [kworker/14:1H]
 1332 [kworker/15:1H]
 1333 [kworker/12:1H]
 1353 /usr/lib/policykit-1/polkitd --no-debug
 1355 [kworker/4:2]
 1375 /sbin/mdadm --monitor --pid-file /run/mdadm/monitor.pid --daemonise --scan --syslog
 1399 /usr/sbin/irqbalance --pid=/var/run/irqbalance.pid
 1413 /sbin/agetty --noclear tty1 linux
 1416 /sbin/agetty --keep-baud 115200 38400 9600 ttyS0 vt220
 1697 [kworker/3:2]
 1996 [kworker/15:2]
 2048 [kworker/4:3]
 2108 [kworker/9:2]
 2248 [kworker/8:2]
 2342 [kworker/10:2]
 2532 [kworker/2:3]
 2661 [jbd2/nvme1n1-8]
 2662 [ext4-rsv-conver]
 3780 [kworker/9:3]
 3781 [kworker/14:2]
 3814 /usr/sbin/chronyd
 3969 [kworker/3:3]
 4111 [kworker/10:3]
 4519 /usr/sbin/sshd -D
 5089 [kworker/1:0]
 5233 [kworker/u32:1]
 6224 [kworker/6:0]
 6262 [kworker/1:1]
 6267 [kworker/u32:0]
 6287 sshd: [accepted]
 6288 sshd: [net]
 6334 [kworker/11:0]
 6335 [kworker/11:3]
 6340 [kworker/2:0]
 6342 [kworker/2:1]
 6345 [kworker/u32:2]
 6346 [kworker/12:0]
 6410 [kworker/0:1]
 6413 sshd: ubuntu [priv]
 6415 [kworker/3:0]
 6416 [kworker/5:0]
 6417 /lib/systemd/systemd --user PATH=/usr/local/sbin:/usr/local/bin:/usr/sbin:/usr/bin:/sbin:/bin NOTIFY_SOCKET=/run/systemd/notify HOME=/home/ubuntu LOGNAME=ubuntu USER=ubuntu SHELL=/bin/bash XDG_RUNTIME_DIR=/run/user/1000
 6419 (sd-pam)
 6452 sshd: ubuntu@notty
 6453 bash -c  ??ulimit -c unlimited; mkdir -p ${HOME}/logs; ??echo ">>> roachprod start: $(date)" >> ${HOME}/logs/roachprod.log; ??ps axeww -o pid -o command >> ${HOME}/logs/roachprod.log; ??[ -x /usr/bin/lslocks ] && /usr/bin/lslocks >> ${HOME}/logs/roachprod.log;  ??export ROACHPROD=10; ??GOTRACEBACK=crash COCKROACH_SKIP_ENABLING_DIAGNOSTIC_REPORTING=1 COCKROACH_DEV_LICENSE=crl-0-EJL04ukFGAEiI0NvY2tyb2FjaCBMYWJzIC0gUHJvZHVjdGlvbiBUZXN0aW5n COCKROACH_ENABLE_RPC_COMPRESSION=false \ ??./cockroach start --background --insecure --store=path=/mnt/data1/cockroach --log-dir=${HOME}/logs --cache=25% --max-sql-memory=25% --port=26257 --http-port=26258 --locality=cloud=aws,region=us-east-2,zone=us-east-2b,rack=4 --join=3.12.104.196:26257 --advertise-host=$(hostname -I | awk '{print $1}') --cache=0.25 --max-sql-memory=0.4 >> ${HOME}/logs/cockroach.stdout.log \ ??                 2>> ${HOME}/logs/cockroach.stderr.log \ ???|| (x=$?; cat ${HOME}/logs/cockroach.stderr.log; exit $x) LANG=en_US.UTF-8 LC_ADDRESS=en_US.UTF-8 LC_IDENTIFICATION=en_US.UTF-8 LC_MEASUREMENT=en_US.UTF-8 LC_MONETARY=en_US.UTF-8 LC_NAME=en_US.UTF-8 LC_NUMERIC=en_US.UTF-8 LC_PAPER=en_US.UTF-8 LC_TELEPHONE=en_US.UTF-8 LC_TIME=en_US.UTF-8 USER=ubuntu LOGNAME=ubuntu HOME=/home/ubuntu PATH=/usr/local/sbin:/usr/local/bin:/usr/sbin:/usr/bin:/sbin:/bin:/usr/games:/usr/local/games MAIL=/var/mail/ubuntu SHELL=/bin/bash SSH_CLIENT=149.248.186.137 42786 22 SSH_CONNECTION=149.248.186.137 42786 10.12.26.237 22 XDG_SESSION_ID=59 XDG_RUNTIME_DIR=/run/user/1000
 6457 ps axeww -o pid -o command LC_PAPER=en_US.UTF-8 XDG_SESSION_ID=59 LC_ADDRESS=en_US.UTF-8 LC_MONETARY=en_US.UTF-8 SHELL=/bin/bash SSH_CLIENT=149.248.186.137 42786 22 LC_NUMERIC=en_US.UTF-8 USER=ubuntu LC_TELEPHONE=en_US.UTF-8 MAIL=/var/mail/ubuntu PATH=/usr/local/sbin:/usr/local/bin:/usr/sbin:/usr/bin:/sbin:/bin:/usr/games:/usr/local/games LC_IDENTIFICATION=en_US.UTF-8 PWD=/home/ubuntu LANG=en_US.UTF-8 LC_MEASUREMENT=en_US.UTF-8 SHLVL=1 HOME=/home/ubuntu LOGNAME=ubuntu SSH_CONNECTION=149.248.186.137 42786 10.12.26.237 22 XDG_RUNTIME_DIR=/run/user/1000 LC_TIME=en_US.UTF-8 LC_NAME=en_US.UTF-8 _=/bin/ps
COMMAND           PID  TYPE SIZE MODE  M START END PATH
cron             1321 FLOCK   0B WRITE 0     0   0 /run
iscsid           1237 POSIX   0B WRITE 0     0   0 /run
lvmetad           557 POSIX   0B WRITE 0     0   0 /run
lxcfs            1319 POSIX   0B WRITE 0     0   0 /run
atd              1306 POSIX   0B WRITE 0     0   0 /run
