>>> roachprod start: Fri Sep 11 00:16:29 UTC 2020
  PID COMMAND
    1 /sbin/init
    2 [kthreadd]
    3 [ksoftirqd/0]
    5 [kworker/0:0H]
    7 [rcu_sched]
    8 [rcu_bh]
    9 [migration/0]
   10 [watchdog/0]
   11 [watchdog/1]
   12 [migration/1]
   13 [ksoftirqd/1]
   15 [kworker/1:0H]
   16 [watchdog/2]
   17 [migration/2]
   18 [ksoftirqd/2]
   20 [kworker/2:0H]
   21 [watchdog/3]
   22 [migration/3]
   23 [ksoftirqd/3]
   25 [kworker/3:0H]
   26 [watchdog/4]
   27 [migration/4]
   28 [ksoftirqd/4]
   30 [kworker/4:0H]
   31 [watchdog/5]
   32 [migration/5]
   33 [ksoftirqd/5]
   35 [kworker/5:0H]
   36 [watchdog/6]
   37 [migration/6]
   38 [ksoftirqd/6]
   40 [kworker/6:0H]
   41 [watchdog/7]
   42 [migration/7]
   43 [ksoftirqd/7]
   45 [kworker/7:0H]
   46 [watchdog/8]
   47 [migration/8]
   48 [ksoftirqd/8]
   50 [kworker/8:0H]
   51 [watchdog/9]
   52 [migration/9]
   53 [ksoftirqd/9]
   55 [kworker/9:0H]
   56 [watchdog/10]
   57 [migration/10]
   58 [ksoftirqd/10]
   60 [kworker/10:0H]
   61 [watchdog/11]
   62 [migration/11]
   63 [ksoftirqd/11]
   65 [kworker/11:0H]
   66 [watchdog/12]
   67 [migration/12]
   68 [ksoftirqd/12]
   70 [kworker/12:0H]
   71 [watchdog/13]
   72 [migration/13]
   73 [ksoftirqd/13]
   75 [kworker/13:0H]
   76 [watchdog/14]
   77 [migration/14]
   78 [ksoftirqd/14]
   80 [kworker/14:0H]
   81 [watchdog/15]
   82 [migration/15]
   83 [ksoftirqd/15]
   85 [kworker/15:0H]
   86 [kdevtmpfs]
   87 [netns]
   88 [perf]
   89 [khungtaskd]
   90 [writeback]
   91 [ksmd]
   92 [khugepaged]
   93 [crypto]
   94 [kintegrityd]
   95 [bioset]
   96 [kblockd]
   97 [ata_sff]
   98 [md]
   99 [devfreq_wq]
  103 [kworker/3:1]
  105 [kswapd0]
  106 [vmstat]
  107 [fsnotify_mark]
  108 [ecryptfs-kthrea]
  124 [kthrotld]
  125 [bioset]
  126 [bioset]
  127 [bioset]
  128 [bioset]
  129 [bioset]
  130 [bioset]
  131 [bioset]
  132 [bioset]
  133 [bioset]
  134 [bioset]
  135 [bioset]
  136 [bioset]
  137 [bioset]
  138 [bioset]
  140 [bioset]
  141 [bioset]
  142 [bioset]
  143 [bioset]
  144 [bioset]
  145 [bioset]
  146 [bioset]
  147 [bioset]
  148 [bioset]
  149 [bioset]
  154 [ipv6_addrconf]
  167 [deferwq]
  204 [nvme]
  236 [ena]
  283 [kworker/11:1]
  284 [kworker/13:1]
  285 [bioset]
  287 [bioset]
  288 [kworker/2:1]
  294 [bioset]
  295 [bioset]
  301 [kworker/4:1]
  304 [kworker/10:1]
  305 [kworker/12:1]
  306 [kworker/14:1]
  373 [raid5wq]
  399 [bioset]
  422 [jbd2/nvme0n1p1-]
  423 [ext4-rsv-conver]
  489 [iscsi_eh]
  502 [ib_addr]
  507 [ib_mcast]
  508 [ib_nl_sa_wq]
  509 [ib_cm]
  510 [iw_cm_wq]
  511 [rdma_cm]
  513 /lib/systemd/systemd-journald
  525 [kauditd]
  549 /sbin/lvmetad -f
  575 /lib/systemd/systemd-udevd
  830 [kworker/0:1H]
  839 [kworker/2:1H]
  852 [kworker/8:1H]
  870 [kworker/10:1H]
  872 [kworker/1:1H]
  873 [kworker/3:1H]
  874 [kworker/9:1H]
  875 [kworker/11:1H]
  905 [kworker/7:1H]
  906 [kworker/1:2]
  954 /lib/systemd/systemd-timesyncd
  957 [kworker/9:2]
 1011 [kworker/6:2]
 1079 [kworker/0:3]
 1110 /sbin/dhclient -1 -v -pf /run/dhclient.ens5.pid -lf /var/lib/dhcp/dhclient.ens5.leases -I -df /var/lib/dhcp/dhclient6.ens5.leases ens5
 1249 [kworker/4:1H]
 1258 /sbin/iscsid
 1259 /sbin/iscsid
 1263 /usr/sbin/atd -f
 1265 /lib/systemd/systemd-logind
 1267 /usr/sbin/acpid
 1269 /usr/sbin/rsyslogd -n
 1271 /usr/sbin/cron -f
 1292 /usr/lib/snapd/snapd
 1297 /usr/bin/dbus-daemon --system --address=systemd: --nofork --nopidfile --systemd-activation
 1318 /usr/bin/lxcfs /var/lib/lxcfs/
 1322 /usr/lib/accountsservice/accounts-daemon
 1360 [kworker/5:1H]
 1361 /usr/lib/policykit-1/polkitd --no-debug
 1364 [kworker/6:1H]
 1386 /sbin/mdadm --monitor --pid-file /run/mdadm/monitor.pid --daemonise --scan --syslog
 1417 /usr/sbin/irqbalance --pid=/var/run/irqbalance.pid
 1426 /sbin/agetty --keep-baud 115200 38400 9600 ttyS0 vt220
 1429 /sbin/agetty --noclear tty1 linux
 1433 [kworker/8:2]
 1480 [kworker/12:1H]
 1481 [kworker/13:1H]
 1530 [kworker/14:1H]
 1698 [kworker/15:1H]
 1758 [kworker/5:2]
 1898 [kworker/11:2]
 2025 [kworker/9:3]
 2078 [kworker/15:2]
 2228 [kworker/10:2]
 2321 [kworker/5:3]
 2653 [jbd2/nvme1n1-8]
 2654 [ext4-rsv-conver]
 3309 [kworker/13:2]
 3550 [kworker/14:2]
 3798 /usr/sbin/chronyd
 4609 [kworker/15:3]
 5022 /usr/sbin/sshd -D
 5380 [kworker/3:0]
 5381 [kworker/6:0]
 5587 [kworker/0:1]
 5705 [kworker/2:0]
 5746 [kworker/7:1]
 5926 [kworker/4:3]
 5963 [kworker/1:1]
 6000 [kworker/12:2]
 6036 [kworker/8:0]
 6055 [kworker/u32:1]
 6056 [kworker/u32:0]
 6092 [kworker/7:0]
 6150 [kworker/7:2]
 6157 [kworker/1:0]
 6161 [kworker/8:1]
 6162 [kworker/8:3]
 6163 [kworker/12:0]
 6164 [kworker/1:3]
 6216 [kworker/2:2]
 6219 [kworker/u32:2]
 6228 [kworker/6:1]
 6283 sshd: ubuntu [priv]
 6288 [kworker/5:0]
 6291 [kworker/13:0]
 6292 /lib/systemd/systemd --user PATH=/usr/local/sbin:/usr/local/bin:/usr/sbin:/usr/bin:/sbin:/bin NOTIFY_SOCKET=/run/systemd/notify HOME=/home/ubuntu LOGNAME=ubuntu USER=ubuntu SHELL=/bin/bash XDG_RUNTIME_DIR=/run/user/1000
 6295 (sd-pam)
 6328 sshd: ubuntu@notty
 6329 bash -c  ??ulimit -c unlimited; mkdir -p ${HOME}/logs; ??echo ">>> roachprod start: $(date)" >> ${HOME}/logs/roachprod.log; ??ps axeww -o pid -o command >> ${HOME}/logs/roachprod.log; ??[ -x /usr/bin/lslocks ] && /usr/bin/lslocks >> ${HOME}/logs/roachprod.log;  ??export ROACHPROD=15; ??GOTRACEBACK=crash COCKROACH_SKIP_ENABLING_DIAGNOSTIC_REPORTING=1 COCKROACH_DEV_LICENSE=crl-0-EJL04ukFGAEiI0NvY2tyb2FjaCBMYWJzIC0gUHJvZHVjdGlvbiBUZXN0aW5n COCKROACH_ENABLE_RPC_COMPRESSION=false \ ??./cockroach start --background --insecure --store=path=/mnt/data1/cockroach --log-dir=${HOME}/logs --cache=25% --max-sql-memory=25% --port=26257 --http-port=26258 --locality=cloud=aws,region=us-east-2,zone=us-east-2b,rack=4 --join=18.191.252.183:26257 --advertise-host=$(hostname -I | awk '{print $1}') --cache=0.25 --max-sql-memory=0.25 >> ${HOME}/logs/cockroach.stdout.log \ ??                 2>> ${HOME}/logs/cockroach.stderr.log \ ???|| (x=$?; cat ${HOME}/logs/cockroach.stderr.log; exit $x) LANG=en_US.UTF-8 LC_ADDRESS=en_US.UTF-8 LC_IDENTIFICATION=en_US.UTF-8 LC_MEASUREMENT=en_US.UTF-8 LC_MONETARY=en_US.UTF-8 LC_NAME=en_US.UTF-8 LC_NUMERIC=en_US.UTF-8 LC_PAPER=en_US.UTF-8 LC_TELEPHONE=en_US.UTF-8 LC_TIME=en_US.UTF-8 USER=ubuntu LOGNAME=ubuntu HOME=/home/ubuntu PATH=/usr/local/sbin:/usr/local/bin:/usr/sbin:/usr/bin:/sbin:/bin:/usr/games:/usr/local/games MAIL=/var/mail/ubuntu SHELL=/bin/bash SSH_CLIENT=149.248.186.137 36070 22 SSH_CONNECTION=149.248.186.137 36070 10.12.25.15 22 XDG_SESSION_ID=73 XDG_RUNTIME_DIR=/run/user/1000
 6333 ps axeww -o pid -o command LC_PAPER=en_US.UTF-8 XDG_SESSION_ID=73 LC_ADDRESS=en_US.UTF-8 LC_MONETARY=en_US.UTF-8 SHELL=/bin/bash SSH_CLIENT=149.248.186.137 36070 22 LC_NUMERIC=en_US.UTF-8 USER=ubuntu LC_TELEPHONE=en_US.UTF-8 MAIL=/var/mail/ubuntu PATH=/usr/local/sbin:/usr/local/bin:/usr/sbin:/usr/bin:/sbin:/bin:/usr/games:/usr/local/games LC_IDENTIFICATION=en_US.UTF-8 PWD=/home/ubuntu LANG=en_US.UTF-8 LC_MEASUREMENT=en_US.UTF-8 SHLVL=1 HOME=/home/ubuntu LOGNAME=ubuntu SSH_CONNECTION=149.248.186.137 36070 10.12.25.15 22 XDG_RUNTIME_DIR=/run/user/1000 LC_TIME=en_US.UTF-8 LC_NAME=en_US.UTF-8 _=/bin/ps
COMMAND           PID  TYPE SIZE MODE  M START END PATH
iscsid           1259 POSIX   0B WRITE 0     0   0 /run
lxcfs            1318 POSIX   0B WRITE 0     0   0 /run
atd              1263 POSIX   0B WRITE 0     0   0 /run
lvmetad           549 POSIX   0B WRITE 0     0   0 /run
cron             1271 FLOCK   0B WRITE 0     0   0 /run
>>> roachprod stop: Fri Sep 11 03:16:35 UTC 2020
  PID COMMAND
    1 /sbin/init
    2 [kthreadd]
    3 [ksoftirqd/0]
    5 [kworker/0:0H]
    7 [rcu_sched]
    8 [rcu_bh]
    9 [migration/0]
   10 [watchdog/0]
   11 [watchdog/1]
   12 [migration/1]
   13 [ksoftirqd/1]
   15 [kworker/1:0H]
   16 [watchdog/2]
   17 [migration/2]
   18 [ksoftirqd/2]
   20 [kworker/2:0H]
   21 [watchdog/3]
   22 [migration/3]
   23 [ksoftirqd/3]
   25 [kworker/3:0H]
   26 [watchdog/4]
   27 [migration/4]
   28 [ksoftirqd/4]
   30 [kworker/4:0H]
   31 [watchdog/5]
   32 [migration/5]
   33 [ksoftirqd/5]
   35 [kworker/5:0H]
   36 [watchdog/6]
   37 [migration/6]
   38 [ksoftirqd/6]
   40 [kworker/6:0H]
   41 [watchdog/7]
   42 [migration/7]
   43 [ksoftirqd/7]
   45 [kworker/7:0H]
   46 [watchdog/8]
   47 [migration/8]
   48 [ksoftirqd/8]
   50 [kworker/8:0H]
   51 [watchdog/9]
   52 [migration/9]
   53 [ksoftirqd/9]
   55 [kworker/9:0H]
   56 [watchdog/10]
   57 [migration/10]
   58 [ksoftirqd/10]
   60 [kworker/10:0H]
   61 [watchdog/11]
   62 [migration/11]
   63 [ksoftirqd/11]
   65 [kworker/11:0H]
   66 [watchdog/12]
   67 [migration/12]
   68 [ksoftirqd/12]
   70 [kworker/12:0H]
   71 [watchdog/13]
   72 [migration/13]
   73 [ksoftirqd/13]
   75 [kworker/13:0H]
   76 [watchdog/14]
   77 [migration/14]
   78 [ksoftirqd/14]
   80 [kworker/14:0H]
   81 [watchdog/15]
   82 [migration/15]
   83 [ksoftirqd/15]
   85 [kworker/15:0H]
   86 [kdevtmpfs]
   87 [netns]
   88 [perf]
   89 [khungtaskd]
   90 [writeback]
   91 [ksmd]
   92 [khugepaged]
   93 [crypto]
   94 [kintegrityd]
   95 [bioset]
   96 [kblockd]
   97 [ata_sff]
   98 [md]
   99 [devfreq_wq]
  103 [kworker/3:1]
  105 [kswapd0]
  106 [vmstat]
  107 [fsnotify_mark]
  108 [ecryptfs-kthrea]
  124 [kthrotld]
  125 [bioset]
  126 [bioset]
  127 [bioset]
  128 [bioset]
  129 [bioset]
  130 [bioset]
  131 [bioset]
  132 [bioset]
  133 [bioset]
  134 [bioset]
  135 [bioset]
  136 [bioset]
  137 [bioset]
  138 [bioset]
  140 [bioset]
  141 [bioset]
  142 [bioset]
  143 [bioset]
  144 [bioset]
  145 [bioset]
  146 [bioset]
  147 [bioset]
  148 [bioset]
  149 [bioset]
  154 [ipv6_addrconf]
  167 [deferwq]
  204 [nvme]
  236 [ena]
  283 [kworker/11:1]
  285 [bioset]
  287 [bioset]
  288 [kworker/2:1]
  294 [bioset]
  295 [bioset]
  301 [kworker/4:1]
  305 [kworker/12:1]
  306 [kworker/14:1]
  373 [raid5wq]
  399 [bioset]
  422 [jbd2/nvme0n1p1-]
  423 [ext4-rsv-conver]
  489 [iscsi_eh]
  502 [ib_addr]
  507 [ib_mcast]
  508 [ib_nl_sa_wq]
  509 [ib_cm]
  510 [iw_cm_wq]
  511 [rdma_cm]
  513 /lib/systemd/systemd-journald
  525 [kauditd]
  549 /sbin/lvmetad -f
  575 /lib/systemd/systemd-udevd
  830 [kworker/0:1H]
  839 [kworker/2:1H]
  852 [kworker/8:1H]
  870 [kworker/10:1H]
  872 [kworker/1:1H]
  873 [kworker/3:1H]
  874 [kworker/9:1H]
  875 [kworker/11:1H]
  905 [kworker/7:1H]
  954 /lib/systemd/systemd-timesyncd
  957 [kworker/9:2]
 1079 [kworker/0:3]
 1110 /sbin/dhclient -1 -v -pf /run/dhclient.ens5.pid -lf /var/lib/dhcp/dhclient.ens5.leases -I -df /var/lib/dhcp/dhclient6.ens5.leases ens5
 1249 [kworker/4:1H]
 1258 /sbin/iscsid
 1259 /sbin/iscsid
 1263 /usr/sbin/atd -f
 1265 /lib/systemd/systemd-logind
 1267 /usr/sbin/acpid
 1269 /usr/sbin/rsyslogd -n
 1271 /usr/sbin/cron -f
 1292 /usr/lib/snapd/snapd
 1297 /usr/bin/dbus-daemon --system --address=systemd: --nofork --nopidfile --systemd-activation
 1318 /usr/bin/lxcfs /var/lib/lxcfs/
 1322 /usr/lib/accountsservice/accounts-daemon
 1360 [kworker/5:1H]
 1361 /usr/lib/policykit-1/polkitd --no-debug
 1364 [kworker/6:1H]
 1386 /sbin/mdadm --monitor --pid-file /run/mdadm/monitor.pid --daemonise --scan --syslog
 1417 /usr/sbin/irqbalance --pid=/var/run/irqbalance.pid
 1426 /sbin/agetty --keep-baud 115200 38400 9600 ttyS0 vt220
 1429 /sbin/agetty --noclear tty1 linux
 1480 [kworker/12:1H]
 1481 [kworker/13:1H]
 1530 [kworker/14:1H]
 1698 [kworker/15:1H]
 1758 [kworker/5:2]
 1898 [kworker/11:2]
 2025 [kworker/9:3]
 2078 [kworker/15:2]
 2228 [kworker/10:2]
 2321 [kworker/5:3]
 2653 [jbd2/nvme1n1-8]
 2654 [ext4-rsv-conver]
 3309 [kworker/13:2]
 3550 [kworker/14:2]
 3798 /usr/sbin/chronyd
 4609 [kworker/15:3]
 5022 /usr/sbin/sshd -D
 5380 [kworker/3:0]
 5381 [kworker/6:0]
 5587 [kworker/0:1]
 5705 [kworker/2:0]
 5926 [kworker/4:3]
 5963 [kworker/1:1]
 6036 [kworker/8:0]
 6150 [kworker/7:2]
 6162 [kworker/8:3]
 6163 [kworker/12:0]
 6164 [kworker/1:3]
 6228 [kworker/6:1]
 6291 [kworker/13:0]
 6292 /lib/systemd/systemd --user PATH=/usr/local/sbin:/usr/local/bin:/usr/sbin:/usr/bin:/sbin:/bin NOTIFY_SOCKET=/run/systemd/notify HOME=/home/ubuntu LOGNAME=ubuntu USER=ubuntu SHELL=/bin/bash XDG_RUNTIME_DIR=/run/user/1000
 6295 (sd-pam)
 6360 ./cockroach start --insecure --store=path=/mnt/data1/cockroach --log-dir=/home/ubuntu/logs --cache=25% --max-sql-memory=25% --port=26257 --http-port=26258 --locality=cloud=aws,region=us-east-2,zone=us-east-2b,rack=4 --join=18.191.252.183:26257 --advertise-host=10.12.25.15 --cache=0.25 --max-sql-memory=0.25 COCKROACH_ENABLE_RPC_COMPRESSION=false GOTRACEBACK=crash COCKROACH_DEV_LICENSE=crl-0-EJL04ukFGAEiI0NvY2tyb2FjaCBMYWJzIC0gUHJvZHVjdGlvbiBUZXN0aW5n COCKROACH_SKIP_ENABLING_DIAGNOSTIC_REPORTING=1 LC_PAPER=en_US.UTF-8 XDG_SESSION_ID=73 LC_ADDRESS=en_US.UTF-8 LC_MONETARY=en_US.UTF-8 SHELL=/bin/bash SSH_CLIENT=149.248.186.137 36070 22 LC_NUMERIC=en_US.UTF-8 USER=ubuntu LC_TELEPHONE=en_US.UTF-8 MAIL=/var/mail/ubuntu PATH=/usr/local/sbin:/usr/local/bin:/usr/sbin:/usr/bin:/sbin:/bin:/usr/games:/usr/local/games LC_IDENTIFICATION=en_US.UTF-8 PWD=/home/ubuntu ROACHPROD=15 LANG=en_US.UTF-8 LC_MEASUREMENT=en_US.UTF-8 SHLVL=1 HOME=/home/ubuntu LOGNAME=ubuntu SSH_CONNECTION=149.248.186.137 36070 10.12.25.15 22 XDG_RUNTIME_DIR=/run/user/1000 LC_TIME=en_US.UTF-8 LC_NAME=en_US.UTF-8 _=./cockroach COCKROACH_BACKGROUND_RESTART=1 NOTIFY_SOCKET=/tmp/sdnotify926088670/notify.sock
 6436 [kworker/10:0]
 6669 [kworker/7:1]
 6670 [kworker/u32:2]
 6673 [kworker/u32:0]
 6687 sshd: ubuntu [priv]
 6719 sshd: ubuntu@notty
 6720 bash -c  mkdir -p logs echo ">>> roachprod stop: $(date)" >> ${HOME}/logs/roachprod.log ps axeww -o pid -o command >> ${HOME}/logs/roachprod.log pids=$(ps axeww -o pid -o command | \   sed 's/export ROACHPROD=//g' | \   awk '/ROACHPROD=(15)[ \/]/ { print $1 }') if [ -n "${pids}" ]; then   kill -9 ${pids}    for pid in ${pids}; do     echo "${pid}: checking" >> ${HOME}/logs/roachprod.log     while kill -0 ${pid}; do       kill -0 ${pid} >> ${HOME}/logs/roachprod.log 2>&1       echo "${pid}: still alive [$?]" >> ${HOME}/logs/roachprod.log       ps axeww -o pid -o command >> ${HOME}/logs/roachprod.log       sleep 1     done     echo "${pid}: dead" >> ${HOME}/logs/roachprod.log   done  fi  LANG=en_US.UTF-8 LC_ADDRESS=en_US.UTF-8 LC_IDENTIFICATION=en_US.UTF-8 LC_MEASUREMENT=en_US.UTF-8 LC_MONETARY=en_US.UTF-8 LC_NAME=en_US.UTF-8 LC_NUMERIC=en_US.UTF-8 LC_PAPER=en_US.UTF-8 LC_TELEPHONE=en_US.UTF-8 LC_TIME=en_US.UTF-8 USER=ubuntu LOGNAME=ubuntu HOME=/home/ubuntu PATH=/usr/local/sbin:/usr/local/bin:/usr/sbin:/usr/bin:/sbin:/bin:/usr/games:/usr/local/games MAIL=/var/mail/ubuntu SHELL=/bin/bash SSH_CLIENT=149.248.186.137 40862 22 SSH_CONNECTION=149.248.186.137 40862 10.12.25.15 22 XDG_SESSION_ID=79 XDG_RUNTIME_DIR=/run/user/1000
 6724 ps axeww -o pid -o command LC_PAPER=en_US.UTF-8 XDG_SESSION_ID=79 LC_ADDRESS=en_US.UTF-8 LC_MONETARY=en_US.UTF-8 SHELL=/bin/bash SSH_CLIENT=149.248.186.137 40862 22 LC_NUMERIC=en_US.UTF-8 USER=ubuntu LC_TELEPHONE=en_US.UTF-8 MAIL=/var/mail/ubuntu PATH=/usr/local/sbin:/usr/local/bin:/usr/sbin:/usr/bin:/sbin:/bin:/usr/games:/usr/local/games LC_IDENTIFICATION=en_US.UTF-8 PWD=/home/ubuntu LANG=en_US.UTF-8 LC_MEASUREMENT=en_US.UTF-8 SHLVL=1 HOME=/home/ubuntu LOGNAME=ubuntu SSH_CONNECTION=149.248.186.137 40862 10.12.25.15 22 XDG_RUNTIME_DIR=/run/user/1000 LC_TIME=en_US.UTF-8 LC_NAME=en_US.UTF-8 _=/bin/ps
6360: checking
6360: still alive [0]
  PID COMMAND
    1 /sbin/init
    2 [kthreadd]
    3 [ksoftirqd/0]
    5 [kworker/0:0H]
    7 [rcu_sched]
    8 [rcu_bh]
    9 [migration/0]
   10 [watchdog/0]
   11 [watchdog/1]
   12 [migration/1]
   13 [ksoftirqd/1]
   15 [kworker/1:0H]
   16 [watchdog/2]
   17 [migration/2]
   18 [ksoftirqd/2]
   20 [kworker/2:0H]
   21 [watchdog/3]
   22 [migration/3]
   23 [ksoftirqd/3]
   25 [kworker/3:0H]
   26 [watchdog/4]
   27 [migration/4]
   28 [ksoftirqd/4]
   30 [kworker/4:0H]
   31 [watchdog/5]
   32 [migration/5]
   33 [ksoftirqd/5]
   35 [kworker/5:0H]
   36 [watchdog/6]
   37 [migration/6]
   38 [ksoftirqd/6]
   40 [kworker/6:0H]
   41 [watchdog/7]
   42 [migration/7]
   43 [ksoftirqd/7]
   45 [kworker/7:0H]
   46 [watchdog/8]
   47 [migration/8]
   48 [ksoftirqd/8]
   50 [kworker/8:0H]
   51 [watchdog/9]
   52 [migration/9]
   53 [ksoftirqd/9]
   55 [kworker/9:0H]
   56 [watchdog/10]
   57 [migration/10]
   58 [ksoftirqd/10]
   60 [kworker/10:0H]
   61 [watchdog/11]
   62 [migration/11]
   63 [ksoftirqd/11]
   65 [kworker/11:0H]
   66 [watchdog/12]
   67 [migration/12]
   68 [ksoftirqd/12]
   70 [kworker/12:0H]
   71 [watchdog/13]
   72 [migration/13]
   73 [ksoftirqd/13]
   75 [kworker/13:0H]
   76 [watchdog/14]
   77 [migration/14]
   78 [ksoftirqd/14]
   80 [kworker/14:0H]
   81 [watchdog/15]
   82 [migration/15]
   83 [ksoftirqd/15]
   85 [kworker/15:0H]
   86 [kdevtmpfs]
   87 [netns]
   88 [perf]
   89 [khungtaskd]
   90 [writeback]
   91 [ksmd]
   92 [khugepaged]
   93 [crypto]
   94 [kintegrityd]
   95 [bioset]
   96 [kblockd]
   97 [ata_sff]
   98 [md]
   99 [devfreq_wq]
  103 [kworker/3:1]
  105 [kswapd0]
  106 [vmstat]
  107 [fsnotify_mark]
  108 [ecryptfs-kthrea]
  124 [kthrotld]
  125 [bioset]
  126 [bioset]
  127 [bioset]
  128 [bioset]
  129 [bioset]
  130 [bioset]
  131 [bioset]
  132 [bioset]
  133 [bioset]
  134 [bioset]
  135 [bioset]
  136 [bioset]
  137 [bioset]
  138 [bioset]
  140 [bioset]
  141 [bioset]
  142 [bioset]
  143 [bioset]
  144 [bioset]
  145 [bioset]
  146 [bioset]
  147 [bioset]
  148 [bioset]
  149 [bioset]
  154 [ipv6_addrconf]
  167 [deferwq]
  204 [nvme]
  236 [ena]
  283 [kworker/11:1]
  285 [bioset]
  287 [bioset]
  288 [kworker/2:1]
  294 [bioset]
  295 [bioset]
  301 [kworker/4:1]
  305 [kworker/12:1]
  306 [kworker/14:1]
  373 [raid5wq]
  399 [bioset]
  422 [jbd2/nvme0n1p1-]
  423 [ext4-rsv-conver]
  489 [iscsi_eh]
  502 [ib_addr]
  507 [ib_mcast]
  508 [ib_nl_sa_wq]
  509 [ib_cm]
  510 [iw_cm_wq]
  511 [rdma_cm]
  513 /lib/systemd/systemd-journald
  525 [kauditd]
  549 /sbin/lvmetad -f
  575 /lib/systemd/systemd-udevd
  830 [kworker/0:1H]
  839 [kworker/2:1H]
  852 [kworker/8:1H]
  870 [kworker/10:1H]
  872 [kworker/1:1H]
  873 [kworker/3:1H]
  874 [kworker/9:1H]
  875 [kworker/11:1H]
  905 [kworker/7:1H]
  954 /lib/systemd/systemd-timesyncd
  957 [kworker/9:2]
 1079 [kworker/0:3]
 1110 /sbin/dhclient -1 -v -pf /run/dhclient.ens5.pid -lf /var/lib/dhcp/dhclient.ens5.leases -I -df /var/lib/dhcp/dhclient6.ens5.leases ens5
 1249 [kworker/4:1H]
 1258 /sbin/iscsid
 1259 /sbin/iscsid
 1263 /usr/sbin/atd -f
 1265 /lib/systemd/systemd-logind
 1267 /usr/sbin/acpid
 1269 /usr/sbin/rsyslogd -n
 1271 /usr/sbin/cron -f
 1292 /usr/lib/snapd/snapd
 1297 /usr/bin/dbus-daemon --system --address=systemd: --nofork --nopidfile --systemd-activation
 1318 /usr/bin/lxcfs /var/lib/lxcfs/
 1322 /usr/lib/accountsservice/accounts-daemon
 1360 [kworker/5:1H]
 1361 /usr/lib/policykit-1/polkitd --no-debug
 1364 [kworker/6:1H]
 1386 /sbin/mdadm --monitor --pid-file /run/mdadm/monitor.pid --daemonise --scan --syslog
 1417 /usr/sbin/irqbalance --pid=/var/run/irqbalance.pid
 1426 /sbin/agetty --keep-baud 115200 38400 9600 ttyS0 vt220
 1429 /sbin/agetty --noclear tty1 linux
 1480 [kworker/12:1H]
 1481 [kworker/13:1H]
 1530 [kworker/14:1H]
 1698 [kworker/15:1H]
 1758 [kworker/5:2]
 1898 [kworker/11:2]
 2025 [kworker/9:3]
 2078 [kworker/15:2]
 2228 [kworker/10:2]
 2321 [kworker/5:3]
 2653 [jbd2/nvme1n1-8]
 2654 [ext4-rsv-conver]
 3309 [kworker/13:2]
 3550 [kworker/14:2]
 3798 /usr/sbin/chronyd
 4609 [kworker/15:3]
 5022 /usr/sbin/sshd -D
 5380 [kworker/3:0]
 5381 [kworker/6:0]
 5587 [kworker/0:1]
 5705 [kworker/2:0]
 5926 [kworker/4:3]
 5963 [kworker/1:1]
 6036 [kworker/8:0]
 6150 [kworker/7:2]
 6162 [kworker/8:3]
 6163 [kworker/12:0]
 6164 [kworker/1:3]
 6228 [kworker/6:1]
 6291 [kworker/13:0]
 6292 /lib/systemd/systemd --user PATH=/usr/local/sbin:/usr/local/bin:/usr/sbin:/usr/bin:/sbin:/bin NOTIFY_SOCKET=/run/systemd/notify HOME=/home/ubuntu LOGNAME=ubuntu USER=ubuntu SHELL=/bin/bash XDG_RUNTIME_DIR=/run/user/1000
 6295 (sd-pam)
 6360 [cockroach] <defunct>
 6436 [kworker/10:0]
 6669 [kworker/7:1]
 6670 [kworker/u32:2]
 6673 [kworker/u32:0]
 6687 sshd: ubuntu [priv]
 6719 sshd: ubuntu@notty
 6720 bash -c  mkdir -p logs echo ">>> roachprod stop: $(date)" >> ${HOME}/logs/roachprod.log ps axeww -o pid -o command >> ${HOME}/logs/roachprod.log pids=$(ps axeww -o pid -o command | \   sed 's/export ROACHPROD=//g' | \   awk '/ROACHPROD=(15)[ \/]/ { print $1 }') if [ -n "${pids}" ]; then   kill -9 ${pids}    for pid in ${pids}; do     echo "${pid}: checking" >> ${HOME}/logs/roachprod.log     while kill -0 ${pid}; do       kill -0 ${pid} >> ${HOME}/logs/roachprod.log 2>&1       echo "${pid}: still alive [$?]" >> ${HOME}/logs/roachprod.log       ps axeww -o pid -o command >> ${HOME}/logs/roachprod.log       sleep 1     done     echo "${pid}: dead" >> ${HOME}/logs/roachprod.log   done  fi  LANG=en_US.UTF-8 LC_ADDRESS=en_US.UTF-8 LC_IDENTIFICATION=en_US.UTF-8 LC_MEASUREMENT=en_US.UTF-8 LC_MONETARY=en_US.UTF-8 LC_NAME=en_US.UTF-8 LC_NUMERIC=en_US.UTF-8 LC_PAPER=en_US.UTF-8 LC_TELEPHONE=en_US.UTF-8 LC_TIME=en_US.UTF-8 USER=ubuntu LOGNAME=ubuntu HOME=/home/ubuntu PATH=/usr/local/sbin:/usr/local/bin:/usr/sbin:/usr/bin:/sbin:/bin:/usr/games:/usr/local/games MAIL=/var/mail/ubuntu SHELL=/bin/bash SSH_CLIENT=149.248.186.137 40862 22 SSH_CONNECTION=149.248.186.137 40862 10.12.25.15 22 XDG_SESSION_ID=79 XDG_RUNTIME_DIR=/run/user/1000
 6729 ps axeww -o pid -o command LC_PAPER=en_US.UTF-8 XDG_SESSION_ID=79 LC_ADDRESS=en_US.UTF-8 LC_MONETARY=en_US.UTF-8 SHELL=/bin/bash SSH_CLIENT=149.248.186.137 40862 22 LC_NUMERIC=en_US.UTF-8 USER=ubuntu LC_TELEPHONE=en_US.UTF-8 MAIL=/var/mail/ubuntu PATH=/usr/local/sbin:/usr/local/bin:/usr/sbin:/usr/bin:/sbin:/bin:/usr/games:/usr/local/games LC_IDENTIFICATION=en_US.UTF-8 PWD=/home/ubuntu LANG=en_US.UTF-8 LC_MEASUREMENT=en_US.UTF-8 SHLVL=1 HOME=/home/ubuntu LOGNAME=ubuntu SSH_CONNECTION=149.248.186.137 40862 10.12.25.15 22 XDG_RUNTIME_DIR=/run/user/1000 LC_TIME=en_US.UTF-8 LC_NAME=en_US.UTF-8 _=/bin/ps
6360: dead
>>> roachprod start: Fri Sep 11 03:17:34 UTC 2020
  PID COMMAND
    1 /sbin/init
    2 [kthreadd]
    3 [ksoftirqd/0]
    5 [kworker/0:0H]
    7 [rcu_sched]
    8 [rcu_bh]
    9 [migration/0]
   10 [watchdog/0]
   11 [watchdog/1]
   12 [migration/1]
   13 [ksoftirqd/1]
   15 [kworker/1:0H]
   16 [watchdog/2]
   17 [migration/2]
   18 [ksoftirqd/2]
   20 [kworker/2:0H]
   21 [watchdog/3]
   22 [migration/3]
   23 [ksoftirqd/3]
   25 [kworker/3:0H]
   26 [watchdog/4]
   27 [migration/4]
   28 [ksoftirqd/4]
   30 [kworker/4:0H]
   31 [watchdog/5]
   32 [migration/5]
   33 [ksoftirqd/5]
   35 [kworker/5:0H]
   36 [watchdog/6]
   37 [migration/6]
   38 [ksoftirqd/6]
   40 [kworker/6:0H]
   41 [watchdog/7]
   42 [migration/7]
   43 [ksoftirqd/7]
   45 [kworker/7:0H]
   46 [watchdog/8]
   47 [migration/8]
   48 [ksoftirqd/8]
   50 [kworker/8:0H]
   51 [watchdog/9]
   52 [migration/9]
   53 [ksoftirqd/9]
   55 [kworker/9:0H]
   56 [watchdog/10]
   57 [migration/10]
   58 [ksoftirqd/10]
   60 [kworker/10:0H]
   61 [watchdog/11]
   62 [migration/11]
   63 [ksoftirqd/11]
   65 [kworker/11:0H]
   66 [watchdog/12]
   67 [migration/12]
   68 [ksoftirqd/12]
   70 [kworker/12:0H]
   71 [watchdog/13]
   72 [migration/13]
   73 [ksoftirqd/13]
   75 [kworker/13:0H]
   76 [watchdog/14]
   77 [migration/14]
   78 [ksoftirqd/14]
   80 [kworker/14:0H]
   81 [watchdog/15]
   82 [migration/15]
   83 [ksoftirqd/15]
   85 [kworker/15:0H]
   86 [kdevtmpfs]
   87 [netns]
   88 [perf]
   89 [khungtaskd]
   90 [writeback]
   91 [ksmd]
   92 [khugepaged]
   93 [crypto]
   94 [kintegrityd]
   95 [bioset]
   96 [kblockd]
   97 [ata_sff]
   98 [md]
   99 [devfreq_wq]
  103 [kworker/3:1]
  105 [kswapd0]
  106 [vmstat]
  107 [fsnotify_mark]
  108 [ecryptfs-kthrea]
  124 [kthrotld]
  125 [bioset]
  126 [bioset]
  127 [bioset]
  128 [bioset]
  129 [bioset]
  130 [bioset]
  131 [bioset]
  132 [bioset]
  133 [bioset]
  134 [bioset]
  135 [bioset]
  136 [bioset]
  137 [bioset]
  138 [bioset]
  140 [bioset]
  141 [bioset]
  142 [bioset]
  143 [bioset]
  144 [bioset]
  145 [bioset]
  146 [bioset]
  147 [bioset]
  148 [bioset]
  149 [bioset]
  154 [ipv6_addrconf]
  167 [deferwq]
  204 [nvme]
  236 [ena]
  283 [kworker/11:1]
  285 [bioset]
  287 [bioset]
  288 [kworker/2:1]
  294 [bioset]
  295 [bioset]
  301 [kworker/4:1]
  305 [kworker/12:1]
  306 [kworker/14:1]
  373 [raid5wq]
  399 [bioset]
  422 [jbd2/nvme0n1p1-]
  423 [ext4-rsv-conver]
  489 [iscsi_eh]
  502 [ib_addr]
  507 [ib_mcast]
  508 [ib_nl_sa_wq]
  509 [ib_cm]
  510 [iw_cm_wq]
  511 [rdma_cm]
  513 /lib/systemd/systemd-journald
  525 [kauditd]
  549 /sbin/lvmetad -f
  575 /lib/systemd/systemd-udevd
  830 [kworker/0:1H]
  839 [kworker/2:1H]
  852 [kworker/8:1H]
  870 [kworker/10:1H]
  872 [kworker/1:1H]
  873 [kworker/3:1H]
  874 [kworker/9:1H]
  875 [kworker/11:1H]
  905 [kworker/7:1H]
  954 /lib/systemd/systemd-timesyncd
  957 [kworker/9:2]
 1079 [kworker/0:3]
 1110 /sbin/dhclient -1 -v -pf /run/dhclient.ens5.pid -lf /var/lib/dhcp/dhclient.ens5.leases -I -df /var/lib/dhcp/dhclient6.ens5.leases ens5
 1249 [kworker/4:1H]
 1258 /sbin/iscsid
 1259 /sbin/iscsid
 1263 /usr/sbin/atd -f
 1265 /lib/systemd/systemd-logind
 1267 /usr/sbin/acpid
 1269 /usr/sbin/rsyslogd -n
 1271 /usr/sbin/cron -f
 1292 /usr/lib/snapd/snapd
 1297 /usr/bin/dbus-daemon --system --address=systemd: --nofork --nopidfile --systemd-activation
 1318 /usr/bin/lxcfs /var/lib/lxcfs/
 1322 /usr/lib/accountsservice/accounts-daemon
 1360 [kworker/5:1H]
 1361 /usr/lib/policykit-1/polkitd --no-debug
 1364 [kworker/6:1H]
 1386 /sbin/mdadm --monitor --pid-file /run/mdadm/monitor.pid --daemonise --scan --syslog
 1417 /usr/sbin/irqbalance --pid=/var/run/irqbalance.pid
 1426 /sbin/agetty --keep-baud 115200 38400 9600 ttyS0 vt220
 1429 /sbin/agetty --noclear tty1 linux
 1480 [kworker/12:1H]
 1481 [kworker/13:1H]
 1530 [kworker/14:1H]
 1698 [kworker/15:1H]
 1758 [kworker/5:2]
 1898 [kworker/11:2]
 2025 [kworker/9:3]
 2078 [kworker/15:2]
 2228 [kworker/10:2]
 2321 [kworker/5:3]
 2653 [jbd2/nvme1n1-8]
 2654 [ext4-rsv-conver]
 3309 [kworker/13:2]
 3550 [kworker/14:2]
 3798 /usr/sbin/chronyd
 4609 [kworker/15:3]
 5022 /usr/sbin/sshd -D
 5380 [kworker/3:0]
 5381 [kworker/6:0]
 5587 [kworker/0:1]
 5705 [kworker/2:0]
 5926 [kworker/4:3]
 5963 [kworker/1:1]
 6036 [kworker/8:0]
 6150 [kworker/7:2]
 6162 [kworker/8:3]
 6163 [kworker/12:0]
 6164 [kworker/1:3]
 6228 [kworker/6:1]
 6291 [kworker/13:0]
 6436 [kworker/10:0]
 6669 [kworker/7:1]
 6670 [kworker/u32:2]
 6673 [kworker/u32:0]
 6732 [kworker/6:2]
 6739 [kworker/u32:1]
 6741 [kworker/10:1]
 6742 [kworker/5:0]
 6743 [kworker/6:3]
 6807 sshd: ubuntu [priv]
 6814 [kworker/4:0]
 6815 [kworker/12:2]
 6816 /lib/systemd/systemd --user PATH=/usr/local/sbin:/usr/local/bin:/usr/sbin:/usr/bin:/sbin:/bin NOTIFY_SOCKET=/run/systemd/notify HOME=/home/ubuntu LOGNAME=ubuntu USER=ubuntu SHELL=/bin/bash XDG_RUNTIME_DIR=/run/user/1000
 6819 (sd-pam)
 6852 sshd: ubuntu@notty
 6853 bash -c  ??ulimit -c unlimited; mkdir -p ${HOME}/logs; ??echo ">>> roachprod start: $(date)" >> ${HOME}/logs/roachprod.log; ??ps axeww -o pid -o command >> ${HOME}/logs/roachprod.log; ??[ -x /usr/bin/lslocks ] && /usr/bin/lslocks >> ${HOME}/logs/roachprod.log;  ??export ROACHPROD=15; ??GOTRACEBACK=crash COCKROACH_SKIP_ENABLING_DIAGNOSTIC_REPORTING=1 COCKROACH_DEV_LICENSE=crl-0-EJL04ukFGAEiI0NvY2tyb2FjaCBMYWJzIC0gUHJvZHVjdGlvbiBUZXN0aW5n COCKROACH_ENABLE_RPC_COMPRESSION=false \ ??./cockroach start --background --insecure --store=path=/mnt/data1/cockroach --log-dir=${HOME}/logs --cache=25% --max-sql-memory=25% --port=26257 --http-port=26258 --locality=cloud=aws,region=us-east-2,zone=us-east-2b,rack=4 --join=18.191.252.183:26257 --advertise-host=$(hostname -I | awk '{print $1}') --cache=0.25 --max-sql-memory=0.4 >> ${HOME}/logs/cockroach.stdout.log \ ??                 2>> ${HOME}/logs/cockroach.stderr.log \ ???|| (x=$?; cat ${HOME}/logs/cockroach.stderr.log; exit $x) LANG=en_US.UTF-8 LC_ADDRESS=en_US.UTF-8 LC_IDENTIFICATION=en_US.UTF-8 LC_MEASUREMENT=en_US.UTF-8 LC_MONETARY=en_US.UTF-8 LC_NAME=en_US.UTF-8 LC_NUMERIC=en_US.UTF-8 LC_PAPER=en_US.UTF-8 LC_TELEPHONE=en_US.UTF-8 LC_TIME=en_US.UTF-8 USER=ubuntu LOGNAME=ubuntu HOME=/home/ubuntu PATH=/usr/local/sbin:/usr/local/bin:/usr/sbin:/usr/bin:/sbin:/bin:/usr/games:/usr/local/games MAIL=/var/mail/ubuntu SHELL=/bin/bash SSH_CLIENT=149.248.186.137 41100 22 SSH_CONNECTION=149.248.186.137 41100 10.12.25.15 22 XDG_SESSION_ID=82 XDG_RUNTIME_DIR=/run/user/1000
 6857 ps axeww -o pid -o command LC_PAPER=en_US.UTF-8 XDG_SESSION_ID=82 LC_ADDRESS=en_US.UTF-8 LC_MONETARY=en_US.UTF-8 SHELL=/bin/bash SSH_CLIENT=149.248.186.137 41100 22 LC_NUMERIC=en_US.UTF-8 USER=ubuntu LC_TELEPHONE=en_US.UTF-8 MAIL=/var/mail/ubuntu PATH=/usr/local/sbin:/usr/local/bin:/usr/sbin:/usr/bin:/sbin:/bin:/usr/games:/usr/local/games LC_IDENTIFICATION=en_US.UTF-8 PWD=/home/ubuntu LANG=en_US.UTF-8 LC_MEASUREMENT=en_US.UTF-8 SHLVL=1 HOME=/home/ubuntu LOGNAME=ubuntu SSH_CONNECTION=149.248.186.137 41100 10.12.25.15 22 XDG_RUNTIME_DIR=/run/user/1000 LC_TIME=en_US.UTF-8 LC_NAME=en_US.UTF-8 _=/bin/ps
COMMAND           PID  TYPE SIZE MODE  M START END PATH
iscsid           1259 POSIX   0B WRITE 0     0   0 /run
lxcfs            1318 POSIX   0B WRITE 0     0   0 /run
atd              1263 POSIX   0B WRITE 0     0   0 /run
lvmetad           549 POSIX   0B WRITE 0     0   0 /run
cron             1271 FLOCK   0B WRITE 0     0   0 /run
