>>> roachprod start: Fri Sep 11 19:45:35 UTC 2020
  PID COMMAND
    1 /sbin/init
    2 [kthreadd]
    3 [ksoftirqd/0]
    4 [kworker/0:0]
    5 [kworker/0:0H]
    6 [kworker/u32:0]
    7 [rcu_sched]
    8 [rcu_bh]
    9 [migration/0]
   10 [watchdog/0]
   11 [watchdog/1]
   12 [migration/1]
   13 [ksoftirqd/1]
   14 [kworker/1:0]
   15 [kworker/1:0H]
   16 [watchdog/2]
   17 [migration/2]
   18 [ksoftirqd/2]
   19 [kworker/2:0]
   20 [kworker/2:0H]
   21 [watchdog/3]
   22 [migration/3]
   23 [ksoftirqd/3]
   24 [kworker/3:0]
   25 [kworker/3:0H]
   26 [watchdog/4]
   27 [migration/4]
   28 [ksoftirqd/4]
   29 [kworker/4:0]
   30 [kworker/4:0H]
   31 [watchdog/5]
   32 [migration/5]
   33 [ksoftirqd/5]
   34 [kworker/5:0]
   35 [kworker/5:0H]
   36 [watchdog/6]
   37 [migration/6]
   38 [ksoftirqd/6]
   39 [kworker/6:0]
   40 [kworker/6:0H]
   41 [watchdog/7]
   42 [migration/7]
   43 [ksoftirqd/7]
   44 [kworker/7:0]
   45 [kworker/7:0H]
   46 [watchdog/8]
   47 [migration/8]
   48 [ksoftirqd/8]
   49 [kworker/8:0]
   50 [kworker/8:0H]
   51 [watchdog/9]
   52 [migration/9]
   53 [ksoftirqd/9]
   54 [kworker/9:0]
   55 [kworker/9:0H]
   56 [watchdog/10]
   57 [migration/10]
   58 [ksoftirqd/10]
   59 [kworker/10:0]
   60 [kworker/10:0H]
   61 [watchdog/11]
   62 [migration/11]
   63 [ksoftirqd/11]
   64 [kworker/11:0]
   65 [kworker/11:0H]
   66 [watchdog/12]
   67 [migration/12]
   68 [ksoftirqd/12]
   69 [kworker/12:0]
   70 [kworker/12:0H]
   71 [watchdog/13]
   72 [migration/13]
   73 [ksoftirqd/13]
   74 [kworker/13:0]
   75 [kworker/13:0H]
   76 [watchdog/14]
   77 [migration/14]
   78 [ksoftirqd/14]
   79 [kworker/14:0]
   80 [kworker/14:0H]
   81 [watchdog/15]
   82 [migration/15]
   83 [ksoftirqd/15]
   84 [kworker/15:0]
   85 [kworker/15:0H]
   86 [kdevtmpfs]
   87 [netns]
   88 [perf]
   89 [khungtaskd]
   90 [writeback]
   91 [ksmd]
   92 [khugepaged]
   93 [crypto]
   94 [kintegrityd]
   95 [bioset]
   96 [kblockd]
   97 [ata_sff]
   98 [md]
   99 [devfreq_wq]
  100 [kworker/u32:1]
  101 [kworker/1:1]
  103 [kswapd0]
  104 [vmstat]
  105 [fsnotify_mark]
  106 [ecryptfs-kthrea]
  122 [kthrotld]
  123 [bioset]
  124 [bioset]
  125 [bioset]
  126 [bioset]
  127 [bioset]
  128 [bioset]
  129 [bioset]
  130 [bioset]
  131 [bioset]
  132 [bioset]
  133 [bioset]
  134 [bioset]
  135 [bioset]
  136 [bioset]
  137 [kworker/3:1]
  138 [bioset]
  139 [bioset]
  140 [bioset]
  141 [bioset]
  142 [bioset]
  143 [bioset]
  144 [bioset]
  145 [bioset]
  146 [bioset]
  147 [bioset]
  148 [kworker/4:1]
  152 [ipv6_addrconf]
  153 [kworker/5:1]
  166 [deferwq]
  175 [kworker/4:2]
  188 [kworker/13:1]
  206 [nvme]
  207 [kworker/u32:2]
  237 [ena]
  263 [kworker/8:1]
  283 [kworker/11:1]
  284 [kworker/9:1]
  285 [kworker/6:1]
  286 [kworker/7:1]
  287 [kworker/0:1]
  288 [kworker/10:1]
  289 [kworker/2:1]
  290 [bioset]
  291 [kworker/u32:3]
  292 [bioset]
  298 [bioset]
  299 [bioset]
  312 [kworker/12:1]
  313 [kworker/14:1]
  314 [kworker/15:1]
  373 [raid5wq]
  399 [bioset]
  422 [jbd2/nvme0n1p1-]
  423 [ext4-rsv-conver]
  494 [kworker/9:2]
  497 [iscsi_eh]
  507 [ib_addr]
  510 [kworker/1:2]
  517 [ib_mcast]
  518 [ib_nl_sa_wq]
  521 [ib_cm]
  523 [iw_cm_wq]
  524 [rdma_cm]
  525 /lib/systemd/systemd-journald
  529 [kworker/0:2]
  531 [kauditd]
  555 /sbin/lvmetad -f
  579 /lib/systemd/systemd-udevd
  872 [kworker/0:1H]
  885 [kworker/1:1H]
  886 [kworker/2:1H]
  887 [kworker/3:1H]
  888 [kworker/8:1H]
  889 [kworker/9:1H]
  890 [kworker/10:1H]
  891 [kworker/11:1H]
  914 [kworker/5:2]
  922 [kworker/4:1H]
  974 [kworker/5:1H]
  975 [kworker/12:1H]
  976 [kworker/13:1H]
  977 [kworker/14:1H]
  978 [kworker/15:1H]
  979 [kworker/6:1H]
  980 [kworker/7:1H]
 1029 /lib/systemd/systemd-timesyncd
 1116 [kworker/12:2]
 1118 [kworker/2:2]
 1148 /sbin/dhclient -1 -v -pf /run/dhclient.ens5.pid -lf /var/lib/dhcp/dhclient.ens5.leases -I -df /var/lib/dhcp/dhclient6.ens5.leases ens5
 1273 /sbin/iscsid
 1274 /sbin/iscsid
 1282 /usr/sbin/acpid
 1284 /lib/systemd/systemd-logind
 1286 /usr/sbin/cron -f
 1290 /usr/bin/dbus-daemon --system --address=systemd: --nofork --nopidfile --systemd-activation
 1307 /usr/bin/lxcfs /var/lib/lxcfs/
 1329 /usr/sbin/rsyslogd -n
 1344 /usr/sbin/atd -f
 1356 /usr/lib/accountsservice/accounts-daemon
 1358 /usr/lib/snapd/snapd
 1375 /sbin/mdadm --monitor --pid-file /run/mdadm/monitor.pid --daemonise --scan --syslog
 1384 /usr/lib/policykit-1/polkitd --no-debug
 1439 /usr/sbin/irqbalance --pid=/var/run/irqbalance.pid
 1467 /sbin/agetty --noclear tty1 linux
 1468 /sbin/agetty --keep-baud 115200 38400 9600 ttyS0 vt220
 1483 [kworker/7:2]
 1805 [kworker/11:2]
 1810 [kworker/3:2]
 1905 [kworker/0:3]
 1981 [kworker/6:2]
 2034 [kworker/2:3]
 2094 [kworker/6:3]
 2141 [kworker/7:3]
 2515 [kworker/15:2]
 2563 [kworker/1:3]
 2564 [kworker/13:2]
 2655 [jbd2/nvme1n1-8]
 2656 [ext4-rsv-conver]
 3444 [kworker/8:2]
 3449 [kworker/14:2]
 3770 [kworker/5:3]
 3803 /usr/sbin/chronyd
 4005 [kworker/10:2]
 4006 [kworker/10:3]
 4504 /usr/sbin/sshd -D
 4840 [kworker/4:3]
 4901 sshd: ubuntu [priv]
 4908 /lib/systemd/systemd --user PATH=/usr/local/sbin:/usr/local/bin:/usr/sbin:/usr/bin:/sbin:/bin NOTIFY_SOCKET=/run/systemd/notify HOME=/home/ubuntu LOGNAME=ubuntu USER=ubuntu SHELL=/bin/bash XDG_RUNTIME_DIR=/run/user/1000
 4911 (sd-pam)
 4944 sshd: ubuntu@notty
 4945 bash -c  ??ulimit -c unlimited; mkdir -p ${HOME}/logs; ??echo ">>> roachprod start: $(date)" >> ${HOME}/logs/roachprod.log; ??ps axeww -o pid -o command >> ${HOME}/logs/roachprod.log; ??[ -x /usr/bin/lslocks ] && /usr/bin/lslocks >> ${HOME}/logs/roachprod.log;  ??export ROACHPROD=3; ??GOTRACEBACK=crash COCKROACH_SKIP_ENABLING_DIAGNOSTIC_REPORTING=1 COCKROACH_DEV_LICENSE=crl-0-EJL04ukFGAEiI0NvY2tyb2FjaCBMYWJzIC0gUHJvZHVjdGlvbiBUZXN0aW5n COCKROACH_ENABLE_RPC_COMPRESSION=false \ ??./cockroach start --background --insecure --store=path=/mnt/data1/cockroach --log-dir=${HOME}/logs --cache=25% --max-sql-memory=25% --port=26257 --http-port=26258 --locality=cloud=aws,region=us-east-2,zone=us-east-2b,rack=2 --join=3.12.104.196:26257 --advertise-host=$(hostname -I | awk '{print $1}') --cache=0.25 --max-sql-memory=0.4 >> ${HOME}/logs/cockroach.stdout.log \ ??                 2>> ${HOME}/logs/cockroach.stderr.log \ ???|| (x=$?; cat ${HOME}/logs/cockroach.stderr.log; exit $x) LANG=en_US.UTF-8 LC_ADDRESS=en_US.UTF-8 LC_IDENTIFICATION=en_US.UTF-8 LC_MEASUREMENT=en_US.UTF-8 LC_MONETARY=en_US.UTF-8 LC_NAME=en_US.UTF-8 LC_NUMERIC=en_US.UTF-8 LC_PAPER=en_US.UTF-8 LC_TELEPHONE=en_US.UTF-8 LC_TIME=en_US.UTF-8 USER=ubuntu LOGNAME=ubuntu HOME=/home/ubuntu PATH=/usr/local/sbin:/usr/local/bin:/usr/sbin:/usr/bin:/sbin:/bin:/usr/games:/usr/local/games MAIL=/var/mail/ubuntu SHELL=/bin/bash SSH_CLIENT=149.248.186.137 41590 22 SSH_CONNECTION=149.248.186.137 41590 10.12.20.26 22 XDG_SESSION_ID=46 XDG_RUNTIME_DIR=/run/user/1000
 4949 ps axeww -o pid -o command LC_PAPER=en_US.UTF-8 XDG_SESSION_ID=46 LC_ADDRESS=en_US.UTF-8 LC_MONETARY=en_US.UTF-8 SHELL=/bin/bash SSH_CLIENT=149.248.186.137 41590 22 LC_NUMERIC=en_US.UTF-8 USER=ubuntu LC_TELEPHONE=en_US.UTF-8 MAIL=/var/mail/ubuntu PATH=/usr/local/sbin:/usr/local/bin:/usr/sbin:/usr/bin:/sbin:/bin:/usr/games:/usr/local/games LC_IDENTIFICATION=en_US.UTF-8 PWD=/home/ubuntu LANG=en_US.UTF-8 LC_MEASUREMENT=en_US.UTF-8 SHLVL=1 HOME=/home/ubuntu LOGNAME=ubuntu SSH_CONNECTION=149.248.186.137 41590 10.12.20.26 22 XDG_RUNTIME_DIR=/run/user/1000 LC_TIME=en_US.UTF-8 LC_NAME=en_US.UTF-8 _=/bin/ps
COMMAND           PID  TYPE SIZE MODE  M START END PATH
lvmetad           555 POSIX   0B WRITE 0     0   0 /run
atd              1344 POSIX   0B WRITE 0     0   0 /run
iscsid           1274 POSIX   0B WRITE 0     0   0 /run
lxcfs            1307 POSIX   0B WRITE 0     0   0 /run
cron             1286 FLOCK   0B WRITE 0     0   0 /run
>>> roachprod stop: Fri Sep 11 23:19:25 UTC 2020
  PID COMMAND
    1 /sbin/init
    2 [kthreadd]
    3 [ksoftirqd/0]
    5 [kworker/0:0H]
    7 [rcu_sched]
    8 [rcu_bh]
    9 [migration/0]
   10 [watchdog/0]
   11 [watchdog/1]
   12 [migration/1]
   13 [ksoftirqd/1]
   15 [kworker/1:0H]
   16 [watchdog/2]
   17 [migration/2]
   18 [ksoftirqd/2]
   20 [kworker/2:0H]
   21 [watchdog/3]
   22 [migration/3]
   23 [ksoftirqd/3]
   25 [kworker/3:0H]
   26 [watchdog/4]
   27 [migration/4]
   28 [ksoftirqd/4]
   30 [kworker/4:0H]
   31 [watchdog/5]
   32 [migration/5]
   33 [ksoftirqd/5]
   35 [kworker/5:0H]
   36 [watchdog/6]
   37 [migration/6]
   38 [ksoftirqd/6]
   40 [kworker/6:0H]
   41 [watchdog/7]
   42 [migration/7]
   43 [ksoftirqd/7]
   45 [kworker/7:0H]
   46 [watchdog/8]
   47 [migration/8]
   48 [ksoftirqd/8]
   50 [kworker/8:0H]
   51 [watchdog/9]
   52 [migration/9]
   53 [ksoftirqd/9]
   55 [kworker/9:0H]
   56 [watchdog/10]
   57 [migration/10]
   58 [ksoftirqd/10]
   60 [kworker/10:0H]
   61 [watchdog/11]
   62 [migration/11]
   63 [ksoftirqd/11]
   64 [kworker/11:0]
   65 [kworker/11:0H]
   66 [watchdog/12]
   67 [migration/12]
   68 [ksoftirqd/12]
   69 [kworker/12:0]
   70 [kworker/12:0H]
   71 [watchdog/13]
   72 [migration/13]
   73 [ksoftirqd/13]
   75 [kworker/13:0H]
   76 [watchdog/14]
   77 [migration/14]
   78 [ksoftirqd/14]
   80 [kworker/14:0H]
   81 [watchdog/15]
   82 [migration/15]
   83 [ksoftirqd/15]
   85 [kworker/15:0H]
   86 [kdevtmpfs]
   87 [netns]
   88 [perf]
   89 [khungtaskd]
   90 [writeback]
   91 [ksmd]
   92 [khugepaged]
   93 [crypto]
   94 [kintegrityd]
   95 [bioset]
   96 [kblockd]
   97 [ata_sff]
   98 [md]
   99 [devfreq_wq]
  103 [kswapd0]
  104 [vmstat]
  105 [fsnotify_mark]
  106 [ecryptfs-kthrea]
  122 [kthrotld]
  123 [bioset]
  124 [bioset]
  125 [bioset]
  126 [bioset]
  127 [bioset]
  128 [bioset]
  129 [bioset]
  130 [bioset]
  131 [bioset]
  132 [bioset]
  133 [bioset]
  134 [bioset]
  135 [bioset]
  136 [bioset]
  137 [kworker/3:1]
  138 [bioset]
  139 [bioset]
  140 [bioset]
  141 [bioset]
  142 [bioset]
  143 [bioset]
  144 [bioset]
  145 [bioset]
  146 [bioset]
  147 [bioset]
  148 [kworker/4:1]
  152 [ipv6_addrconf]
  166 [deferwq]
  188 [kworker/13:1]
  206 [nvme]
  237 [ena]
  263 [kworker/8:1]
  283 [kworker/11:1]
  284 [kworker/9:1]
  287 [kworker/0:1]
  288 [kworker/10:1]
  290 [bioset]
  292 [bioset]
  298 [bioset]
  299 [bioset]
  313 [kworker/14:1]
  314 [kworker/15:1]
  373 [raid5wq]
  399 [bioset]
  422 [jbd2/nvme0n1p1-]
  423 [ext4-rsv-conver]
  494 [kworker/9:2]
  497 [iscsi_eh]
  507 [ib_addr]
  510 [kworker/1:2]
  517 [ib_mcast]
  518 [ib_nl_sa_wq]
  521 [ib_cm]
  523 [iw_cm_wq]
  524 [rdma_cm]
  525 /lib/systemd/systemd-journald
  531 [kauditd]
  555 /sbin/lvmetad -f
  579 /lib/systemd/systemd-udevd
  872 [kworker/0:1H]
  885 [kworker/1:1H]
  886 [kworker/2:1H]
  887 [kworker/3:1H]
  888 [kworker/8:1H]
  889 [kworker/9:1H]
  890 [kworker/10:1H]
  891 [kworker/11:1H]
  922 [kworker/4:1H]
  974 [kworker/5:1H]
  975 [kworker/12:1H]
  976 [kworker/13:1H]
  977 [kworker/14:1H]
  978 [kworker/15:1H]
  979 [kworker/6:1H]
  980 [kworker/7:1H]
 1029 /lib/systemd/systemd-timesyncd
 1116 [kworker/12:2]
 1118 [kworker/2:2]
 1148 /sbin/dhclient -1 -v -pf /run/dhclient.ens5.pid -lf /var/lib/dhcp/dhclient.ens5.leases -I -df /var/lib/dhcp/dhclient6.ens5.leases ens5
 1273 /sbin/iscsid
 1274 /sbin/iscsid
 1282 /usr/sbin/acpid
 1284 /lib/systemd/systemd-logind
 1286 /usr/sbin/cron -f
 1290 /usr/bin/dbus-daemon --system --address=systemd: --nofork --nopidfile --systemd-activation
 1307 /usr/bin/lxcfs /var/lib/lxcfs/
 1329 /usr/sbin/rsyslogd -n
 1344 /usr/sbin/atd -f
 1356 /usr/lib/accountsservice/accounts-daemon
 1358 /usr/lib/snapd/snapd
 1375 /sbin/mdadm --monitor --pid-file /run/mdadm/monitor.pid --daemonise --scan --syslog
 1384 /usr/lib/policykit-1/polkitd --no-debug
 1439 /usr/sbin/irqbalance --pid=/var/run/irqbalance.pid
 1467 /sbin/agetty --noclear tty1 linux
 1468 /sbin/agetty --keep-baud 115200 38400 9600 ttyS0 vt220
 1810 [kworker/3:2]
 1905 [kworker/0:3]
 1981 [kworker/6:2]
 2034 [kworker/2:3]
 2094 [kworker/6:3]
 2141 [kworker/7:3]
 2515 [kworker/15:2]
 2564 [kworker/13:2]
 2655 [jbd2/nvme1n1-8]
 2656 [ext4-rsv-conver]
 3444 [kworker/8:2]
 3449 [kworker/14:2]
 3803 /usr/sbin/chronyd
 4006 [kworker/10:3]
 4504 /usr/sbin/sshd -D
 4840 [kworker/4:3]
 4908 /lib/systemd/systemd --user PATH=/usr/local/sbin:/usr/local/bin:/usr/sbin:/usr/bin:/sbin:/bin NOTIFY_SOCKET=/run/systemd/notify HOME=/home/ubuntu LOGNAME=ubuntu USER=ubuntu SHELL=/bin/bash XDG_RUNTIME_DIR=/run/user/1000
 4911 (sd-pam)
 4978 ./cockroach start --insecure --store=path=/mnt/data1/cockroach --log-dir=/home/ubuntu/logs --cache=25% --max-sql-memory=25% --port=26257 --http-port=26258 --locality=cloud=aws,region=us-east-2,zone=us-east-2b,rack=2 --join=3.12.104.196:26257 --advertise-host=10.12.20.26 --cache=0.25 --max-sql-memory=0.4 COCKROACH_ENABLE_RPC_COMPRESSION=false GOTRACEBACK=crash COCKROACH_DEV_LICENSE=crl-0-EJL04ukFGAEiI0NvY2tyb2FjaCBMYWJzIC0gUHJvZHVjdGlvbiBUZXN0aW5n COCKROACH_SKIP_ENABLING_DIAGNOSTIC_REPORTING=1 LC_PAPER=en_US.UTF-8 XDG_SESSION_ID=46 LC_ADDRESS=en_US.UTF-8 LC_MONETARY=en_US.UTF-8 SHELL=/bin/bash SSH_CLIENT=149.248.186.137 41590 22 LC_NUMERIC=en_US.UTF-8 USER=ubuntu LC_TELEPHONE=en_US.UTF-8 MAIL=/var/mail/ubuntu PATH=/usr/local/sbin:/usr/local/bin:/usr/sbin:/usr/bin:/sbin:/bin:/usr/games:/usr/local/games LC_IDENTIFICATION=en_US.UTF-8 PWD=/home/ubuntu ROACHPROD=3 LANG=en_US.UTF-8 LC_MEASUREMENT=en_US.UTF-8 SHLVL=1 HOME=/home/ubuntu LOGNAME=ubuntu SSH_CONNECTION=149.248.186.137 41590 10.12.20.26 22 XDG_RUNTIME_DIR=/run/user/1000 LC_TIME=en_US.UTF-8 LC_NAME=en_US.UTF-8 _=./cockroach COCKROACH_BACKGROUND_RESTART=1 NOTIFY_SOCKET=/tmp/sdnotify316418255/notify.sock
 5074 [kworker/5:0]
 5251 [kworker/u32:1]
 5343 [kworker/7:1]
 5811 [kworker/u32:2]
 5848 [kworker/5:2]
 5885 [kworker/1:1]
 5903 [kworker/u32:0]
 5904 sshd: ubuntu [priv]
 5936 sshd: ubuntu@notty
 5937 bash -c  mkdir -p logs echo ">>> roachprod stop: $(date)" >> ${HOME}/logs/roachprod.log ps axeww -o pid -o command >> ${HOME}/logs/roachprod.log pids=$(ps axeww -o pid -o command | \   sed 's/export ROACHPROD=//g' | \   awk '/ROACHPROD=(3)[ \/]/ { print $1 }') if [ -n "${pids}" ]; then   kill -9 ${pids}    for pid in ${pids}; do     echo "${pid}: checking" >> ${HOME}/logs/roachprod.log     while kill -0 ${pid}; do       kill -0 ${pid} >> ${HOME}/logs/roachprod.log 2>&1       echo "${pid}: still alive [$?]" >> ${HOME}/logs/roachprod.log       ps axeww -o pid -o command >> ${HOME}/logs/roachprod.log       sleep 1     done     echo "${pid}: dead" >> ${HOME}/logs/roachprod.log   done  fi  LANG=en_US.UTF-8 LC_ADDRESS=en_US.UTF-8 LC_IDENTIFICATION=en_US.UTF-8 LC_MEASUREMENT=en_US.UTF-8 LC_MONETARY=en_US.UTF-8 LC_NAME=en_US.UTF-8 LC_NUMERIC=en_US.UTF-8 LC_PAPER=en_US.UTF-8 LC_TELEPHONE=en_US.UTF-8 LC_TIME=en_US.UTF-8 USER=ubuntu LOGNAME=ubuntu HOME=/home/ubuntu PATH=/usr/local/sbin:/usr/local/bin:/usr/sbin:/usr/bin:/sbin:/bin:/usr/games:/usr/local/games MAIL=/var/mail/ubuntu SHELL=/bin/bash SSH_CLIENT=149.248.186.137 44880 22 SSH_CONNECTION=149.248.186.137 44880 10.12.20.26 22 XDG_SESSION_ID=56 XDG_RUNTIME_DIR=/run/user/1000
 5941 ps axeww -o pid -o command LC_PAPER=en_US.UTF-8 XDG_SESSION_ID=56 LC_ADDRESS=en_US.UTF-8 LC_MONETARY=en_US.UTF-8 SHELL=/bin/bash SSH_CLIENT=149.248.186.137 44880 22 LC_NUMERIC=en_US.UTF-8 USER=ubuntu LC_TELEPHONE=en_US.UTF-8 MAIL=/var/mail/ubuntu PATH=/usr/local/sbin:/usr/local/bin:/usr/sbin:/usr/bin:/sbin:/bin:/usr/games:/usr/local/games LC_IDENTIFICATION=en_US.UTF-8 PWD=/home/ubuntu LANG=en_US.UTF-8 LC_MEASUREMENT=en_US.UTF-8 SHLVL=1 HOME=/home/ubuntu LOGNAME=ubuntu SSH_CONNECTION=149.248.186.137 44880 10.12.20.26 22 XDG_RUNTIME_DIR=/run/user/1000 LC_TIME=en_US.UTF-8 LC_NAME=en_US.UTF-8 _=/bin/ps
4978: checking
4978: still alive [0]
  PID COMMAND
    1 /sbin/init
    2 [kthreadd]
    3 [ksoftirqd/0]
    5 [kworker/0:0H]
    7 [rcu_sched]
    8 [rcu_bh]
    9 [migration/0]
   10 [watchdog/0]
   11 [watchdog/1]
   12 [migration/1]
   13 [ksoftirqd/1]
   15 [kworker/1:0H]
   16 [watchdog/2]
   17 [migration/2]
   18 [ksoftirqd/2]
   20 [kworker/2:0H]
   21 [watchdog/3]
   22 [migration/3]
   23 [ksoftirqd/3]
   25 [kworker/3:0H]
   26 [watchdog/4]
   27 [migration/4]
   28 [ksoftirqd/4]
   30 [kworker/4:0H]
   31 [watchdog/5]
   32 [migration/5]
   33 [ksoftirqd/5]
   35 [kworker/5:0H]
   36 [watchdog/6]
   37 [migration/6]
   38 [ksoftirqd/6]
   40 [kworker/6:0H]
   41 [watchdog/7]
   42 [migration/7]
   43 [ksoftirqd/7]
   45 [kworker/7:0H]
   46 [watchdog/8]
   47 [migration/8]
   48 [ksoftirqd/8]
   50 [kworker/8:0H]
   51 [watchdog/9]
   52 [migration/9]
   53 [ksoftirqd/9]
   55 [kworker/9:0H]
   56 [watchdog/10]
   57 [migration/10]
   58 [ksoftirqd/10]
   60 [kworker/10:0H]
   61 [watchdog/11]
   62 [migration/11]
   63 [ksoftirqd/11]
   64 [kworker/11:0]
   65 [kworker/11:0H]
   66 [watchdog/12]
   67 [migration/12]
   68 [ksoftirqd/12]
   69 [kworker/12:0]
   70 [kworker/12:0H]
   71 [watchdog/13]
   72 [migration/13]
   73 [ksoftirqd/13]
   75 [kworker/13:0H]
   76 [watchdog/14]
   77 [migration/14]
   78 [ksoftirqd/14]
   80 [kworker/14:0H]
   81 [watchdog/15]
   82 [migration/15]
   83 [ksoftirqd/15]
   85 [kworker/15:0H]
   86 [kdevtmpfs]
   87 [netns]
   88 [perf]
   89 [khungtaskd]
   90 [writeback]
   91 [ksmd]
   92 [khugepaged]
   93 [crypto]
   94 [kintegrityd]
   95 [bioset]
   96 [kblockd]
   97 [ata_sff]
   98 [md]
   99 [devfreq_wq]
  103 [kswapd0]
  104 [vmstat]
  105 [fsnotify_mark]
  106 [ecryptfs-kthrea]
  122 [kthrotld]
  123 [bioset]
  124 [bioset]
  125 [bioset]
  126 [bioset]
  127 [bioset]
  128 [bioset]
  129 [bioset]
  130 [bioset]
  131 [bioset]
  132 [bioset]
  133 [bioset]
  134 [bioset]
  135 [bioset]
  136 [bioset]
  137 [kworker/3:1]
  138 [bioset]
  139 [bioset]
  140 [bioset]
  141 [bioset]
  142 [bioset]
  143 [bioset]
  144 [bioset]
  145 [bioset]
  146 [bioset]
  147 [bioset]
  148 [kworker/4:1]
  152 [ipv6_addrconf]
  166 [deferwq]
  188 [kworker/13:1]
  206 [nvme]
  237 [ena]
  263 [kworker/8:1]
  283 [kworker/11:1]
  284 [kworker/9:1]
  287 [kworker/0:1]
  288 [kworker/10:1]
  290 [bioset]
  292 [bioset]
  298 [bioset]
  299 [bioset]
  313 [kworker/14:1]
  314 [kworker/15:1]
  373 [raid5wq]
  399 [bioset]
  422 [jbd2/nvme0n1p1-]
  423 [ext4-rsv-conver]
  494 [kworker/9:2]
  497 [iscsi_eh]
  507 [ib_addr]
  510 [kworker/1:2]
  517 [ib_mcast]
  518 [ib_nl_sa_wq]
  521 [ib_cm]
  523 [iw_cm_wq]
  524 [rdma_cm]
  525 /lib/systemd/systemd-journald
  531 [kauditd]
  555 /sbin/lvmetad -f
  579 /lib/systemd/systemd-udevd
  872 [kworker/0:1H]
  885 [kworker/1:1H]
  886 [kworker/2:1H]
  887 [kworker/3:1H]
  888 [kworker/8:1H]
  889 [kworker/9:1H]
  890 [kworker/10:1H]
  891 [kworker/11:1H]
  922 [kworker/4:1H]
  974 [kworker/5:1H]
  975 [kworker/12:1H]
  976 [kworker/13:1H]
  977 [kworker/14:1H]
  978 [kworker/15:1H]
  979 [kworker/6:1H]
  980 [kworker/7:1H]
 1029 /lib/systemd/systemd-timesyncd
 1116 [kworker/12:2]
 1118 [kworker/2:2]
 1148 /sbin/dhclient -1 -v -pf /run/dhclient.ens5.pid -lf /var/lib/dhcp/dhclient.ens5.leases -I -df /var/lib/dhcp/dhclient6.ens5.leases ens5
 1273 /sbin/iscsid
 1274 /sbin/iscsid
 1282 /usr/sbin/acpid
 1284 /lib/systemd/systemd-logind
 1286 /usr/sbin/cron -f
 1290 /usr/bin/dbus-daemon --system --address=systemd: --nofork --nopidfile --systemd-activation
 1307 /usr/bin/lxcfs /var/lib/lxcfs/
 1329 /usr/sbin/rsyslogd -n
 1344 /usr/sbin/atd -f
 1356 /usr/lib/accountsservice/accounts-daemon
 1358 /usr/lib/snapd/snapd
 1375 /sbin/mdadm --monitor --pid-file /run/mdadm/monitor.pid --daemonise --scan --syslog
 1384 /usr/lib/policykit-1/polkitd --no-debug
 1439 /usr/sbin/irqbalance --pid=/var/run/irqbalance.pid
 1467 /sbin/agetty --noclear tty1 linux
 1468 /sbin/agetty --keep-baud 115200 38400 9600 ttyS0 vt220
 1810 [kworker/3:2]
 1905 [kworker/0:3]
 1981 [kworker/6:2]
 2034 [kworker/2:3]
 2094 [kworker/6:3]
 2141 [kworker/7:3]
 2515 [kworker/15:2]
 2564 [kworker/13:2]
 2655 [jbd2/nvme1n1-8]
 2656 [ext4-rsv-conver]
 3444 [kworker/8:2]
 3449 [kworker/14:2]
 3803 /usr/sbin/chronyd
 4006 [kworker/10:3]
 4504 /usr/sbin/sshd -D
 4840 [kworker/4:3]
 4908 /lib/systemd/systemd --user PATH=/usr/local/sbin:/usr/local/bin:/usr/sbin:/usr/bin:/sbin:/bin NOTIFY_SOCKET=/run/systemd/notify HOME=/home/ubuntu LOGNAME=ubuntu USER=ubuntu SHELL=/bin/bash XDG_RUNTIME_DIR=/run/user/1000
 4911 (sd-pam)
 4978 [cockroach] <defunct>
 5074 [kworker/5:0]
 5251 [kworker/u32:1]
 5343 [kworker/7:1]
 5811 [kworker/u32:2]
 5848 [kworker/5:2]
 5885 [kworker/1:1]
 5903 [kworker/u32:0]
 5904 sshd: ubuntu [priv]
 5936 sshd: ubuntu@notty
 5937 bash -c  mkdir -p logs echo ">>> roachprod stop: $(date)" >> ${HOME}/logs/roachprod.log ps axeww -o pid -o command >> ${HOME}/logs/roachprod.log pids=$(ps axeww -o pid -o command | \   sed 's/export ROACHPROD=//g' | \   awk '/ROACHPROD=(3)[ \/]/ { print $1 }') if [ -n "${pids}" ]; then   kill -9 ${pids}    for pid in ${pids}; do     echo "${pid}: checking" >> ${HOME}/logs/roachprod.log     while kill -0 ${pid}; do       kill -0 ${pid} >> ${HOME}/logs/roachprod.log 2>&1       echo "${pid}: still alive [$?]" >> ${HOME}/logs/roachprod.log       ps axeww -o pid -o command >> ${HOME}/logs/roachprod.log       sleep 1     done     echo "${pid}: dead" >> ${HOME}/logs/roachprod.log   done  fi  LANG=en_US.UTF-8 LC_ADDRESS=en_US.UTF-8 LC_IDENTIFICATION=en_US.UTF-8 LC_MEASUREMENT=en_US.UTF-8 LC_MONETARY=en_US.UTF-8 LC_NAME=en_US.UTF-8 LC_NUMERIC=en_US.UTF-8 LC_PAPER=en_US.UTF-8 LC_TELEPHONE=en_US.UTF-8 LC_TIME=en_US.UTF-8 USER=ubuntu LOGNAME=ubuntu HOME=/home/ubuntu PATH=/usr/local/sbin:/usr/local/bin:/usr/sbin:/usr/bin:/sbin:/bin:/usr/games:/usr/local/games MAIL=/var/mail/ubuntu SHELL=/bin/bash SSH_CLIENT=149.248.186.137 44880 22 SSH_CONNECTION=149.248.186.137 44880 10.12.20.26 22 XDG_SESSION_ID=56 XDG_RUNTIME_DIR=/run/user/1000
 5946 ps axeww -o pid -o command LC_PAPER=en_US.UTF-8 XDG_SESSION_ID=56 LC_ADDRESS=en_US.UTF-8 LC_MONETARY=en_US.UTF-8 SHELL=/bin/bash SSH_CLIENT=149.248.186.137 44880 22 LC_NUMERIC=en_US.UTF-8 USER=ubuntu LC_TELEPHONE=en_US.UTF-8 MAIL=/var/mail/ubuntu PATH=/usr/local/sbin:/usr/local/bin:/usr/sbin:/usr/bin:/sbin:/bin:/usr/games:/usr/local/games LC_IDENTIFICATION=en_US.UTF-8 PWD=/home/ubuntu LANG=en_US.UTF-8 LC_MEASUREMENT=en_US.UTF-8 SHLVL=1 HOME=/home/ubuntu LOGNAME=ubuntu SSH_CONNECTION=149.248.186.137 44880 10.12.20.26 22 XDG_RUNTIME_DIR=/run/user/1000 LC_TIME=en_US.UTF-8 LC_NAME=en_US.UTF-8 _=/bin/ps
4978: dead
>>> roachprod start: Fri Sep 11 23:19:50 UTC 2020
  PID COMMAND
    1 /sbin/init
    2 [kthreadd]
    3 [ksoftirqd/0]
    5 [kworker/0:0H]
    7 [rcu_sched]
    8 [rcu_bh]
    9 [migration/0]
   10 [watchdog/0]
   11 [watchdog/1]
   12 [migration/1]
   13 [ksoftirqd/1]
   15 [kworker/1:0H]
   16 [watchdog/2]
   17 [migration/2]
   18 [ksoftirqd/2]
   20 [kworker/2:0H]
   21 [watchdog/3]
   22 [migration/3]
   23 [ksoftirqd/3]
   25 [kworker/3:0H]
   26 [watchdog/4]
   27 [migration/4]
   28 [ksoftirqd/4]
   30 [kworker/4:0H]
   31 [watchdog/5]
   32 [migration/5]
   33 [ksoftirqd/5]
   35 [kworker/5:0H]
   36 [watchdog/6]
   37 [migration/6]
   38 [ksoftirqd/6]
   40 [kworker/6:0H]
   41 [watchdog/7]
   42 [migration/7]
   43 [ksoftirqd/7]
   45 [kworker/7:0H]
   46 [watchdog/8]
   47 [migration/8]
   48 [ksoftirqd/8]
   50 [kworker/8:0H]
   51 [watchdog/9]
   52 [migration/9]
   53 [ksoftirqd/9]
   55 [kworker/9:0H]
   56 [watchdog/10]
   57 [migration/10]
   58 [ksoftirqd/10]
   60 [kworker/10:0H]
   61 [watchdog/11]
   62 [migration/11]
   63 [ksoftirqd/11]
   64 [kworker/11:0]
   65 [kworker/11:0H]
   66 [watchdog/12]
   67 [migration/12]
   68 [ksoftirqd/12]
   69 [kworker/12:0]
   70 [kworker/12:0H]
   71 [watchdog/13]
   72 [migration/13]
   73 [ksoftirqd/13]
   75 [kworker/13:0H]
   76 [watchdog/14]
   77 [migration/14]
   78 [ksoftirqd/14]
   80 [kworker/14:0H]
   81 [watchdog/15]
   82 [migration/15]
   83 [ksoftirqd/15]
   85 [kworker/15:0H]
   86 [kdevtmpfs]
   87 [netns]
   88 [perf]
   89 [khungtaskd]
   90 [writeback]
   91 [ksmd]
   92 [khugepaged]
   93 [crypto]
   94 [kintegrityd]
   95 [bioset]
   96 [kblockd]
   97 [ata_sff]
   98 [md]
   99 [devfreq_wq]
  103 [kswapd0]
  104 [vmstat]
  105 [fsnotify_mark]
  106 [ecryptfs-kthrea]
  122 [kthrotld]
  123 [bioset]
  124 [bioset]
  125 [bioset]
  126 [bioset]
  127 [bioset]
  128 [bioset]
  129 [bioset]
  130 [bioset]
  131 [bioset]
  132 [bioset]
  133 [bioset]
  134 [bioset]
  135 [bioset]
  136 [bioset]
  137 [kworker/3:1]
  138 [bioset]
  139 [bioset]
  140 [bioset]
  141 [bioset]
  142 [bioset]
  143 [bioset]
  144 [bioset]
  145 [bioset]
  146 [bioset]
  147 [bioset]
  148 [kworker/4:1]
  152 [ipv6_addrconf]
  166 [deferwq]
  188 [kworker/13:1]
  206 [nvme]
  237 [ena]
  263 [kworker/8:1]
  283 [kworker/11:1]
  284 [kworker/9:1]
  287 [kworker/0:1]
  288 [kworker/10:1]
  290 [bioset]
  292 [bioset]
  298 [bioset]
  299 [bioset]
  313 [kworker/14:1]
  314 [kworker/15:1]
  373 [raid5wq]
  399 [bioset]
  422 [jbd2/nvme0n1p1-]
  423 [ext4-rsv-conver]
  494 [kworker/9:2]
  497 [iscsi_eh]
  507 [ib_addr]
  510 [kworker/1:2]
  517 [ib_mcast]
  518 [ib_nl_sa_wq]
  521 [ib_cm]
  523 [iw_cm_wq]
  524 [rdma_cm]
  525 /lib/systemd/systemd-journald
  531 [kauditd]
  555 /sbin/lvmetad -f
  579 /lib/systemd/systemd-udevd
  872 [kworker/0:1H]
  885 [kworker/1:1H]
  886 [kworker/2:1H]
  887 [kworker/3:1H]
  888 [kworker/8:1H]
  889 [kworker/9:1H]
  890 [kworker/10:1H]
  891 [kworker/11:1H]
  922 [kworker/4:1H]
  974 [kworker/5:1H]
  975 [kworker/12:1H]
  976 [kworker/13:1H]
  977 [kworker/14:1H]
  978 [kworker/15:1H]
  979 [kworker/6:1H]
  980 [kworker/7:1H]
 1029 /lib/systemd/systemd-timesyncd
 1116 [kworker/12:2]
 1118 [kworker/2:2]
 1148 /sbin/dhclient -1 -v -pf /run/dhclient.ens5.pid -lf /var/lib/dhcp/dhclient.ens5.leases -I -df /var/lib/dhcp/dhclient6.ens5.leases ens5
 1273 /sbin/iscsid
 1274 /sbin/iscsid
 1282 /usr/sbin/acpid
 1284 /lib/systemd/systemd-logind
 1286 /usr/sbin/cron -f
 1290 /usr/bin/dbus-daemon --system --address=systemd: --nofork --nopidfile --systemd-activation
 1307 /usr/bin/lxcfs /var/lib/lxcfs/
 1329 /usr/sbin/rsyslogd -n
 1344 /usr/sbin/atd -f
 1356 /usr/lib/accountsservice/accounts-daemon
 1358 /usr/lib/snapd/snapd
 1375 /sbin/mdadm --monitor --pid-file /run/mdadm/monitor.pid --daemonise --scan --syslog
 1384 /usr/lib/policykit-1/polkitd --no-debug
 1439 /usr/sbin/irqbalance --pid=/var/run/irqbalance.pid
 1467 /sbin/agetty --noclear tty1 linux
 1468 /sbin/agetty --keep-baud 115200 38400 9600 ttyS0 vt220
 1810 [kworker/3:2]
 1905 [kworker/0:3]
 1981 [kworker/6:2]
 2034 [kworker/2:3]
 2094 [kworker/6:3]
 2141 [kworker/7:3]
 2515 [kworker/15:2]
 2564 [kworker/13:2]
 2655 [jbd2/nvme1n1-8]
 2656 [ext4-rsv-conver]
 3444 [kworker/8:2]
 3449 [kworker/14:2]
 3803 /usr/sbin/chronyd
 4006 [kworker/10:3]
 4504 /usr/sbin/sshd -D
 4840 [kworker/4:3]
 5074 [kworker/5:0]
 5251 [kworker/u32:1]
 5343 [kworker/7:1]
 5811 [kworker/u32:2]
 5848 [kworker/5:2]
 5885 [kworker/1:1]
 5903 [kworker/u32:0]
 5951 [kworker/3:0]
 5952 [kworker/3:3]
 5958 [kworker/7:0]
 5961 [kworker/12:1]
 5966 [kworker/5:1]
 6026 sshd: ubuntu [priv]
 6028 [kworker/6:0]
 6034 /lib/systemd/systemd --user PATH=/usr/local/sbin:/usr/local/bin:/usr/sbin:/usr/bin:/sbin:/bin NOTIFY_SOCKET=/run/systemd/notify HOME=/home/ubuntu LOGNAME=ubuntu USER=ubuntu SHELL=/bin/bash XDG_RUNTIME_DIR=/run/user/1000
 6036 (sd-pam)
 6069 sshd: ubuntu@notty
 6070 bash -c  ??ulimit -c unlimited; mkdir -p ${HOME}/logs; ??echo ">>> roachprod start: $(date)" >> ${HOME}/logs/roachprod.log; ??ps axeww -o pid -o command >> ${HOME}/logs/roachprod.log; ??[ -x /usr/bin/lslocks ] && /usr/bin/lslocks >> ${HOME}/logs/roachprod.log;  ??export ROACHPROD=3; ??GOTRACEBACK=crash COCKROACH_SKIP_ENABLING_DIAGNOSTIC_REPORTING=1 COCKROACH_DEV_LICENSE=crl-0-EJL04ukFGAEiI0NvY2tyb2FjaCBMYWJzIC0gUHJvZHVjdGlvbiBUZXN0aW5n COCKROACH_ENABLE_RPC_COMPRESSION=false \ ??./cockroach start --background --insecure --store=path=/mnt/data1/cockroach --log-dir=${HOME}/logs --cache=25% --max-sql-memory=25% --port=26257 --http-port=26258 --locality=cloud=aws,region=us-east-2,zone=us-east-2b,rack=2 --join=3.12.104.196:26257 --advertise-host=$(hostname -I | awk '{print $1}') --cache=0.25 --max-sql-memory=0.4 >> ${HOME}/logs/cockroach.stdout.log \ ??                 2>> ${HOME}/logs/cockroach.stderr.log \ ???|| (x=$?; cat ${HOME}/logs/cockroach.stderr.log; exit $x) LANG=en_US.UTF-8 LC_ADDRESS=en_US.UTF-8 LC_IDENTIFICATION=en_US.UTF-8 LC_MEASUREMENT=en_US.UTF-8 LC_MONETARY=en_US.UTF-8 LC_NAME=en_US.UTF-8 LC_NUMERIC=en_US.UTF-8 LC_PAPER=en_US.UTF-8 LC_TELEPHONE=en_US.UTF-8 LC_TIME=en_US.UTF-8 USER=ubuntu LOGNAME=ubuntu HOME=/home/ubuntu PATH=/usr/local/sbin:/usr/local/bin:/usr/sbin:/usr/bin:/sbin:/bin:/usr/games:/usr/local/games MAIL=/var/mail/ubuntu SHELL=/bin/bash SSH_CLIENT=149.248.186.137 44956 22 SSH_CONNECTION=149.248.186.137 44956 10.12.20.26 22 XDG_SESSION_ID=58 XDG_RUNTIME_DIR=/run/user/1000
 6074 ps axeww -o pid -o command LC_PAPER=en_US.UTF-8 XDG_SESSION_ID=58 LC_ADDRESS=en_US.UTF-8 LC_MONETARY=en_US.UTF-8 SHELL=/bin/bash SSH_CLIENT=149.248.186.137 44956 22 LC_NUMERIC=en_US.UTF-8 USER=ubuntu LC_TELEPHONE=en_US.UTF-8 MAIL=/var/mail/ubuntu PATH=/usr/local/sbin:/usr/local/bin:/usr/sbin:/usr/bin:/sbin:/bin:/usr/games:/usr/local/games LC_IDENTIFICATION=en_US.UTF-8 PWD=/home/ubuntu LANG=en_US.UTF-8 LC_MEASUREMENT=en_US.UTF-8 SHLVL=1 HOME=/home/ubuntu LOGNAME=ubuntu SSH_CONNECTION=149.248.186.137 44956 10.12.20.26 22 XDG_RUNTIME_DIR=/run/user/1000 LC_TIME=en_US.UTF-8 LC_NAME=en_US.UTF-8 _=/bin/ps
COMMAND           PID  TYPE SIZE MODE  M START END PATH
lvmetad           555 POSIX   0B WRITE 0     0   0 /run
atd              1344 POSIX   0B WRITE 0     0   0 /run
iscsid           1274 POSIX   0B WRITE 0     0   0 /run
lxcfs            1307 POSIX   0B WRITE 0     0   0 /run
cron             1286 FLOCK   0B WRITE 0     0   0 /run
