>>> roachprod start: Fri Sep 11 00:16:20 UTC 2020
  PID COMMAND
    1 /sbin/init
    2 [kthreadd]
    3 [ksoftirqd/0]
    5 [kworker/0:0H]
    7 [rcu_sched]
    8 [rcu_bh]
    9 [migration/0]
   10 [watchdog/0]
   11 [watchdog/1]
   12 [migration/1]
   13 [ksoftirqd/1]
   15 [kworker/1:0H]
   16 [watchdog/2]
   17 [migration/2]
   18 [ksoftirqd/2]
   20 [kworker/2:0H]
   21 [watchdog/3]
   22 [migration/3]
   23 [ksoftirqd/3]
   25 [kworker/3:0H]
   26 [watchdog/4]
   27 [migration/4]
   28 [ksoftirqd/4]
   30 [kworker/4:0H]
   31 [watchdog/5]
   32 [migration/5]
   33 [ksoftirqd/5]
   35 [kworker/5:0H]
   36 [watchdog/6]
   37 [migration/6]
   38 [ksoftirqd/6]
   40 [kworker/6:0H]
   41 [watchdog/7]
   42 [migration/7]
   43 [ksoftirqd/7]
   45 [kworker/7:0H]
   46 [watchdog/8]
   47 [migration/8]
   48 [ksoftirqd/8]
   50 [kworker/8:0H]
   51 [watchdog/9]
   52 [migration/9]
   53 [ksoftirqd/9]
   55 [kworker/9:0H]
   56 [watchdog/10]
   57 [migration/10]
   58 [ksoftirqd/10]
   60 [kworker/10:0H]
   61 [watchdog/11]
   62 [migration/11]
   63 [ksoftirqd/11]
   65 [kworker/11:0H]
   66 [watchdog/12]
   67 [migration/12]
   68 [ksoftirqd/12]
   69 [kworker/12:0]
   70 [kworker/12:0H]
   71 [watchdog/13]
   72 [migration/13]
   73 [ksoftirqd/13]
   75 [kworker/13:0H]
   76 [watchdog/14]
   77 [migration/14]
   78 [ksoftirqd/14]
   80 [kworker/14:0H]
   81 [watchdog/15]
   82 [migration/15]
   83 [ksoftirqd/15]
   84 [kworker/15:0]
   85 [kworker/15:0H]
   86 [kdevtmpfs]
   87 [netns]
   88 [perf]
   89 [khungtaskd]
   90 [writeback]
   91 [ksmd]
   92 [khugepaged]
   93 [crypto]
   94 [kintegrityd]
   95 [bioset]
   96 [kblockd]
   97 [ata_sff]
   98 [md]
   99 [devfreq_wq]
  101 [kworker/0:1]
  103 [kswapd0]
  104 [vmstat]
  105 [fsnotify_mark]
  106 [ecryptfs-kthrea]
  122 [kthrotld]
  123 [bioset]
  124 [bioset]
  125 [bioset]
  126 [bioset]
  127 [bioset]
  128 [bioset]
  129 [bioset]
  130 [bioset]
  131 [bioset]
  132 [bioset]
  133 [bioset]
  134 [bioset]
  135 [bioset]
  136 [bioset]
  137 [kworker/4:1]
  138 [bioset]
  139 [bioset]
  140 [bioset]
  141 [bioset]
  142 [bioset]
  143 [bioset]
  144 [bioset]
  145 [bioset]
  146 [bioset]
  147 [bioset]
  151 [ipv6_addrconf]
  152 [kworker/3:1]
  165 [deferwq]
  204 [nvme]
  236 [ena]
  284 [bioset]
  286 [bioset]
  290 [kworker/13:1]
  294 [bioset]
  295 [bioset]
  305 [kworker/14:1]
  306 [kworker/15:1]
  372 [raid5wq]
  398 [bioset]
  421 [jbd2/nvme0n1p1-]
  422 [ext4-rsv-conver]
  493 /lib/systemd/systemd-journald
  507 [kworker/13:2]
  519 [kworker/0:2]
  521 [iscsi_eh]
  522 [kauditd]
  527 [ib_addr]
  535 [ib_mcast]
  536 [ib_nl_sa_wq]
  538 [ib_cm]
  540 [iw_cm_wq]
  541 [rdma_cm]
  558 /sbin/lvmetad -f
  578 /lib/systemd/systemd-udevd
  869 [kworker/0:1H]
  870 [kworker/4:1H]
  871 [kworker/5:1H]
  872 [kworker/6:1H]
  873 [kworker/7:1H]
  874 [kworker/12:1H]
  875 [kworker/13:1H]
  876 [kworker/14:1H]
  877 [kworker/15:1H]
  960 [kworker/4:2]
 1011 /lib/systemd/systemd-timesyncd
 1017 [kworker/8:1H]
 1018 [kworker/9:1H]
 1019 [kworker/10:1H]
 1020 [kworker/11:1H]
 1021 [kworker/1:1H]
 1022 [kworker/2:1H]
 1023 [kworker/3:1H]
 1101 [kworker/9:2]
 1113 [kworker/12:3]
 1129 [kworker/10:2]
 1145 /sbin/dhclient -1 -v -pf /run/dhclient.ens5.pid -lf /var/lib/dhcp/dhclient.ens5.leases -I -df /var/lib/dhcp/dhclient6.ens5.leases ens5
 1270 /sbin/iscsid
 1271 /sbin/iscsid
 1278 /usr/sbin/rsyslogd -n
 1284 /usr/bin/dbus-daemon --system --address=systemd: --nofork --nopidfile --systemd-activation
 1289 /usr/lib/snapd/snapd
 1291 /usr/sbin/cron -f
 1293 /usr/lib/accountsservice/accounts-daemon
 1295 /usr/bin/lxcfs /var/lib/lxcfs/
 1297 /usr/sbin/acpid
 1304 /lib/systemd/systemd-logind
 1316 /usr/sbin/atd -f
 1335 /sbin/mdadm --monitor --pid-file /run/mdadm/monitor.pid --daemonise --scan --syslog
 1356 /usr/lib/policykit-1/polkitd --no-debug
 1422 [kworker/2:2]
 1427 /usr/sbin/irqbalance --pid=/var/run/irqbalance.pid
 1437 /sbin/agetty --keep-baud 115200 38400 9600 ttyS0 vt220
 1438 /sbin/agetty --noclear tty1 linux
 1762 [kworker/2:3]
 2026 [kworker/7:3]
 2181 [kworker/14:2]
 2323 [kworker/1:3]
 2372 [kworker/11:2]
 2559 [kworker/8:2]
 2653 [kworker/6:3]
 2656 [jbd2/nvme1n1-8]
 2657 [ext4-rsv-conver]
 3796 /usr/sbin/chronyd
 4374 [kworker/10:3]
 4508 /usr/sbin/sshd -D
 4844 [kworker/9:0]
 4916 [kworker/1:0]
 4917 [kworker/8:0]
 4918 [kworker/3:0]
 5031 [kworker/5:0]
 5074 [kworker/5:3]
 5182 [kworker/11:3]
 5421 [kworker/7:0]
 5556 [kworker/u32:2]
 5563 [kworker/u32:0]
 5602 [kworker/6:1]
 5648 [kworker/2:0]
 5649 [kworker/2:1]
 5655 [kworker/3:2]
 5660 [kworker/12:1]
 5712 [kworker/5:1]
 5715 [kworker/10:0]
 5782 [kworker/u32:1]
 5784 sshd: ubuntu [priv]
 5786 [kworker/14:0]
 5787 [kworker/1:1]
 5788 /lib/systemd/systemd --user PATH=/usr/local/sbin:/usr/local/bin:/usr/sbin:/usr/bin:/sbin:/bin NOTIFY_SOCKET=/run/systemd/notify HOME=/home/ubuntu LOGNAME=ubuntu USER=ubuntu SHELL=/bin/bash XDG_RUNTIME_DIR=/run/user/1000
 5790 (sd-pam)
 5823 sshd: ubuntu@notty
 5824 bash -c  ??ulimit -c unlimited; mkdir -p ${HOME}/logs; ??echo ">>> roachprod start: $(date)" >> ${HOME}/logs/roachprod.log; ??ps axeww -o pid -o command >> ${HOME}/logs/roachprod.log; ??[ -x /usr/bin/lslocks ] && /usr/bin/lslocks >> ${HOME}/logs/roachprod.log;  ??export ROACHPROD=10; ??GOTRACEBACK=crash COCKROACH_SKIP_ENABLING_DIAGNOSTIC_REPORTING=1 COCKROACH_DEV_LICENSE=crl-0-EJL04ukFGAEiI0NvY2tyb2FjaCBMYWJzIC0gUHJvZHVjdGlvbiBUZXN0aW5n COCKROACH_ENABLE_RPC_COMPRESSION=false \ ??./cockroach start --background --insecure --store=path=/mnt/data1/cockroach --log-dir=${HOME}/logs --cache=25% --max-sql-memory=25% --port=26257 --http-port=26258 --locality=cloud=aws,region=us-east-2,zone=us-east-2b,rack=4 --join=18.191.252.183:26257 --advertise-host=$(hostname -I | awk '{print $1}') --cache=0.25 --max-sql-memory=0.25 >> ${HOME}/logs/cockroach.stdout.log \ ??                 2>> ${HOME}/logs/cockroach.stderr.log \ ???|| (x=$?; cat ${HOME}/logs/cockroach.stderr.log; exit $x) LANG=en_US.UTF-8 LC_ADDRESS=en_US.UTF-8 LC_IDENTIFICATION=en_US.UTF-8 LC_MEASUREMENT=en_US.UTF-8 LC_MONETARY=en_US.UTF-8 LC_NAME=en_US.UTF-8 LC_NUMERIC=en_US.UTF-8 LC_PAPER=en_US.UTF-8 LC_TELEPHONE=en_US.UTF-8 LC_TIME=en_US.UTF-8 USER=ubuntu LOGNAME=ubuntu HOME=/home/ubuntu PATH=/usr/local/sbin:/usr/local/bin:/usr/sbin:/usr/bin:/sbin:/bin:/usr/games:/usr/local/games MAIL=/var/mail/ubuntu SHELL=/bin/bash SSH_CLIENT=149.248.186.137 53258 22 SSH_CONNECTION=149.248.186.137 53258 10.12.25.67 22 XDG_SESSION_ID=62 XDG_RUNTIME_DIR=/run/user/1000
 5828 ps axeww -o pid -o command LC_PAPER=en_US.UTF-8 XDG_SESSION_ID=62 LC_ADDRESS=en_US.UTF-8 LC_MONETARY=en_US.UTF-8 SHELL=/bin/bash SSH_CLIENT=149.248.186.137 53258 22 LC_NUMERIC=en_US.UTF-8 USER=ubuntu LC_TELEPHONE=en_US.UTF-8 MAIL=/var/mail/ubuntu PATH=/usr/local/sbin:/usr/local/bin:/usr/sbin:/usr/bin:/sbin:/bin:/usr/games:/usr/local/games LC_IDENTIFICATION=en_US.UTF-8 PWD=/home/ubuntu LANG=en_US.UTF-8 LC_MEASUREMENT=en_US.UTF-8 SHLVL=1 HOME=/home/ubuntu LOGNAME=ubuntu SSH_CONNECTION=149.248.186.137 53258 10.12.25.67 22 XDG_RUNTIME_DIR=/run/user/1000 LC_TIME=en_US.UTF-8 LC_NAME=en_US.UTF-8 _=/bin/ps
COMMAND           PID  TYPE SIZE MODE  M START END PATH
iscsid           1271 POSIX   0B WRITE 0     0   0 /run
atd              1316 POSIX   0B WRITE 0     0   0 /run
lxcfs            1295 POSIX   0B WRITE 0     0   0 /run
cron             1291 FLOCK   0B WRITE 0     0   0 /run
lvmetad           558 POSIX   0B WRITE 0     0   0 /run
>>> roachprod stop: Fri Sep 11 03:16:35 UTC 2020
  PID COMMAND
    1 /sbin/init
    2 [kthreadd]
    3 [ksoftirqd/0]
    5 [kworker/0:0H]
    7 [rcu_sched]
    8 [rcu_bh]
    9 [migration/0]
   10 [watchdog/0]
   11 [watchdog/1]
   12 [migration/1]
   13 [ksoftirqd/1]
   15 [kworker/1:0H]
   16 [watchdog/2]
   17 [migration/2]
   18 [ksoftirqd/2]
   20 [kworker/2:0H]
   21 [watchdog/3]
   22 [migration/3]
   23 [ksoftirqd/3]
   25 [kworker/3:0H]
   26 [watchdog/4]
   27 [migration/4]
   28 [ksoftirqd/4]
   30 [kworker/4:0H]
   31 [watchdog/5]
   32 [migration/5]
   33 [ksoftirqd/5]
   35 [kworker/5:0H]
   36 [watchdog/6]
   37 [migration/6]
   38 [ksoftirqd/6]
   40 [kworker/6:0H]
   41 [watchdog/7]
   42 [migration/7]
   43 [ksoftirqd/7]
   45 [kworker/7:0H]
   46 [watchdog/8]
   47 [migration/8]
   48 [ksoftirqd/8]
   50 [kworker/8:0H]
   51 [watchdog/9]
   52 [migration/9]
   53 [ksoftirqd/9]
   55 [kworker/9:0H]
   56 [watchdog/10]
   57 [migration/10]
   58 [ksoftirqd/10]
   60 [kworker/10:0H]
   61 [watchdog/11]
   62 [migration/11]
   63 [ksoftirqd/11]
   65 [kworker/11:0H]
   66 [watchdog/12]
   67 [migration/12]
   68 [ksoftirqd/12]
   70 [kworker/12:0H]
   71 [watchdog/13]
   72 [migration/13]
   73 [ksoftirqd/13]
   75 [kworker/13:0H]
   76 [watchdog/14]
   77 [migration/14]
   78 [ksoftirqd/14]
   80 [kworker/14:0H]
   81 [watchdog/15]
   82 [migration/15]
   83 [ksoftirqd/15]
   84 [kworker/15:0]
   85 [kworker/15:0H]
   86 [kdevtmpfs]
   87 [netns]
   88 [perf]
   89 [khungtaskd]
   90 [writeback]
   91 [ksmd]
   92 [khugepaged]
   93 [crypto]
   94 [kintegrityd]
   95 [bioset]
   96 [kblockd]
   97 [ata_sff]
   98 [md]
   99 [devfreq_wq]
  101 [kworker/0:1]
  103 [kswapd0]
  104 [vmstat]
  105 [fsnotify_mark]
  106 [ecryptfs-kthrea]
  122 [kthrotld]
  123 [bioset]
  124 [bioset]
  125 [bioset]
  126 [bioset]
  127 [bioset]
  128 [bioset]
  129 [bioset]
  130 [bioset]
  131 [bioset]
  132 [bioset]
  133 [bioset]
  134 [bioset]
  135 [bioset]
  136 [bioset]
  137 [kworker/4:1]
  138 [bioset]
  139 [bioset]
  140 [bioset]
  141 [bioset]
  142 [bioset]
  143 [bioset]
  144 [bioset]
  145 [bioset]
  146 [bioset]
  147 [bioset]
  151 [ipv6_addrconf]
  152 [kworker/3:1]
  165 [deferwq]
  204 [nvme]
  236 [ena]
  284 [bioset]
  286 [bioset]
  290 [kworker/13:1]
  294 [bioset]
  295 [bioset]
  306 [kworker/15:1]
  372 [raid5wq]
  398 [bioset]
  421 [jbd2/nvme0n1p1-]
  422 [ext4-rsv-conver]
  493 /lib/systemd/systemd-journald
  507 [kworker/13:2]
  519 [kworker/0:2]
  521 [iscsi_eh]
  522 [kauditd]
  527 [ib_addr]
  535 [ib_mcast]
  536 [ib_nl_sa_wq]
  538 [ib_cm]
  540 [iw_cm_wq]
  541 [rdma_cm]
  558 /sbin/lvmetad -f
  578 /lib/systemd/systemd-udevd
  869 [kworker/0:1H]
  870 [kworker/4:1H]
  871 [kworker/5:1H]
  872 [kworker/6:1H]
  873 [kworker/7:1H]
  874 [kworker/12:1H]
  875 [kworker/13:1H]
  876 [kworker/14:1H]
  877 [kworker/15:1H]
  960 [kworker/4:2]
 1011 /lib/systemd/systemd-timesyncd
 1017 [kworker/8:1H]
 1018 [kworker/9:1H]
 1019 [kworker/10:1H]
 1020 [kworker/11:1H]
 1021 [kworker/1:1H]
 1022 [kworker/2:1H]
 1023 [kworker/3:1H]
 1101 [kworker/9:2]
 1113 [kworker/12:3]
 1129 [kworker/10:2]
 1145 /sbin/dhclient -1 -v -pf /run/dhclient.ens5.pid -lf /var/lib/dhcp/dhclient.ens5.leases -I -df /var/lib/dhcp/dhclient6.ens5.leases ens5
 1270 /sbin/iscsid
 1271 /sbin/iscsid
 1278 /usr/sbin/rsyslogd -n
 1284 /usr/bin/dbus-daemon --system --address=systemd: --nofork --nopidfile --systemd-activation
 1289 /usr/lib/snapd/snapd
 1291 /usr/sbin/cron -f
 1293 /usr/lib/accountsservice/accounts-daemon
 1295 /usr/bin/lxcfs /var/lib/lxcfs/
 1297 /usr/sbin/acpid
 1304 /lib/systemd/systemd-logind
 1316 /usr/sbin/atd -f
 1335 /sbin/mdadm --monitor --pid-file /run/mdadm/monitor.pid --daemonise --scan --syslog
 1356 /usr/lib/policykit-1/polkitd --no-debug
 1422 [kworker/2:2]
 1427 /usr/sbin/irqbalance --pid=/var/run/irqbalance.pid
 1437 /sbin/agetty --keep-baud 115200 38400 9600 ttyS0 vt220
 1438 /sbin/agetty --noclear tty1 linux
 2026 [kworker/7:3]
 2181 [kworker/14:2]
 2372 [kworker/11:2]
 2559 [kworker/8:2]
 2656 [jbd2/nvme1n1-8]
 2657 [ext4-rsv-conver]
 3796 /usr/sbin/chronyd
 4508 /usr/sbin/sshd -D
 4844 [kworker/9:0]
 4916 [kworker/1:0]
 4917 [kworker/8:0]
 4918 [kworker/3:0]
 5031 [kworker/5:0]
 5074 [kworker/5:3]
 5182 [kworker/11:3]
 5421 [kworker/7:0]
 5649 [kworker/2:1]
 5660 [kworker/12:1]
 5715 [kworker/10:0]
 5786 [kworker/14:0]
 5787 [kworker/1:1]
 5788 /lib/systemd/systemd --user PATH=/usr/local/sbin:/usr/local/bin:/usr/sbin:/usr/bin:/sbin:/bin NOTIFY_SOCKET=/run/systemd/notify HOME=/home/ubuntu LOGNAME=ubuntu USER=ubuntu SHELL=/bin/bash XDG_RUNTIME_DIR=/run/user/1000
 5790 (sd-pam)
 5854 ./cockroach start --insecure --store=path=/mnt/data1/cockroach --log-dir=/home/ubuntu/logs --cache=25% --max-sql-memory=25% --port=26257 --http-port=26258 --locality=cloud=aws,region=us-east-2,zone=us-east-2b,rack=4 --join=18.191.252.183:26257 --advertise-host=10.12.25.67 --cache=0.25 --max-sql-memory=0.25 COCKROACH_ENABLE_RPC_COMPRESSION=false GOTRACEBACK=crash COCKROACH_DEV_LICENSE=crl-0-EJL04ukFGAEiI0NvY2tyb2FjaCBMYWJzIC0gUHJvZHVjdGlvbiBUZXN0aW5n COCKROACH_SKIP_ENABLING_DIAGNOSTIC_REPORTING=1 LC_PAPER=en_US.UTF-8 XDG_SESSION_ID=62 LC_ADDRESS=en_US.UTF-8 LC_MONETARY=en_US.UTF-8 SHELL=/bin/bash SSH_CLIENT=149.248.186.137 53258 22 LC_NUMERIC=en_US.UTF-8 USER=ubuntu LC_TELEPHONE=en_US.UTF-8 MAIL=/var/mail/ubuntu PATH=/usr/local/sbin:/usr/local/bin:/usr/sbin:/usr/bin:/sbin:/bin:/usr/games:/usr/local/games LC_IDENTIFICATION=en_US.UTF-8 PWD=/home/ubuntu ROACHPROD=10 LANG=en_US.UTF-8 LC_MEASUREMENT=en_US.UTF-8 SHLVL=1 HOME=/home/ubuntu LOGNAME=ubuntu SSH_CONNECTION=149.248.186.137 53258 10.12.25.67 22 XDG_RUNTIME_DIR=/run/user/1000 LC_TIME=en_US.UTF-8 LC_NAME=en_US.UTF-8 _=./cockroach COCKROACH_BACKGROUND_RESTART=1 NOTIFY_SOCKET=/tmp/sdnotify150403887/notify.sock
 5943 [kworker/6:0]
 6069 [kworker/u32:0]
 6175 [kworker/6:2]
 6185 [kworker/u32:1]
 6187 [kworker/u32:2]
 6188 sshd: [accepted]
 6189 sshd: [net]
 6190 sshd: ubuntu [priv]
 6222 sshd: ubuntu@notty
 6223 bash -c  mkdir -p logs echo ">>> roachprod stop: $(date)" >> ${HOME}/logs/roachprod.log ps axeww -o pid -o command >> ${HOME}/logs/roachprod.log pids=$(ps axeww -o pid -o command | \   sed 's/export ROACHPROD=//g' | \   awk '/ROACHPROD=(10)[ \/]/ { print $1 }') if [ -n "${pids}" ]; then   kill -9 ${pids}    for pid in ${pids}; do     echo "${pid}: checking" >> ${HOME}/logs/roachprod.log     while kill -0 ${pid}; do       kill -0 ${pid} >> ${HOME}/logs/roachprod.log 2>&1       echo "${pid}: still alive [$?]" >> ${HOME}/logs/roachprod.log       ps axeww -o pid -o command >> ${HOME}/logs/roachprod.log       sleep 1     done     echo "${pid}: dead" >> ${HOME}/logs/roachprod.log   done  fi  LANG=en_US.UTF-8 LC_ADDRESS=en_US.UTF-8 LC_IDENTIFICATION=en_US.UTF-8 LC_MEASUREMENT=en_US.UTF-8 LC_MONETARY=en_US.UTF-8 LC_NAME=en_US.UTF-8 LC_NUMERIC=en_US.UTF-8 LC_PAPER=en_US.UTF-8 LC_TELEPHONE=en_US.UTF-8 LC_TIME=en_US.UTF-8 USER=ubuntu LOGNAME=ubuntu HOME=/home/ubuntu PATH=/usr/local/sbin:/usr/local/bin:/usr/sbin:/usr/bin:/sbin:/bin:/usr/games:/usr/local/games MAIL=/var/mail/ubuntu SHELL=/bin/bash SSH_CLIENT=149.248.186.137 58064 22 SSH_CONNECTION=149.248.186.137 58064 10.12.25.67 22 XDG_SESSION_ID=68 XDG_RUNTIME_DIR=/run/user/1000
 6227 ps axeww -o pid -o command LC_PAPER=en_US.UTF-8 XDG_SESSION_ID=68 LC_ADDRESS=en_US.UTF-8 LC_MONETARY=en_US.UTF-8 SHELL=/bin/bash SSH_CLIENT=149.248.186.137 58064 22 LC_NUMERIC=en_US.UTF-8 USER=ubuntu LC_TELEPHONE=en_US.UTF-8 MAIL=/var/mail/ubuntu PATH=/usr/local/sbin:/usr/local/bin:/usr/sbin:/usr/bin:/sbin:/bin:/usr/games:/usr/local/games LC_IDENTIFICATION=en_US.UTF-8 PWD=/home/ubuntu LANG=en_US.UTF-8 LC_MEASUREMENT=en_US.UTF-8 SHLVL=1 HOME=/home/ubuntu LOGNAME=ubuntu SSH_CONNECTION=149.248.186.137 58064 10.12.25.67 22 XDG_RUNTIME_DIR=/run/user/1000 LC_TIME=en_US.UTF-8 LC_NAME=en_US.UTF-8 _=/bin/ps
5854: checking
5854: still alive [0]
  PID COMMAND
    1 /sbin/init
    2 [kthreadd]
    3 [ksoftirqd/0]
    5 [kworker/0:0H]
    7 [rcu_sched]
    8 [rcu_bh]
    9 [migration/0]
   10 [watchdog/0]
   11 [watchdog/1]
   12 [migration/1]
   13 [ksoftirqd/1]
   15 [kworker/1:0H]
   16 [watchdog/2]
   17 [migration/2]
   18 [ksoftirqd/2]
   20 [kworker/2:0H]
   21 [watchdog/3]
   22 [migration/3]
   23 [ksoftirqd/3]
   25 [kworker/3:0H]
   26 [watchdog/4]
   27 [migration/4]
   28 [ksoftirqd/4]
   30 [kworker/4:0H]
   31 [watchdog/5]
   32 [migration/5]
   33 [ksoftirqd/5]
   35 [kworker/5:0H]
   36 [watchdog/6]
   37 [migration/6]
   38 [ksoftirqd/6]
   40 [kworker/6:0H]
   41 [watchdog/7]
   42 [migration/7]
   43 [ksoftirqd/7]
   45 [kworker/7:0H]
   46 [watchdog/8]
   47 [migration/8]
   48 [ksoftirqd/8]
   50 [kworker/8:0H]
   51 [watchdog/9]
   52 [migration/9]
   53 [ksoftirqd/9]
   55 [kworker/9:0H]
   56 [watchdog/10]
   57 [migration/10]
   58 [ksoftirqd/10]
   60 [kworker/10:0H]
   61 [watchdog/11]
   62 [migration/11]
   63 [ksoftirqd/11]
   65 [kworker/11:0H]
   66 [watchdog/12]
   67 [migration/12]
   68 [ksoftirqd/12]
   70 [kworker/12:0H]
   71 [watchdog/13]
   72 [migration/13]
   73 [ksoftirqd/13]
   75 [kworker/13:0H]
   76 [watchdog/14]
   77 [migration/14]
   78 [ksoftirqd/14]
   80 [kworker/14:0H]
   81 [watchdog/15]
   82 [migration/15]
   83 [ksoftirqd/15]
   84 [kworker/15:0]
   85 [kworker/15:0H]
   86 [kdevtmpfs]
   87 [netns]
   88 [perf]
   89 [khungtaskd]
   90 [writeback]
   91 [ksmd]
   92 [khugepaged]
   93 [crypto]
   94 [kintegrityd]
   95 [bioset]
   96 [kblockd]
   97 [ata_sff]
   98 [md]
   99 [devfreq_wq]
  101 [kworker/0:1]
  103 [kswapd0]
  104 [vmstat]
  105 [fsnotify_mark]
  106 [ecryptfs-kthrea]
  122 [kthrotld]
  123 [bioset]
  124 [bioset]
  125 [bioset]
  126 [bioset]
  127 [bioset]
  128 [bioset]
  129 [bioset]
  130 [bioset]
  131 [bioset]
  132 [bioset]
  133 [bioset]
  134 [bioset]
  135 [bioset]
  136 [bioset]
  137 [kworker/4:1]
  138 [bioset]
  139 [bioset]
  140 [bioset]
  141 [bioset]
  142 [bioset]
  143 [bioset]
  144 [bioset]
  145 [bioset]
  146 [bioset]
  147 [bioset]
  151 [ipv6_addrconf]
  152 [kworker/3:1]
  165 [deferwq]
  204 [nvme]
  236 [ena]
  284 [bioset]
  286 [bioset]
  290 [kworker/13:1]
  294 [bioset]
  295 [bioset]
  306 [kworker/15:1]
  372 [raid5wq]
  398 [bioset]
  421 [jbd2/nvme0n1p1-]
  422 [ext4-rsv-conver]
  493 /lib/systemd/systemd-journald
  507 [kworker/13:2]
  519 [kworker/0:2]
  521 [iscsi_eh]
  522 [kauditd]
  527 [ib_addr]
  535 [ib_mcast]
  536 [ib_nl_sa_wq]
  538 [ib_cm]
  540 [iw_cm_wq]
  541 [rdma_cm]
  558 /sbin/lvmetad -f
  578 /lib/systemd/systemd-udevd
  869 [kworker/0:1H]
  870 [kworker/4:1H]
  871 [kworker/5:1H]
  872 [kworker/6:1H]
  873 [kworker/7:1H]
  874 [kworker/12:1H]
  875 [kworker/13:1H]
  876 [kworker/14:1H]
  877 [kworker/15:1H]
  960 [kworker/4:2]
 1011 /lib/systemd/systemd-timesyncd
 1017 [kworker/8:1H]
 1018 [kworker/9:1H]
 1019 [kworker/10:1H]
 1020 [kworker/11:1H]
 1021 [kworker/1:1H]
 1022 [kworker/2:1H]
 1023 [kworker/3:1H]
 1101 [kworker/9:2]
 1113 [kworker/12:3]
 1129 [kworker/10:2]
 1145 /sbin/dhclient -1 -v -pf /run/dhclient.ens5.pid -lf /var/lib/dhcp/dhclient.ens5.leases -I -df /var/lib/dhcp/dhclient6.ens5.leases ens5
 1270 /sbin/iscsid
 1271 /sbin/iscsid
 1278 /usr/sbin/rsyslogd -n
 1284 /usr/bin/dbus-daemon --system --address=systemd: --nofork --nopidfile --systemd-activation
 1289 /usr/lib/snapd/snapd
 1291 /usr/sbin/cron -f
 1293 /usr/lib/accountsservice/accounts-daemon
 1295 /usr/bin/lxcfs /var/lib/lxcfs/
 1297 /usr/sbin/acpid
 1304 /lib/systemd/systemd-logind
 1316 /usr/sbin/atd -f
 1335 /sbin/mdadm --monitor --pid-file /run/mdadm/monitor.pid --daemonise --scan --syslog
 1356 /usr/lib/policykit-1/polkitd --no-debug
 1422 [kworker/2:2]
 1427 /usr/sbin/irqbalance --pid=/var/run/irqbalance.pid
 1437 /sbin/agetty --keep-baud 115200 38400 9600 ttyS0 vt220
 1438 /sbin/agetty --noclear tty1 linux
 2026 [kworker/7:3]
 2181 [kworker/14:2]
 2372 [kworker/11:2]
 2559 [kworker/8:2]
 2656 [jbd2/nvme1n1-8]
 2657 [ext4-rsv-conver]
 3796 /usr/sbin/chronyd
 4508 /usr/sbin/sshd -D
 4844 [kworker/9:0]
 4916 [kworker/1:0]
 4917 [kworker/8:0]
 4918 [kworker/3:0]
 5031 [kworker/5:0]
 5074 [kworker/5:3]
 5182 [kworker/11:3]
 5421 [kworker/7:0]
 5649 [kworker/2:1]
 5660 [kworker/12:1]
 5715 [kworker/10:0]
 5786 [kworker/14:0]
 5787 [kworker/1:1]
 5788 /lib/systemd/systemd --user PATH=/usr/local/sbin:/usr/local/bin:/usr/sbin:/usr/bin:/sbin:/bin NOTIFY_SOCKET=/run/systemd/notify HOME=/home/ubuntu LOGNAME=ubuntu USER=ubuntu SHELL=/bin/bash XDG_RUNTIME_DIR=/run/user/1000
 5790 (sd-pam)
 5854 [cockroach] <defunct>
 5943 [kworker/6:0]
 6069 [kworker/u32:0]
 6175 [kworker/6:2]
 6185 [kworker/u32:1]
 6187 [kworker/u32:2]
 6188 sshd: [accepted]
 6189 sshd: [net]
 6190 sshd: ubuntu [priv]
 6222 sshd: ubuntu@notty
 6223 bash -c  mkdir -p logs echo ">>> roachprod stop: $(date)" >> ${HOME}/logs/roachprod.log ps axeww -o pid -o command >> ${HOME}/logs/roachprod.log pids=$(ps axeww -o pid -o command | \   sed 's/export ROACHPROD=//g' | \   awk '/ROACHPROD=(10)[ \/]/ { print $1 }') if [ -n "${pids}" ]; then   kill -9 ${pids}    for pid in ${pids}; do     echo "${pid}: checking" >> ${HOME}/logs/roachprod.log     while kill -0 ${pid}; do       kill -0 ${pid} >> ${HOME}/logs/roachprod.log 2>&1       echo "${pid}: still alive [$?]" >> ${HOME}/logs/roachprod.log       ps axeww -o pid -o command >> ${HOME}/logs/roachprod.log       sleep 1     done     echo "${pid}: dead" >> ${HOME}/logs/roachprod.log   done  fi  LANG=en_US.UTF-8 LC_ADDRESS=en_US.UTF-8 LC_IDENTIFICATION=en_US.UTF-8 LC_MEASUREMENT=en_US.UTF-8 LC_MONETARY=en_US.UTF-8 LC_NAME=en_US.UTF-8 LC_NUMERIC=en_US.UTF-8 LC_PAPER=en_US.UTF-8 LC_TELEPHONE=en_US.UTF-8 LC_TIME=en_US.UTF-8 USER=ubuntu LOGNAME=ubuntu HOME=/home/ubuntu PATH=/usr/local/sbin:/usr/local/bin:/usr/sbin:/usr/bin:/sbin:/bin:/usr/games:/usr/local/games MAIL=/var/mail/ubuntu SHELL=/bin/bash SSH_CLIENT=149.248.186.137 58064 22 SSH_CONNECTION=149.248.186.137 58064 10.12.25.67 22 XDG_SESSION_ID=68 XDG_RUNTIME_DIR=/run/user/1000
 6232 ps axeww -o pid -o command LC_PAPER=en_US.UTF-8 XDG_SESSION_ID=68 LC_ADDRESS=en_US.UTF-8 LC_MONETARY=en_US.UTF-8 SHELL=/bin/bash SSH_CLIENT=149.248.186.137 58064 22 LC_NUMERIC=en_US.UTF-8 USER=ubuntu LC_TELEPHONE=en_US.UTF-8 MAIL=/var/mail/ubuntu PATH=/usr/local/sbin:/usr/local/bin:/usr/sbin:/usr/bin:/sbin:/bin:/usr/games:/usr/local/games LC_IDENTIFICATION=en_US.UTF-8 PWD=/home/ubuntu LANG=en_US.UTF-8 LC_MEASUREMENT=en_US.UTF-8 SHLVL=1 HOME=/home/ubuntu LOGNAME=ubuntu SSH_CONNECTION=149.248.186.137 58064 10.12.25.67 22 XDG_RUNTIME_DIR=/run/user/1000 LC_TIME=en_US.UTF-8 LC_NAME=en_US.UTF-8 _=/bin/ps
5854: dead
>>> roachprod start: Fri Sep 11 03:17:24 UTC 2020
  PID COMMAND
    1 /sbin/init
    2 [kthreadd]
    3 [ksoftirqd/0]
    5 [kworker/0:0H]
    7 [rcu_sched]
    8 [rcu_bh]
    9 [migration/0]
   10 [watchdog/0]
   11 [watchdog/1]
   12 [migration/1]
   13 [ksoftirqd/1]
   15 [kworker/1:0H]
   16 [watchdog/2]
   17 [migration/2]
   18 [ksoftirqd/2]
   20 [kworker/2:0H]
   21 [watchdog/3]
   22 [migration/3]
   23 [ksoftirqd/3]
   25 [kworker/3:0H]
   26 [watchdog/4]
   27 [migration/4]
   28 [ksoftirqd/4]
   30 [kworker/4:0H]
   31 [watchdog/5]
   32 [migration/5]
   33 [ksoftirqd/5]
   35 [kworker/5:0H]
   36 [watchdog/6]
   37 [migration/6]
   38 [ksoftirqd/6]
   40 [kworker/6:0H]
   41 [watchdog/7]
   42 [migration/7]
   43 [ksoftirqd/7]
   45 [kworker/7:0H]
   46 [watchdog/8]
   47 [migration/8]
   48 [ksoftirqd/8]
   50 [kworker/8:0H]
   51 [watchdog/9]
   52 [migration/9]
   53 [ksoftirqd/9]
   55 [kworker/9:0H]
   56 [watchdog/10]
   57 [migration/10]
   58 [ksoftirqd/10]
   60 [kworker/10:0H]
   61 [watchdog/11]
   62 [migration/11]
   63 [ksoftirqd/11]
   65 [kworker/11:0H]
   66 [watchdog/12]
   67 [migration/12]
   68 [ksoftirqd/12]
   70 [kworker/12:0H]
   71 [watchdog/13]
   72 [migration/13]
   73 [ksoftirqd/13]
   75 [kworker/13:0H]
   76 [watchdog/14]
   77 [migration/14]
   78 [ksoftirqd/14]
   80 [kworker/14:0H]
   81 [watchdog/15]
   82 [migration/15]
   83 [ksoftirqd/15]
   84 [kworker/15:0]
   85 [kworker/15:0H]
   86 [kdevtmpfs]
   87 [netns]
   88 [perf]
   89 [khungtaskd]
   90 [writeback]
   91 [ksmd]
   92 [khugepaged]
   93 [crypto]
   94 [kintegrityd]
   95 [bioset]
   96 [kblockd]
   97 [ata_sff]
   98 [md]
   99 [devfreq_wq]
  101 [kworker/0:1]
  103 [kswapd0]
  104 [vmstat]
  105 [fsnotify_mark]
  106 [ecryptfs-kthrea]
  122 [kthrotld]
  123 [bioset]
  124 [bioset]
  125 [bioset]
  126 [bioset]
  127 [bioset]
  128 [bioset]
  129 [bioset]
  130 [bioset]
  131 [bioset]
  132 [bioset]
  133 [bioset]
  134 [bioset]
  135 [bioset]
  136 [bioset]
  137 [kworker/4:1]
  138 [bioset]
  139 [bioset]
  140 [bioset]
  141 [bioset]
  142 [bioset]
  143 [bioset]
  144 [bioset]
  145 [bioset]
  146 [bioset]
  147 [bioset]
  151 [ipv6_addrconf]
  152 [kworker/3:1]
  165 [deferwq]
  204 [nvme]
  236 [ena]
  284 [bioset]
  286 [bioset]
  290 [kworker/13:1]
  294 [bioset]
  295 [bioset]
  306 [kworker/15:1]
  372 [raid5wq]
  398 [bioset]
  421 [jbd2/nvme0n1p1-]
  422 [ext4-rsv-conver]
  493 /lib/systemd/systemd-journald
  507 [kworker/13:2]
  519 [kworker/0:2]
  521 [iscsi_eh]
  522 [kauditd]
  527 [ib_addr]
  535 [ib_mcast]
  536 [ib_nl_sa_wq]
  538 [ib_cm]
  540 [iw_cm_wq]
  541 [rdma_cm]
  558 /sbin/lvmetad -f
  578 /lib/systemd/systemd-udevd
  869 [kworker/0:1H]
  870 [kworker/4:1H]
  871 [kworker/5:1H]
  872 [kworker/6:1H]
  873 [kworker/7:1H]
  874 [kworker/12:1H]
  875 [kworker/13:1H]
  876 [kworker/14:1H]
  877 [kworker/15:1H]
  960 [kworker/4:2]
 1011 /lib/systemd/systemd-timesyncd
 1017 [kworker/8:1H]
 1018 [kworker/9:1H]
 1019 [kworker/10:1H]
 1020 [kworker/11:1H]
 1021 [kworker/1:1H]
 1022 [kworker/2:1H]
 1023 [kworker/3:1H]
 1101 [kworker/9:2]
 1113 [kworker/12:3]
 1129 [kworker/10:2]
 1145 /sbin/dhclient -1 -v -pf /run/dhclient.ens5.pid -lf /var/lib/dhcp/dhclient.ens5.leases -I -df /var/lib/dhcp/dhclient6.ens5.leases ens5
 1270 /sbin/iscsid
 1271 /sbin/iscsid
 1278 /usr/sbin/rsyslogd -n
 1284 /usr/bin/dbus-daemon --system --address=systemd: --nofork --nopidfile --systemd-activation
 1289 /usr/lib/snapd/snapd
 1291 /usr/sbin/cron -f
 1293 /usr/lib/accountsservice/accounts-daemon
 1295 /usr/bin/lxcfs /var/lib/lxcfs/
 1297 /usr/sbin/acpid
 1304 /lib/systemd/systemd-logind
 1316 /usr/sbin/atd -f
 1335 /sbin/mdadm --monitor --pid-file /run/mdadm/monitor.pid --daemonise --scan --syslog
 1356 /usr/lib/policykit-1/polkitd --no-debug
 1422 [kworker/2:2]
 1427 /usr/sbin/irqbalance --pid=/var/run/irqbalance.pid
 1437 /sbin/agetty --keep-baud 115200 38400 9600 ttyS0 vt220
 1438 /sbin/agetty --noclear tty1 linux
 2026 [kworker/7:3]
 2181 [kworker/14:2]
 2372 [kworker/11:2]
 2559 [kworker/8:2]
 2656 [jbd2/nvme1n1-8]
 2657 [ext4-rsv-conver]
 3796 /usr/sbin/chronyd
 4508 /usr/sbin/sshd -D
 4844 [kworker/9:0]
 4916 [kworker/1:0]
 4917 [kworker/8:0]
 4918 [kworker/3:0]
 5031 [kworker/5:0]
 5074 [kworker/5:3]
 5182 [kworker/11:3]
 5421 [kworker/7:0]
 5649 [kworker/2:1]
 5660 [kworker/12:1]
 5715 [kworker/10:0]
 5786 [kworker/14:0]
 5787 [kworker/1:1]
 5943 [kworker/6:0]
 6069 [kworker/u32:0]
 6175 [kworker/6:2]
 6185 [kworker/u32:1]
 6187 [kworker/u32:2]
 6235 [kworker/7:1]
 6236 [kworker/7:2]
 6242 [kworker/0:0]
 6245 [kworker/5:1]
 6246 [kworker/13:0]
 6247 [kworker/13:3]
 6315 sshd: ubuntu [priv]
 6320 [kworker/6:1]
 6323 [kworker/2:0]
 6324 [kworker/2:3]
 6325 [kworker/12:0]
 6326 [kworker/12:2]
 6327 /lib/systemd/systemd --user PATH=/usr/local/sbin:/usr/local/bin:/usr/sbin:/usr/bin:/sbin:/bin NOTIFY_SOCKET=/run/systemd/notify HOME=/home/ubuntu LOGNAME=ubuntu USER=ubuntu SHELL=/bin/bash XDG_RUNTIME_DIR=/run/user/1000
 6329 (sd-pam)
 6362 sshd: ubuntu@notty
 6363 bash -c  ??ulimit -c unlimited; mkdir -p ${HOME}/logs; ??echo ">>> roachprod start: $(date)" >> ${HOME}/logs/roachprod.log; ??ps axeww -o pid -o command >> ${HOME}/logs/roachprod.log; ??[ -x /usr/bin/lslocks ] && /usr/bin/lslocks >> ${HOME}/logs/roachprod.log;  ??export ROACHPROD=10; ??GOTRACEBACK=crash COCKROACH_SKIP_ENABLING_DIAGNOSTIC_REPORTING=1 COCKROACH_DEV_LICENSE=crl-0-EJL04ukFGAEiI0NvY2tyb2FjaCBMYWJzIC0gUHJvZHVjdGlvbiBUZXN0aW5n COCKROACH_ENABLE_RPC_COMPRESSION=false \ ??./cockroach start --background --insecure --store=path=/mnt/data1/cockroach --log-dir=${HOME}/logs --cache=25% --max-sql-memory=25% --port=26257 --http-port=26258 --locality=cloud=aws,region=us-east-2,zone=us-east-2b,rack=4 --join=18.191.252.183:26257 --advertise-host=$(hostname -I | awk '{print $1}') --cache=0.25 --max-sql-memory=0.4 >> ${HOME}/logs/cockroach.stdout.log \ ??                 2>> ${HOME}/logs/cockroach.stderr.log \ ???|| (x=$?; cat ${HOME}/logs/cockroach.stderr.log; exit $x) LANG=en_US.UTF-8 LC_ADDRESS=en_US.UTF-8 LC_IDENTIFICATION=en_US.UTF-8 LC_MEASUREMENT=en_US.UTF-8 LC_MONETARY=en_US.UTF-8 LC_NAME=en_US.UTF-8 LC_NUMERIC=en_US.UTF-8 LC_PAPER=en_US.UTF-8 LC_TELEPHONE=en_US.UTF-8 LC_TIME=en_US.UTF-8 USER=ubuntu LOGNAME=ubuntu HOME=/home/ubuntu PATH=/usr/local/sbin:/usr/local/bin:/usr/sbin:/usr/bin:/sbin:/bin:/usr/games:/usr/local/games MAIL=/var/mail/ubuntu SHELL=/bin/bash SSH_CLIENT=149.248.186.137 58290 22 SSH_CONNECTION=149.248.186.137 58290 10.12.25.67 22 XDG_SESSION_ID=71 XDG_RUNTIME_DIR=/run/user/1000
 6367 ps axeww -o pid -o command LC_PAPER=en_US.UTF-8 XDG_SESSION_ID=71 LC_ADDRESS=en_US.UTF-8 LC_MONETARY=en_US.UTF-8 SHELL=/bin/bash SSH_CLIENT=149.248.186.137 58290 22 LC_NUMERIC=en_US.UTF-8 USER=ubuntu LC_TELEPHONE=en_US.UTF-8 MAIL=/var/mail/ubuntu PATH=/usr/local/sbin:/usr/local/bin:/usr/sbin:/usr/bin:/sbin:/bin:/usr/games:/usr/local/games LC_IDENTIFICATION=en_US.UTF-8 PWD=/home/ubuntu LANG=en_US.UTF-8 LC_MEASUREMENT=en_US.UTF-8 SHLVL=1 HOME=/home/ubuntu LOGNAME=ubuntu SSH_CONNECTION=149.248.186.137 58290 10.12.25.67 22 XDG_RUNTIME_DIR=/run/user/1000 LC_TIME=en_US.UTF-8 LC_NAME=en_US.UTF-8 _=/bin/ps
COMMAND           PID  TYPE SIZE MODE  M START END PATH
iscsid           1271 POSIX   0B WRITE 0     0   0 /run
atd              1316 POSIX   0B WRITE 0     0   0 /run
lxcfs            1295 POSIX   0B WRITE 0     0   0 /run
cron             1291 FLOCK   0B WRITE 0     0   0 /run
lvmetad           558 POSIX   0B WRITE 0     0   0 /run
