>>> roachprod start: Fri Sep 11 00:16:13 UTC 2020
  PID COMMAND
    1 /sbin/init
    2 [kthreadd]
    3 [ksoftirqd/0]
    5 [kworker/0:0H]
    7 [rcu_sched]
    8 [rcu_bh]
    9 [migration/0]
   10 [watchdog/0]
   11 [watchdog/1]
   12 [migration/1]
   13 [ksoftirqd/1]
   15 [kworker/1:0H]
   16 [watchdog/2]
   17 [migration/2]
   18 [ksoftirqd/2]
   20 [kworker/2:0H]
   21 [watchdog/3]
   22 [migration/3]
   23 [ksoftirqd/3]
   25 [kworker/3:0H]
   26 [watchdog/4]
   27 [migration/4]
   28 [ksoftirqd/4]
   30 [kworker/4:0H]
   31 [watchdog/5]
   32 [migration/5]
   33 [ksoftirqd/5]
   35 [kworker/5:0H]
   36 [watchdog/6]
   37 [migration/6]
   38 [ksoftirqd/6]
   39 [kworker/6:0]
   40 [kworker/6:0H]
   41 [watchdog/7]
   42 [migration/7]
   43 [ksoftirqd/7]
   45 [kworker/7:0H]
   46 [watchdog/8]
   47 [migration/8]
   48 [ksoftirqd/8]
   49 [kworker/8:0]
   50 [kworker/8:0H]
   51 [watchdog/9]
   52 [migration/9]
   53 [ksoftirqd/9]
   55 [kworker/9:0H]
   56 [watchdog/10]
   57 [migration/10]
   58 [ksoftirqd/10]
   60 [kworker/10:0H]
   61 [watchdog/11]
   62 [migration/11]
   63 [ksoftirqd/11]
   64 [kworker/11:0]
   65 [kworker/11:0H]
   66 [watchdog/12]
   67 [migration/12]
   68 [ksoftirqd/12]
   70 [kworker/12:0H]
   71 [watchdog/13]
   72 [migration/13]
   73 [ksoftirqd/13]
   75 [kworker/13:0H]
   76 [watchdog/14]
   77 [migration/14]
   78 [ksoftirqd/14]
   79 [kworker/14:0]
   80 [kworker/14:0H]
   81 [watchdog/15]
   82 [migration/15]
   83 [ksoftirqd/15]
   85 [kworker/15:0H]
   86 [kdevtmpfs]
   87 [netns]
   88 [perf]
   89 [khungtaskd]
   90 [writeback]
   91 [ksmd]
   92 [khugepaged]
   93 [crypto]
   94 [kintegrityd]
   95 [bioset]
   96 [kblockd]
   97 [ata_sff]
   98 [md]
   99 [devfreq_wq]
  102 [kworker/11:1]
  103 [kworker/4:1]
  105 [kswapd0]
  106 [vmstat]
  107 [fsnotify_mark]
  108 [ecryptfs-kthrea]
  124 [kthrotld]
  125 [bioset]
  126 [bioset]
  127 [bioset]
  128 [bioset]
  129 [bioset]
  130 [bioset]
  131 [bioset]
  132 [bioset]
  133 [bioset]
  134 [bioset]
  135 [bioset]
  136 [bioset]
  137 [bioset]
  138 [bioset]
  140 [bioset]
  141 [bioset]
  142 [bioset]
  143 [bioset]
  144 [bioset]
  145 [bioset]
  146 [bioset]
  147 [bioset]
  148 [bioset]
  149 [bioset]
  153 [ipv6_addrconf]
  154 [kworker/5:1]
  167 [deferwq]
  189 [kworker/3:2]
  206 [nvme]
  238 [ena]
  285 [kworker/9:1]
  287 [bioset]
  289 [bioset]
  290 [kworker/15:1]
  292 [kworker/1:1]
  297 [bioset]
  298 [bioset]
  312 [kworker/13:1]
  314 [kworker/14:1]
  373 [raid5wq]
  399 [bioset]
  422 [jbd2/nvme0n1p1-]
  423 [ext4-rsv-conver]
  484 /lib/systemd/systemd-journald
  503 [iscsi_eh]
  520 [kauditd]
  523 [ib_addr]
  525 [ib_mcast]
  526 [ib_nl_sa_wq]
  527 [ib_cm]
  528 [iw_cm_wq]
  529 [rdma_cm]
  543 /sbin/lvmetad -f
  578 /lib/systemd/systemd-udevd
  580 [kworker/9:2]
  834 [kworker/1:1H]
  835 [kworker/0:1H]
  895 [kworker/2:1H]
  896 [kworker/3:1H]
  897 [kworker/8:1H]
  898 [kworker/9:1H]
  899 [kworker/10:1H]
  900 [kworker/11:1H]
  969 /lib/systemd/systemd-timesyncd
  992 [kworker/4:1H]
  993 [kworker/5:1H]
  994 [kworker/6:1H]
  995 [kworker/7:1H]
 1112 /sbin/dhclient -1 -v -pf /run/dhclient.ens5.pid -lf /var/lib/dhcp/dhclient.ens5.leases -I -df /var/lib/dhcp/dhclient6.ens5.leases ens5
 1180 [kworker/13:1H]
 1182 [kworker/15:1H]
 1183 [kworker/12:1H]
 1184 [kworker/14:1H]
 1277 /sbin/iscsid
 1278 /sbin/iscsid
 1282 [kworker/2:2]
 1286 /usr/sbin/atd -f
 1292 /lib/systemd/systemd-logind
 1298 /usr/lib/accountsservice/accounts-daemon
 1303 /usr/bin/lxcfs /var/lib/lxcfs/
 1305 /usr/sbin/acpid
 1307 /usr/sbin/cron -f
 1319 /usr/sbin/rsyslogd -n
 1322 /usr/lib/snapd/snapd
 1324 /usr/bin/dbus-daemon --system --address=systemd: --nofork --nopidfile --systemd-activation
 1378 /sbin/mdadm --monitor --pid-file /run/mdadm/monitor.pid --daemonise --scan --syslog
 1430 /sbin/agetty --keep-baud 115200 38400 9600 ttyS0 vt220
 1435 /sbin/agetty --noclear tty1 linux
 1437 /usr/lib/policykit-1/polkitd --no-debug
 1446 /usr/sbin/irqbalance --pid=/var/run/irqbalance.pid
 1470 [kworker/5:2]
 2023 [kworker/7:3]
 2073 [kworker/10:2]
 2699 [kworker/15:2]
 2702 [jbd2/nvme1n1-8]
 2703 [ext4-rsv-conver]
 3888 /usr/sbin/chronyd
 4278 [kworker/3:3]
 4513 [kworker/13:2]
 4600 /usr/sbin/sshd -D
 4935 [kworker/8:2]
 5008 [kworker/0:1]
 5010 [kworker/4:0]
 5011 [kworker/1:0]
 5162 [kworker/2:3]
 5262 [kworker/12:0]
 5474 [kworker/0:0]
 5475 [kworker/7:0]
 5514 [kworker/12:3]
 5588 [kworker/6:2]
 5637 [kworker/u32:2]
 5640 [kworker/u32:0]
 5677 [kworker/10:1]
 5723 [kworker/4:2]
 5730 [kworker/u32:1]
 5734 [kworker/8:1]
 5735 [kworker/12:1]
 5736 [kworker/4:3]
 5789 [kworker/2:0]
 5792 [kworker/2:1]
 5866 sshd: ubuntu [priv]
 5871 [kworker/5:0]
 5874 [kworker/1:2]
 5875 /lib/systemd/systemd --user PATH=/usr/local/sbin:/usr/local/bin:/usr/sbin:/usr/bin:/sbin:/bin NOTIFY_SOCKET=/run/systemd/notify HOME=/home/ubuntu LOGNAME=ubuntu USER=ubuntu SHELL=/bin/bash XDG_RUNTIME_DIR=/run/user/1000
 5877 (sd-pam)
 5910 sshd: ubuntu@notty
 5911 bash -c  ??ulimit -c unlimited; mkdir -p ${HOME}/logs; ??echo ">>> roachprod start: $(date)" >> ${HOME}/logs/roachprod.log; ??ps axeww -o pid -o command >> ${HOME}/logs/roachprod.log; ??[ -x /usr/bin/lslocks ] && /usr/bin/lslocks >> ${HOME}/logs/roachprod.log;  ??export ROACHPROD=5; ??GOTRACEBACK=crash COCKROACH_SKIP_ENABLING_DIAGNOSTIC_REPORTING=1 COCKROACH_DEV_LICENSE=crl-0-EJL04ukFGAEiI0NvY2tyb2FjaCBMYWJzIC0gUHJvZHVjdGlvbiBUZXN0aW5n COCKROACH_ENABLE_RPC_COMPRESSION=false \ ??./cockroach start --background --insecure --store=path=/mnt/data1/cockroach --log-dir=${HOME}/logs --cache=25% --max-sql-memory=25% --port=26257 --http-port=26258 --locality=cloud=aws,region=us-east-2,zone=us-east-2b,rack=4 --join=18.191.252.183:26257 --advertise-host=$(hostname -I | awk '{print $1}') --cache=0.25 --max-sql-memory=0.25 >> ${HOME}/logs/cockroach.stdout.log \ ??                 2>> ${HOME}/logs/cockroach.stderr.log \ ???|| (x=$?; cat ${HOME}/logs/cockroach.stderr.log; exit $x) LANG=en_US.UTF-8 LC_ADDRESS=en_US.UTF-8 LC_IDENTIFICATION=en_US.UTF-8 LC_MEASUREMENT=en_US.UTF-8 LC_MONETARY=en_US.UTF-8 LC_NAME=en_US.UTF-8 LC_NUMERIC=en_US.UTF-8 LC_PAPER=en_US.UTF-8 LC_TELEPHONE=en_US.UTF-8 LC_TIME=en_US.UTF-8 USER=ubuntu LOGNAME=ubuntu HOME=/home/ubuntu PATH=/usr/local/sbin:/usr/local/bin:/usr/sbin:/usr/bin:/sbin:/bin:/usr/games:/usr/local/games MAIL=/var/mail/ubuntu SHELL=/bin/bash SSH_CLIENT=149.248.186.137 55418 22 SSH_CONNECTION=149.248.186.137 55418 10.12.21.128 22 XDG_SESSION_ID=64 XDG_RUNTIME_DIR=/run/user/1000
 5915 ps axeww -o pid -o command LC_PAPER=en_US.UTF-8 XDG_SESSION_ID=64 LC_ADDRESS=en_US.UTF-8 LC_MONETARY=en_US.UTF-8 SHELL=/bin/bash SSH_CLIENT=149.248.186.137 55418 22 LC_NUMERIC=en_US.UTF-8 USER=ubuntu LC_TELEPHONE=en_US.UTF-8 MAIL=/var/mail/ubuntu PATH=/usr/local/sbin:/usr/local/bin:/usr/sbin:/usr/bin:/sbin:/bin:/usr/games:/usr/local/games LC_IDENTIFICATION=en_US.UTF-8 PWD=/home/ubuntu LANG=en_US.UTF-8 LC_MEASUREMENT=en_US.UTF-8 SHLVL=1 HOME=/home/ubuntu LOGNAME=ubuntu SSH_CONNECTION=149.248.186.137 55418 10.12.21.128 22 XDG_RUNTIME_DIR=/run/user/1000 LC_TIME=en_US.UTF-8 LC_NAME=en_US.UTF-8 _=/bin/ps
COMMAND           PID  TYPE SIZE MODE  M START END PATH
iscsid           1278 POSIX   0B WRITE 0     0   0 /run
cron             1307 FLOCK   0B WRITE 0     0   0 /run
lvmetad           543 POSIX   0B WRITE 0     0   0 /run
atd              1286 POSIX   0B WRITE 0     0   0 /run
lxcfs            1303 POSIX   0B WRITE 0     0   0 /run
>>> roachprod stop: Fri Sep 11 03:16:35 UTC 2020
  PID COMMAND
    1 /sbin/init
    2 [kthreadd]
    3 [ksoftirqd/0]
    5 [kworker/0:0H]
    7 [rcu_sched]
    8 [rcu_bh]
    9 [migration/0]
   10 [watchdog/0]
   11 [watchdog/1]
   12 [migration/1]
   13 [ksoftirqd/1]
   15 [kworker/1:0H]
   16 [watchdog/2]
   17 [migration/2]
   18 [ksoftirqd/2]
   20 [kworker/2:0H]
   21 [watchdog/3]
   22 [migration/3]
   23 [ksoftirqd/3]
   25 [kworker/3:0H]
   26 [watchdog/4]
   27 [migration/4]
   28 [ksoftirqd/4]
   30 [kworker/4:0H]
   31 [watchdog/5]
   32 [migration/5]
   33 [ksoftirqd/5]
   35 [kworker/5:0H]
   36 [watchdog/6]
   37 [migration/6]
   38 [ksoftirqd/6]
   39 [kworker/6:0]
   40 [kworker/6:0H]
   41 [watchdog/7]
   42 [migration/7]
   43 [ksoftirqd/7]
   45 [kworker/7:0H]
   46 [watchdog/8]
   47 [migration/8]
   48 [ksoftirqd/8]
   50 [kworker/8:0H]
   51 [watchdog/9]
   52 [migration/9]
   53 [ksoftirqd/9]
   55 [kworker/9:0H]
   56 [watchdog/10]
   57 [migration/10]
   58 [ksoftirqd/10]
   60 [kworker/10:0H]
   61 [watchdog/11]
   62 [migration/11]
   63 [ksoftirqd/11]
   64 [kworker/11:0]
   65 [kworker/11:0H]
   66 [watchdog/12]
   67 [migration/12]
   68 [ksoftirqd/12]
   70 [kworker/12:0H]
   71 [watchdog/13]
   72 [migration/13]
   73 [ksoftirqd/13]
   75 [kworker/13:0H]
   76 [watchdog/14]
   77 [migration/14]
   78 [ksoftirqd/14]
   79 [kworker/14:0]
   80 [kworker/14:0H]
   81 [watchdog/15]
   82 [migration/15]
   83 [ksoftirqd/15]
   85 [kworker/15:0H]
   86 [kdevtmpfs]
   87 [netns]
   88 [perf]
   89 [khungtaskd]
   90 [writeback]
   91 [ksmd]
   92 [khugepaged]
   93 [crypto]
   94 [kintegrityd]
   95 [bioset]
   96 [kblockd]
   97 [ata_sff]
   98 [md]
   99 [devfreq_wq]
  102 [kworker/11:1]
  105 [kswapd0]
  106 [vmstat]
  107 [fsnotify_mark]
  108 [ecryptfs-kthrea]
  124 [kthrotld]
  125 [bioset]
  126 [bioset]
  127 [bioset]
  128 [bioset]
  129 [bioset]
  130 [bioset]
  131 [bioset]
  132 [bioset]
  133 [bioset]
  134 [bioset]
  135 [bioset]
  136 [bioset]
  137 [bioset]
  138 [bioset]
  140 [bioset]
  141 [bioset]
  142 [bioset]
  143 [bioset]
  144 [bioset]
  145 [bioset]
  146 [bioset]
  147 [bioset]
  148 [bioset]
  149 [bioset]
  153 [ipv6_addrconf]
  154 [kworker/5:1]
  167 [deferwq]
  206 [nvme]
  238 [ena]
  285 [kworker/9:1]
  287 [bioset]
  289 [bioset]
  290 [kworker/15:1]
  297 [bioset]
  298 [bioset]
  312 [kworker/13:1]
  314 [kworker/14:1]
  373 [raid5wq]
  399 [bioset]
  422 [jbd2/nvme0n1p1-]
  423 [ext4-rsv-conver]
  484 /lib/systemd/systemd-journald
  503 [iscsi_eh]
  520 [kauditd]
  523 [ib_addr]
  525 [ib_mcast]
  526 [ib_nl_sa_wq]
  527 [ib_cm]
  528 [iw_cm_wq]
  529 [rdma_cm]
  543 /sbin/lvmetad -f
  578 /lib/systemd/systemd-udevd
  580 [kworker/9:2]
  834 [kworker/1:1H]
  835 [kworker/0:1H]
  895 [kworker/2:1H]
  896 [kworker/3:1H]
  897 [kworker/8:1H]
  898 [kworker/9:1H]
  899 [kworker/10:1H]
  900 [kworker/11:1H]
  969 /lib/systemd/systemd-timesyncd
  992 [kworker/4:1H]
  993 [kworker/5:1H]
  994 [kworker/6:1H]
  995 [kworker/7:1H]
 1112 /sbin/dhclient -1 -v -pf /run/dhclient.ens5.pid -lf /var/lib/dhcp/dhclient.ens5.leases -I -df /var/lib/dhcp/dhclient6.ens5.leases ens5
 1180 [kworker/13:1H]
 1182 [kworker/15:1H]
 1183 [kworker/12:1H]
 1184 [kworker/14:1H]
 1277 /sbin/iscsid
 1278 /sbin/iscsid
 1286 /usr/sbin/atd -f
 1292 /lib/systemd/systemd-logind
 1298 /usr/lib/accountsservice/accounts-daemon
 1303 /usr/bin/lxcfs /var/lib/lxcfs/
 1305 /usr/sbin/acpid
 1307 /usr/sbin/cron -f
 1319 /usr/sbin/rsyslogd -n
 1322 /usr/lib/snapd/snapd
 1324 /usr/bin/dbus-daemon --system --address=systemd: --nofork --nopidfile --systemd-activation
 1378 /sbin/mdadm --monitor --pid-file /run/mdadm/monitor.pid --daemonise --scan --syslog
 1430 /sbin/agetty --keep-baud 115200 38400 9600 ttyS0 vt220
 1435 /sbin/agetty --noclear tty1 linux
 1437 /usr/lib/policykit-1/polkitd --no-debug
 1446 /usr/sbin/irqbalance --pid=/var/run/irqbalance.pid
 2023 [kworker/7:3]
 2073 [kworker/10:2]
 2699 [kworker/15:2]
 2702 [jbd2/nvme1n1-8]
 2703 [ext4-rsv-conver]
 3888 /usr/sbin/chronyd
 4278 [kworker/3:3]
 4513 [kworker/13:2]
 4600 /usr/sbin/sshd -D
 4935 [kworker/8:2]
 5008 [kworker/0:1]
 5011 [kworker/1:0]
 5162 [kworker/2:3]
 5262 [kworker/12:0]
 5474 [kworker/0:0]
 5475 [kworker/7:0]
 5588 [kworker/6:2]
 5677 [kworker/10:1]
 5723 [kworker/4:2]
 5734 [kworker/8:1]
 5735 [kworker/12:1]
 5736 [kworker/4:3]
 5789 [kworker/2:0]
 5874 [kworker/1:2]
 5875 /lib/systemd/systemd --user PATH=/usr/local/sbin:/usr/local/bin:/usr/sbin:/usr/bin:/sbin:/bin NOTIFY_SOCKET=/run/systemd/notify HOME=/home/ubuntu LOGNAME=ubuntu USER=ubuntu SHELL=/bin/bash XDG_RUNTIME_DIR=/run/user/1000
 5877 (sd-pam)
 5942 ./cockroach start --insecure --store=path=/mnt/data1/cockroach --log-dir=/home/ubuntu/logs --cache=25% --max-sql-memory=25% --port=26257 --http-port=26258 --locality=cloud=aws,region=us-east-2,zone=us-east-2b,rack=4 --join=18.191.252.183:26257 --advertise-host=10.12.21.128 --cache=0.25 --max-sql-memory=0.25 COCKROACH_ENABLE_RPC_COMPRESSION=false GOTRACEBACK=crash COCKROACH_DEV_LICENSE=crl-0-EJL04ukFGAEiI0NvY2tyb2FjaCBMYWJzIC0gUHJvZHVjdGlvbiBUZXN0aW5n COCKROACH_SKIP_ENABLING_DIAGNOSTIC_REPORTING=1 LC_PAPER=en_US.UTF-8 XDG_SESSION_ID=64 LC_ADDRESS=en_US.UTF-8 LC_MONETARY=en_US.UTF-8 SHELL=/bin/bash SSH_CLIENT=149.248.186.137 55418 22 LC_NUMERIC=en_US.UTF-8 USER=ubuntu LC_TELEPHONE=en_US.UTF-8 MAIL=/var/mail/ubuntu PATH=/usr/local/sbin:/usr/local/bin:/usr/sbin:/usr/bin:/sbin:/bin:/usr/games:/usr/local/games LC_IDENTIFICATION=en_US.UTF-8 PWD=/home/ubuntu ROACHPROD=5 LANG=en_US.UTF-8 LC_MEASUREMENT=en_US.UTF-8 SHLVL=1 HOME=/home/ubuntu LOGNAME=ubuntu SSH_CONNECTION=149.248.186.137 55418 10.12.21.128 22 XDG_RUNTIME_DIR=/run/user/1000 LC_TIME=en_US.UTF-8 LC_NAME=en_US.UTF-8 _=./cockroach COCKROACH_BACKGROUND_RESTART=1 NOTIFY_SOCKET=/tmp/sdnotify709686411/notify.sock
 6017 [kworker/3:0]
 6247 [kworker/5:0]
 6248 [kworker/u32:1]
 6264 [kworker/u32:2]
 6268 sshd: ubuntu [priv]
 6300 sshd: ubuntu@notty
 6301 bash -c  mkdir -p logs echo ">>> roachprod stop: $(date)" >> ${HOME}/logs/roachprod.log ps axeww -o pid -o command >> ${HOME}/logs/roachprod.log pids=$(ps axeww -o pid -o command | \   sed 's/export ROACHPROD=//g' | \   awk '/ROACHPROD=(5)[ \/]/ { print $1 }') if [ -n "${pids}" ]; then   kill -9 ${pids}    for pid in ${pids}; do     echo "${pid}: checking" >> ${HOME}/logs/roachprod.log     while kill -0 ${pid}; do       kill -0 ${pid} >> ${HOME}/logs/roachprod.log 2>&1       echo "${pid}: still alive [$?]" >> ${HOME}/logs/roachprod.log       ps axeww -o pid -o command >> ${HOME}/logs/roachprod.log       sleep 1     done     echo "${pid}: dead" >> ${HOME}/logs/roachprod.log   done  fi  LANG=en_US.UTF-8 LC_ADDRESS=en_US.UTF-8 LC_IDENTIFICATION=en_US.UTF-8 LC_MEASUREMENT=en_US.UTF-8 LC_MONETARY=en_US.UTF-8 LC_NAME=en_US.UTF-8 LC_NUMERIC=en_US.UTF-8 LC_PAPER=en_US.UTF-8 LC_TELEPHONE=en_US.UTF-8 LC_TIME=en_US.UTF-8 USER=ubuntu LOGNAME=ubuntu HOME=/home/ubuntu PATH=/usr/local/sbin:/usr/local/bin:/usr/sbin:/usr/bin:/sbin:/bin:/usr/games:/usr/local/games MAIL=/var/mail/ubuntu SHELL=/bin/bash SSH_CLIENT=149.248.186.137 60258 22 SSH_CONNECTION=149.248.186.137 60258 10.12.21.128 22 XDG_SESSION_ID=70 XDG_RUNTIME_DIR=/run/user/1000
 6305 ps axeww -o pid -o command LC_PAPER=en_US.UTF-8 XDG_SESSION_ID=70 LC_ADDRESS=en_US.UTF-8 LC_MONETARY=en_US.UTF-8 SHELL=/bin/bash SSH_CLIENT=149.248.186.137 60258 22 LC_NUMERIC=en_US.UTF-8 USER=ubuntu LC_TELEPHONE=en_US.UTF-8 MAIL=/var/mail/ubuntu PATH=/usr/local/sbin:/usr/local/bin:/usr/sbin:/usr/bin:/sbin:/bin:/usr/games:/usr/local/games LC_IDENTIFICATION=en_US.UTF-8 PWD=/home/ubuntu LANG=en_US.UTF-8 LC_MEASUREMENT=en_US.UTF-8 SHLVL=1 HOME=/home/ubuntu LOGNAME=ubuntu SSH_CONNECTION=149.248.186.137 60258 10.12.21.128 22 XDG_RUNTIME_DIR=/run/user/1000 LC_TIME=en_US.UTF-8 LC_NAME=en_US.UTF-8 _=/bin/ps
5942: checking
5942: still alive [0]
  PID COMMAND
    1 /sbin/init
    2 [kthreadd]
    3 [ksoftirqd/0]
    5 [kworker/0:0H]
    7 [rcu_sched]
    8 [rcu_bh]
    9 [migration/0]
   10 [watchdog/0]
   11 [watchdog/1]
   12 [migration/1]
   13 [ksoftirqd/1]
   15 [kworker/1:0H]
   16 [watchdog/2]
   17 [migration/2]
   18 [ksoftirqd/2]
   20 [kworker/2:0H]
   21 [watchdog/3]
   22 [migration/3]
   23 [ksoftirqd/3]
   25 [kworker/3:0H]
   26 [watchdog/4]
   27 [migration/4]
   28 [ksoftirqd/4]
   30 [kworker/4:0H]
   31 [watchdog/5]
   32 [migration/5]
   33 [ksoftirqd/5]
   35 [kworker/5:0H]
   36 [watchdog/6]
   37 [migration/6]
   38 [ksoftirqd/6]
   39 [kworker/6:0]
   40 [kworker/6:0H]
   41 [watchdog/7]
   42 [migration/7]
   43 [ksoftirqd/7]
   45 [kworker/7:0H]
   46 [watchdog/8]
   47 [migration/8]
   48 [ksoftirqd/8]
   50 [kworker/8:0H]
   51 [watchdog/9]
   52 [migration/9]
   53 [ksoftirqd/9]
   55 [kworker/9:0H]
   56 [watchdog/10]
   57 [migration/10]
   58 [ksoftirqd/10]
   60 [kworker/10:0H]
   61 [watchdog/11]
   62 [migration/11]
   63 [ksoftirqd/11]
   64 [kworker/11:0]
   65 [kworker/11:0H]
   66 [watchdog/12]
   67 [migration/12]
   68 [ksoftirqd/12]
   70 [kworker/12:0H]
   71 [watchdog/13]
   72 [migration/13]
   73 [ksoftirqd/13]
   75 [kworker/13:0H]
   76 [watchdog/14]
   77 [migration/14]
   78 [ksoftirqd/14]
   79 [kworker/14:0]
   80 [kworker/14:0H]
   81 [watchdog/15]
   82 [migration/15]
   83 [ksoftirqd/15]
   85 [kworker/15:0H]
   86 [kdevtmpfs]
   87 [netns]
   88 [perf]
   89 [khungtaskd]
   90 [writeback]
   91 [ksmd]
   92 [khugepaged]
   93 [crypto]
   94 [kintegrityd]
   95 [bioset]
   96 [kblockd]
   97 [ata_sff]
   98 [md]
   99 [devfreq_wq]
  102 [kworker/11:1]
  105 [kswapd0]
  106 [vmstat]
  107 [fsnotify_mark]
  108 [ecryptfs-kthrea]
  124 [kthrotld]
  125 [bioset]
  126 [bioset]
  127 [bioset]
  128 [bioset]
  129 [bioset]
  130 [bioset]
  131 [bioset]
  132 [bioset]
  133 [bioset]
  134 [bioset]
  135 [bioset]
  136 [bioset]
  137 [bioset]
  138 [bioset]
  140 [bioset]
  141 [bioset]
  142 [bioset]
  143 [bioset]
  144 [bioset]
  145 [bioset]
  146 [bioset]
  147 [bioset]
  148 [bioset]
  149 [bioset]
  153 [ipv6_addrconf]
  154 [kworker/5:1]
  167 [deferwq]
  206 [nvme]
  238 [ena]
  285 [kworker/9:1]
  287 [bioset]
  289 [bioset]
  290 [kworker/15:1]
  297 [bioset]
  298 [bioset]
  312 [kworker/13:1]
  314 [kworker/14:1]
  373 [raid5wq]
  399 [bioset]
  422 [jbd2/nvme0n1p1-]
  423 [ext4-rsv-conver]
  484 /lib/systemd/systemd-journald
  503 [iscsi_eh]
  520 [kauditd]
  523 [ib_addr]
  525 [ib_mcast]
  526 [ib_nl_sa_wq]
  527 [ib_cm]
  528 [iw_cm_wq]
  529 [rdma_cm]
  543 /sbin/lvmetad -f
  578 /lib/systemd/systemd-udevd
  580 [kworker/9:2]
  834 [kworker/1:1H]
  835 [kworker/0:1H]
  895 [kworker/2:1H]
  896 [kworker/3:1H]
  897 [kworker/8:1H]
  898 [kworker/9:1H]
  899 [kworker/10:1H]
  900 [kworker/11:1H]
  969 /lib/systemd/systemd-timesyncd
  992 [kworker/4:1H]
  993 [kworker/5:1H]
  994 [kworker/6:1H]
  995 [kworker/7:1H]
 1112 /sbin/dhclient -1 -v -pf /run/dhclient.ens5.pid -lf /var/lib/dhcp/dhclient.ens5.leases -I -df /var/lib/dhcp/dhclient6.ens5.leases ens5
 1180 [kworker/13:1H]
 1182 [kworker/15:1H]
 1183 [kworker/12:1H]
 1184 [kworker/14:1H]
 1277 /sbin/iscsid
 1278 /sbin/iscsid
 1286 /usr/sbin/atd -f
 1292 /lib/systemd/systemd-logind
 1298 /usr/lib/accountsservice/accounts-daemon
 1303 /usr/bin/lxcfs /var/lib/lxcfs/
 1305 /usr/sbin/acpid
 1307 /usr/sbin/cron -f
 1319 /usr/sbin/rsyslogd -n
 1322 /usr/lib/snapd/snapd
 1324 /usr/bin/dbus-daemon --system --address=systemd: --nofork --nopidfile --systemd-activation
 1378 /sbin/mdadm --monitor --pid-file /run/mdadm/monitor.pid --daemonise --scan --syslog
 1430 /sbin/agetty --keep-baud 115200 38400 9600 ttyS0 vt220
 1435 /sbin/agetty --noclear tty1 linux
 1437 /usr/lib/policykit-1/polkitd --no-debug
 1446 /usr/sbin/irqbalance --pid=/var/run/irqbalance.pid
 2023 [kworker/7:3]
 2073 [kworker/10:2]
 2699 [kworker/15:2]
 2702 [jbd2/nvme1n1-8]
 2703 [ext4-rsv-conver]
 3888 /usr/sbin/chronyd
 4278 [kworker/3:3]
 4513 [kworker/13:2]
 4600 /usr/sbin/sshd -D
 4935 [kworker/8:2]
 5008 [kworker/0:1]
 5011 [kworker/1:0]
 5162 [kworker/2:3]
 5262 [kworker/12:0]
 5474 [kworker/0:0]
 5475 [kworker/7:0]
 5588 [kworker/6:2]
 5677 [kworker/10:1]
 5723 [kworker/4:2]
 5734 [kworker/8:1]
 5735 [kworker/12:1]
 5736 [kworker/4:3]
 5789 [kworker/2:0]
 5874 [kworker/1:2]
 5875 /lib/systemd/systemd --user PATH=/usr/local/sbin:/usr/local/bin:/usr/sbin:/usr/bin:/sbin:/bin NOTIFY_SOCKET=/run/systemd/notify HOME=/home/ubuntu LOGNAME=ubuntu USER=ubuntu SHELL=/bin/bash XDG_RUNTIME_DIR=/run/user/1000
 5877 (sd-pam)
 5942 [cockroach] <defunct>
 6017 [kworker/3:0]
 6247 [kworker/5:0]
 6248 [kworker/u32:1]
 6264 [kworker/u32:2]
 6268 sshd: ubuntu [priv]
 6300 sshd: ubuntu@notty
 6301 bash -c  mkdir -p logs echo ">>> roachprod stop: $(date)" >> ${HOME}/logs/roachprod.log ps axeww -o pid -o command >> ${HOME}/logs/roachprod.log pids=$(ps axeww -o pid -o command | \   sed 's/export ROACHPROD=//g' | \   awk '/ROACHPROD=(5)[ \/]/ { print $1 }') if [ -n "${pids}" ]; then   kill -9 ${pids}    for pid in ${pids}; do     echo "${pid}: checking" >> ${HOME}/logs/roachprod.log     while kill -0 ${pid}; do       kill -0 ${pid} >> ${HOME}/logs/roachprod.log 2>&1       echo "${pid}: still alive [$?]" >> ${HOME}/logs/roachprod.log       ps axeww -o pid -o command >> ${HOME}/logs/roachprod.log       sleep 1     done     echo "${pid}: dead" >> ${HOME}/logs/roachprod.log   done  fi  LANG=en_US.UTF-8 LC_ADDRESS=en_US.UTF-8 LC_IDENTIFICATION=en_US.UTF-8 LC_MEASUREMENT=en_US.UTF-8 LC_MONETARY=en_US.UTF-8 LC_NAME=en_US.UTF-8 LC_NUMERIC=en_US.UTF-8 LC_PAPER=en_US.UTF-8 LC_TELEPHONE=en_US.UTF-8 LC_TIME=en_US.UTF-8 USER=ubuntu LOGNAME=ubuntu HOME=/home/ubuntu PATH=/usr/local/sbin:/usr/local/bin:/usr/sbin:/usr/bin:/sbin:/bin:/usr/games:/usr/local/games MAIL=/var/mail/ubuntu SHELL=/bin/bash SSH_CLIENT=149.248.186.137 60258 22 SSH_CONNECTION=149.248.186.137 60258 10.12.21.128 22 XDG_SESSION_ID=70 XDG_RUNTIME_DIR=/run/user/1000
 6310 ps axeww -o pid -o command LC_PAPER=en_US.UTF-8 XDG_SESSION_ID=70 LC_ADDRESS=en_US.UTF-8 LC_MONETARY=en_US.UTF-8 SHELL=/bin/bash SSH_CLIENT=149.248.186.137 60258 22 LC_NUMERIC=en_US.UTF-8 USER=ubuntu LC_TELEPHONE=en_US.UTF-8 MAIL=/var/mail/ubuntu PATH=/usr/local/sbin:/usr/local/bin:/usr/sbin:/usr/bin:/sbin:/bin:/usr/games:/usr/local/games LC_IDENTIFICATION=en_US.UTF-8 PWD=/home/ubuntu LANG=en_US.UTF-8 LC_MEASUREMENT=en_US.UTF-8 SHLVL=1 HOME=/home/ubuntu LOGNAME=ubuntu SSH_CONNECTION=149.248.186.137 60258 10.12.21.128 22 XDG_RUNTIME_DIR=/run/user/1000 LC_TIME=en_US.UTF-8 LC_NAME=en_US.UTF-8 _=/bin/ps
5942: dead
>>> roachprod start: Fri Sep 11 03:17:17 UTC 2020
  PID COMMAND
    1 /sbin/init
    2 [kthreadd]
    3 [ksoftirqd/0]
    5 [kworker/0:0H]
    7 [rcu_sched]
    8 [rcu_bh]
    9 [migration/0]
   10 [watchdog/0]
   11 [watchdog/1]
   12 [migration/1]
   13 [ksoftirqd/1]
   15 [kworker/1:0H]
   16 [watchdog/2]
   17 [migration/2]
   18 [ksoftirqd/2]
   20 [kworker/2:0H]
   21 [watchdog/3]
   22 [migration/3]
   23 [ksoftirqd/3]
   25 [kworker/3:0H]
   26 [watchdog/4]
   27 [migration/4]
   28 [ksoftirqd/4]
   30 [kworker/4:0H]
   31 [watchdog/5]
   32 [migration/5]
   33 [ksoftirqd/5]
   35 [kworker/5:0H]
   36 [watchdog/6]
   37 [migration/6]
   38 [ksoftirqd/6]
   39 [kworker/6:0]
   40 [kworker/6:0H]
   41 [watchdog/7]
   42 [migration/7]
   43 [ksoftirqd/7]
   45 [kworker/7:0H]
   46 [watchdog/8]
   47 [migration/8]
   48 [ksoftirqd/8]
   50 [kworker/8:0H]
   51 [watchdog/9]
   52 [migration/9]
   53 [ksoftirqd/9]
   55 [kworker/9:0H]
   56 [watchdog/10]
   57 [migration/10]
   58 [ksoftirqd/10]
   60 [kworker/10:0H]
   61 [watchdog/11]
   62 [migration/11]
   63 [ksoftirqd/11]
   64 [kworker/11:0]
   65 [kworker/11:0H]
   66 [watchdog/12]
   67 [migration/12]
   68 [ksoftirqd/12]
   70 [kworker/12:0H]
   71 [watchdog/13]
   72 [migration/13]
   73 [ksoftirqd/13]
   75 [kworker/13:0H]
   76 [watchdog/14]
   77 [migration/14]
   78 [ksoftirqd/14]
   79 [kworker/14:0]
   80 [kworker/14:0H]
   81 [watchdog/15]
   82 [migration/15]
   83 [ksoftirqd/15]
   85 [kworker/15:0H]
   86 [kdevtmpfs]
   87 [netns]
   88 [perf]
   89 [khungtaskd]
   90 [writeback]
   91 [ksmd]
   92 [khugepaged]
   93 [crypto]
   94 [kintegrityd]
   95 [bioset]
   96 [kblockd]
   97 [ata_sff]
   98 [md]
   99 [devfreq_wq]
  102 [kworker/11:1]
  105 [kswapd0]
  106 [vmstat]
  107 [fsnotify_mark]
  108 [ecryptfs-kthrea]
  124 [kthrotld]
  125 [bioset]
  126 [bioset]
  127 [bioset]
  128 [bioset]
  129 [bioset]
  130 [bioset]
  131 [bioset]
  132 [bioset]
  133 [bioset]
  134 [bioset]
  135 [bioset]
  136 [bioset]
  137 [bioset]
  138 [bioset]
  140 [bioset]
  141 [bioset]
  142 [bioset]
  143 [bioset]
  144 [bioset]
  145 [bioset]
  146 [bioset]
  147 [bioset]
  148 [bioset]
  149 [bioset]
  153 [ipv6_addrconf]
  154 [kworker/5:1]
  167 [deferwq]
  206 [nvme]
  238 [ena]
  285 [kworker/9:1]
  287 [bioset]
  289 [bioset]
  290 [kworker/15:1]
  297 [bioset]
  298 [bioset]
  312 [kworker/13:1]
  314 [kworker/14:1]
  373 [raid5wq]
  399 [bioset]
  422 [jbd2/nvme0n1p1-]
  423 [ext4-rsv-conver]
  484 /lib/systemd/systemd-journald
  503 [iscsi_eh]
  520 [kauditd]
  523 [ib_addr]
  525 [ib_mcast]
  526 [ib_nl_sa_wq]
  527 [ib_cm]
  528 [iw_cm_wq]
  529 [rdma_cm]
  543 /sbin/lvmetad -f
  578 /lib/systemd/systemd-udevd
  580 [kworker/9:2]
  834 [kworker/1:1H]
  835 [kworker/0:1H]
  895 [kworker/2:1H]
  896 [kworker/3:1H]
  897 [kworker/8:1H]
  898 [kworker/9:1H]
  899 [kworker/10:1H]
  900 [kworker/11:1H]
  969 /lib/systemd/systemd-timesyncd
  992 [kworker/4:1H]
  993 [kworker/5:1H]
  994 [kworker/6:1H]
  995 [kworker/7:1H]
 1112 /sbin/dhclient -1 -v -pf /run/dhclient.ens5.pid -lf /var/lib/dhcp/dhclient.ens5.leases -I -df /var/lib/dhcp/dhclient6.ens5.leases ens5
 1180 [kworker/13:1H]
 1182 [kworker/15:1H]
 1183 [kworker/12:1H]
 1184 [kworker/14:1H]
 1277 /sbin/iscsid
 1278 /sbin/iscsid
 1286 /usr/sbin/atd -f
 1292 /lib/systemd/systemd-logind
 1298 /usr/lib/accountsservice/accounts-daemon
 1303 /usr/bin/lxcfs /var/lib/lxcfs/
 1305 /usr/sbin/acpid
 1307 /usr/sbin/cron -f
 1319 /usr/sbin/rsyslogd -n
 1322 /usr/lib/snapd/snapd
 1324 /usr/bin/dbus-daemon --system --address=systemd: --nofork --nopidfile --systemd-activation
 1378 /sbin/mdadm --monitor --pid-file /run/mdadm/monitor.pid --daemonise --scan --syslog
 1430 /sbin/agetty --keep-baud 115200 38400 9600 ttyS0 vt220
 1435 /sbin/agetty --noclear tty1 linux
 1437 /usr/lib/policykit-1/polkitd --no-debug
 1446 /usr/sbin/irqbalance --pid=/var/run/irqbalance.pid
 2023 [kworker/7:3]
 2073 [kworker/10:2]
 2699 [kworker/15:2]
 2702 [jbd2/nvme1n1-8]
 2703 [ext4-rsv-conver]
 3888 /usr/sbin/chronyd
 4278 [kworker/3:3]
 4513 [kworker/13:2]
 4600 /usr/sbin/sshd -D
 4935 [kworker/8:2]
 5008 [kworker/0:1]
 5011 [kworker/1:0]
 5162 [kworker/2:3]
 5262 [kworker/12:0]
 5474 [kworker/0:0]
 5475 [kworker/7:0]
 5588 [kworker/6:2]
 5677 [kworker/10:1]
 5723 [kworker/4:2]
 5734 [kworker/8:1]
 5735 [kworker/12:1]
 5736 [kworker/4:3]
 5789 [kworker/2:0]
 5874 [kworker/1:2]
 6017 [kworker/3:0]
 6247 [kworker/5:0]
 6248 [kworker/u32:1]
 6264 [kworker/u32:2]
 6313 [kworker/6:1]
 6319 [kworker/7:1]
 6322 [kworker/5:2]
 6323 [kworker/5:3]
 6324 [kworker/0:2]
 6325 [kworker/12:2]
 6392 sshd: ubuntu [priv]
 6397 [kworker/4:0]
 6400 [kworker/9:0]
 6401 [kworker/3:1]
 6402 /lib/systemd/systemd --user PATH=/usr/local/sbin:/usr/local/bin:/usr/sbin:/usr/bin:/sbin:/bin NOTIFY_SOCKET=/run/systemd/notify HOME=/home/ubuntu LOGNAME=ubuntu USER=ubuntu SHELL=/bin/bash XDG_RUNTIME_DIR=/run/user/1000
 6404 (sd-pam)
 6437 sshd: ubuntu@notty
 6438 bash -c  ??ulimit -c unlimited; mkdir -p ${HOME}/logs; ??echo ">>> roachprod start: $(date)" >> ${HOME}/logs/roachprod.log; ??ps axeww -o pid -o command >> ${HOME}/logs/roachprod.log; ??[ -x /usr/bin/lslocks ] && /usr/bin/lslocks >> ${HOME}/logs/roachprod.log;  ??export ROACHPROD=5; ??GOTRACEBACK=crash COCKROACH_SKIP_ENABLING_DIAGNOSTIC_REPORTING=1 COCKROACH_DEV_LICENSE=crl-0-EJL04ukFGAEiI0NvY2tyb2FjaCBMYWJzIC0gUHJvZHVjdGlvbiBUZXN0aW5n COCKROACH_ENABLE_RPC_COMPRESSION=false \ ??./cockroach start --background --insecure --store=path=/mnt/data1/cockroach --log-dir=${HOME}/logs --cache=25% --max-sql-memory=25% --port=26257 --http-port=26258 --locality=cloud=aws,region=us-east-2,zone=us-east-2b,rack=4 --join=18.191.252.183:26257 --advertise-host=$(hostname -I | awk '{print $1}') --cache=0.25 --max-sql-memory=0.4 >> ${HOME}/logs/cockroach.stdout.log \ ??                 2>> ${HOME}/logs/cockroach.stderr.log \ ???|| (x=$?; cat ${HOME}/logs/cockroach.stderr.log; exit $x) LANG=en_US.UTF-8 LC_ADDRESS=en_US.UTF-8 LC_IDENTIFICATION=en_US.UTF-8 LC_MEASUREMENT=en_US.UTF-8 LC_MONETARY=en_US.UTF-8 LC_NAME=en_US.UTF-8 LC_NUMERIC=en_US.UTF-8 LC_PAPER=en_US.UTF-8 LC_TELEPHONE=en_US.UTF-8 LC_TIME=en_US.UTF-8 USER=ubuntu LOGNAME=ubuntu HOME=/home/ubuntu PATH=/usr/local/sbin:/usr/local/bin:/usr/sbin:/usr/bin:/sbin:/bin:/usr/games:/usr/local/games MAIL=/var/mail/ubuntu SHELL=/bin/bash SSH_CLIENT=149.248.186.137 60450 22 SSH_CONNECTION=149.248.186.137 60450 10.12.21.128 22 XDG_SESSION_ID=73 XDG_RUNTIME_DIR=/run/user/1000
 6442 ps axeww -o pid -o command LC_PAPER=en_US.UTF-8 XDG_SESSION_ID=73 LC_ADDRESS=en_US.UTF-8 LC_MONETARY=en_US.UTF-8 SHELL=/bin/bash SSH_CLIENT=149.248.186.137 60450 22 LC_NUMERIC=en_US.UTF-8 USER=ubuntu LC_TELEPHONE=en_US.UTF-8 MAIL=/var/mail/ubuntu PATH=/usr/local/sbin:/usr/local/bin:/usr/sbin:/usr/bin:/sbin:/bin:/usr/games:/usr/local/games LC_IDENTIFICATION=en_US.UTF-8 PWD=/home/ubuntu LANG=en_US.UTF-8 LC_MEASUREMENT=en_US.UTF-8 SHLVL=1 HOME=/home/ubuntu LOGNAME=ubuntu SSH_CONNECTION=149.248.186.137 60450 10.12.21.128 22 XDG_RUNTIME_DIR=/run/user/1000 LC_TIME=en_US.UTF-8 LC_NAME=en_US.UTF-8 _=/bin/ps
COMMAND           PID  TYPE SIZE MODE  M START END PATH
iscsid           1278 POSIX   0B WRITE 0     0   0 /run
cron             1307 FLOCK   0B WRITE 0     0   0 /run
lvmetad           543 POSIX   0B WRITE 0     0   0 /run
atd              1286 POSIX   0B WRITE 0     0   0 /run
lxcfs            1303 POSIX   0B WRITE 0     0   0 /run
